Mplus VERSION 8.5 (Linux)
MUTHEN & MUTHEN
03/23/2022   1:34 PM

INPUT INSTRUCTIONS


  TITLE:
      One-factor CFA for Canada


  DATA:
      file = "../../piaac1-all-curiosity.dat"; ! Dataset is saved two layers up


  VARIABLE:
      NAMES =
          CNTRYID
          I_Q04b I_Q04d I_Q04h I_Q04j I_Q04l I_Q04m
          SPFWT0
          HDI2012 UAI
          ;

      USEVARIABLES = I_Q04b I_Q04d I_Q04h I_Q04j I_Q04l I_Q04m;

      USEOBSERVATIONS = CNTRYID eq 124;

      MISSING = all(-99);

      ! Final participant weight
  	WEIGHT = SPFWT0;


  ANALYSIS:
      ESTIMATOR = MLR;


  MODEL:
      CURIOUS by I_Q04b I_Q04d I_Q04h I_Q04j I_Q04l I_Q04m;

      I_Q04b with I_Q04h;
      I_Q04b with I_Q04j;

  OUTPUT:
      stdyx stdy sampstat cinterval;



*** WARNING
  Data set contains cases with missing on all variables.
  These cases were not included in the analysis.
  Number of cases with missing on all variables:  5
   1 WARNING(S) FOUND IN THE INPUT INSTRUCTIONS




One-factor CFA for Canada

SUMMARY OF ANALYSIS

Number of groups                                                 1
Number of observations                                       26678

Number of dependent variables                                    6
Number of independent variables                                  0
Number of continuous latent variables                            1

Observed dependent variables

  Continuous
   I_Q04B      I_Q04D      I_Q04H      I_Q04J      I_Q04L      I_Q04M

Continuous latent variables
   CURIOUS

Variables with special functions

  Weight variable       SPFWT0

Estimator                                                      MLR
Information matrix                                        OBSERVED
Maximum number of iterations                                  1000
Convergence criterion                                    0.500D-04
Maximum number of steepest descent iterations                   20
Maximum number of iterations for H1                           2000
Convergence criterion for H1                             0.100D-03

Input data file(s)
  ../../piaac1-all-curiosity.dat

Input data format  FREE


SUMMARY OF DATA

     Number of missing data patterns            27


COVARIANCE COVERAGE OF DATA

Minimum covariance coverage value   0.100


     PROPORTION OF DATA PRESENT


           Covariance Coverage
              I_Q04B        I_Q04D        I_Q04H        I_Q04J        I_Q04L
              ________      ________      ________      ________      ________
 I_Q04B         0.995
 I_Q04D         0.995         1.000
 I_Q04H         0.994         0.998         0.998
 I_Q04J         0.995         0.999         0.997         0.999
 I_Q04L         0.994         0.998         0.996         0.997         0.998
 I_Q04M         0.995         0.999         0.998         0.998         0.997


           Covariance Coverage
              I_Q04M
              ________
 I_Q04M         0.999


SAMPLE STATISTICS


     ESTIMATED SAMPLE STATISTICS


           Means
              I_Q04B        I_Q04D        I_Q04H        I_Q04J        I_Q04L
              ________      ________      ________      ________      ________
                2.399         3.139         2.851         2.871         2.696


           Means
              I_Q04M
              ________
                3.096


           Covariances
              I_Q04B        I_Q04D        I_Q04H        I_Q04J        I_Q04L
              ________      ________      ________      ________      ________
 I_Q04B         0.912
 I_Q04D         0.374         0.694
 I_Q04H         0.476         0.399         0.753
 I_Q04J         0.331         0.356         0.361         0.870
 I_Q04L         0.412         0.409         0.436         0.549         0.876
 I_Q04M         0.283         0.331         0.312         0.393         0.397


           Covariances
              I_Q04M
              ________
 I_Q04M         0.683


           Correlations
              I_Q04B        I_Q04D        I_Q04H        I_Q04J        I_Q04L
              ________      ________      ________      ________      ________
 I_Q04B         1.000
 I_Q04D         0.470         1.000
 I_Q04H         0.574         0.552         1.000
 I_Q04J         0.372         0.458         0.446         1.000
 I_Q04L         0.461         0.524         0.536         0.629         1.000
 I_Q04M         0.359         0.481         0.435         0.510         0.513


           Correlations
              I_Q04M
              ________
 I_Q04M         1.000


     MAXIMUM LOG-LIKELIHOOD VALUE FOR THE UNRESTRICTED (H1) MODEL IS -177438.198


UNIVARIATE SAMPLE STATISTICS


     UNIVARIATE HIGHER-ORDER MOMENT DESCRIPTIVE STATISTICS

         Variable/         Mean/     Skewness/   Minimum/ % with                Percentiles
        Sample Size      Variance    Kurtosis    Maximum  Min/Max      20%/60%    40%/80%    Median

     I_Q04B                2.400      -0.196       0.000    4.23%       2.000      2.000      2.000
           26555.000       0.911      -0.066       4.000   12.29%       3.000      3.000
     I_Q04D                3.139      -0.729       0.000    0.65%       2.000      3.000      3.000
           26675.000       0.694       0.186       4.000   37.69%       3.000      4.000
     I_Q04H                2.852      -0.487       0.000    1.45%       2.000      3.000      3.000
           26626.000       0.752       0.164       4.000   23.25%       3.000      4.000
     I_Q04J                2.871      -0.555       0.000    1.83%       2.000      3.000      3.000
           26646.000       0.869      -0.026       4.000   28.53%       3.000      4.000
     I_Q04L                2.697      -0.385       0.000    2.12%       2.000      2.000      3.000
           26617.000       0.876      -0.117       4.000   20.88%       3.000      4.000
     I_Q04M                3.096      -0.703       0.000    0.91%       2.000      3.000      3.000
           26655.000       0.683       0.334       4.000   34.06%       3.000      4.000


THE MODEL ESTIMATION TERMINATED NORMALLY



MODEL FIT INFORMATION

Number of Free Parameters                       20

Loglikelihood

          H0 Value                     -178355.317
          H0 Scaling Correction Factor      3.4331
            for MLR
          H1 Value                     -177438.198
          H1 Scaling Correction Factor      3.6566
            for MLR

Information Criteria

          Akaike (AIC)                  356750.634
          Bayesian (BIC)                356914.466
          Sample-Size Adjusted BIC      356850.906
            (n* = (n + 2) / 24)

Chi-Square Test of Model Fit

          Value                            427.047*
          Degrees of Freedom                     7
          P-Value                           0.0000
          Scaling Correction Factor         4.2952
            for MLR

*   The chi-square value for MLM, MLMV, MLR, ULSMV, WLSM and WLSMV cannot be used
    for chi-square difference testing in the regular way.  MLM, MLR and WLSM
    chi-square difference testing is described on the Mplus website.  MLMV, WLSMV,
    and ULSMV difference testing is done using the DIFFTEST option.

RMSEA (Root Mean Square Error Of Approximation)

          Estimate                           0.047
          90 Percent C.I.                    0.044  0.051
          Probability RMSEA <= .05           0.861

CFI/TLI

          CFI                                0.970
          TLI                                0.937

Chi-Square Test of Model Fit for the Baseline Model

          Value                          14193.308
          Degrees of Freedom                    15
          P-Value                           0.0000

SRMR (Standardized Root Mean Square Residual)

          Value                              0.028



MODEL RESULTS

                                                    Two-Tailed
                    Estimate       S.E.  Est./S.E.    P-Value

 CURIOUS  BY
    I_Q04B             1.000      0.000    999.000    999.000
    I_Q04D             1.028      0.020     51.345      0.000
    I_Q04H             1.045      0.019     53.689      0.000
    I_Q04J             1.208      0.026     46.776      0.000
    I_Q04L             1.325      0.026     51.370      0.000
    I_Q04M             0.970      0.022     44.179      0.000

 I_Q04B   WITH
    I_Q04H             0.139      0.009     15.640      0.000
    I_Q04J            -0.039      0.007     -5.974      0.000

 Intercepts
    I_Q04B             2.399      0.010    247.048      0.000
    I_Q04D             3.139      0.008    370.586      0.000
    I_Q04H             2.851      0.009    323.712      0.000
    I_Q04J             2.871      0.010    301.467      0.000
    I_Q04L             2.696      0.009    284.365      0.000
    I_Q04M             3.096      0.008    367.390      0.000

 Variances
    CURIOUS            0.318      0.012     27.316      0.000

 Residual Variances
    I_Q04B             0.591      0.012     48.182      0.000
    I_Q04D             0.358      0.008     42.607      0.000
    I_Q04H             0.406      0.010     40.238      0.000
    I_Q04J             0.405      0.010     41.412      0.000
    I_Q04L             0.318      0.008     38.768      0.000
    I_Q04M             0.384      0.008     50.075      0.000


STANDARDIZED MODEL RESULTS


STDYX Standardization

                                                    Two-Tailed
                    Estimate       S.E.  Est./S.E.    P-Value

 CURIOUS  BY
    I_Q04B             0.592      0.009     62.714      0.000
    I_Q04D             0.696      0.008     86.326      0.000
    I_Q04H             0.679      0.009     75.100      0.000
    I_Q04J             0.731      0.007     99.379      0.000
    I_Q04L             0.798      0.006    134.947      0.000
    I_Q04M             0.662      0.008     82.365      0.000

 I_Q04B   WITH
    I_Q04H             0.285      0.015     19.350      0.000
    I_Q04J            -0.080      0.014     -5.823      0.000

 Intercepts
    I_Q04B             2.516      0.022    116.253      0.000
    I_Q04D             3.768      0.035    108.517      0.000
    I_Q04H             3.286      0.030    110.329      0.000
    I_Q04J             3.079      0.028    109.253      0.000
    I_Q04L             2.879      0.025    115.500      0.000
    I_Q04M             3.746      0.035    107.172      0.000

 Variances
    CURIOUS            1.000      0.000    999.000    999.000

 Residual Variances
    I_Q04B             0.650      0.011     58.252      0.000
    I_Q04D             0.516      0.011     46.024      0.000
    I_Q04H             0.539      0.012     43.900      0.000
    I_Q04J             0.466      0.011     43.385      0.000
    I_Q04L             0.363      0.009     38.391      0.000
    I_Q04M             0.562      0.011     52.869      0.000


STDY Standardization

                                                    Two-Tailed
                    Estimate       S.E.  Est./S.E.    P-Value

 CURIOUS  BY
    I_Q04B             0.592      0.009     62.714      0.000
    I_Q04D             0.696      0.008     86.326      0.000
    I_Q04H             0.679      0.009     75.100      0.000
    I_Q04J             0.731      0.007     99.379      0.000
    I_Q04L             0.798      0.006    134.947      0.000
    I_Q04M             0.662      0.008     82.365      0.000

 I_Q04B   WITH
    I_Q04H             0.285      0.015     19.350      0.000
    I_Q04J            -0.080      0.014     -5.823      0.000

 Intercepts
    I_Q04B             2.516      0.022    116.253      0.000
    I_Q04D             3.768      0.035    108.517      0.000
    I_Q04H             3.286      0.030    110.329      0.000
    I_Q04J             3.079      0.028    109.253      0.000
    I_Q04L             2.879      0.025    115.500      0.000
    I_Q04M             3.746      0.035    107.172      0.000

 Variances
    CURIOUS            1.000      0.000    999.000    999.000

 Residual Variances
    I_Q04B             0.650      0.011     58.252      0.000
    I_Q04D             0.516      0.011     46.024      0.000
    I_Q04H             0.539      0.012     43.900      0.000
    I_Q04J             0.466      0.011     43.385      0.000
    I_Q04L             0.363      0.009     38.391      0.000
    I_Q04M             0.562      0.011     52.869      0.000


R-SQUARE

    Observed                                        Two-Tailed
    Variable        Estimate       S.E.  Est./S.E.    P-Value

    I_Q04B             0.350      0.011     31.357      0.000
    I_Q04D             0.484      0.011     43.163      0.000
    I_Q04H             0.461      0.012     37.550      0.000
    I_Q04J             0.534      0.011     49.690      0.000
    I_Q04L             0.637      0.009     67.474      0.000
    I_Q04M             0.438      0.011     41.182      0.000


QUALITY OF NUMERICAL RESULTS

     Condition Number for the Information Matrix              0.817E-02
       (ratio of smallest to largest eigenvalue)


CONFIDENCE INTERVALS OF MODEL RESULTS

                  Lower .5%  Lower 2.5%    Lower 5%    Estimate    Upper 5%  Upper 2.5%   Upper .5%

 CURIOUS  BY
    I_Q04B           1.000       1.000       1.000       1.000       1.000       1.000       1.000
    I_Q04D           0.976       0.988       0.995       1.028       1.060       1.067       1.079
    I_Q04H           0.995       1.006       1.013       1.045       1.077       1.083       1.095
    I_Q04J           1.142       1.158       1.166       1.208       1.251       1.259       1.275
    I_Q04L           1.259       1.275       1.283       1.325       1.368       1.376       1.392
    I_Q04M           0.913       0.927       0.933       0.970       1.006       1.013       1.026

 I_Q04B   WITH
    I_Q04H           0.116       0.122       0.125       0.139       0.154       0.157       0.162
    I_Q04J          -0.056      -0.052      -0.050      -0.039      -0.029      -0.026      -0.022

 Intercepts
    I_Q04B           2.374       2.380       2.383       2.399       2.415       2.418       2.424
    I_Q04D           3.117       3.122       3.125       3.139       3.153       3.156       3.161
    I_Q04H           2.828       2.834       2.836       2.851       2.865       2.868       2.874
    I_Q04J           2.846       2.852       2.855       2.871       2.886       2.889       2.895
    I_Q04L           2.671       2.677       2.680       2.696       2.711       2.714       2.720
    I_Q04M           3.074       3.079       3.082       3.096       3.109       3.112       3.117

 Variances
    CURIOUS          0.288       0.295       0.299       0.318       0.337       0.341       0.348

 Residual Variances
    I_Q04B           0.559       0.567       0.571       0.591       0.611       0.615       0.622
    I_Q04D           0.336       0.342       0.344       0.358       0.372       0.375       0.380
    I_Q04H           0.380       0.386       0.389       0.406       0.422       0.426       0.432
    I_Q04J           0.380       0.386       0.389       0.405       0.421       0.425       0.431
    I_Q04L           0.297       0.302       0.304       0.318       0.331       0.334       0.339
    I_Q04M           0.364       0.369       0.371       0.384       0.396       0.399       0.404


CONFIDENCE INTERVALS OF STANDARDIZED MODEL RESULTS


STDYX Standardization

                  Lower .5%  Lower 2.5%    Lower 5%    Estimate    Upper 5%  Upper 2.5%   Upper .5%

 CURIOUS  BY
    I_Q04B           0.567       0.573       0.576       0.592       0.607       0.610       0.616
    I_Q04D           0.675       0.680       0.682       0.696       0.709       0.711       0.716
    I_Q04H           0.656       0.661       0.664       0.679       0.694       0.697       0.702
    I_Q04J           0.712       0.716       0.719       0.731       0.743       0.745       0.750
    I_Q04L           0.783       0.787       0.789       0.798       0.808       0.810       0.814
    I_Q04M           0.641       0.646       0.649       0.662       0.675       0.677       0.682

 I_Q04B   WITH
    I_Q04H           0.247       0.256       0.260       0.285       0.309       0.313       0.323
    I_Q04J          -0.116      -0.108      -0.103      -0.080      -0.058      -0.053      -0.045

 Intercepts
    I_Q04B           2.461       2.474       2.481       2.516       2.552       2.559       2.572
    I_Q04D           3.679       3.700       3.711       3.768       3.825       3.836       3.858
    I_Q04H           3.209       3.227       3.237       3.286       3.335       3.344       3.363
    I_Q04J           3.006       3.023       3.032       3.079       3.125       3.134       3.151
    I_Q04L           2.815       2.830       2.838       2.879       2.920       2.928       2.944
    I_Q04M           3.656       3.678       3.689       3.746       3.804       3.815       3.836

 Variances
    CURIOUS          1.000       1.000       1.000       1.000       1.000       1.000       1.000

 Residual Variances
    I_Q04B           0.621       0.628       0.632       0.650       0.668       0.672       0.679
    I_Q04D           0.487       0.494       0.498       0.516       0.534       0.538       0.545
    I_Q04H           0.507       0.515       0.519       0.539       0.559       0.563       0.571
    I_Q04J           0.438       0.445       0.448       0.466       0.484       0.487       0.494
    I_Q04L           0.338       0.344       0.347       0.363       0.378       0.381       0.387
    I_Q04M           0.535       0.541       0.545       0.562       0.580       0.583       0.590


STDY Standardization

                  Lower .5%  Lower 2.5%    Lower 5%    Estimate    Upper 5%  Upper 2.5%   Upper .5%

 CURIOUS  BY
    I_Q04B           0.567       0.573       0.576       0.592       0.607       0.610       0.616
    I_Q04D           0.675       0.680       0.682       0.696       0.709       0.711       0.716
    I_Q04H           0.656       0.661       0.664       0.679       0.694       0.697       0.702
    I_Q04J           0.712       0.716       0.719       0.731       0.743       0.745       0.750
    I_Q04L           0.783       0.787       0.789       0.798       0.808       0.810       0.814
    I_Q04M           0.641       0.646       0.649       0.662       0.675       0.677       0.682

 I_Q04B   WITH
    I_Q04H           0.247       0.256       0.260       0.285       0.309       0.313       0.323
    I_Q04J          -0.116      -0.108      -0.103      -0.080      -0.058      -0.053      -0.045

 Intercepts
    I_Q04B           2.461       2.474       2.481       2.516       2.552       2.559       2.572
    I_Q04D           3.679       3.700       3.711       3.768       3.825       3.836       3.858
    I_Q04H           3.209       3.227       3.237       3.286       3.335       3.344       3.363
    I_Q04J           3.006       3.023       3.032       3.079       3.125       3.134       3.151
    I_Q04L           2.815       2.830       2.838       2.879       2.920       2.928       2.944
    I_Q04M           3.656       3.678       3.689       3.746       3.804       3.815       3.836

 Variances
    CURIOUS          1.000       1.000       1.000       1.000       1.000       1.000       1.000

 Residual Variances
    I_Q04B           0.621       0.628       0.632       0.650       0.668       0.672       0.679
    I_Q04D           0.487       0.494       0.498       0.516       0.534       0.538       0.545
    I_Q04H           0.507       0.515       0.519       0.539       0.559       0.563       0.571
    I_Q04J           0.438       0.445       0.448       0.466       0.484       0.487       0.494
    I_Q04L           0.338       0.344       0.347       0.363       0.378       0.381       0.387
    I_Q04M           0.535       0.541       0.545       0.562       0.580       0.583       0.590


     Beginning Time:  13:34:01
        Ending Time:  13:34:03
       Elapsed Time:  00:00:02



MUTHEN & MUTHEN
3463 Stoner Ave.
Los Angeles, CA  90066

Tel: (310) 391-9971
Fax: (310) 391-8971
Web: www.StatModel.com
Support: Support@StatModel.com

Copyright (c) 1998-2020 Muthen & Muthen
