Mplus VERSION 8.5 (Linux)
MUTHEN & MUTHEN
03/23/2022   1:34 PM

INPUT INSTRUCTIONS


  TITLE:
      One-factor CFA for New Zealand


  DATA:
      file = "../../piaac1-all-curiosity.dat"; ! Dataset is saved two layers up


  VARIABLE:
      NAMES =
          CNTRYID
          I_Q04b I_Q04d I_Q04h I_Q04j I_Q04l I_Q04m
          SPFWT0
          HDI2012 UAI
          ;

      USEVARIABLES = I_Q04b I_Q04d I_Q04h I_Q04j I_Q04l I_Q04m;

      USEOBSERVATIONS = CNTRYID eq 554;

      MISSING = all(-99);

      ! Final participant weight
  	WEIGHT = SPFWT0;


  ANALYSIS:
      ESTIMATOR = MLR;


  MODEL:
      CURIOUS by I_Q04b I_Q04d I_Q04h I_Q04j I_Q04l I_Q04m;

      I_Q04b with I_Q04h;
      I_Q04b with I_Q04j;

  OUTPUT:
      stdyx stdy sampstat cinterval;



*** WARNING
  Data set contains cases with missing on all variables.
  These cases were not included in the analysis.
  Number of cases with missing on all variables:  105
   1 WARNING(S) FOUND IN THE INPUT INSTRUCTIONS




One-factor CFA for New Zealand

SUMMARY OF ANALYSIS

Number of groups                                                 1
Number of observations                                        6072

Number of dependent variables                                    6
Number of independent variables                                  0
Number of continuous latent variables                            1

Observed dependent variables

  Continuous
   I_Q04B      I_Q04D      I_Q04H      I_Q04J      I_Q04L      I_Q04M

Continuous latent variables
   CURIOUS

Variables with special functions

  Weight variable       SPFWT0

Estimator                                                      MLR
Information matrix                                        OBSERVED
Maximum number of iterations                                  1000
Convergence criterion                                    0.500D-04
Maximum number of steepest descent iterations                   20
Maximum number of iterations for H1                           2000
Convergence criterion for H1                             0.100D-03

Input data file(s)
  ../../piaac1-all-curiosity.dat

Input data format  FREE


SUMMARY OF DATA

     Number of missing data patterns            10


COVARIANCE COVERAGE OF DATA

Minimum covariance coverage value   0.100


     PROPORTION OF DATA PRESENT


           Covariance Coverage
              I_Q04B        I_Q04D        I_Q04H        I_Q04J        I_Q04L
              ________      ________      ________      ________      ________
 I_Q04B         0.998
 I_Q04D         0.998         1.000
 I_Q04H         0.998         1.000         1.000
 I_Q04J         0.998         0.999         0.999         0.999
 I_Q04L         0.998         0.999         0.999         0.999         0.999
 I_Q04M         0.998         1.000         0.999         0.999         0.999


           Covariance Coverage
              I_Q04M
              ________
 I_Q04M         1.000


SAMPLE STATISTICS


     ESTIMATED SAMPLE STATISTICS


           Means
              I_Q04B        I_Q04D        I_Q04H        I_Q04J        I_Q04L
              ________      ________      ________      ________      ________
                2.425         3.095         2.812         2.914         2.716


           Means
              I_Q04M
              ________
                3.066


           Covariances
              I_Q04B        I_Q04D        I_Q04H        I_Q04J        I_Q04L
              ________      ________      ________      ________      ________
 I_Q04B         0.825
 I_Q04D         0.346         0.677
 I_Q04H         0.459         0.375         0.731
 I_Q04J         0.293         0.344         0.313         0.842
 I_Q04L         0.384         0.400         0.394         0.529         0.853
 I_Q04M         0.286         0.358         0.322         0.389         0.411


           Covariances
              I_Q04M
              ________
 I_Q04M         0.736


           Correlations
              I_Q04B        I_Q04D        I_Q04H        I_Q04J        I_Q04L
              ________      ________      ________      ________      ________
 I_Q04B         1.000
 I_Q04D         0.463         1.000
 I_Q04H         0.591         0.533         1.000
 I_Q04J         0.351         0.455         0.399         1.000
 I_Q04L         0.458         0.526         0.499         0.624         1.000
 I_Q04M         0.367         0.507         0.439         0.494         0.519


           Correlations
              I_Q04M
              ________
 I_Q04M         1.000


     MAXIMUM LOG-LIKELIHOOD VALUE FOR THE UNRESTRICTED (H1) MODEL IS -40070.297


UNIVARIATE SAMPLE STATISTICS


     UNIVARIATE HIGHER-ORDER MOMENT DESCRIPTIVE STATISTICS

         Variable/         Mean/     Skewness/   Minimum/ % with                Percentiles
        Sample Size      Variance    Kurtosis    Maximum  Min/Max      20%/60%    40%/80%    Median

     I_Q04B                2.426      -0.120       0.000    2.66%       2.000      2.000      2.000
            6061.000       0.824       0.022       4.000   12.24%       3.000      3.000
     I_Q04D                3.095      -0.586       0.000    0.48%       2.000      3.000      3.000
            6072.000       0.677      -0.080       4.000   36.15%       3.000      4.000
     I_Q04H                2.813      -0.366       0.000    1.25%       2.000      3.000      3.000
            6069.000       0.731       0.073       4.000   22.05%       3.000      4.000
     I_Q04J                2.915      -0.570       0.000    1.19%       2.000      3.000      3.000
            6067.000       0.841      -0.033       4.000   29.78%       3.000      4.000
     I_Q04L                2.717      -0.319       0.000    1.27%       2.000      2.000      3.000
            6067.000       0.852      -0.299       4.000   21.46%       3.000      4.000
     I_Q04M                3.066      -0.716       0.000    0.84%       2.000      3.000      3.000
            6069.000       0.736       0.329       4.000   34.88%       3.000      4.000


THE MODEL ESTIMATION TERMINATED NORMALLY



MODEL FIT INFORMATION

Number of Free Parameters                       20

Loglikelihood

          H0 Value                      -40293.920
          H0 Scaling Correction Factor      1.5301
            for MLR
          H1 Value                      -40070.297
          H1 Scaling Correction Factor      1.5692
            for MLR

Information Criteria

          Akaike (AIC)                   80627.839
          Bayesian (BIC)                 80762.068
          Sample-Size Adjusted BIC       80698.514
            (n* = (n + 2) / 24)

Chi-Square Test of Model Fit

          Value                            266.038*
          Degrees of Freedom                     7
          P-Value                           0.0000
          Scaling Correction Factor         1.6811
            for MLR

*   The chi-square value for MLM, MLMV, MLR, ULSMV, WLSM and WLSMV cannot be used
    for chi-square difference testing in the regular way.  MLM, MLR and WLSM
    chi-square difference testing is described on the Mplus website.  MLMV, WLSMV,
    and ULSMV difference testing is done using the DIFFTEST option.

RMSEA (Root Mean Square Error Of Approximation)

          Estimate                           0.078
          90 Percent C.I.                    0.070  0.086
          Probability RMSEA <= .05           0.000

CFI/TLI

          CFI                                0.967
          TLI                                0.928

Chi-Square Test of Model Fit for the Baseline Model

          Value                           7777.122
          Degrees of Freedom                    15
          P-Value                           0.0000

SRMR (Standardized Root Mean Square Residual)

          Value                              0.029



MODEL RESULTS

                                                    Two-Tailed
                    Estimate       S.E.  Est./S.E.    P-Value

 CURIOUS  BY
    I_Q04B             1.000      0.000    999.000    999.000
    I_Q04D             1.092      0.031     35.099      0.000
    I_Q04H             1.039      0.026     39.826      0.000
    I_Q04J             1.238      0.041     29.875      0.000
    I_Q04L             1.386      0.046     30.286      0.000
    I_Q04M             1.096      0.036     30.570      0.000

 I_Q04B   WITH
    I_Q04H             0.163      0.011     14.943      0.000
    I_Q04J            -0.037      0.009     -4.193      0.000

 Intercepts
    I_Q04B             2.425      0.013    182.717      0.000
    I_Q04D             3.095      0.012    256.361      0.000
    I_Q04H             2.812      0.012    225.973      0.000
    I_Q04J             2.914      0.014    215.601      0.000
    I_Q04L             2.716      0.014    200.702      0.000
    I_Q04M             3.065      0.013    242.533      0.000

 Variances
    CURIOUS            0.281      0.016     17.477      0.000

 Residual Variances
    I_Q04B             0.541      0.015     37.100      0.000
    I_Q04D             0.342      0.010     35.439      0.000
    I_Q04H             0.428      0.012     35.206      0.000
    I_Q04J             0.411      0.013     32.228      0.000
    I_Q04L             0.313      0.015     21.554      0.000
    I_Q04M             0.399      0.011     34.983      0.000


STANDARDIZED MODEL RESULTS


STDYX Standardization

                                                    Two-Tailed
                    Estimate       S.E.  Est./S.E.    P-Value

 CURIOUS  BY
    I_Q04B             0.584      0.014     42.030      0.000
    I_Q04D             0.703      0.011     63.296      0.000
    I_Q04H             0.644      0.012     52.078      0.000
    I_Q04J             0.715      0.010     68.271      0.000
    I_Q04L             0.795      0.011     73.141      0.000
    I_Q04M             0.677      0.011     59.797      0.000

 I_Q04B   WITH
    I_Q04H             0.338      0.018     18.696      0.000
    I_Q04J            -0.078      0.019     -4.088      0.000

 Intercepts
    I_Q04B             2.675      0.032     84.125      0.000
    I_Q04D             3.761      0.046     80.889      0.000
    I_Q04H             3.288      0.040     82.671      0.000
    I_Q04J             3.176      0.042     75.957      0.000
    I_Q04L             2.942      0.035     85.093      0.000
    I_Q04M             3.573      0.050     71.278      0.000

 Variances
    CURIOUS            1.000      0.000    999.000    999.000

 Residual Variances
    I_Q04B             0.658      0.016     40.503      0.000
    I_Q04D             0.505      0.016     32.322      0.000
    I_Q04H             0.586      0.016     36.825      0.000
    I_Q04J             0.489      0.015     32.624      0.000
    I_Q04L             0.368      0.017     21.258      0.000
    I_Q04M             0.542      0.015     35.328      0.000


STDY Standardization

                                                    Two-Tailed
                    Estimate       S.E.  Est./S.E.    P-Value

 CURIOUS  BY
    I_Q04B             0.584      0.014     42.030      0.000
    I_Q04D             0.703      0.011     63.296      0.000
    I_Q04H             0.644      0.012     52.078      0.000
    I_Q04J             0.715      0.010     68.271      0.000
    I_Q04L             0.795      0.011     73.141      0.000
    I_Q04M             0.677      0.011     59.797      0.000

 I_Q04B   WITH
    I_Q04H             0.338      0.018     18.696      0.000
    I_Q04J            -0.078      0.019     -4.088      0.000

 Intercepts
    I_Q04B             2.675      0.032     84.125      0.000
    I_Q04D             3.761      0.046     80.889      0.000
    I_Q04H             3.288      0.040     82.671      0.000
    I_Q04J             3.176      0.042     75.957      0.000
    I_Q04L             2.942      0.035     85.093      0.000
    I_Q04M             3.573      0.050     71.278      0.000

 Variances
    CURIOUS            1.000      0.000    999.000    999.000

 Residual Variances
    I_Q04B             0.658      0.016     40.503      0.000
    I_Q04D             0.505      0.016     32.322      0.000
    I_Q04H             0.586      0.016     36.825      0.000
    I_Q04J             0.489      0.015     32.624      0.000
    I_Q04L             0.368      0.017     21.258      0.000
    I_Q04M             0.542      0.015     35.328      0.000


R-SQUARE

    Observed                                        Two-Tailed
    Variable        Estimate       S.E.  Est./S.E.    P-Value

    I_Q04B             0.342      0.016     21.015      0.000
    I_Q04D             0.495      0.016     31.648      0.000
    I_Q04H             0.414      0.016     26.039      0.000
    I_Q04J             0.511      0.015     34.136      0.000
    I_Q04L             0.632      0.017     36.570      0.000
    I_Q04M             0.458      0.015     29.899      0.000


QUALITY OF NUMERICAL RESULTS

     Condition Number for the Information Matrix              0.631E-02
       (ratio of smallest to largest eigenvalue)


CONFIDENCE INTERVALS OF MODEL RESULTS

                  Lower .5%  Lower 2.5%    Lower 5%    Estimate    Upper 5%  Upper 2.5%   Upper .5%

 CURIOUS  BY
    I_Q04B           1.000       1.000       1.000       1.000       1.000       1.000       1.000
    I_Q04D           1.012       1.031       1.041       1.092       1.144       1.153       1.173
    I_Q04H           0.972       0.988       0.996       1.039       1.082       1.090       1.106
    I_Q04J           1.132       1.157       1.170       1.238       1.307       1.320       1.345
    I_Q04L           1.268       1.296       1.311       1.386       1.461       1.476       1.504
    I_Q04M           1.004       1.026       1.037       1.096       1.155       1.167       1.189

 I_Q04B   WITH
    I_Q04H           0.135       0.141       0.145       0.163       0.181       0.184       0.191
    I_Q04J          -0.060      -0.054      -0.051      -0.037      -0.022      -0.020      -0.014

 Intercepts
    I_Q04B           2.391       2.399       2.403       2.425       2.447       2.451       2.459
    I_Q04D           3.064       3.071       3.075       3.095       3.115       3.118       3.126
    I_Q04H           2.780       2.788       2.792       2.812       2.833       2.836       2.844
    I_Q04J           2.880       2.888       2.892       2.914       2.937       2.941       2.949
    I_Q04L           2.681       2.690       2.694       2.716       2.739       2.743       2.751
    I_Q04M           3.033       3.041       3.045       3.065       3.086       3.090       3.098

 Variances
    CURIOUS          0.239       0.249       0.254       0.281       0.307       0.312       0.322

 Residual Variances
    I_Q04B           0.503       0.512       0.517       0.541       0.565       0.570       0.579
    I_Q04D           0.317       0.323       0.326       0.342       0.358       0.361       0.367
    I_Q04H           0.397       0.405       0.408       0.428       0.448       0.452       0.460
    I_Q04J           0.379       0.386       0.390       0.411       0.432       0.436       0.444
    I_Q04L           0.276       0.285       0.290       0.313       0.337       0.342       0.351
    I_Q04M           0.369       0.376       0.380       0.399       0.417       0.421       0.428


CONFIDENCE INTERVALS OF STANDARDIZED MODEL RESULTS


STDYX Standardization

                  Lower .5%  Lower 2.5%    Lower 5%    Estimate    Upper 5%  Upper 2.5%   Upper .5%

 CURIOUS  BY
    I_Q04B           0.549       0.557       0.562       0.584       0.607       0.612       0.620
    I_Q04D           0.675       0.682       0.685       0.703       0.722       0.725       0.732
    I_Q04H           0.612       0.619       0.623       0.644       0.664       0.668       0.675
    I_Q04J           0.688       0.695       0.698       0.715       0.732       0.736       0.742
    I_Q04L           0.767       0.774       0.777       0.795       0.813       0.817       0.823
    I_Q04M           0.648       0.655       0.658       0.677       0.696       0.699       0.706

 I_Q04B   WITH
    I_Q04H           0.292       0.303       0.308       0.338       0.368       0.374       0.385
    I_Q04J          -0.128      -0.116      -0.110      -0.078      -0.047      -0.041      -0.029

 Intercepts
    I_Q04B           2.593       2.613       2.623       2.675       2.727       2.737       2.757
    I_Q04D           3.641       3.670       3.684       3.761       3.837       3.852       3.881
    I_Q04H           3.186       3.210       3.223       3.288       3.354       3.366       3.391
    I_Q04J           3.069       3.094       3.108       3.176       3.245       3.258       3.284
    I_Q04L           2.853       2.874       2.885       2.942       2.998       3.009       3.031
    I_Q04M           3.444       3.475       3.491       3.573       3.656       3.672       3.702

 Variances
    CURIOUS          1.000       1.000       1.000       1.000       1.000       1.000       1.000

 Residual Variances
    I_Q04B           0.617       0.627       0.632       0.658       0.685       0.690       0.700
    I_Q04D           0.465       0.475       0.480       0.505       0.531       0.536       0.546
    I_Q04H           0.545       0.555       0.560       0.586       0.612       0.617       0.627
    I_Q04J           0.450       0.459       0.464       0.489       0.513       0.518       0.527
    I_Q04L           0.323       0.334       0.339       0.368       0.396       0.401       0.412
    I_Q04M           0.502       0.512       0.516       0.542       0.567       0.572       0.581


STDY Standardization

                  Lower .5%  Lower 2.5%    Lower 5%    Estimate    Upper 5%  Upper 2.5%   Upper .5%

 CURIOUS  BY
    I_Q04B           0.549       0.557       0.562       0.584       0.607       0.612       0.620
    I_Q04D           0.675       0.682       0.685       0.703       0.722       0.725       0.732
    I_Q04H           0.612       0.619       0.623       0.644       0.664       0.668       0.675
    I_Q04J           0.688       0.695       0.698       0.715       0.732       0.736       0.742
    I_Q04L           0.767       0.774       0.777       0.795       0.813       0.817       0.823
    I_Q04M           0.648       0.655       0.658       0.677       0.696       0.699       0.706

 I_Q04B   WITH
    I_Q04H           0.292       0.303       0.308       0.338       0.368       0.374       0.385
    I_Q04J          -0.128      -0.116      -0.110      -0.078      -0.047      -0.041      -0.029

 Intercepts
    I_Q04B           2.593       2.613       2.623       2.675       2.727       2.737       2.757
    I_Q04D           3.641       3.670       3.684       3.761       3.837       3.852       3.881
    I_Q04H           3.186       3.210       3.223       3.288       3.354       3.366       3.391
    I_Q04J           3.069       3.094       3.108       3.176       3.245       3.258       3.284
    I_Q04L           2.853       2.874       2.885       2.942       2.998       3.009       3.031
    I_Q04M           3.444       3.475       3.491       3.573       3.656       3.672       3.702

 Variances
    CURIOUS          1.000       1.000       1.000       1.000       1.000       1.000       1.000

 Residual Variances
    I_Q04B           0.617       0.627       0.632       0.658       0.685       0.690       0.700
    I_Q04D           0.465       0.475       0.480       0.505       0.531       0.536       0.546
    I_Q04H           0.545       0.555       0.560       0.586       0.612       0.617       0.627
    I_Q04J           0.450       0.459       0.464       0.489       0.513       0.518       0.527
    I_Q04L           0.323       0.334       0.339       0.368       0.396       0.401       0.412
    I_Q04M           0.502       0.512       0.516       0.542       0.567       0.572       0.581


     Beginning Time:  13:34:23
        Ending Time:  13:34:23
       Elapsed Time:  00:00:00



MUTHEN & MUTHEN
3463 Stoner Ave.
Los Angeles, CA  90066

Tel: (310) 391-9971
Fax: (310) 391-8971
Web: www.StatModel.com
Support: Support@StatModel.com

Copyright (c) 1998-2020 Muthen & Muthen
