Mplus VERSION 8.2 (Mac)
MUTHEN & MUTHEN
03/19/2022   6:02 PM

INPUT INSTRUCTIONS

  TITLE:	Structural equation modeling with PIAAC data
  	PATH MODEL
  	Path model CURIOUS-LIFE-PSTRE
  	Complex design: PVs, total weight, clustering, stratification

  DATA: 	FILE IS piaac1-nor_pvlist.dat;
  	TYPE = IMPUTATION;
  	! Needed here as the model contains PVs
  		
  		
  VARIABLE:
  	NAMES ARE
  		AGE FEMALE B_Q01a
  		D_Q11a D_Q11b D_Q11c D_Q11d
  		F_Q03a F_Q03c F_Q05a F_Q05b
  		G_Q01a G_Q01b G_Q01c G_Q01d
  		G_Q01e G_Q01f G_Q01g G_Q01h
  		G_Q02a G_Q02b G_Q02c G_Q02d
  		G_Q03b G_Q03c G_Q03d G_Q03f G_Q03g G_Q03h
  		G_Q05a G_Q05c G_Q05d G_Q05e
  		G_Q05f G_Q05g G_Q05h
  		H_Q01a H_Q01b H_Q01c H_Q01d
  		H_Q01e H_Q01f H_Q01g H_Q01h
  		H_Q02a H_Q02b H_Q02c H_Q02d
  		H_Q03b H_Q03c H_Q03d H_Q03f H_Q03g H_Q03h
  		H_Q05a H_Q05c H_Q05d H_Q05e
  		H_Q05f H_Q05g H_Q05h
  		I_Q04b I_Q04d I_Q04h I_Q04j I_Q04l I_Q04m
  		I_Q06a
  		I_Q07a I_Q07b
  		HOMLANG IMGEN
  		PVLIT PVNUM PVPSL
  		SPFWT0
  		SPFWT1-SPFWT80
  		VARSTRAT VARUNIT;
  		
  	! Variables to be used
  	! Newly defined variable appear at the end of this list
  	USEVARIABLES ARE
  		PSTRE
  		CURIOUS
  		LIFE;
  		
  	! Missing data coding
  	MISSING ARE ALL(-99);
  		
  	! Final participant weight
  	WEIGHT = SPFWT0;
  	
  	! Clustering in sampling units
  	CLUSTER = VARUNIT;
  	
  	! Stratification
  	STRATIFICATION = VARSTRAT;


  DEFINE:
  	! Scale down the achievement scores to avoid convergence issues
  	PSTRE = PVPSL/100;
  	LIT = PVLIT/100;
  	
  	! Create scale means as composite scores
  	CURIOUS = (I_Q04b+
  	I_Q04d+
  	I_Q04h+
  	I_Q04j+
  	I_Q04l+
  	I_Q04m)/6;
  	
  	LIFE = (H_Q05a+
  	H_Q05c+
  	H_Q05e+
  	H_Q05f)/4;


  ANALYSIS:
  	TYPE = COMPLEX;
  	ESTIMATOR = MLR;
  	H1ITERATIONS = 10000;

  MODEL:
  	
  	! STRUCTURAL MODEL
  	! Direct effects
  	PSTRE ON
  		CURIOUS(c)
  		LIFE(b);
  		
  	LIFE ON
  		CURIOUS(a);
  	
  	! Variances and covariances of predictors to let FIML work
  	! Variance
  	CURIOUS;
  	
  	
  MODEL INDIRECT:
  	! Indirect effects
  	PSTRE IND CURIOUS;
  	

  MODEL CONSTRAINT:
  	! Estimate indirect and total effects by hand
  	new(ind tot);
  	ind = a*b;
  	tot = a*b+c;


  OUTPUT: STDYX;	! Fully standardized parameters requested
          STDY;	! Standardized parameter estimates requested
          		! (some X-variables are dichotomous)
          SAMPSTAT;	! Sample statistics
          CINTERVAL;	! Confidence intervals



INPUT READING TERMINATED NORMALLY



Structural equation modeling with PIAAC data
PATH MODEL
Path model CURIOUS-LIFE-PSTRE
Complex design: PVs, total weight, clustering, stratification

SUMMARY OF ANALYSIS

Number of groups                                                 1
Average number of observations                                4936

Number of replications
    Requested                                                   10
    Completed                                                   10

Number of dependent variables                                    2
Number of independent variables                                  1
Number of continuous latent variables                            0

Observed dependent variables

  Continuous
   PSTRE       LIFE

Observed independent variables
   CURIOUS

Variables with special functions

  Stratification        VARSTRAT
  Cluster variable      VARUNIT
  Weight variable       SPFWT0

Estimator                                                      MLR
Information matrix                                        OBSERVED
Maximum number of iterations                                  1000
Convergence criterion                                    0.500D-04
Maximum number of steepest descent iterations                   20
Maximum number of iterations for H1                          10000
Convergence criterion for H1                             0.100D-03

Input data file(s)
  Multiple data files from
    piaac1-nor_pvlist.dat

Input data format  FREE


SUMMARY OF DATA FOR THE FIRST DATA SET

     Number of missing data patterns             7
     Number of strata                           80
     Number of clusters                        163


SUMMARY OF MISSING DATA PATTERNS FOR THE FIRST DATA SET


     MISSING DATA PATTERNS (x = not missing)

           1  2  3  4  5  6  7
 PSTRE     x  x  x  x
 LIFE      x  x        x  x
 CURIOUS   x     x     x     x


     MISSING DATA PATTERN FREQUENCIES

    Pattern   Frequency     Pattern   Frequency     Pattern   Frequency
          1        4247           4           1           7         165
          2          17           5         414
          3          77           6          15


COVARIANCE COVERAGE OF DATA FOR THE FIRST DATA SET

Minimum covariance coverage value   0.100


     PROPORTION OF DATA PRESENT


           Covariance Coverage
              PSTRE         LIFE          CURIOUS
              ________      ________      ________
 PSTRE          0.880
 LIFE           0.864         0.951
 CURIOUS        0.876         0.944         0.993


SAMPLE STATISTICS

NOTE:  These are average results over 10 data sets.


     ESTIMATED SAMPLE STATISTICS


           Means
              PSTRE         LIFE          CURIOUS
              ________      ________      ________
                2.850         2.203         2.779


           Covariances
              PSTRE         LIFE          CURIOUS
              ________      ________      ________
 PSTRE          0.164
 LIFE           0.116         0.585
 CURIOUS        0.060         0.166         0.345


           Correlations
              PSTRE         LIFE          CURIOUS
              ________      ________      ________
 PSTRE          1.000
 LIFE           0.373         1.000
 CURIOUS        0.253         0.370         1.000


MODEL FIT INFORMATION

Number of Free Parameters                        9

Loglikelihood

    H0 Value

        Mean                            -11211.273
        Std Dev                             44.550
        Number of successful computations       10

             Proportions                   Percentiles
        Expected    Observed         Expected       Observed
           0.990       1.000       -11314.909     -11264.294
           0.980       1.000       -11302.765     -11264.294
           0.950       1.000       -11284.553     -11264.294
           0.900       1.000       -11268.368     -11264.294
           0.800       0.800       -11248.766     -11264.294
           0.700       0.600       -11234.635     -11243.929
           0.500       0.400       -11211.273     -11218.884
           0.300       0.300       -11187.911     -11204.308
           0.200       0.100       -11173.780     -11187.412
           0.100       0.100       -11154.178     -11186.067
           0.050       0.100       -11137.993     -11186.067
           0.020       0.100       -11119.781     -11186.067
           0.010       0.100       -11107.637     -11186.067

    H1 Value

        Mean                            -11211.273
        Std Dev                             44.550
        Number of successful computations       10

             Proportions                   Percentiles
        Expected    Observed         Expected       Observed
           0.990       1.000       -11314.909     -11264.294
           0.980       1.000       -11302.765     -11264.294
           0.950       1.000       -11284.553     -11264.294
           0.900       1.000       -11268.368     -11264.294
           0.800       0.800       -11248.766     -11264.294
           0.700       0.600       -11234.635     -11243.929
           0.500       0.400       -11211.273     -11218.884
           0.300       0.300       -11187.911     -11204.308
           0.200       0.100       -11173.780     -11187.412
           0.100       0.100       -11154.178     -11186.067
           0.050       0.100       -11137.993     -11186.067
           0.020       0.100       -11119.781     -11186.067
           0.010       0.100       -11107.637     -11186.067

Information Criteria

    Akaike (AIC)

        Mean                             22440.546
        Std Dev                             89.100
        Number of successful computations       10

             Proportions                   Percentiles
        Expected    Observed         Expected       Observed
           0.990       0.900        22233.273      22219.352
           0.980       0.900        22257.562      22219.352
           0.950       0.900        22293.986      22219.352
           0.900       0.900        22326.356      22219.352
           0.800       0.900        22365.560      22219.352
           0.700       0.700        22393.822      22392.823
           0.500       0.600        22440.546      22449.883
           0.300       0.400        22487.270      22499.559
           0.200       0.200        22515.532      22505.857
           0.100       0.000        22554.736      22518.877
           0.050       0.000        22587.106      22518.877
           0.020       0.000        22623.530      22518.877
           0.010       0.000        22647.818      22518.877

    Bayesian (BIC)

        Mean                             22499.085
        Std Dev                             89.100
        Number of successful computations       10

             Proportions                   Percentiles
        Expected    Observed         Expected       Observed
           0.990       0.900        22291.812      22277.891
           0.980       0.900        22316.101      22277.891
           0.950       0.900        22352.525      22277.891
           0.900       0.900        22384.895      22277.891
           0.800       0.900        22424.098      22277.891
           0.700       0.700        22452.361      22451.362
           0.500       0.600        22499.085      22508.422
           0.300       0.400        22545.808      22558.098
           0.200       0.200        22574.071      22564.396
           0.100       0.000        22613.275      22577.416
           0.050       0.000        22645.645      22577.416
           0.020       0.000        22682.068      22577.416
           0.010       0.000        22706.357      22577.416

    Sample-Size Adjusted BIC (n* = (n + 2) / 24)

        Mean                             22470.486
        Std Dev                             89.100
        Number of successful computations       10

             Proportions                   Percentiles
        Expected    Observed         Expected       Observed
           0.990       0.900        22263.213      22249.292
           0.980       0.900        22287.502      22249.292
           0.950       0.900        22323.926      22249.292
           0.900       0.900        22356.296      22249.292
           0.800       0.900        22395.500      22249.292
           0.700       0.700        22423.762      22422.763
           0.500       0.600        22470.486      22479.823
           0.300       0.400        22517.210      22529.499
           0.200       0.200        22545.472      22535.797
           0.100       0.000        22584.676      22548.817
           0.050       0.000        22617.046      22548.817
           0.020       0.000        22653.470      22548.817
           0.010       0.000        22677.758      22548.817

Chi-Square Test of Model Fit

        Degrees of freedom                       0

        Mean                                 0.000
        Std Dev                              0.000
        Number of successful computations       10

             Proportions                   Percentiles
        Expected    Observed         Expected       Observed
           0.990       1.000            0.000          0.000
           0.980       1.000            0.000          0.000
           0.950       1.000            0.000          0.000
           0.900       1.000            0.000          0.000
           0.800       1.000            0.000          0.000
           0.700       1.000            0.000          0.000
           0.500       1.000            0.000          0.000
           0.300       1.000            0.000          0.000
           0.200       1.000            0.000          0.000
           0.100       1.000            0.000          0.000
           0.050       1.000            0.000          0.000
           0.020       1.000            0.000          0.000
           0.010       1.000            0.000          0.000

RMSEA (Root Mean Square Error Of Approximation)

        Mean                                 0.000
        Std Dev                              0.000
        Number of successful computations       10

             Proportions                   Percentiles
        Expected    Observed         Expected       Observed
           0.990       0.000            0.000          0.000
           0.980       0.000            0.000          0.000
           0.950       0.000            0.000          0.000
           0.900       0.000            0.000          0.000
           0.800       0.000            0.000          0.000
           0.700       0.000            0.000          0.000
           0.500       0.000            0.000          0.000
           0.300       0.000            0.000          0.000
           0.200       0.000            0.000          0.000
           0.100       0.000            0.000          0.000
           0.050       0.000            0.000          0.000
           0.020       0.000            0.000          0.000
           0.010       0.000            0.000          0.000

CFI/TLI

    CFI

        Mean                                 1.000
        Std Dev                              0.000
        Number of successful computations       10

             Proportions                   Percentiles
        Expected    Observed         Expected       Observed
           0.990       0.900            1.000          1.000
           0.980       0.900            1.000          1.000
           0.950       0.900            1.000          1.000
           0.900       0.900            1.000          1.000
           0.800       0.800            1.000          1.000
           0.700       0.800            1.000          1.000
           0.500       0.600            1.000          1.000
           0.300       0.400            1.000          1.000
           0.200       0.000            1.000          1.000
           0.100       0.000            1.000          1.000
           0.050       0.000            1.000          1.000
           0.020       0.000            1.000          1.000
           0.010       0.000            1.000          1.000

    TLI

        Mean                                 1.000
        Std Dev                              0.000
        Number of successful computations       10

             Proportions                   Percentiles
        Expected    Observed         Expected       Observed
           0.990       0.000            1.000          1.000
           0.980       0.000            1.000          1.000
           0.950       0.000            1.000          1.000
           0.900       0.000            1.000          1.000
           0.800       0.000            1.000          1.000
           0.700       0.000            1.000          1.000
           0.500       0.000            1.000          1.000
           0.300       0.000            1.000          1.000
           0.200       0.000            1.000          1.000
           0.100       0.000            1.000          1.000
           0.050       0.000            1.000          1.000
           0.020       0.000            1.000          1.000
           0.010       0.000            1.000          1.000

SRMR (Standardized Root Mean Square Residual)

        Mean                                 0.000
        Std Dev                              0.000
        Number of successful computations       10

             Proportions                   Percentiles
        Expected    Observed         Expected       Observed
           0.990       1.000            0.000          0.000
           0.980       1.000            0.000          0.000
           0.950       1.000            0.000          0.000
           0.900       1.000            0.000          0.000
           0.800       0.600            0.000          0.000
           0.700       0.600            0.000          0.000
           0.500       0.500            0.000          0.000
           0.300       0.400            0.000          0.000
           0.200       0.200            0.000          0.000
           0.100       0.200            0.000          0.000
           0.050       0.000            0.000          0.000
           0.020       0.000            0.000          0.000
           0.010       0.000            0.000          0.000


MODEL RESULTS

                                                    Two-Tailed   Rate of
                    Estimate       S.E.  Est./S.E.    P-Value    Missing

 PSTRE    ON
    CURIOUS            0.092      0.014      6.558      0.000      0.270
    LIFE               0.171      0.012     13.826      0.000      0.403

 LIFE     ON
    CURIOUS            0.482      0.021     23.025      0.000      0.000

 Means
    CURIOUS            2.779      0.007    382.215      0.000      0.001

 Intercepts
    PSTRE              2.216      0.038     58.129      0.000      0.260
    LIFE               0.863      0.061     14.066      0.000      0.000

 Variances
    CURIOUS            0.345      0.007     51.108      0.000      0.000

 Residual Variances
    PSTRE              0.139      0.005     29.319      0.000      0.468
    LIFE               0.505      0.012     41.581      0.000      0.000

New/Additional Parameters
    IND                0.083      0.007     11.998      0.000      0.297
    TOT                0.175      0.013     13.095      0.000      0.221


STANDARDIZED MODEL RESULTS


STDYX Standardization

                                                    Two-Tailed   Rate of
                    Estimate       S.E.  Est./S.E.    P-Value    Missing

 PSTRE    ON
    CURIOUS            0.134      0.021      6.457      0.000      0.295
    LIFE               0.323      0.021     15.208      0.000      0.412

 LIFE     ON
    CURIOUS            0.370      0.015     23.914      0.000      0.000

 Means
    CURIOUS            4.733      0.051     92.913      0.000      0.000

 Intercepts
    PSTRE              5.467      0.146     37.340      0.000      0.261
    LIFE               1.129      0.087     13.039      0.000      0.000

 Variances
    CURIOUS            1.000      0.000  *********      0.000      0.000

 Residual Variances
    PSTRE              0.845      0.015     57.826      0.000      0.401
    LIFE               0.863      0.011     75.386      0.000      0.000


STDY Standardization

                                                    Two-Tailed   Rate of
                    Estimate       S.E.  Est./S.E.    P-Value    Missing

 PSTRE    ON
    CURIOUS            0.134      0.021      6.457      0.000      0.295
    LIFE               0.323      0.021     15.208      0.000      0.412

 LIFE     ON
    CURIOUS            0.370      0.015     23.914      0.000      0.000

 Means
    CURIOUS            4.733      0.051     92.913      0.000      0.000

 Intercepts
    PSTRE              5.467      0.146     37.340      0.000      0.261
    LIFE               1.129      0.087     13.039      0.000      0.000

 Variances
    CURIOUS            1.000      0.000  *********      0.000      0.000

 Residual Variances
    PSTRE              0.845      0.015     57.826      0.000      0.401
    LIFE               0.863      0.011     75.386      0.000      0.000


R-SQUARE

    Observed                                        Two-Tailed   Rate of
    Variable        Estimate       S.E.  Est./S.E.    P-Value    Missing

    PSTRE              0.155      0.015     10.575      0.000      0.401
    LIFE               0.137      0.011     11.957      0.000      0.000


QUALITY OF NUMERICAL RESULTS

     Average Condition Number for the Information Matrix      0.226E-05
       (ratio of smallest to largest eigenvalue)


TOTAL, TOTAL INDIRECT, SPECIFIC INDIRECT, AND DIRECT EFFECTS


                                                    Two-Tailed   Rate of
                    Estimate       S.E.  Est./S.E.    P-Value    Missing

Effects from CURIOUS to PSTRE

  Total                0.175      0.013     13.095      0.000      0.221
  Total indirect       0.083      0.007     11.998      0.000      0.297

  Specific indirect

    PSTRE
    LIFE
    CURIOUS            0.083      0.007     11.998      0.000      0.297

  Direct
    PSTRE
    CURIOUS            0.092      0.014      6.558      0.000      0.270



STANDARDIZED TOTAL, TOTAL INDIRECT, SPECIFIC INDIRECT, AND DIRECT EFFECTS


STDYX Standardization

                                                    Two-Tailed   Rate of
                    Estimate       S.E.  Est./S.E.    P-Value    Missing

Effects from CURIOUS to PSTRE

  Total                0.253      0.019     13.078      0.000      0.269
  Total indirect       0.120      0.009     12.787      0.000      0.286

  Specific indirect

    PSTRE
    LIFE
    CURIOUS            0.120      0.009     12.787      0.000      0.286

  Direct
    PSTRE
    CURIOUS            0.134      0.021      6.457      0.000      0.295



STDY Standardization

                                                    Two-Tailed   Rate of
                    Estimate       S.E.  Est./S.E.    P-Value    Missing

Effects from CURIOUS to PSTRE

  Total                0.253      0.019     13.078      0.000      0.269
  Total indirect       0.120      0.009     12.787      0.000      0.286

  Specific indirect

    PSTRE
    LIFE
    CURIOUS            0.120      0.009     12.787      0.000      0.286

  Direct
    PSTRE
    CURIOUS            0.134      0.021      6.457      0.000      0.295




CONFIDENCE INTERVALS OF MODEL RESULTS

                  Lower .5%  Lower 2.5%    Lower 5%    Estimate    Upper 5%  Upper 2.5%   Upper .5%

 PSTRE    ON
    CURIOUS          0.056       0.065       0.069       0.092       0.115       0.120       0.128
    LIFE             0.140       0.147       0.151       0.171       0.192       0.196       0.203

 LIFE     ON
    CURIOUS          0.428       0.441       0.447       0.482       0.516       0.523       0.536

 Means
    CURIOUS          2.760       2.765       2.767       2.779       2.791       2.793       2.798

 Intercepts
    PSTRE            2.118       2.142       2.154       2.216       2.279       2.291       2.315
    LIFE             0.705       0.743       0.762       0.863       0.964       0.984       1.021

 Variances
    CURIOUS          0.327       0.331       0.334       0.345       0.356       0.358       0.362

 Residual Variances
    PSTRE            0.127       0.130       0.131       0.139       0.147       0.148       0.151
    LIFE             0.473       0.481       0.485       0.505       0.525       0.528       0.536

New/Additional Parameters
    IND              0.065       0.069       0.071       0.083       0.094       0.096       0.100
    TOT              0.140       0.149       0.153       0.175       0.197       0.201       0.209


CONFIDENCE INTERVALS OF STANDARDIZED MODEL RESULTS


STDYX Standardization

                  Lower .5%  Lower 2.5%    Lower 5%    Estimate    Upper 5%  Upper 2.5%   Upper .5%

 PSTRE    ON
    CURIOUS          0.080       0.093       0.100       0.134       0.168       0.174       0.187
    LIFE             0.269       0.282       0.288       0.323       0.358       0.365       0.378

 LIFE     ON
    CURIOUS          0.330       0.340       0.345       0.370       0.395       0.400       0.410

 Means
    CURIOUS          4.602       4.634       4.650       4.733       4.817       4.833       4.865

 Intercepts
    PSTRE            5.090       5.180       5.226       5.467       5.708       5.754       5.844
    LIFE             0.906       0.959       0.987       1.129       1.272       1.299       1.352

 Variances
    CURIOUS          1.000       1.000       1.000       1.000       1.000       1.000       1.000

 Residual Variances
    PSTRE            0.808       0.817       0.821       0.845       0.869       0.874       0.883
    LIFE             0.834       0.841       0.844       0.863       0.882       0.886       0.893


STDY Standardization

                  Lower .5%  Lower 2.5%    Lower 5%    Estimate    Upper 5%  Upper 2.5%   Upper .5%

 PSTRE    ON
    CURIOUS          0.080       0.093       0.100       0.134       0.168       0.174       0.187
    LIFE             0.269       0.282       0.288       0.323       0.358       0.365       0.378

 LIFE     ON
    CURIOUS          0.330       0.340       0.345       0.370       0.395       0.400       0.410

 Means
    CURIOUS          4.602       4.634       4.650       4.733       4.817       4.833       4.865

 Intercepts
    PSTRE            5.090       5.180       5.226       5.467       5.708       5.754       5.844
    LIFE             0.906       0.959       0.987       1.129       1.272       1.299       1.352

 Variances
    CURIOUS          1.000       1.000       1.000       1.000       1.000       1.000       1.000

 Residual Variances
    PSTRE            0.808       0.817       0.821       0.845       0.869       0.874       0.883
    LIFE             0.834       0.841       0.844       0.863       0.882       0.886       0.893


CONFIDENCE INTERVALS OF TOTAL, TOTAL INDIRECT, SPECIFIC INDIRECT, AND DIRECT EFFECTS


                  Lower .5%  Lower 2.5%    Lower 5%    Estimate    Upper 5%  Upper 2.5%   Upper .5%

Effects from CURIOUS to PSTRE

  Total              0.140       0.149       0.153       0.175       0.197       0.201       0.209
  Total indirect     0.065       0.069       0.071       0.083       0.094       0.096       0.100

  Specific indirect

    PSTRE
    LIFE
    CURIOUS          0.065       0.069       0.071       0.083       0.094       0.096       0.100

  Direct
    PSTRE
    CURIOUS          0.056       0.065       0.069       0.092       0.115       0.120       0.128



CONFIDENCE INTERVALS OF STANDARDIZED TOTAL, TOTAL INDIRECT, SPECIFIC INDIRECT, AND DIRECT EFFECTS


STDYX Standardization

                  Lower .5%  Lower 2.5%    Lower 5%    Estimate    Upper 5%  Upper 2.5%   Upper .5%

Effects from CURIOUS to PSTRE

  Total              0.203       0.215       0.221       0.253       0.285       0.291       0.303
  Total indirect     0.096       0.101       0.104       0.120       0.135       0.138       0.144

  Specific indirect

    PSTRE
    LIFE
    CURIOUS          0.096       0.101       0.104       0.120       0.135       0.138       0.144

  Direct
    PSTRE
    CURIOUS          0.080       0.093       0.100       0.134       0.168       0.174       0.187



STDY Standardization

                  Lower .5%  Lower 2.5%    Lower 5%    Estimate    Upper 5%  Upper 2.5%   Upper .5%

Effects from CURIOUS to PSTRE

  Total              0.203       0.215       0.221       0.253       0.285       0.291       0.303
  Total indirect     0.096       0.101       0.104       0.120       0.135       0.138       0.144

  Specific indirect

    PSTRE
    LIFE
    CURIOUS          0.096       0.101       0.104       0.120       0.135       0.138       0.144

  Direct
    PSTRE
    CURIOUS          0.080       0.093       0.100       0.134       0.168       0.174       0.187




TECHNICAL 1 OUTPUT


     PARAMETER SPECIFICATION


           NU
              PSTRE         LIFE          CURIOUS
              ________      ________      ________
                  0             0             0


           LAMBDA
              PSTRE         LIFE          CURIOUS
              ________      ________      ________
 PSTRE              0             0             0
 LIFE               0             0             0
 CURIOUS            0             0             0


           THETA
              PSTRE         LIFE          CURIOUS
              ________      ________      ________
 PSTRE              0
 LIFE               0             0
 CURIOUS            0             0             0


           ALPHA
              PSTRE         LIFE          CURIOUS
              ________      ________      ________
                  1             2             3


           BETA
              PSTRE         LIFE          CURIOUS
              ________      ________      ________
 PSTRE              0             4             5
 LIFE               0             0             6
 CURIOUS            0             0             0


           PSI
              PSTRE         LIFE          CURIOUS
              ________      ________      ________
 PSTRE              7
 LIFE               0             8
 CURIOUS            0             0             9


     PARAMETER SPECIFICATION FOR THE ADDITIONAL PARAMETERS


           New/Additional Parameters
              IND           TOT
              ________      ________
                   10            11


     STARTING VALUES


           NU
              PSTRE         LIFE          CURIOUS
              ________      ________      ________
                0.000         0.000         0.000


           LAMBDA
              PSTRE         LIFE          CURIOUS
              ________      ________      ________
 PSTRE          1.000         0.000         0.000
 LIFE           0.000         1.000         0.000
 CURIOUS        0.000         0.000         1.000


           THETA
              PSTRE         LIFE          CURIOUS
              ________      ________      ________
 PSTRE          0.000
 LIFE           0.000         0.000
 CURIOUS        0.000         0.000         0.000


           ALPHA
              PSTRE         LIFE          CURIOUS
              ________      ________      ________
                2.864         2.217         2.780


           BETA
              PSTRE         LIFE          CURIOUS
              ________      ________      ________
 PSTRE          0.000         0.000         0.000
 LIFE           0.000         0.000         0.000
 CURIOUS        0.000         0.000         0.000


           PSI
              PSTRE         LIFE          CURIOUS
              ________      ________      ________
 PSTRE          0.083
 LIFE           0.000         0.289
 CURIOUS        0.000         0.000         0.172


     STARTING VALUES FOR THE ADDITIONAL PARAMETERS


           New/Additional Parameters
              IND           TOT
              ________      ________
                0.500         0.500


DIAGRAM INFORMATION

  Use View Diagram under the Diagram menu in the Mplus Editor to view the diagram.
  If running Mplus from the Mplus Diagrammer, the diagram opens automatically.

  Diagram output
    /Users/ronnysc/Documents/CEMO/TEACHING/PIAAC2022-SEM/Examples/1-PathModels/PATH2a.dgm

     Beginning Time:  18:02:21
        Ending Time:  18:02:23
       Elapsed Time:  00:00:02



MUTHEN & MUTHEN
3463 Stoner Ave.
Los Angeles, CA  90066

Tel: (310) 391-9971
Fax: (310) 391-8971
Web: www.StatModel.com
Support: Support@StatModel.com

Copyright (c) 1998-2018 Muthen & Muthen
