Mplus VERSION 8.2 (Mac)
MUTHEN & MUTHEN
03/19/2022   6:06 PM

INPUT INSTRUCTIONS

  TITLE:	Structural equation modeling with PIAAC data
  	PATH MODEL
  	Path model with complex relations without the c-paths
  	Complex design: PVs, total weight, clustering, stratification

  DATA: 	FILE IS piaac1-nor_pvlist.dat;
  	TYPE = IMPUTATION;
  	! Needed here as the model contains PVs
  		
  		
  VARIABLE:
  	NAMES ARE
  		AGE FEMALE B_Q01a
  		D_Q11a D_Q11b D_Q11c D_Q11d
  		F_Q03a F_Q03c F_Q05a F_Q05b
  		G_Q01a G_Q01b G_Q01c G_Q01d
  		G_Q01e G_Q01f G_Q01g G_Q01h
  		G_Q02a G_Q02b G_Q02c G_Q02d
  		G_Q03b G_Q03c G_Q03d G_Q03f G_Q03g G_Q03h
  		G_Q05a G_Q05c G_Q05d G_Q05e
  		G_Q05f G_Q05g G_Q05h
  		H_Q01a H_Q01b H_Q01c H_Q01d
  		H_Q01e H_Q01f H_Q01g H_Q01h
  		H_Q02a H_Q02b H_Q02c H_Q02d
  		H_Q03b H_Q03c H_Q03d H_Q03f H_Q03g H_Q03h
  		H_Q05a H_Q05c H_Q05d H_Q05e
  		H_Q05f H_Q05g H_Q05h
  		I_Q04b I_Q04d I_Q04h I_Q04j I_Q04l I_Q04m
  		I_Q06a
  		I_Q07a I_Q07b
  		HOMLANG IMGEN
  		PVLIT PVNUM PVPSL
  		SPFWT0
  		SPFWT1-SPFWT80
  		VARSTRAT VARUNIT;
  		
  	! Variables to be used
  	! Newly defined variable appear at the end of this list
  	USEVARIABLES ARE
  		HOMLANG
  		FEMALE
  		LIT
  		PSTRE
  		CURIOUS
  		LIFE;
  		
  	! Missing data coding
  	MISSING ARE ALL(-99);
  		
  	! Final participant weight
  	WEIGHT = SPFWT0;
  	
  	! Clustering in sampling units
  	CLUSTER = VARUNIT;
  	
  	! Stratification
  	STRATIFICATION = VARSTRAT;


  DEFINE:
  	! Scale down the achievement scores to avoid convergence issues
  	PSTRE = PVPSL/100;
  	LIT = PVLIT/100;
  	
  	! Create scale means as composite scores
  	CURIOUS = (I_Q04b+
  	I_Q04d+
  	I_Q04h+
  	I_Q04j+
  	I_Q04l+
  	I_Q04m)/6;
  	
  	LIFE = (H_Q05a+
  	H_Q05c+
  	H_Q05e+
  	H_Q05f)/4;


  ANALYSIS:
  	TYPE = COMPLEX;
  	ESTIMATOR = MLR;
  	H1ITERATIONS = 10000;

  MODEL:
  	
  	! STRUCTURAL MODEL
  	! Direct effects without the c-paths
  	PSTRE ON
  		CURIOUS
  		LIFE;
  		
  	CURIOUS ON
  		FEMALE
  		HOMLANG
  		LIT;
  		
  	LIFE ON
  		FEMALE
  		HOMLANG
  		LIT;
  		
  	
  	! Variances and covariances of predictors/residuals to let FIML work
  	! Variances
  	CURIOUS;
  	LIFE;
  	FEMALE;
  	HOMLANG;
  	LIT;
  	
  	! Covariances
  	! Residuals of mediators
  	CURIOUS WITH LIFE;
  	! Predictors
  	FEMALE WITH HOMLANG LIT;
  	HOMLANG WITH LIT;
  	
  	
  MODEL INDIRECT:
  	! Indirect effects
  	PSTRE IND FEMALE;
  	PSTRE IND HOMLANG;
  	PSTRE IND LIT;
  	


  OUTPUT: STDYX;	! Fully standardized parameters requested
          STDY;	! Standardized parameter estimates requested
          		! (some X-variables are dichotomous)
          SAMPSTAT;	! Sample statistics
          CINTERVAL;	! Confidence intervals



INPUT READING TERMINATED NORMALLY



Structural equation modeling with PIAAC data
PATH MODEL
Path model with complex relations without the c-paths
Complex design: PVs, total weight, clustering, stratification

SUMMARY OF ANALYSIS

Number of groups                                                 1
Average number of observations                                5128

Number of replications
    Requested                                                   10
    Completed                                                   10

Number of dependent variables                                    3
Number of independent variables                                  3
Number of continuous latent variables                            0

Observed dependent variables

  Continuous
   PSTRE       CURIOUS     LIFE

Observed independent variables
   HOMLANG     FEMALE      LIT

Variables with special functions

  Stratification        VARSTRAT
  Cluster variable      VARUNIT
  Weight variable       SPFWT0

Estimator                                                      MLR
Information matrix                                        OBSERVED
Maximum number of iterations                                  1000
Convergence criterion                                    0.500D-04
Maximum number of steepest descent iterations                   20
Maximum number of iterations for H1                          10000
Convergence criterion for H1                             0.100D-03

Input data file(s)
  Multiple data files from
    piaac1-nor_pvlist.dat

Input data format  FREE


SUMMARY OF DATA FOR THE FIRST DATA SET

     Number of missing data patterns            12
     Number of strata                           80
     Number of clusters                        163


SUMMARY OF MISSING DATA PATTERNS FOR THE FIRST DATA SET


     MISSING DATA PATTERNS (x = not missing)

           1  2  3  4  5  6  7  8  9 10 11 12
 PSTRE     x  x  x  x  x
 CURIOUS   x  x  x        x  x  x
 LIFE      x  x     x     x        x
 HOMLANG   x     x  x  x  x  x     x  x
 FEMALE    x  x  x  x  x  x  x  x  x  x  x  x
 LIT       x  x  x  x  x  x  x  x  x  x  x


     MISSING DATA PATTERN FREQUENCIES

    Pattern   Frequency     Pattern   Frequency     Pattern   Frequency
          1        4245           5           1           9          15
          2           2           6         414          10           9
          3          77           7         164          11           2
          4          17           8           1          12         181


COVARIANCE COVERAGE OF DATA FOR THE FIRST DATA SET

Minimum covariance coverage value   0.100


     PROPORTION OF DATA PRESENT


           Covariance Coverage
              PSTRE         CURIOUS       LIFE          HOMLANG       FEMALE
              ________      ________      ________      ________      ________
 PSTRE          0.847
 CURIOUS        0.843         0.956
 LIFE           0.832         0.909         0.915
 HOMLANG        0.846         0.956         0.915         0.964
 FEMALE         0.847         0.956         0.915         0.964         1.000
 LIT            0.847         0.956         0.915         0.964         0.965


           Covariance Coverage
              LIT
              ________
 LIT            0.965


SAMPLE STATISTICS

NOTE:  These are average results over 10 data sets.


     ESTIMATED SAMPLE STATISTICS


           Means
              PSTRE         CURIOUS       LIFE          HOMLANG       FEMALE
              ________      ________      ________      ________      ________
                2.818         2.778         2.196         0.902         0.489


           Means
              LIT
              ________
                2.784


           Covariances
              PSTRE         CURIOUS       LIFE          HOMLANG       FEMALE
              ________      ________      ________      ________      ________
 PSTRE          0.189
 CURIOUS        0.069         0.345
 LIFE           0.125         0.169         0.588
 HOMLANG        0.027         0.000        -0.010         0.088
 FEMALE        -0.015        -0.011        -0.035         0.005         0.250
 LIT            0.170         0.070         0.115         0.035        -0.010


           Covariances
              LIT
              ________
 LIT            0.221


           Correlations
              PSTRE         CURIOUS       LIFE          HOMLANG       FEMALE
              ________      ________      ________      ________      ________
 PSTRE          1.000
 CURIOUS        0.270         1.000
 LIFE           0.376         0.375         1.000
 HOMLANG        0.210         0.003        -0.046         1.000
 FEMALE        -0.069        -0.036        -0.092         0.035         1.000
 LIT            0.832         0.255         0.318         0.254        -0.042


           Correlations
              LIT
              ________
 LIT            1.000


MODEL FIT INFORMATION

Number of Free Parameters                       24

Loglikelihood

    H0 Value

        Mean                            -18870.272
        Std Dev                             51.677
        Number of successful computations       10

             Proportions                   Percentiles
        Expected    Observed         Expected       Observed
           0.990       1.000       -18990.488     -18954.103
           0.980       1.000       -18976.401     -18954.103
           0.950       1.000       -18955.275     -18954.103
           0.900       0.900       -18936.501     -18954.103
           0.800       0.700       -18913.763     -18954.103
           0.700       0.700       -18897.371     -18919.485
           0.500       0.500       -18870.272     -18876.282
           0.300       0.300       -18843.172     -18857.533
           0.200       0.300       -18826.780     -18825.700
           0.100       0.100       -18804.042     -18809.699
           0.050       0.100       -18785.268     -18809.699
           0.020       0.000       -18764.143     -18809.699
           0.010       0.000       -18750.056     -18809.699

    H1 Value

        Mean                            -16880.123
        Std Dev                             58.526
        Number of successful computations       10

             Proportions                   Percentiles
        Expected    Observed         Expected       Observed
           0.990       1.000       -17016.273     -16974.767
           0.980       1.000       -17000.318     -16974.767
           0.950       1.000       -16976.393     -16974.767
           0.900       0.900       -16955.130     -16974.767
           0.800       0.700       -16929.379     -16974.767
           0.700       0.600       -16910.814     -16933.332
           0.500       0.400       -16880.123     -16902.369
           0.300       0.400       -16849.432     -16829.725
           0.200       0.400       -16830.868     -16829.671
           0.100       0.100       -16805.116     -16806.802
           0.050       0.000       -16783.854     -16806.802
           0.020       0.000       -16759.928     -16806.802
           0.010       0.000       -16743.974     -16806.802

Information Criteria

    Akaike (AIC)

        Mean                             37788.543
        Std Dev                            103.354
        Number of successful computations       10

             Proportions                   Percentiles
        Expected    Observed         Expected       Observed
           0.990       1.000        37548.111      37611.676
           0.980       1.000        37576.285      37611.676
           0.950       0.900        37618.536      37611.676
           0.900       0.900        37656.085      37611.676
           0.800       0.700        37701.561      37611.676
           0.700       0.700        37734.344      37699.399
           0.500       0.500        37788.543      37772.540
           0.300       0.300        37842.742      37826.806
           0.200       0.300        37875.526      37886.970
           0.100       0.100        37921.002      37900.806
           0.050       0.000        37958.550      37900.806
           0.020       0.000        38000.801      37900.806
           0.010       0.000        38028.975      37900.806

    Bayesian (BIC)

        Mean                             37945.563
        Std Dev                            103.354
        Number of successful computations       10

             Proportions                   Percentiles
        Expected    Observed         Expected       Observed
           0.990       1.000        37705.130      37768.696
           0.980       1.000        37733.305      37768.696
           0.950       0.900        37775.556      37768.696
           0.900       0.900        37813.104      37768.696
           0.800       0.700        37858.580      37768.696
           0.700       0.700        37891.364      37856.418
           0.500       0.500        37945.563      37929.559
           0.300       0.300        37999.761      37983.826
           0.200       0.300        38032.545      38043.989
           0.100       0.100        38078.021      38057.826
           0.050       0.000        38115.569      38057.826
           0.020       0.000        38157.820      38057.826
           0.010       0.000        38185.995      38057.826

    Sample-Size Adjusted BIC (n* = (n + 2) / 24)

        Mean                             37869.299
        Std Dev                            103.354
        Number of successful computations       10

             Proportions                   Percentiles
        Expected    Observed         Expected       Observed
           0.990       1.000        37628.866      37692.432
           0.980       1.000        37657.041      37692.432
           0.950       0.900        37699.292      37692.432
           0.900       0.900        37736.840      37692.432
           0.800       0.700        37782.316      37692.432
           0.700       0.700        37815.100      37780.154
           0.500       0.500        37869.299      37853.296
           0.300       0.300        37923.497      37907.562
           0.200       0.300        37956.281      37967.725
           0.100       0.100        38001.757      37981.562
           0.050       0.000        38039.305      37981.562
           0.020       0.000        38081.556      37981.562
           0.010       0.000        38109.731      37981.562

Chi-Square Test of Model Fit

        Degrees of freedom                       3

        Mean                              3498.985
        Std Dev                            451.330
        Number of successful computations       10

             Proportions                   Percentiles
        Expected    Observed         Expected       Observed
           0.990       1.000            0.115       2776.216
           0.980       1.000            0.185       2776.216
           0.950       1.000            0.352       2776.216
           0.900       1.000            0.584       2776.216
           0.800       1.000            1.005       2776.216
           0.700       1.000            1.424       3156.358
           0.500       1.000            2.366       3399.527
           0.300       1.000            3.665       3565.397
           0.200       1.000            4.642       4010.734
           0.100       1.000            6.251       4087.332
           0.050       1.000            7.815       4087.332
           0.020       1.000            9.837       4087.332
           0.010       1.000           11.345       4087.332

RMSEA (Root Mean Square Error Of Approximation)

        Mean                                 0.476
        Std Dev                              0.031
        Number of successful computations       10

             Proportions                   Percentiles
        Expected    Observed         Expected       Observed
           0.990       1.000            0.404          0.425
           0.980       1.000            0.413          0.425
           0.950       0.900            0.425          0.425
           0.900       0.900            0.436          0.425
           0.800       0.900            0.450          0.425
           0.700       0.600            0.460          0.453
           0.500       0.400            0.476          0.470
           0.300       0.300            0.492          0.481
           0.200       0.300            0.502          0.510
           0.100       0.200            0.515          0.515
           0.050       0.000            0.526          0.515
           0.020       0.000            0.539          0.515
           0.010       0.000            0.547          0.515

CFI/TLI

    CFI

        Mean                                 0.301
        Std Dev                              0.067
        Number of successful computations       10

             Proportions                   Percentiles
        Expected    Observed         Expected       Observed
           0.990       1.000            0.145          0.197
           0.980       1.000            0.163          0.197
           0.950       1.000            0.191          0.197
           0.900       0.800            0.215          0.197
           0.800       0.700            0.244          0.197
           0.700       0.700            0.266          0.232
           0.500       0.600            0.301          0.303
           0.300       0.400            0.336          0.342
           0.200       0.300            0.357          0.362
           0.100       0.100            0.387          0.373
           0.050       0.000            0.411          0.373
           0.020       0.000            0.439          0.373
           0.010       0.000            0.457          0.373

    TLI

        Mean                                -1.796
        Std Dev                              0.268
        Number of successful computations       10

             Proportions                   Percentiles
        Expected    Observed         Expected       Observed
           0.990       1.000           -2.420         -2.212
           0.980       1.000           -2.347         -2.212
           0.950       1.000           -2.237         -2.212
           0.900       0.800           -2.140         -2.212
           0.800       0.700           -2.022         -2.212
           0.700       0.700           -1.937         -2.073
           0.500       0.600           -1.796         -1.788
           0.300       0.400           -1.656         -1.633
           0.200       0.300           -1.571         -1.552
           0.100       0.100           -1.453         -1.509
           0.050       0.000           -1.355         -1.509
           0.020       0.000           -1.245         -1.509
           0.010       0.000           -1.172         -1.509

SRMR (Standardized Root Mean Square Residual)

        Mean                                 0.176
        Std Dev                              0.003
        Number of successful computations       10

             Proportions                   Percentiles
        Expected    Observed         Expected       Observed
           0.990       1.000            0.169          0.172
           0.980       1.000            0.170          0.172
           0.950       1.000            0.171          0.172
           0.900       0.900            0.172          0.172
           0.800       0.700            0.174          0.172
           0.700       0.700            0.175          0.174
           0.500       0.500            0.176          0.176
           0.300       0.200            0.178          0.177
           0.200       0.200            0.179          0.178
           0.100       0.200            0.180          0.180
           0.050       0.100            0.181          0.180
           0.020       0.000            0.182          0.180
           0.010       0.000            0.183          0.180


MODEL RESULTS

                                                    Two-Tailed   Rate of
                    Estimate       S.E.  Est./S.E.    P-Value    Missing

 PSTRE    ON
    CURIOUS            0.091      0.014      6.419      0.000      0.272
    LIFE               0.174      0.012     14.072      0.000      0.396

 CURIOUS  ON
    FEMALE            -0.026      0.016     -1.604      0.109      0.022
    HOMLANG           -0.128      0.033     -3.857      0.000      0.017
    LIT                0.339      0.021     15.874      0.000      0.261

 LIFE     ON
    FEMALE            -0.112      0.022     -5.049      0.000      0.028
    HOMLANG           -0.340      0.039     -8.637      0.000      0.012
    LIT                0.579      0.028     20.366      0.000      0.188

 CURIOUS  WITH
    LIFE               0.128      0.007     17.666      0.000      0.090

 FEMALE   WITH
    HOMLANG            0.005      0.002      2.227      0.026      0.000
    LIT               -0.010      0.004     -2.676      0.007      0.195

 HOMLANG  WITH
    LIT                0.035      0.003     11.464      0.000      0.040

 Means
    HOMLANG            0.902      0.004    207.994      0.000      0.000
    FEMALE             0.489      0.007     68.079      0.000      0.000
    LIT                2.784      0.007    428.297      0.000      0.203

 Intercepts
    PSTRE              2.214      0.038     57.933      0.000      0.261
    CURIOUS            1.962      0.058     33.607      0.000      0.231
    LIFE               0.943      0.084     11.171      0.000      0.152

 Variances
    HOMLANG            0.088      0.003     25.320      0.000      0.000
    FEMALE             0.250      0.000   1595.435      0.000      0.000
    LIT                0.221      0.006     36.277      0.000      0.122

 Residual Variances
    PSTRE              0.138      0.005     29.382      0.000      0.468
    CURIOUS            0.321      0.006     53.380      0.000      0.066
    LIFE               0.516      0.013     39.892      0.000      0.056


STANDARDIZED MODEL RESULTS


STDYX Standardization

                                                    Two-Tailed   Rate of
                    Estimate       S.E.  Est./S.E.    P-Value    Missing

 PSTRE    ON
    CURIOUS            0.132      0.021      6.323      0.000      0.297
    LIFE               0.330      0.021     15.478      0.000      0.403

 CURIOUS  ON
    FEMALE            -0.022      0.014     -1.610      0.107      0.022
    HOMLANG           -0.065      0.017     -3.850      0.000      0.017
    LIT                0.271      0.017     16.408      0.000      0.289

 LIFE     ON
    FEMALE            -0.073      0.014     -5.062      0.000      0.029
    HOMLANG           -0.131      0.015     -8.807      0.000      0.013
    LIT                0.354      0.016     21.469      0.000      0.217

 CURIOUS  WITH
    LIFE               0.315      0.016     19.967      0.000      0.055

 FEMALE   WITH
    HOMLANG            0.035      0.016      2.245      0.025      0.000
    LIT               -0.042      0.015     -2.680      0.007      0.189

 HOMLANG  WITH
    LIT                0.254      0.020     12.870      0.000      0.046

 Means
    HOMLANG            3.040      0.075     40.724      0.000      0.000
    FEMALE             0.978      0.014     69.627      0.000      0.000
    LIT                5.922      0.088     67.676      0.000      0.110

 Intercepts
    PSTRE              5.457      0.147     37.150      0.000      0.262
    CURIOUS            3.340      0.117     28.592      0.000      0.166
    LIFE               1.226      0.113     10.828      0.000      0.143

 Variances
    HOMLANG            1.000      0.000  *********      0.000      0.000
    FEMALE             1.000      0.000  *********      0.000      0.000
    LIT                1.000      0.000  *********      0.000      0.000

 Residual Variances
    PSTRE              0.841      0.015     56.659      0.000      0.397
    CURIOUS            0.930      0.009    109.238      0.000      0.286
    LIFE               0.873      0.011     79.801      0.000      0.236


STDY Standardization

                                                    Two-Tailed   Rate of
                    Estimate       S.E.  Est./S.E.    P-Value    Missing

 PSTRE    ON
    CURIOUS            0.132      0.021      6.323      0.000      0.297
    LIFE               0.330      0.021     15.478      0.000      0.403

 CURIOUS  ON
    FEMALE            -0.022      0.014     -1.610      0.107      0.022
    HOMLANG           -0.065      0.017     -3.850      0.000      0.017
    LIT                0.271      0.017     16.408      0.000      0.289

 LIFE     ON
    FEMALE            -0.073      0.014     -5.062      0.000      0.029
    HOMLANG           -0.131      0.015     -8.807      0.000      0.013
    LIT                0.354      0.016     21.469      0.000      0.217

 CURIOUS  WITH
    LIFE               0.315      0.016     19.967      0.000      0.055

 FEMALE   WITH
    HOMLANG            0.035      0.016      2.245      0.025      0.000
    LIT               -0.042      0.015     -2.680      0.007      0.189

 HOMLANG  WITH
    LIT                0.254      0.020     12.870      0.000      0.046

 Means
    HOMLANG            3.040      0.075     40.724      0.000      0.000
    FEMALE             0.978      0.014     69.627      0.000      0.000
    LIT                5.922      0.088     67.676      0.000      0.110

 Intercepts
    PSTRE              5.457      0.147     37.150      0.000      0.262
    CURIOUS            3.340      0.117     28.592      0.000      0.166
    LIFE               1.226      0.113     10.828      0.000      0.143

 Variances
    HOMLANG            1.000      0.000  *********      0.000      0.000
    FEMALE             1.000      0.000  *********      0.000      0.000
    LIT                1.000      0.000  *********      0.000      0.000

 Residual Variances
    PSTRE              0.841      0.015     56.659      0.000      0.397
    CURIOUS            0.930      0.009    109.238      0.000      0.286
    LIFE               0.873      0.011     79.801      0.000      0.236


R-SQUARE

    Observed                                        Two-Tailed   Rate of
    Variable        Estimate       S.E.  Est./S.E.    P-Value    Missing

    PSTRE              0.159      0.015     10.729      0.000      0.397
    CURIOUS            0.070      0.009      8.220      0.000      0.286
    LIFE               0.127      0.011     11.628      0.000      0.236


QUALITY OF NUMERICAL RESULTS

     Average Condition Number for the Information Matrix      0.371E-03
       (ratio of smallest to largest eigenvalue)


TOTAL, TOTAL INDIRECT, SPECIFIC INDIRECT, AND DIRECT EFFECTS


                                                    Two-Tailed   Rate of
                    Estimate       S.E.  Est./S.E.    P-Value    Missing

Effects from FEMALE to PSTRE

  Total               -0.022      0.005     -4.709      0.000      0.028
  Total indirect      -0.022      0.005     -4.709      0.000      0.028

  Specific indirect

    PSTRE
    CURIOUS
    FEMALE            -0.002      0.002     -1.575      0.115      0.044

    PSTRE
    LIFE
    FEMALE            -0.019      0.004     -4.836      0.000      0.029


Effects from HOMLANG to PSTRE

  Total               -0.071      0.009     -7.728      0.000      0.108
  Total indirect      -0.071      0.009     -7.728      0.000      0.108

  Specific indirect

    PSTRE
    CURIOUS
    HOMLANG           -0.012      0.004     -3.191      0.001      0.060

    PSTRE
    LIFE
    HOMLANG           -0.059      0.008     -7.286      0.000      0.151


Effects from LIT to PSTRE

  Total                0.132      0.011     12.327      0.000      0.271
  Total indirect       0.132      0.011     12.327      0.000      0.271

  Specific indirect

    PSTRE
    CURIOUS
    LIT                0.031      0.006      5.534      0.000      0.198

    PSTRE
    LIFE
    LIT                0.101      0.011      9.538      0.000      0.307



STANDARDIZED TOTAL, TOTAL INDIRECT, SPECIFIC INDIRECT, AND DIRECT EFFECTS


STDYX Standardization

                                                    Two-Tailed   Rate of
                    Estimate       S.E.  Est./S.E.    P-Value    Missing

Effects from FEMALE to PSTRE

  Total               -0.027      0.006     -4.768      0.000      0.025
  Total indirect      -0.027      0.006     -4.768      0.000      0.025

  Specific indirect

    PSTRE
    CURIOUS
    FEMALE            -0.003      0.002     -1.574      0.115      0.046

    PSTRE
    LIFE
    FEMALE            -0.024      0.005     -4.911      0.000      0.024


Effects from HOMLANG to PSTRE

  Total               -0.052      0.007     -7.887      0.000      0.094
  Total indirect      -0.052      0.007     -7.887      0.000      0.094

  Specific indirect

    PSTRE
    CURIOUS
    HOMLANG           -0.008      0.003     -3.181      0.001      0.063

    PSTRE
    LIFE
    HOMLANG           -0.043      0.006     -7.475      0.000      0.134


Effects from LIT to PSTRE

  Total                0.153      0.012     12.749      0.000      0.294
  Total indirect       0.153      0.012     12.749      0.000      0.294

  Specific indirect

    PSTRE
    CURIOUS
    LIT                0.036      0.007      5.448      0.000      0.204

    PSTRE
    LIFE
    LIT                0.117      0.012      9.947      0.000      0.324



STDY Standardization

                                                    Two-Tailed   Rate of
                    Estimate       S.E.  Est./S.E.    P-Value    Missing

Effects from FEMALE to PSTRE

  Total               -0.027      0.006     -4.768      0.000      0.025
  Total indirect      -0.027      0.006     -4.768      0.000      0.025

  Specific indirect

    PSTRE
    CURIOUS
    FEMALE            -0.003      0.002     -1.574      0.115      0.046

    PSTRE
    LIFE
    FEMALE            -0.024      0.005     -4.911      0.000      0.024


Effects from HOMLANG to PSTRE

  Total               -0.052      0.007     -7.887      0.000      0.094
  Total indirect      -0.052      0.007     -7.887      0.000      0.094

  Specific indirect

    PSTRE
    CURIOUS
    HOMLANG           -0.008      0.003     -3.181      0.001      0.063

    PSTRE
    LIFE
    HOMLANG           -0.043      0.006     -7.475      0.000      0.134


Effects from LIT to PSTRE

  Total                0.153      0.012     12.749      0.000      0.294
  Total indirect       0.153      0.012     12.749      0.000      0.294

  Specific indirect

    PSTRE
    CURIOUS
    LIT                0.036      0.007      5.448      0.000      0.204

    PSTRE
    LIFE
    LIT                0.117      0.012      9.947      0.000      0.324




CONFIDENCE INTERVALS OF MODEL RESULTS

                  Lower .5%  Lower 2.5%    Lower 5%    Estimate    Upper 5%  Upper 2.5%   Upper .5%

 PSTRE    ON
    CURIOUS          0.054       0.063       0.068       0.091       0.114       0.119       0.127
    LIFE             0.142       0.150       0.154       0.174       0.194       0.198       0.206

 CURIOUS  ON
    FEMALE          -0.069      -0.058      -0.053      -0.026       0.001       0.006       0.016
    HOMLANG         -0.213      -0.193      -0.182      -0.128      -0.073      -0.063      -0.042
    LIT              0.284       0.297       0.304       0.339       0.374       0.381       0.394

 LIFE     ON
    FEMALE          -0.169      -0.155      -0.148      -0.112      -0.075      -0.068      -0.055
    HOMLANG         -0.441      -0.417      -0.405      -0.340      -0.275      -0.263      -0.239
    LIT              0.506       0.523       0.532       0.579       0.626       0.635       0.652

 CURIOUS  WITH
    LIFE             0.110       0.114       0.116       0.128       0.140       0.143       0.147

 FEMALE   WITH
    HOMLANG         -0.001       0.001       0.001       0.005       0.009       0.010       0.011
    LIT             -0.019      -0.017      -0.016      -0.010      -0.004      -0.003       0.000

 HOMLANG  WITH
    LIT              0.027       0.029       0.030       0.035       0.040       0.041       0.043

 Means
    HOMLANG          0.891       0.894       0.895       0.902       0.909       0.911       0.913
    FEMALE           0.470       0.475       0.477       0.489       0.500       0.503       0.507
    LIT              2.768       2.772       2.774       2.784       2.795       2.797       2.801

 Intercepts
    PSTRE            2.116       2.139       2.151       2.214       2.277       2.289       2.313
    CURIOUS          1.812       1.848       1.866       1.962       2.059       2.077       2.113
    LIFE             0.725       0.777       0.804       0.943       1.082       1.108       1.160

 Variances
    HOMLANG          0.079       0.081       0.082       0.088       0.094       0.095       0.097
    FEMALE           0.249       0.250       0.250       0.250       0.250       0.250       0.250
    LIT              0.205       0.209       0.211       0.221       0.231       0.233       0.237

 Residual Variances
    PSTRE            0.126       0.129       0.131       0.138       0.146       0.148       0.151
    CURIOUS          0.306       0.309       0.311       0.321       0.331       0.333       0.337
    LIFE             0.483       0.491       0.495       0.516       0.537       0.541       0.549


CONFIDENCE INTERVALS OF STANDARDIZED MODEL RESULTS


STDYX Standardization

                  Lower .5%  Lower 2.5%    Lower 5%    Estimate    Upper 5%  Upper 2.5%   Upper .5%

 PSTRE    ON
    CURIOUS          0.078       0.091       0.097       0.132       0.166       0.173       0.185
    LIFE             0.275       0.288       0.295       0.330       0.365       0.372       0.385

 CURIOUS  ON
    FEMALE          -0.058      -0.050      -0.045      -0.022       0.000       0.005       0.013
    HOMLANG         -0.108      -0.097      -0.092      -0.065      -0.037      -0.032      -0.021
    LIT              0.229       0.239       0.244       0.271       0.298       0.304       0.314

 LIFE     ON
    FEMALE          -0.110      -0.101      -0.096      -0.073      -0.049      -0.044      -0.036
    HOMLANG         -0.170      -0.160      -0.156      -0.131      -0.107      -0.102      -0.093
    LIT              0.312       0.322       0.327       0.354       0.381       0.386       0.397

 CURIOUS  WITH
    LIFE             0.275       0.284       0.289       0.315       0.341       0.346       0.356

 FEMALE   WITH
    HOMLANG         -0.005       0.004       0.009       0.035       0.061       0.066       0.076
    LIT             -0.081      -0.072      -0.067      -0.042      -0.016      -0.011      -0.002

 HOMLANG  WITH
    LIT              0.203       0.215       0.221       0.254       0.286       0.292       0.305

 Means
    HOMLANG          2.848       2.893       2.917       3.040       3.163       3.186       3.232
    FEMALE           0.941       0.950       0.955       0.978       1.001       1.005       1.014
    LIT              5.696       5.750       5.778       5.922       6.066       6.093       6.147

 Intercepts
    PSTRE            5.079       5.169       5.216       5.457       5.699       5.745       5.836
    CURIOUS          3.039       3.111       3.148       3.340       3.532       3.569       3.641
    LIFE             0.934       1.004       1.040       1.226       1.412       1.448       1.518

 Variances
    HOMLANG          1.000       1.000       1.000       1.000       1.000       1.000       1.000
    FEMALE           1.000       1.000       1.000       1.000       1.000       1.000       1.000
    LIT              1.000       1.000       1.000       1.000       1.000       1.000       1.000

 Residual Variances
    PSTRE            0.803       0.812       0.816       0.841       0.865       0.870       0.879
    CURIOUS          0.908       0.913       0.916       0.930       0.944       0.947       0.952
    LIFE             0.845       0.851       0.855       0.873       0.891       0.894       0.901


STDY Standardization

                  Lower .5%  Lower 2.5%    Lower 5%    Estimate    Upper 5%  Upper 2.5%   Upper .5%

 PSTRE    ON
    CURIOUS          0.078       0.091       0.097       0.132       0.166       0.173       0.185
    LIFE             0.275       0.288       0.295       0.330       0.365       0.372       0.385

 CURIOUS  ON
    FEMALE          -0.058      -0.050      -0.045      -0.022       0.000       0.005       0.013
    HOMLANG         -0.108      -0.097      -0.092      -0.065      -0.037      -0.032      -0.021
    LIT              0.229       0.239       0.244       0.271       0.298       0.304       0.314

 LIFE     ON
    FEMALE          -0.110      -0.101      -0.096      -0.073      -0.049      -0.044      -0.036
    HOMLANG         -0.170      -0.160      -0.156      -0.131      -0.107      -0.102      -0.093
    LIT              0.312       0.322       0.327       0.354       0.381       0.386       0.397

 CURIOUS  WITH
    LIFE             0.275       0.284       0.289       0.315       0.341       0.346       0.356

 FEMALE   WITH
    HOMLANG         -0.005       0.004       0.009       0.035       0.061       0.066       0.076
    LIT             -0.081      -0.072      -0.067      -0.042      -0.016      -0.011      -0.002

 HOMLANG  WITH
    LIT              0.203       0.215       0.221       0.254       0.286       0.292       0.305

 Means
    HOMLANG          2.848       2.893       2.917       3.040       3.163       3.186       3.232
    FEMALE           0.941       0.950       0.955       0.978       1.001       1.005       1.014
    LIT              5.696       5.750       5.778       5.922       6.066       6.093       6.147

 Intercepts
    PSTRE            5.079       5.169       5.216       5.457       5.699       5.745       5.836
    CURIOUS          3.039       3.111       3.148       3.340       3.532       3.569       3.641
    LIFE             0.934       1.004       1.040       1.226       1.412       1.448       1.518

 Variances
    HOMLANG          1.000       1.000       1.000       1.000       1.000       1.000       1.000
    FEMALE           1.000       1.000       1.000       1.000       1.000       1.000       1.000
    LIT              1.000       1.000       1.000       1.000       1.000       1.000       1.000

 Residual Variances
    PSTRE            0.803       0.812       0.816       0.841       0.865       0.870       0.879
    CURIOUS          0.908       0.913       0.916       0.930       0.944       0.947       0.952
    LIFE             0.845       0.851       0.855       0.873       0.891       0.894       0.901


CONFIDENCE INTERVALS OF TOTAL, TOTAL INDIRECT, SPECIFIC INDIRECT, AND DIRECT EFFECTS


                  Lower .5%  Lower 2.5%    Lower 5%    Estimate    Upper 5%  Upper 2.5%   Upper .5%

Effects from FEMALE to PSTRE

  Total             -0.034      -0.031      -0.029      -0.022      -0.014      -0.013      -0.010
  Total indirect    -0.034      -0.031      -0.029      -0.022      -0.014      -0.013      -0.010

  Specific indirect

    PSTRE
    CURIOUS
    FEMALE          -0.006      -0.005      -0.005      -0.002       0.000       0.001       0.002

    PSTRE
    LIFE
    FEMALE          -0.030      -0.027      -0.026      -0.019      -0.013      -0.012      -0.009


Effects from HOMLANG to PSTRE

  Total             -0.094      -0.089      -0.086      -0.071      -0.056      -0.053      -0.047
  Total indirect    -0.094      -0.089      -0.086      -0.071      -0.056      -0.053      -0.047

  Specific indirect

    PSTRE
    CURIOUS
    HOMLANG         -0.021      -0.019      -0.018      -0.012      -0.006      -0.004      -0.002

    PSTRE
    LIFE
    HOMLANG         -0.080      -0.075      -0.073      -0.059      -0.046      -0.043      -0.038


Effects from LIT to PSTRE

  Total              0.104       0.111       0.114       0.132       0.149       0.153       0.159
  Total indirect     0.104       0.111       0.114       0.132       0.149       0.153       0.159

  Specific indirect

    PSTRE
    CURIOUS
    LIT              0.016       0.020       0.022       0.031       0.040       0.042       0.045

    PSTRE
    LIFE
    LIT              0.074       0.080       0.083       0.101       0.118       0.122       0.128



CONFIDENCE INTERVALS OF STANDARDIZED TOTAL, TOTAL INDIRECT, SPECIFIC INDIRECT, AND DIRECT EFFECTS


STDYX Standardization

                  Lower .5%  Lower 2.5%    Lower 5%    Estimate    Upper 5%  Upper 2.5%   Upper .5%

Effects from FEMALE to PSTRE

  Total             -0.041      -0.038      -0.036      -0.027      -0.018      -0.016      -0.012
  Total indirect    -0.041      -0.038      -0.036      -0.027      -0.018      -0.016      -0.012

  Specific indirect

    PSTRE
    CURIOUS
    FEMALE          -0.008      -0.007      -0.006      -0.003       0.000       0.001       0.002

    PSTRE
    LIFE
    FEMALE          -0.036      -0.033      -0.032      -0.024      -0.016      -0.014      -0.011


Effects from HOMLANG to PSTRE

  Total             -0.069      -0.065      -0.063      -0.052      -0.041      -0.039      -0.035
  Total indirect    -0.069      -0.065      -0.063      -0.052      -0.041      -0.039      -0.035

  Specific indirect

    PSTRE
    CURIOUS
    HOMLANG         -0.015      -0.014      -0.013      -0.008      -0.004      -0.003      -0.002

    PSTRE
    LIFE
    HOMLANG         -0.058      -0.055      -0.053      -0.043      -0.034      -0.032      -0.028


Effects from LIT to PSTRE

  Total              0.122       0.129       0.133       0.153       0.172       0.176       0.183
  Total indirect     0.122       0.129       0.133       0.153       0.172       0.176       0.183

  Specific indirect

    PSTRE
    CURIOUS
    LIT              0.019       0.023       0.025       0.036       0.046       0.049       0.053

    PSTRE
    LIFE
    LIT              0.087       0.094       0.098       0.117       0.136       0.140       0.147



STDY Standardization

                  Lower .5%  Lower 2.5%    Lower 5%    Estimate    Upper 5%  Upper 2.5%   Upper .5%

Effects from FEMALE to PSTRE

  Total             -0.041      -0.038      -0.036      -0.027      -0.018      -0.016      -0.012
  Total indirect    -0.041      -0.038      -0.036      -0.027      -0.018      -0.016      -0.012

  Specific indirect

    PSTRE
    CURIOUS
    FEMALE          -0.008      -0.007      -0.006      -0.003       0.000       0.001       0.002

    PSTRE
    LIFE
    FEMALE          -0.036      -0.033      -0.032      -0.024      -0.016      -0.014      -0.011


Effects from HOMLANG to PSTRE

  Total             -0.069      -0.065      -0.063      -0.052      -0.041      -0.039      -0.035
  Total indirect    -0.069      -0.065      -0.063      -0.052      -0.041      -0.039      -0.035

  Specific indirect

    PSTRE
    CURIOUS
    HOMLANG         -0.015      -0.014      -0.013      -0.008      -0.004      -0.003      -0.002

    PSTRE
    LIFE
    HOMLANG         -0.058      -0.055      -0.053      -0.043      -0.034      -0.032      -0.028


Effects from LIT to PSTRE

  Total              0.122       0.129       0.133       0.153       0.172       0.176       0.183
  Total indirect     0.122       0.129       0.133       0.153       0.172       0.176       0.183

  Specific indirect

    PSTRE
    CURIOUS
    LIT              0.019       0.023       0.025       0.036       0.046       0.049       0.053

    PSTRE
    LIFE
    LIT              0.087       0.094       0.098       0.117       0.136       0.140       0.147




TECHNICAL 1 OUTPUT


     PARAMETER SPECIFICATION


           NU
              PSTRE         CURIOUS       LIFE          HOMLANG       FEMALE
              ________      ________      ________      ________      ________
                  0             0             0             0             0


           NU
              LIT
              ________
                  0


           LAMBDA
              PSTRE         CURIOUS       LIFE          HOMLANG       FEMALE
              ________      ________      ________      ________      ________
 PSTRE              0             0             0             0             0
 CURIOUS            0             0             0             0             0
 LIFE               0             0             0             0             0
 HOMLANG            0             0             0             0             0
 FEMALE             0             0             0             0             0
 LIT                0             0             0             0             0


           LAMBDA
              LIT
              ________
 PSTRE              0
 CURIOUS            0
 LIFE               0
 HOMLANG            0
 FEMALE             0
 LIT                0


           THETA
              PSTRE         CURIOUS       LIFE          HOMLANG       FEMALE
              ________      ________      ________      ________      ________
 PSTRE              0
 CURIOUS            0             0
 LIFE               0             0             0
 HOMLANG            0             0             0             0
 FEMALE             0             0             0             0             0
 LIT                0             0             0             0             0


           THETA
              LIT
              ________
 LIT                0


           ALPHA
              PSTRE         CURIOUS       LIFE          HOMLANG       FEMALE
              ________      ________      ________      ________      ________
                  1             2             3             4             5


           ALPHA
              LIT
              ________
                  6


           BETA
              PSTRE         CURIOUS       LIFE          HOMLANG       FEMALE
              ________      ________      ________      ________      ________
 PSTRE              0             7             8             0             0
 CURIOUS            0             0             0             9            10
 LIFE               0             0             0            12            13
 HOMLANG            0             0             0             0             0
 FEMALE             0             0             0             0             0
 LIT                0             0             0             0             0


           BETA
              LIT
              ________
 PSTRE              0
 CURIOUS           11
 LIFE              14
 HOMLANG            0
 FEMALE             0
 LIT                0


           PSI
              PSTRE         CURIOUS       LIFE          HOMLANG       FEMALE
              ________      ________      ________      ________      ________
 PSTRE             15
 CURIOUS            0            16
 LIFE               0            17            18
 HOMLANG            0             0             0            19
 FEMALE             0             0             0            20            21
 LIT                0             0             0            22            23


           PSI
              LIT
              ________
 LIT               24


     STARTING VALUES


           NU
              PSTRE         CURIOUS       LIFE          HOMLANG       FEMALE
              ________      ________      ________      ________      ________
                0.000         0.000         0.000         0.000         0.000


           NU
              LIT
              ________
                0.000


           LAMBDA
              PSTRE         CURIOUS       LIFE          HOMLANG       FEMALE
              ________      ________      ________      ________      ________
 PSTRE          1.000         0.000         0.000         0.000         0.000
 CURIOUS        0.000         1.000         0.000         0.000         0.000
 LIFE           0.000         0.000         1.000         0.000         0.000
 HOMLANG        0.000         0.000         0.000         1.000         0.000
 FEMALE         0.000         0.000         0.000         0.000         1.000
 LIT            0.000         0.000         0.000         0.000         0.000


           LAMBDA
              LIT
              ________
 PSTRE          0.000
 CURIOUS        0.000
 LIFE           0.000
 HOMLANG        0.000
 FEMALE         0.000
 LIT            1.000


           THETA
              PSTRE         CURIOUS       LIFE          HOMLANG       FEMALE
              ________      ________      ________      ________      ________
 PSTRE          0.000
 CURIOUS        0.000         0.000
 LIFE           0.000         0.000         0.000
 HOMLANG        0.000         0.000         0.000         0.000
 FEMALE         0.000         0.000         0.000         0.000         0.000
 LIT            0.000         0.000         0.000         0.000         0.000


           THETA
              LIT
              ________
 LIT            0.000


           ALPHA
              PSTRE         CURIOUS       LIFE          HOMLANG       FEMALE
              ________      ________      ________      ________      ________
                2.864         2.780         2.217         0.902         0.489


           ALPHA
              LIT
              ________
                2.789


           BETA
              PSTRE         CURIOUS       LIFE          HOMLANG       FEMALE
              ________      ________      ________      ________      ________
 PSTRE          0.000         0.000         0.000         0.000         0.000
 CURIOUS        0.000         0.000         0.000         0.000         0.000
 LIFE           0.000         0.000         0.000         0.000         0.000
 HOMLANG        0.000         0.000         0.000         0.000         0.000
 FEMALE         0.000         0.000         0.000         0.000         0.000
 LIT            0.000         0.000         0.000         0.000         0.000


           BETA
              LIT
              ________
 PSTRE          0.000
 CURIOUS        0.000
 LIFE           0.000
 HOMLANG        0.000
 FEMALE         0.000
 LIT            0.000


           PSI
              PSTRE         CURIOUS       LIFE          HOMLANG       FEMALE
              ________      ________      ________      ________      ________
 PSTRE          0.083
 CURIOUS        0.000         0.172
 LIFE           0.000         0.000         0.289
 HOMLANG        0.000         0.000         0.000         0.044
 FEMALE         0.000         0.000         0.000         0.000         0.125
 LIT            0.000         0.000         0.000         0.000         0.000


           PSI
              LIT
              ________
 LIT            0.112


DIAGRAM INFORMATION

  Use View Diagram under the Diagram menu in the Mplus Editor to view the diagram.
  If running Mplus from the Mplus Diagrammer, the diagram opens automatically.

  Diagram output
    /Users/ronnysc/Documents/CEMO/TEACHING/PIAAC2022-SEM/Examples/1-PathModels/PATH3b.dgm

     Beginning Time:  18:06:02
        Ending Time:  18:06:05
       Elapsed Time:  00:00:03



MUTHEN & MUTHEN
3463 Stoner Ave.
Los Angeles, CA  90066

Tel: (310) 391-9971
Fax: (310) 391-8971
Web: www.StatModel.com
Support: Support@StatModel.com

Copyright (c) 1998-2018 Muthen & Muthen
