Mplus VERSION 8.5 (Linux)
MUTHEN & MUTHEN
03/22/2022   1:21 PM

INPUT INSTRUCTIONS

  TITLE:	Structural equation modeling with PIAAC data
  	PATH MODEL
  	Regression model
  	Complex design: PVs, total weight, replication weights


  DATA: 	FILE IS piaac1-nor_pvlist.dat;
  	TYPE = IMPUTATION;
  	! Needed here as the model contains PVs


  VARIABLE:
  	NAMES ARE
  		AGE FEMALE B_Q01a
  		D_Q11a D_Q11b D_Q11c D_Q11d
  		F_Q03a F_Q03c F_Q05a F_Q05b
  		G_Q01a G_Q01b G_Q01c G_Q01d
  		G_Q01e G_Q01f G_Q01g G_Q01h
  		G_Q02a G_Q02b G_Q02c G_Q02d
  		G_Q03b G_Q03c G_Q03d G_Q03f G_Q03g G_Q03h
  		G_Q05a G_Q05c G_Q05d G_Q05e
  		G_Q05f G_Q05g G_Q05h
  		H_Q01a H_Q01b H_Q01c H_Q01d
  		H_Q01e H_Q01f H_Q01g H_Q01h
  		H_Q02a H_Q02b H_Q02c H_Q02d
  		H_Q03b H_Q03c H_Q03d H_Q03f H_Q03g H_Q03h
  		H_Q05a H_Q05c H_Q05d H_Q05e
  		H_Q05f H_Q05g H_Q05h
  		I_Q04b I_Q04d I_Q04h I_Q04j I_Q04l I_Q04m
  		I_Q06a
  		I_Q07a I_Q07b
  		HOMLANG IMGEN
  		PVLIT PVNUM PVPSL
  		SPFWT0
  		SPFWT1-SPFWT80
  		VARSTRAT VARUNIT;

  	! Variables to be used
  	! Newly defined variable appear at the end of this list
  	USEVARIABLES ARE
  		PSTRE
  		CURIOUS
  		LIFE;

  	! Missing data coding
  	MISSING ARE ALL(-99);

  	! Final participant weight
  	WEIGHT = SPFWT0;

  	! Replication weights
  	REPWEIGHTS = SPFWT1-SPFWT80;


  DEFINE:
  	! Scale down the achievement scores to avoid convergence issues
  	PSTRE = PVPSL/100;
  	LIT = PVLIT/100;

  	! Create scale means as composite scores
  	CURIOUS = (I_Q04b+
  	I_Q04d+
  	I_Q04h+
  	I_Q04j+
  	I_Q04l+
  	I_Q04m)/6;

  	LIFE = (H_Q05a+
  	H_Q05c+
  	H_Q05e+
  	H_Q05f)/4;


  ANALYSIS:
  	TYPE = COMPLEX;
  	ESTIMATOR = MLR;
  	H1ITERATIONS = 10000;

  	! Replication standard errors
  	REPSE = JACKKNIFE2;

  MODEL:

  	! STRUCTURAL MODEL

  	! Structural paths
  	PSTRE ON
  		CURIOUS
  		LIFE;

  	! Variances and covariances of predictors to let FIML work
  	! Variances
  	CURIOUS;
  	LIFE;
  	! Covariance
  	CURIOUS WITH LIFE;


  OUTPUT: STDYX;	! Fully standardized parameters requested
          STDY;	! Standardized parameter estimates requested
  				! (some X-variables are dichotomous)
          SAMPSTAT;	! Sample statistics
          CINTERVAL;	! Confidence intervals



*** WARNING in ANALYSIS command
  Estimator MLR is not allowed with TYPE=COMPLEX and replicate weights.
  Default estimator will be used.
   1 WARNING(S) FOUND IN THE INPUT INSTRUCTIONS



Structural equation modeling with PIAAC data
PATH MODEL
Regression model
Complex design: PVs, total weight, replication weights

SUMMARY OF ANALYSIS

Number of groups                                                 1
Average number of observations                                4936

Number of replications
    Requested                                                   10
    Completed                                                   10

Number of dependent variables                                    1
Number of independent variables                                  2
Number of continuous latent variables                            0

Observed dependent variables

  Continuous
   PSTRE

Observed independent variables
   CURIOUS     LIFE

Variables with special functions

  Weight variable       SPFWT0

Estimator                                                       ML
Information matrix                                        OBSERVED
Maximum number of iterations                                  1000
Convergence criterion                                    0.500D-04
Maximum number of steepest descent iterations                   20
Maximum number of iterations for H1                          10000
Convergence criterion for H1                             0.100D-03

Input data file(s)
  Multiple data files from
    piaac1-nor_pvlist.dat

Input data format  FREE


SUMMARY OF DATA FOR THE FIRST DATA SET

     Number of missing data patterns             7


SUMMARY OF MISSING DATA PATTERNS FOR THE FIRST DATA SET


     MISSING DATA PATTERNS (x = not missing)

           1  2  3  4  5  6  7
 PSTRE     x  x  x  x
 CURIOUS   x  x        x  x
 LIFE      x     x     x     x


     MISSING DATA PATTERN FREQUENCIES

    Pattern   Frequency     Pattern   Frequency     Pattern   Frequency
          1        4247           4           1           7          15
          2          77           5         414
          3          17           6         165


COVARIANCE COVERAGE OF DATA FOR THE FIRST DATA SET

Minimum covariance coverage value   0.100


     PROPORTION OF DATA PRESENT


           Covariance Coverage
              PSTRE         CURIOUS       LIFE
              ________      ________      ________
 PSTRE          0.880
 CURIOUS        0.876         0.993
 LIFE           0.864         0.944         0.951


SAMPLE STATISTICS

NOTE:  These are average results over 10 data sets.


     SAMPLE STATISTICS


           Means
              PSTRE         CURIOUS       LIFE
              ________      ________      ________
                2.850         2.779         2.203


           Covariances
              PSTRE         CURIOUS       LIFE
              ________      ________      ________
 PSTRE          0.164
 CURIOUS        0.060         0.345
 LIFE           0.116         0.166         0.585


           Correlations
              PSTRE         CURIOUS       LIFE
              ________      ________      ________
 PSTRE          1.000
 CURIOUS        0.253         1.000
 LIFE           0.373         0.370         1.000


MODEL FIT INFORMATION

Number of Free Parameters                        9

Loglikelihood

          H0 Value                      -11211.273
          H1 Value                      -11211.273

*   The loglikelihood cannot be used directly for chi-square testing with
    imputed data.

Information Criteria

          Akaike (AIC)                   22440.546
          Bayesian (BIC)                 22499.085
          Sample-Size Adjusted BIC       22470.486
            (n* = (n + 2) / 24)

Chi-Square Test of Model Fit

          Chi-square is not available with replicate weights.

SRMR (Standardized Root Mean Square Residual)

          Value                              0.000



MODEL RESULTS

                                                    Two-Tailed   Rate of
                    Estimate       S.E.  Est./S.E.    P-Value    Missing

 PSTRE    ON
    CURIOUS            0.092      0.014      6.565      0.000      0.270
    LIFE               0.171      0.012     13.963      0.000      0.411

 CURIOUS  WITH
    LIFE               0.166      0.008     21.032      0.000      0.000

 Means
    CURIOUS            2.779      0.007    400.708      0.000      0.000
    LIFE               2.203      0.011    208.001      0.000      0.001

 Intercepts
    PSTRE              2.216      0.038     58.040      0.000      0.258

 Variances
    CURIOUS            0.345      0.007     50.242      0.000      0.000
    LIFE               0.585      0.012     47.055      0.000      0.000

 Residual Variances
    PSTRE              0.139      0.005     29.405      0.000      0.471


STANDARDIZED MODEL RESULTS


STDYX Standardization

                                                    Two-Tailed   Rate of
                    Estimate       S.E.  Est./S.E.    P-Value    Missing

 PSTRE    ON
    CURIOUS            0.134      0.021      6.464      0.000      0.295
    LIFE               0.323      0.021     15.407      0.000      0.423

 CURIOUS  WITH
    LIFE               0.370      0.015     24.198      0.000      0.000

 Means
    CURIOUS            4.733      0.051     92.078      0.000      0.000
    LIFE               2.880      0.037     77.047      0.000      0.000

 Intercepts
    PSTRE              5.467      0.146     37.559      0.000      0.264

 Variances
    CURIOUS            1.000      0.000  *********      0.000      0.000
    LIFE               1.000      0.000  *********      0.000      0.000

 Residual Variances
    PSTRE              0.845      0.014     58.368      0.000      0.408


STDY Standardization

                                                    Two-Tailed   Rate of
                    Estimate       S.E.  Est./S.E.    P-Value    Missing

 PSTRE    ON
    CURIOUS            0.134      0.021      6.464      0.000      0.295
    LIFE               0.323      0.021     15.407      0.000      0.423

 CURIOUS  WITH
    LIFE               0.370      0.015     24.198      0.000      0.000

 Means
    CURIOUS            4.733      0.051     92.078      0.000      0.000
    LIFE               2.880      0.037     77.047      0.000      0.000

 Intercepts
    PSTRE              5.467      0.146     37.559      0.000      0.264

 Variances
    CURIOUS            1.000      0.000  *********      0.000      0.000
    LIFE               1.000      0.000  *********      0.000      0.000

 Residual Variances
    PSTRE              0.845      0.014     58.368      0.000      0.408


R-SQUARE

    Observed                                        Two-Tailed   Rate of
    Variable        Estimate       S.E.  Est./S.E.    P-Value    Missing

    PSTRE              0.155      0.014     10.674      0.000      0.408


CONFIDENCE INTERVALS OF MODEL RESULTS

                  Lower .5%  Lower 2.5%    Lower 5%    Estimate    Upper 5%  Upper 2.5%   Upper .5%

 PSTRE    ON
    CURIOUS          0.056       0.065       0.069       0.092       0.115       0.120       0.128
    LIFE             0.140       0.147       0.151       0.171       0.192       0.196       0.203

 CURIOUS  WITH
    LIFE             0.146       0.151       0.153       0.166       0.179       0.182       0.186

 Means
    CURIOUS          2.761       2.765       2.768       2.779       2.790       2.793       2.797
    LIFE             2.175       2.182       2.185       2.203       2.220       2.223       2.230

 Intercepts
    PSTRE            2.118       2.142       2.154       2.216       2.279       2.291       2.315

 Variances
    CURIOUS          0.327       0.331       0.333       0.345       0.356       0.358       0.362
    LIFE             0.553       0.560       0.564       0.585       0.605       0.609       0.617

 Residual Variances
    PSTRE            0.127       0.130       0.131       0.139       0.147       0.148       0.151


CONFIDENCE INTERVALS OF STANDARDIZED MODEL RESULTS


STDYX Standardization

                  Lower .5%  Lower 2.5%    Lower 5%    Estimate    Upper 5%  Upper 2.5%   Upper .5%

 PSTRE    ON
    CURIOUS          0.080       0.093       0.100       0.134       0.168       0.174       0.187
    LIFE             0.269       0.282       0.289       0.323       0.358       0.365       0.377

 CURIOUS  WITH
    LIFE             0.331       0.340       0.345       0.370       0.395       0.400       0.409

 Means
    CURIOUS          4.601       4.633       4.649       4.733       4.818       4.834       4.866
    LIFE             2.784       2.807       2.819       2.880       2.942       2.954       2.977

 Intercepts
    PSTRE            5.092       5.181       5.227       5.467       5.706       5.752       5.842

 Variances
    CURIOUS          1.000       1.000       1.000       1.000       1.000       1.000       1.000
    LIFE             1.000       1.000       1.000       1.000       1.000       1.000       1.000

 Residual Variances
    PSTRE            0.808       0.817       0.822       0.845       0.869       0.874       0.883


STDY Standardization

                  Lower .5%  Lower 2.5%    Lower 5%    Estimate    Upper 5%  Upper 2.5%   Upper .5%

 PSTRE    ON
    CURIOUS          0.080       0.093       0.100       0.134       0.168       0.174       0.187
    LIFE             0.269       0.282       0.289       0.323       0.358       0.365       0.377

 CURIOUS  WITH
    LIFE             0.331       0.340       0.345       0.370       0.395       0.400       0.409

 Means
    CURIOUS          4.601       4.633       4.649       4.733       4.818       4.834       4.866
    LIFE             2.784       2.807       2.819       2.880       2.942       2.954       2.977

 Intercepts
    PSTRE            5.092       5.181       5.227       5.467       5.706       5.752       5.842

 Variances
    CURIOUS          1.000       1.000       1.000       1.000       1.000       1.000       1.000
    LIFE             1.000       1.000       1.000       1.000       1.000       1.000       1.000

 Residual Variances
    PSTRE            0.808       0.817       0.822       0.845       0.869       0.874       0.883


TECHNICAL 1 OUTPUT


     PARAMETER SPECIFICATION


           NU
              PSTRE         CURIOUS       LIFE
              ________      ________      ________
                  0             0             0


           LAMBDA
              PSTRE         CURIOUS       LIFE
              ________      ________      ________
 PSTRE              0             0             0
 CURIOUS            0             0             0
 LIFE               0             0             0


           THETA
              PSTRE         CURIOUS       LIFE
              ________      ________      ________
 PSTRE              0
 CURIOUS            0             0
 LIFE               0             0             0


           ALPHA
              PSTRE         CURIOUS       LIFE
              ________      ________      ________
                  1             2             3


           BETA
              PSTRE         CURIOUS       LIFE
              ________      ________      ________
 PSTRE              0             4             5
 CURIOUS            0             0             0
 LIFE               0             0             0


           PSI
              PSTRE         CURIOUS       LIFE
              ________      ________      ________
 PSTRE              6
 CURIOUS            0             7
 LIFE               0             8             9


     STARTING VALUES


           NU
              PSTRE         CURIOUS       LIFE
              ________      ________      ________
                0.000         0.000         0.000


           LAMBDA
              PSTRE         CURIOUS       LIFE
              ________      ________      ________
 PSTRE          1.000         0.000         0.000
 CURIOUS        0.000         1.000         0.000
 LIFE           0.000         0.000         1.000


           THETA
              PSTRE         CURIOUS       LIFE
              ________      ________      ________
 PSTRE          0.000
 CURIOUS        0.000         0.000
 LIFE           0.000         0.000         0.000


           ALPHA
              PSTRE         CURIOUS       LIFE
              ________      ________      ________
                2.864         2.780         2.217


           BETA
              PSTRE         CURIOUS       LIFE
              ________      ________      ________
 PSTRE          0.000         0.000         0.000
 CURIOUS        0.000         0.000         0.000
 LIFE           0.000         0.000         0.000


           PSI
              PSTRE         CURIOUS       LIFE
              ________      ________      ________
 PSTRE          0.083
 CURIOUS        0.000         0.172
 LIFE           0.000         0.000         0.289


     Beginning Time:  13:21:54
        Ending Time:  13:22:11
       Elapsed Time:  00:00:17



MUTHEN & MUTHEN
3463 Stoner Ave.
Los Angeles, CA  90066

Tel: (310) 391-9971
Fax: (310) 391-8971
Web: www.StatModel.com
Support: Support@StatModel.com

Copyright (c) 1998-2020 Muthen & Muthen
