Mplus VERSION 8.2 (Mac)
MUTHEN & MUTHEN
03/19/2022   6:18 PM

INPUT INSTRUCTIONS

  TITLE:	Structural equation modeling with PIAAC data
  	Multi-group CFA
  	Single-factor model of curiosity and continuous treatment--modified
  	Complex design: Total weight, clustering, stratification
  	Grouping by: FEMALE
  	Equality constraints on parameters: None
  	CONFIGURAL MEASUREMENT INVARIANCE

  DATA: 	FILE IS piaac1-nor_pv1.dat;
  	! TYPE = IMPUTATION;
  	! Not needed here as the model does not contain any PV
  		
  		
  VARIABLE:
  	NAMES ARE
  		AGE FEMALE B_Q01a
  		D_Q11a D_Q11b D_Q11c D_Q11d
  		F_Q03a F_Q03c F_Q05a F_Q05b
  		G_Q01a G_Q01b G_Q01c G_Q01d
  		G_Q01e G_Q01f G_Q01g G_Q01h
  		G_Q02a G_Q02b G_Q02c G_Q02d
  		G_Q03b G_Q03c G_Q03d G_Q03f G_Q03g G_Q03h
  		G_Q05a G_Q05c G_Q05d G_Q05e
  		G_Q05f G_Q05g G_Q05h
  		H_Q01a H_Q01b H_Q01c H_Q01d
  		H_Q01e H_Q01f H_Q01g H_Q01h
  		H_Q02a H_Q02b H_Q02c H_Q02d
  		H_Q03b H_Q03c H_Q03d H_Q03f H_Q03g H_Q03h
  		H_Q05a H_Q05c H_Q05d H_Q05e
  		H_Q05f H_Q05g H_Q05h
  		I_Q04b I_Q04d I_Q04h I_Q04j I_Q04l I_Q04m
  		I_Q06a
  		I_Q07a I_Q07b
  		HOMLANG IMGEN
  		PVLIT PVNUM PVPSL
  		SPFWT0
  		SPFWT1-SPFWT80
  		VARSTRAT VARUNIT;
  		
  	! Variables to be used
  	! Newly defined variable appear at the end of this list
  	USEVARIABLES ARE
  		I_Q04b
  		I_Q04d
  		I_Q04h
  		I_Q04j
  		I_Q04l
  		I_Q04m;
  		
  	! Missing data coding
  	MISSING ARE ALL(-99);
  		
  	! Final participant weight
  	WEIGHT = SPFWT0;
  	
  	! Clustering in sampling units
  	CLUSTER = VARUNIT;
  	
  	! Stratification
  	STRATIFICATION = VARSTRAT;
  	
  	! Grouping variable and its levels
  	GROUPING IS FEMALE (0=Men 1=Women);
  	

  ANALYSIS:
  	TYPE = COMPLEX;
  	ESTIMATOR = MLR;
  	H1ITERATIONS = 10000;
  	
  	MODEL = CONFIGURAL;

  MODEL:
  	
  	! MEASUREMENT MODEL
  	! Curiousity
  	CURIOUS BY
  		I_Q04b
  		I_Q04d
  		I_Q04h
  		I_Q04j
  		I_Q04l
  		I_Q04m;
  		
  	! Model modifications
  	! Residual covariance
  	I_Q04B WITH I_Q04H;
  	I_Q04B WITH I_Q04J;
  	
  	


  OUTPUT: STDYX;	! Fully standardized parameters requested
          STDY;	! Standardized parameter estimates requested
          		! (some X-variables are dichotomous)
          SAMPSTAT;	! Sample statistics
          CINTERVAL;	! Confidence intervals
          !MOD(all);	! Modification indices



*** WARNING
  Clusters with the same IDs have been found in different strata.  These
  clusters are assumed to be different because clusters are not allowed
  to appear in more than one stratum.
*** WARNING
  Data set contains cases with missing on all variables.
  These cases were not included in the analysis.
  Number of cases with missing on all variables:  186
   2 WARNING(S) FOUND IN THE INPUT INSTRUCTIONS



Structural equation modeling with PIAAC data
Multi-group CFA
Single-factor model of curiosity and continuous treatment--modified
Complex design: Total weight, clustering, stratification
Grouping by: FEMALE
Equality constraints on parameters: None
CONFIGURAL MEASUREMENT INVARIANCE

SUMMARY OF ANALYSIS

Number of groups                                                 2
Number of observations
   Group MEN                                                  2555
   Group WOMEN                                                2387
   Total sample size                                          4942

Number of dependent variables                                    6
Number of independent variables                                  0
Number of continuous latent variables                            1

Observed dependent variables

  Continuous
   I_Q04B      I_Q04D      I_Q04H      I_Q04J      I_Q04L      I_Q04M

Continuous latent variables
   CURIOUS

Variables with special functions

  Grouping variable     FEMALE
  Stratification        VARSTRAT
  Cluster variable      VARUNIT
  Weight variable       SPFWT0

Estimator                                                      MLR
Information matrix                                        OBSERVED
Maximum number of iterations                                  1000
Convergence criterion                                    0.500D-04
Maximum number of steepest descent iterations                   20
Maximum number of iterations for H1                          10000
Convergence criterion for H1                             0.100D-03

Input data file(s)
  piaac1-nor_pv1.dat

Input data format  FREE


SUMMARY OF DATA

   Total number of strata                       80
   Total number of clusters                    163

   Group MEN
     Number of missing data patterns            10
     Number of strata                           80
     Number of clusters                        160

   Group WOMEN
     Number of missing data patterns            12
     Number of strata                           80
     Number of clusters                        163


COVARIANCE COVERAGE OF DATA

Minimum covariance coverage value   0.100


     PROPORTION OF DATA PRESENT FOR MEN


           Covariance Coverage
              I_Q04B        I_Q04D        I_Q04H        I_Q04J        I_Q04L
              ________      ________      ________      ________      ________
 I_Q04B         0.996
 I_Q04D         0.996         1.000
 I_Q04H         0.995         0.998         0.998
 I_Q04J         0.996         0.999         0.998         0.999
 I_Q04L         0.994         0.996         0.995         0.996         0.996
 I_Q04M         0.996         0.999         0.997         0.998         0.996


           Covariance Coverage
              I_Q04M
              ________
 I_Q04M         0.999


     PROPORTION OF DATA PRESENT FOR WOMEN


           Covariance Coverage
              I_Q04B        I_Q04D        I_Q04H        I_Q04J        I_Q04L
              ________      ________      ________      ________      ________
 I_Q04B         0.996
 I_Q04D         0.996         1.000
 I_Q04H         0.995         0.996         0.996
 I_Q04J         0.995         0.999         0.995         0.999
 I_Q04L         0.993         0.995         0.992         0.995         0.995
 I_Q04M         0.995         0.999         0.996         0.998         0.995


           Covariance Coverage
              I_Q04M
              ________
 I_Q04M         0.999


SAMPLE STATISTICS


     ESTIMATED SAMPLE STATISTICS FOR MEN


           Means
              I_Q04B        I_Q04D        I_Q04H        I_Q04J        I_Q04L
              ________      ________      ________      ________      ________
                2.305         3.138         2.910         2.940         2.517


           Means
              I_Q04M
              ________
                2.974


           Covariances
              I_Q04B        I_Q04D        I_Q04H        I_Q04J        I_Q04L
              ________      ________      ________      ________      ________
 I_Q04B         0.765
 I_Q04D         0.276         0.576
 I_Q04H         0.339         0.289         0.605
 I_Q04J         0.212         0.262         0.257         0.700
 I_Q04L         0.335         0.295         0.332         0.350         0.759
 I_Q04M         0.214         0.267         0.233         0.290         0.293


           Covariances
              I_Q04M
              ________
 I_Q04M         0.621


           Correlations
              I_Q04B        I_Q04D        I_Q04H        I_Q04J        I_Q04L
              ________      ________      ________      ________      ________
 I_Q04B         1.000
 I_Q04D         0.415         1.000
 I_Q04H         0.498         0.489         1.000
 I_Q04J         0.289         0.412         0.395         1.000
 I_Q04L         0.439         0.446         0.490         0.481         1.000
 I_Q04M         0.311         0.447         0.381         0.439         0.427


           Correlations
              I_Q04M
              ________
 I_Q04M         1.000


     ESTIMATED SAMPLE STATISTICS FOR WOMEN


           Means
              I_Q04B        I_Q04D        I_Q04H        I_Q04J        I_Q04L
              ________      ________      ________      ________      ________
                2.216         3.138         2.860         2.942         2.441


           Means
              I_Q04M
              ________
                2.941


           Covariances
              I_Q04B        I_Q04D        I_Q04H        I_Q04J        I_Q04L
              ________      ________      ________      ________      ________
 I_Q04B         0.717
 I_Q04D         0.265         0.591
 I_Q04H         0.314         0.296         0.594
 I_Q04J         0.191         0.245         0.250         0.704
 I_Q04L         0.325         0.299         0.334         0.373         0.739
 I_Q04M         0.201         0.261         0.236         0.277         0.318


           Covariances
              I_Q04M
              ________
 I_Q04M         0.622


           Correlations
              I_Q04B        I_Q04D        I_Q04H        I_Q04J        I_Q04L
              ________      ________      ________      ________      ________
 I_Q04B         1.000
 I_Q04D         0.407         1.000
 I_Q04H         0.481         0.500         1.000
 I_Q04J         0.269         0.379         0.386         1.000
 I_Q04L         0.447         0.452         0.504         0.517         1.000
 I_Q04M         0.302         0.430         0.389         0.418         0.469


           Correlations
              I_Q04M
              ________
 I_Q04M         1.000


     MAXIMUM LOG-LIKELIHOOD VALUE FOR THE UNRESTRICTED (H1) MODEL IS -31594.952


UNIVARIATE SAMPLE STATISTICS


     UNIVARIATE HIGHER-ORDER MOMENT DESCRIPTIVE STATISTICS FOR MEN

         Variable/         Mean/     Skewness/   Minimum/ % with                Percentiles
        Sample Size      Variance    Kurtosis    Maximum  Min/Max      20%/60%    40%/80%    Median

     I_Q04B                2.305      -0.081       0.000    1.92%       2.000      2.000      2.000
            2546.000       0.765      -0.015       4.000    8.33%       2.000      3.000
     I_Q04D                3.138      -0.632       0.000    0.27%       3.000      3.000      3.000
            2555.000       0.576       0.329       4.000   33.70%       3.000      4.000
     I_Q04H                2.910      -0.405       0.000    0.35%       2.000      3.000      3.000
            2549.000       0.604       0.136       4.000   22.40%       3.000      4.000
     I_Q04J                2.940      -0.543       0.000    0.59%       2.000      3.000      3.000
            2552.000       0.700       0.142       4.000   25.94%       3.000      4.000
     I_Q04L                2.518      -0.152       0.000    1.02%       2.000      2.000      3.000
            2546.000       0.758      -0.169       4.000   12.57%       3.000      3.000
     I_Q04M                2.974      -0.506       0.000    0.39%       2.000      3.000      3.000
            2553.000       0.620       0.192       4.000   25.50%       3.000      4.000


     UNIVARIATE HIGHER-ORDER MOMENT DESCRIPTIVE STATISTICS FOR WOMEN

         Variable/         Mean/     Skewness/   Minimum/ % with                Percentiles
        Sample Size      Variance    Kurtosis    Maximum  Min/Max      20%/60%    40%/80%    Median

     I_Q04B                2.217      -0.009       0.000    2.02%       2.000      2.000      2.000
            2378.000       0.717       0.227       4.000    7.02%       2.000      3.000
     I_Q04D                3.138      -0.583       0.000    0.17%       3.000      3.000      3.000
            2387.000       0.591       0.016       4.000   35.61%       3.000      4.000
     I_Q04H                2.860      -0.279       0.000    0.25%       2.000      3.000      3.000
            2378.000       0.594      -0.082       4.000   20.77%       3.000      4.000
     I_Q04J                2.943      -0.520       0.000    0.46%       2.000      3.000      3.000
            2384.000       0.704       0.040       4.000   26.80%       3.000      4.000
     I_Q04L                2.442      -0.108       0.000    0.97%       2.000      2.000      2.000
            2375.000       0.738      -0.133       4.000   10.74%       3.000      3.000
     I_Q04M                2.940      -0.489       0.000    0.38%       2.000      3.000      3.000
            2384.000       0.622       0.234       4.000   24.33%       3.000      4.000


THE MODEL ESTIMATION TERMINATED NORMALLY



MODEL FIT INFORMATION

Number of Free Parameters                       40

Loglikelihood

          H0 Value                      -31692.066
          H0 Scaling Correction Factor      1.2185
            for MLR
          H1 Value                      -31594.952
          H1 Scaling Correction Factor      1.2666
            for MLR

Information Criteria

          Akaike (AIC)                   63464.133
          Bayesian (BIC)                 63724.354
          Sample-Size Adjusted BIC       63597.248
            (n* = (n + 2) / 24)

Chi-Square Test of Model Fit

          Value                            138.331*
          Degrees of Freedom                    14
          P-Value                           0.0000
          Scaling Correction Factor         1.4041
            for MLR

Chi-Square Contribution and P-Value From Each Group (degrees of freedom = 7)

          MEN                               61.489     0.000
          WOMEN                             76.842     0.000

*   The chi-square value for MLM, MLMV, MLR, ULSMV, WLSM and WLSMV cannot be used
    for chi-square difference testing in the regular way.  MLM, MLR and WLSM
    chi-square difference testing is described on the Mplus website.  MLMV, WLSMV,
    and ULSMV difference testing is done using the DIFFTEST option.

RMSEA (Root Mean Square Error Of Approximation)

          Estimate                           0.060
          90 Percent C.I.                    0.051  0.069
          Probability RMSEA <= .05           0.033

CFI/TLI

          CFI                                0.978
          TLI                                0.954

Chi-Square Test of Model Fit for the Baseline Model

          Value                           5809.721
          Degrees of Freedom                    30
          P-Value                           0.0000

SRMR (Standardized Root Mean Square Residual)

          Value                              0.023



MODEL RESULTS

                                                    Two-Tailed
                    Estimate       S.E.  Est./S.E.    P-Value

Group MEN

 CURIOUS  BY
    I_Q04B             1.000      0.000    999.000    999.000
    I_Q04D             1.000      0.047     21.099      0.000
    I_Q04H             1.010      0.044     23.015      0.000
    I_Q04J             1.049      0.057     18.399      0.000
    I_Q04L             1.210      0.051     23.880      0.000
    I_Q04M             0.942      0.051     18.498      0.000

 I_Q04B   WITH
    I_Q04H             0.069      0.012      5.757      0.000
    I_Q04J            -0.060      0.013     -4.508      0.000

 Means
    CURIOUS            0.000      0.000    999.000    999.000

 Intercepts
    I_Q04B             2.305      0.018    131.600      0.000
    I_Q04D             3.138      0.014    217.679      0.000
    I_Q04H             2.910      0.014    200.751      0.000
    I_Q04J             2.940      0.017    175.960      0.000
    I_Q04L             2.517      0.017    146.724      0.000
    I_Q04M             2.974      0.014    216.403      0.000

 Variances
    CURIOUS            0.264      0.023     11.595      0.000

 Residual Variances
    I_Q04B             0.500      0.022     23.127      0.000
    I_Q04D             0.312      0.012     25.651      0.000
    I_Q04H             0.336      0.015     22.352      0.000
    I_Q04J             0.409      0.019     21.770      0.000
    I_Q04L             0.372      0.017     22.493      0.000
    I_Q04M             0.386      0.016     24.857      0.000

Group WOMEN

 CURIOUS  BY
    I_Q04B             1.000      0.000    999.000    999.000
    I_Q04D             1.031      0.049     21.044      0.000
    I_Q04H             1.057      0.052     20.258      0.000
    I_Q04J             1.094      0.071     15.415      0.000
    I_Q04L             1.337      0.067     20.030      0.000
    I_Q04M             0.994      0.051     19.537      0.000

 I_Q04B   WITH
    I_Q04H             0.059      0.013      4.357      0.000
    I_Q04J            -0.065      0.014     -4.759      0.000

 Means
    CURIOUS            0.000      0.000    999.000    999.000

 Intercepts
    I_Q04B             2.216      0.015    151.368      0.000
    I_Q04D             3.138      0.017    184.765      0.000
    I_Q04H             2.860      0.014    199.009      0.000
    I_Q04J             2.942      0.017    171.751      0.000
    I_Q04L             2.441      0.016    151.988      0.000
    I_Q04M             2.941      0.013    219.847      0.000

 Variances
    CURIOUS            0.238      0.022     10.741      0.000

 Residual Variances
    I_Q04B             0.478      0.017     28.830      0.000
    I_Q04D             0.339      0.016     21.563      0.000
    I_Q04H             0.328      0.017     18.902      0.000
    I_Q04J             0.419      0.015     27.780      0.000
    I_Q04L             0.314      0.016     20.108      0.000
    I_Q04M             0.387      0.014     27.571      0.000


STANDARDIZED MODEL RESULTS


STDYX Standardization

                                                    Two-Tailed
                    Estimate       S.E.  Est./S.E.    P-Value

Group MEN

 CURIOUS  BY
    I_Q04B             0.588      0.022     26.178      0.000
    I_Q04D             0.677      0.015     46.672      0.000
    I_Q04H             0.667      0.016     42.939      0.000
    I_Q04J             0.644      0.016     40.312      0.000
    I_Q04L             0.714      0.016     45.845      0.000
    I_Q04M             0.614      0.017     36.250      0.000

 I_Q04B   WITH
    I_Q04H             0.169      0.027      6.333      0.000
    I_Q04J            -0.133      0.031     -4.291      0.000

 Means
    CURIOUS            0.000      0.000    999.000    999.000

 Intercepts
    I_Q04B             2.637      0.041     64.820      0.000
    I_Q04D             4.135      0.076     54.128      0.000
    I_Q04H             3.741      0.070     53.198      0.000
    I_Q04J             3.514      0.065     54.435      0.000
    I_Q04L             2.890      0.048     59.964      0.000
    I_Q04M             3.776      0.054     69.869      0.000

 Variances
    CURIOUS            1.000      0.000    999.000    999.000

 Residual Variances
    I_Q04B             0.654      0.026     24.777      0.000
    I_Q04D             0.541      0.020     27.506      0.000
    I_Q04H             0.555      0.021     26.765      0.000
    I_Q04J             0.585      0.021     28.378      0.000
    I_Q04L             0.491      0.022     22.080      0.000
    I_Q04M             0.622      0.021     29.879      0.000

Group WOMEN

 CURIOUS  BY
    I_Q04B             0.577      0.021     26.946      0.000
    I_Q04D             0.654      0.017     38.770      0.000
    I_Q04H             0.669      0.019     34.931      0.000
    I_Q04J             0.636      0.017     36.614      0.000
    I_Q04L             0.759      0.014     55.618      0.000
    I_Q04M             0.615      0.016     39.112      0.000

 I_Q04B   WITH
    I_Q04H             0.148      0.032      4.648      0.000
    I_Q04J            -0.145      0.031     -4.619      0.000

 Means
    CURIOUS            0.000      0.000    999.000    999.000

 Intercepts
    I_Q04B             2.620      0.047     55.893      0.000
    I_Q04D             4.080      0.094     43.306      0.000
    I_Q04H             3.712      0.063     58.743      0.000
    I_Q04J             3.506      0.062     56.618      0.000
    I_Q04L             2.839      0.042     67.802      0.000
    I_Q04M             3.728      0.068     55.168      0.000

 Variances
    CURIOUS            1.000      0.000    999.000    999.000

 Residual Variances
    I_Q04B             0.667      0.025     27.035      0.000
    I_Q04D             0.573      0.022     25.984      0.000
    I_Q04H             0.552      0.026     21.531      0.000
    I_Q04J             0.595      0.022     26.926      0.000
    I_Q04L             0.424      0.021     20.498      0.000
    I_Q04M             0.622      0.019     32.190      0.000


STDY Standardization

                                                    Two-Tailed
                    Estimate       S.E.  Est./S.E.    P-Value

Group MEN

 CURIOUS  BY
    I_Q04B             0.588      0.022     26.178      0.000
    I_Q04D             0.677      0.015     46.672      0.000
    I_Q04H             0.667      0.016     42.939      0.000
    I_Q04J             0.644      0.016     40.312      0.000
    I_Q04L             0.714      0.016     45.845      0.000
    I_Q04M             0.614      0.017     36.250      0.000

 I_Q04B   WITH
    I_Q04H             0.169      0.027      6.333      0.000
    I_Q04J            -0.133      0.031     -4.291      0.000

 Means
    CURIOUS            0.000      0.000    999.000    999.000

 Intercepts
    I_Q04B             2.637      0.041     64.820      0.000
    I_Q04D             4.135      0.076     54.128      0.000
    I_Q04H             3.741      0.070     53.198      0.000
    I_Q04J             3.514      0.065     54.435      0.000
    I_Q04L             2.890      0.048     59.964      0.000
    I_Q04M             3.776      0.054     69.869      0.000

 Variances
    CURIOUS            1.000      0.000    999.000    999.000

 Residual Variances
    I_Q04B             0.654      0.026     24.777      0.000
    I_Q04D             0.541      0.020     27.506      0.000
    I_Q04H             0.555      0.021     26.765      0.000
    I_Q04J             0.585      0.021     28.378      0.000
    I_Q04L             0.491      0.022     22.080      0.000
    I_Q04M             0.622      0.021     29.879      0.000

Group WOMEN

 CURIOUS  BY
    I_Q04B             0.577      0.021     26.946      0.000
    I_Q04D             0.654      0.017     38.770      0.000
    I_Q04H             0.669      0.019     34.931      0.000
    I_Q04J             0.636      0.017     36.614      0.000
    I_Q04L             0.759      0.014     55.618      0.000
    I_Q04M             0.615      0.016     39.112      0.000

 I_Q04B   WITH
    I_Q04H             0.148      0.032      4.648      0.000
    I_Q04J            -0.145      0.031     -4.619      0.000

 Means
    CURIOUS            0.000      0.000    999.000    999.000

 Intercepts
    I_Q04B             2.620      0.047     55.893      0.000
    I_Q04D             4.080      0.094     43.306      0.000
    I_Q04H             3.712      0.063     58.743      0.000
    I_Q04J             3.506      0.062     56.618      0.000
    I_Q04L             2.839      0.042     67.802      0.000
    I_Q04M             3.728      0.068     55.168      0.000

 Variances
    CURIOUS            1.000      0.000    999.000    999.000

 Residual Variances
    I_Q04B             0.667      0.025     27.035      0.000
    I_Q04D             0.573      0.022     25.984      0.000
    I_Q04H             0.552      0.026     21.531      0.000
    I_Q04J             0.595      0.022     26.926      0.000
    I_Q04L             0.424      0.021     20.498      0.000
    I_Q04M             0.622      0.019     32.190      0.000


R-SQUARE

Group MEN

    Observed                                        Two-Tailed
    Variable        Estimate       S.E.  Est./S.E.    P-Value

    I_Q04B             0.346      0.026     13.089      0.000
    I_Q04D             0.459      0.020     23.336      0.000
    I_Q04H             0.445      0.021     21.469      0.000
    I_Q04J             0.415      0.021     20.156      0.000
    I_Q04L             0.509      0.022     22.923      0.000
    I_Q04M             0.378      0.021     18.125      0.000

Group WOMEN

    Observed                                        Two-Tailed
    Variable        Estimate       S.E.  Est./S.E.    P-Value

    I_Q04B             0.333      0.025     13.473      0.000
    I_Q04D             0.427      0.022     19.385      0.000
    I_Q04H             0.448      0.026     17.466      0.000
    I_Q04J             0.405      0.022     18.307      0.000
    I_Q04L             0.576      0.021     27.809      0.000
    I_Q04M             0.378      0.019     19.556      0.000


QUALITY OF NUMERICAL RESULTS

     Condition Number for the Information Matrix              0.594E-02
       (ratio of smallest to largest eigenvalue)


CONFIDENCE INTERVALS OF MODEL RESULTS

                  Lower .5%  Lower 2.5%    Lower 5%    Estimate    Upper 5%  Upper 2.5%   Upper .5%

Group MEN

 CURIOUS  BY
    I_Q04B           1.000       1.000       1.000       1.000       1.000       1.000       1.000
    I_Q04D           0.878       0.907       0.922       1.000       1.078       1.093       1.122
    I_Q04H           0.897       0.924       0.937       1.010       1.082       1.096       1.123
    I_Q04J           0.902       0.938       0.955       1.049       1.143       1.161       1.196
    I_Q04L           1.079       1.110       1.126       1.210       1.293       1.309       1.340
    I_Q04M           0.811       0.842       0.858       0.942       1.026       1.042       1.073

 I_Q04B   WITH
    I_Q04H           0.038       0.046       0.049       0.069       0.089       0.093       0.100
    I_Q04J          -0.095      -0.087      -0.082      -0.060      -0.038      -0.034      -0.026

 Means
    CURIOUS          0.000       0.000       0.000       0.000       0.000       0.000       0.000

 Intercepts
    I_Q04B           2.260       2.271       2.276       2.305       2.334       2.339       2.350
    I_Q04D           3.101       3.109       3.114       3.138       3.161       3.166       3.175
    I_Q04H           2.873       2.881       2.886       2.910       2.934       2.938       2.947
    I_Q04J           2.897       2.908       2.913       2.940       2.968       2.973       2.983
    I_Q04L           2.473       2.484       2.489       2.517       2.545       2.551       2.561
    I_Q04M           2.939       2.947       2.952       2.974       2.997       3.001       3.010

 Variances
    CURIOUS          0.205       0.220       0.227       0.264       0.302       0.309       0.323

 Residual Variances
    I_Q04B           0.444       0.458       0.464       0.500       0.536       0.542       0.556
    I_Q04D           0.280       0.288       0.292       0.312       0.331       0.335       0.343
    I_Q04H           0.297       0.306       0.311       0.336       0.360       0.365       0.374
    I_Q04J           0.361       0.373       0.379       0.409       0.440       0.446       0.458
    I_Q04L           0.330       0.340       0.345       0.372       0.399       0.405       0.415
    I_Q04M           0.346       0.356       0.361       0.386       0.412       0.417       0.426

Group WOMEN

 CURIOUS  BY
    I_Q04B           1.000       1.000       1.000       1.000       1.000       1.000       1.000
    I_Q04D           0.904       0.935       0.950       1.031       1.111       1.126       1.157
    I_Q04H           0.923       0.955       0.971       1.057       1.143       1.159       1.191
    I_Q04J           0.911       0.955       0.978       1.094       1.211       1.233       1.277
    I_Q04L           1.165       1.206       1.227       1.337       1.447       1.468       1.509
    I_Q04M           0.863       0.894       0.910       0.994       1.078       1.094       1.125

 I_Q04B   WITH
    I_Q04H           0.024       0.032       0.036       0.059       0.081       0.085       0.093
    I_Q04J          -0.100      -0.092      -0.087      -0.065      -0.042      -0.038      -0.030

 Means
    CURIOUS          0.000       0.000       0.000       0.000       0.000       0.000       0.000

 Intercepts
    I_Q04B           2.178       2.187       2.192       2.216       2.240       2.245       2.254
    I_Q04D           3.094       3.104       3.110       3.138       3.166       3.171       3.181
    I_Q04H           2.823       2.832       2.836       2.860       2.884       2.888       2.897
    I_Q04J           2.898       2.909       2.914       2.942       2.970       2.976       2.986
    I_Q04L           2.399       2.409       2.414       2.441       2.467       2.472       2.482
    I_Q04M           2.906       2.914       2.919       2.941       2.963       2.967       2.975

 Variances
    CURIOUS          0.181       0.195       0.202       0.238       0.274       0.281       0.295

 Residual Variances
    I_Q04B           0.435       0.445       0.450       0.478       0.505       0.510       0.520
    I_Q04D           0.298       0.308       0.313       0.339       0.365       0.370       0.379
    I_Q04H           0.283       0.294       0.299       0.328       0.356       0.362       0.372
    I_Q04J           0.380       0.390       0.394       0.419       0.444       0.449       0.458
    I_Q04L           0.273       0.283       0.288       0.314       0.339       0.344       0.354
    I_Q04M           0.351       0.360       0.364       0.387       0.410       0.415       0.423


CONFIDENCE INTERVALS OF STANDARDIZED MODEL RESULTS


STDYX Standardization

                  Lower .5%  Lower 2.5%    Lower 5%    Estimate    Upper 5%  Upper 2.5%   Upper .5%

Group MEN

 CURIOUS  BY
    I_Q04B           0.530       0.544       0.551       0.588       0.625       0.632       0.646
    I_Q04D           0.640       0.649       0.654       0.677       0.701       0.706       0.715
    I_Q04H           0.627       0.637       0.642       0.667       0.693       0.698       0.707
    I_Q04J           0.603       0.613       0.618       0.644       0.671       0.676       0.686
    I_Q04L           0.674       0.683       0.688       0.714       0.739       0.744       0.754
    I_Q04M           0.571       0.581       0.587       0.614       0.642       0.648       0.658

 I_Q04B   WITH
    I_Q04H           0.100       0.117       0.125       0.169       0.213       0.221       0.238
    I_Q04J          -0.213      -0.194      -0.184      -0.133      -0.082      -0.072      -0.053

 Means
    CURIOUS          0.000       0.000       0.000       0.000       0.000       0.000       0.000

 Intercepts
    I_Q04B           2.532       2.557       2.570       2.637       2.704       2.716       2.741
    I_Q04D           3.938       3.985       4.009       4.135       4.261       4.285       4.332
    I_Q04H           3.560       3.603       3.626       3.741       3.857       3.879       3.922
    I_Q04J           3.347       3.387       3.407       3.514       3.620       3.640       3.680
    I_Q04L           2.766       2.795       2.811       2.890       2.969       2.984       3.014
    I_Q04M           3.637       3.670       3.687       3.776       3.865       3.882       3.915

 Variances
    CURIOUS          1.000       1.000       1.000       1.000       1.000       1.000       1.000

 Residual Variances
    I_Q04B           0.586       0.603       0.611       0.654       0.698       0.706       0.722
    I_Q04D           0.490       0.502       0.509       0.541       0.573       0.580       0.592
    I_Q04H           0.501       0.514       0.521       0.555       0.589       0.596       0.608
    I_Q04J           0.532       0.544       0.551       0.585       0.619       0.625       0.638
    I_Q04L           0.433       0.447       0.454       0.491       0.527       0.534       0.548
    I_Q04M           0.569       0.582       0.588       0.622       0.657       0.663       0.676

Group WOMEN

 CURIOUS  BY
    I_Q04B           0.522       0.535       0.542       0.577       0.612       0.619       0.632
    I_Q04D           0.610       0.621       0.626       0.654       0.681       0.687       0.697
    I_Q04H           0.620       0.632       0.638       0.669       0.701       0.707       0.719
    I_Q04J           0.591       0.602       0.608       0.636       0.665       0.670       0.681
    I_Q04L           0.724       0.732       0.736       0.759       0.781       0.785       0.794
    I_Q04M           0.574       0.584       0.589       0.615       0.641       0.646       0.655

 I_Q04B   WITH
    I_Q04H           0.066       0.086       0.096       0.148       0.200       0.210       0.230
    I_Q04J          -0.226      -0.207      -0.197      -0.145      -0.093      -0.084      -0.064

 Means
    CURIOUS          0.000       0.000       0.000       0.000       0.000       0.000       0.000

 Intercepts
    I_Q04B           2.499       2.528       2.543       2.620       2.697       2.712       2.741
    I_Q04D           3.837       3.895       3.925       4.080       4.235       4.265       4.323
    I_Q04H           3.549       3.588       3.608       3.712       3.816       3.836       3.875
    I_Q04J           3.347       3.385       3.404       3.506       3.608       3.628       3.666
    I_Q04L           2.732       2.757       2.771       2.839       2.908       2.922       2.947
    I_Q04M           3.554       3.595       3.617       3.728       3.839       3.860       3.902

 Variances
    CURIOUS          1.000       1.000       1.000       1.000       1.000       1.000       1.000

 Residual Variances
    I_Q04B           0.604       0.619       0.627       0.667       0.708       0.716       0.731
    I_Q04D           0.516       0.530       0.536       0.573       0.609       0.616       0.630
    I_Q04H           0.486       0.502       0.510       0.552       0.594       0.602       0.618
    I_Q04J           0.538       0.552       0.559       0.595       0.632       0.639       0.652
    I_Q04L           0.371       0.384       0.390       0.424       0.458       0.465       0.478
    I_Q04M           0.572       0.584       0.590       0.622       0.654       0.660       0.672


STDY Standardization

                  Lower .5%  Lower 2.5%    Lower 5%    Estimate    Upper 5%  Upper 2.5%   Upper .5%

Group MEN

 CURIOUS  BY
    I_Q04B           0.530       0.544       0.551       0.588       0.625       0.632       0.646
    I_Q04D           0.640       0.649       0.654       0.677       0.701       0.706       0.715
    I_Q04H           0.627       0.637       0.642       0.667       0.693       0.698       0.707
    I_Q04J           0.603       0.613       0.618       0.644       0.671       0.676       0.686
    I_Q04L           0.674       0.683       0.688       0.714       0.739       0.744       0.754
    I_Q04M           0.571       0.581       0.587       0.614       0.642       0.648       0.658

 I_Q04B   WITH
    I_Q04H           0.100       0.117       0.125       0.169       0.213       0.221       0.238
    I_Q04J          -0.213      -0.194      -0.184      -0.133      -0.082      -0.072      -0.053

 Means
    CURIOUS          0.000       0.000       0.000       0.000       0.000       0.000       0.000

 Intercepts
    I_Q04B           2.532       2.557       2.570       2.637       2.704       2.716       2.741
    I_Q04D           3.938       3.985       4.009       4.135       4.261       4.285       4.332
    I_Q04H           3.560       3.603       3.626       3.741       3.857       3.879       3.922
    I_Q04J           3.347       3.387       3.407       3.514       3.620       3.640       3.680
    I_Q04L           2.766       2.795       2.811       2.890       2.969       2.984       3.014
    I_Q04M           3.637       3.670       3.687       3.776       3.865       3.882       3.915

 Variances
    CURIOUS          1.000       1.000       1.000       1.000       1.000       1.000       1.000

 Residual Variances
    I_Q04B           0.586       0.603       0.611       0.654       0.698       0.706       0.722
    I_Q04D           0.490       0.502       0.509       0.541       0.573       0.580       0.592
    I_Q04H           0.501       0.514       0.521       0.555       0.589       0.596       0.608
    I_Q04J           0.532       0.544       0.551       0.585       0.619       0.625       0.638
    I_Q04L           0.433       0.447       0.454       0.491       0.527       0.534       0.548
    I_Q04M           0.569       0.582       0.588       0.622       0.657       0.663       0.676

Group WOMEN

 CURIOUS  BY
    I_Q04B           0.522       0.535       0.542       0.577       0.612       0.619       0.632
    I_Q04D           0.610       0.621       0.626       0.654       0.681       0.687       0.697
    I_Q04H           0.620       0.632       0.638       0.669       0.701       0.707       0.719
    I_Q04J           0.591       0.602       0.608       0.636       0.665       0.670       0.681
    I_Q04L           0.724       0.732       0.736       0.759       0.781       0.785       0.794
    I_Q04M           0.574       0.584       0.589       0.615       0.641       0.646       0.655

 I_Q04B   WITH
    I_Q04H           0.066       0.086       0.096       0.148       0.200       0.210       0.230
    I_Q04J          -0.226      -0.207      -0.197      -0.145      -0.093      -0.084      -0.064

 Means
    CURIOUS          0.000       0.000       0.000       0.000       0.000       0.000       0.000

 Intercepts
    I_Q04B           2.499       2.528       2.543       2.620       2.697       2.712       2.741
    I_Q04D           3.837       3.895       3.925       4.080       4.235       4.265       4.323
    I_Q04H           3.549       3.588       3.608       3.712       3.816       3.836       3.875
    I_Q04J           3.347       3.385       3.404       3.506       3.608       3.628       3.666
    I_Q04L           2.732       2.757       2.771       2.839       2.908       2.922       2.947
    I_Q04M           3.554       3.595       3.617       3.728       3.839       3.860       3.902

 Variances
    CURIOUS          1.000       1.000       1.000       1.000       1.000       1.000       1.000

 Residual Variances
    I_Q04B           0.604       0.619       0.627       0.667       0.708       0.716       0.731
    I_Q04D           0.516       0.530       0.536       0.573       0.609       0.616       0.630
    I_Q04H           0.486       0.502       0.510       0.552       0.594       0.602       0.618
    I_Q04J           0.538       0.552       0.559       0.595       0.632       0.639       0.652
    I_Q04L           0.371       0.384       0.390       0.424       0.458       0.465       0.478
    I_Q04M           0.572       0.584       0.590       0.622       0.654       0.660       0.672


DIAGRAM INFORMATION

  Use View Diagram under the Diagram menu in the Mplus Editor to view the diagram.
  If running Mplus from the Mplus Diagrammer, the diagram opens automatically.

  Diagram output
    /Users/ronnysc/Documents/CEMO/TEACHING/PIAAC2022-SEM/Examples/4-MGSEM/MGCFA1b.dgm

     Beginning Time:  18:18:55
        Ending Time:  18:18:55
       Elapsed Time:  00:00:00



MUTHEN & MUTHEN
3463 Stoner Ave.
Los Angeles, CA  90066

Tel: (310) 391-9971
Fax: (310) 391-8971
Web: www.StatModel.com
Support: Support@StatModel.com

Copyright (c) 1998-2018 Muthen & Muthen
