Mplus VERSION 8.2 (Mac)
MUTHEN & MUTHEN
03/19/2022   6:19 PM

INPUT INSTRUCTIONS

  TITLE:	Structural equation modeling with PIAAC data
  	Multi-group CFA
  	Single-factor model of curiosity and continuous treatment--modified
  	Complex design: Total weight, clustering, stratification
  	Grouping by: FEMALE
  	Equality constraints on parameters: FL, Int, Res
  	STRICT MEASUREMENT INVARIANCE

  DATA: 	FILE IS piaac1-nor_pv1.dat;
  	! TYPE = IMPUTATION;
  	! Not needed here as the model does not contain any PV
  		
  		
  VARIABLE:
  	NAMES ARE
  		AGE FEMALE B_Q01a
  		D_Q11a D_Q11b D_Q11c D_Q11d
  		F_Q03a F_Q03c F_Q05a F_Q05b
  		G_Q01a G_Q01b G_Q01c G_Q01d
  		G_Q01e G_Q01f G_Q01g G_Q01h
  		G_Q02a G_Q02b G_Q02c G_Q02d
  		G_Q03b G_Q03c G_Q03d G_Q03f G_Q03g G_Q03h
  		G_Q05a G_Q05c G_Q05d G_Q05e
  		G_Q05f G_Q05g G_Q05h
  		H_Q01a H_Q01b H_Q01c H_Q01d
  		H_Q01e H_Q01f H_Q01g H_Q01h
  		H_Q02a H_Q02b H_Q02c H_Q02d
  		H_Q03b H_Q03c H_Q03d H_Q03f H_Q03g H_Q03h
  		H_Q05a H_Q05c H_Q05d H_Q05e
  		H_Q05f H_Q05g H_Q05h
  		I_Q04b I_Q04d I_Q04h I_Q04j I_Q04l I_Q04m
  		I_Q06a
  		I_Q07a I_Q07b
  		HOMLANG IMGEN
  		PVLIT PVNUM PVPSL
  		SPFWT0
  		SPFWT1-SPFWT80
  		VARSTRAT VARUNIT;
  		
  	! Variables to be used
  	! Newly defined variable appear at the end of this list
  	USEVARIABLES ARE
  		I_Q04b
  		I_Q04d
  		I_Q04h
  		I_Q04j
  		I_Q04l
  		I_Q04m;
  		
  	! Missing data coding
  	MISSING ARE ALL(-99);
  		
  	! Final participant weight
  	WEIGHT = SPFWT0;
  	
  	! Clustering in sampling units
  	CLUSTER = VARUNIT;
  	
  	! Stratification
  	STRATIFICATION = VARSTRAT;
  	
  	! Grouping variable and its levels
  	GROUPING IS FEMALE (0=Men 1=Women);
  	

  ANALYSIS:
  	TYPE = COMPLEX;
  	ESTIMATOR = MLR;
  	H1ITERATIONS = 10000;
  	
  	MODEL = SCALAR;

  MODEL:
  	
  	! MEASUREMENT MODEL
  	! Curiousity
  	CURIOUS BY
  		I_Q04b
  		I_Q04d
  		I_Q04h
  		I_Q04j
  		I_Q04l
  		I_Q04m;
  		
  	! Model modifications
  	! Residual covariance
  	I_Q04B WITH I_Q04H(cov1);
  	I_Q04B WITH I_Q04J(cov2);
  	
  	! Constrain residual variances
  	I_Q04b(res1);
  	I_Q04d(res2);
  	I_Q04h(res3);
  	I_Q04j(res4);
  	I_Q04l(res5);
  	I_Q04m(res6);
  	
  	


  OUTPUT: STDYX;	! Fully standardized parameters requested
          STDY;	! Standardized parameter estimates requested
          		! (some X-variables are dichotomous)
          SAMPSTAT;	! Sample statistics
          CINTERVAL;	! Confidence intervals
          !MOD(all);	! Modification indices



*** WARNING
  Clusters with the same IDs have been found in different strata.  These
  clusters are assumed to be different because clusters are not allowed
  to appear in more than one stratum.
*** WARNING
  Data set contains cases with missing on all variables.
  These cases were not included in the analysis.
  Number of cases with missing on all variables:  186
   2 WARNING(S) FOUND IN THE INPUT INSTRUCTIONS



Structural equation modeling with PIAAC data
Multi-group CFA
Single-factor model of curiosity and continuous treatment--modified
Complex design: Total weight, clustering, stratification
Grouping by: FEMALE
Equality constraints on parameters: FL, Int, Res
STRICT MEASUREMENT INVARIANCE

SUMMARY OF ANALYSIS

Number of groups                                                 2
Number of observations
   Group MEN                                                  2555
   Group WOMEN                                                2387
   Total sample size                                          4942

Number of dependent variables                                    6
Number of independent variables                                  0
Number of continuous latent variables                            1

Observed dependent variables

  Continuous
   I_Q04B      I_Q04D      I_Q04H      I_Q04J      I_Q04L      I_Q04M

Continuous latent variables
   CURIOUS

Variables with special functions

  Grouping variable     FEMALE
  Stratification        VARSTRAT
  Cluster variable      VARUNIT
  Weight variable       SPFWT0

Estimator                                                      MLR
Information matrix                                        OBSERVED
Maximum number of iterations                                  1000
Convergence criterion                                    0.500D-04
Maximum number of steepest descent iterations                   20
Maximum number of iterations for H1                          10000
Convergence criterion for H1                             0.100D-03

Input data file(s)
  piaac1-nor_pv1.dat

Input data format  FREE


SUMMARY OF DATA

   Total number of strata                       80
   Total number of clusters                    163

   Group MEN
     Number of missing data patterns            10
     Number of strata                           80
     Number of clusters                        160

   Group WOMEN
     Number of missing data patterns            12
     Number of strata                           80
     Number of clusters                        163


COVARIANCE COVERAGE OF DATA

Minimum covariance coverage value   0.100


     PROPORTION OF DATA PRESENT FOR MEN


           Covariance Coverage
              I_Q04B        I_Q04D        I_Q04H        I_Q04J        I_Q04L
              ________      ________      ________      ________      ________
 I_Q04B         0.996
 I_Q04D         0.996         1.000
 I_Q04H         0.995         0.998         0.998
 I_Q04J         0.996         0.999         0.998         0.999
 I_Q04L         0.994         0.996         0.995         0.996         0.996
 I_Q04M         0.996         0.999         0.997         0.998         0.996


           Covariance Coverage
              I_Q04M
              ________
 I_Q04M         0.999


     PROPORTION OF DATA PRESENT FOR WOMEN


           Covariance Coverage
              I_Q04B        I_Q04D        I_Q04H        I_Q04J        I_Q04L
              ________      ________      ________      ________      ________
 I_Q04B         0.996
 I_Q04D         0.996         1.000
 I_Q04H         0.995         0.996         0.996
 I_Q04J         0.995         0.999         0.995         0.999
 I_Q04L         0.993         0.995         0.992         0.995         0.995
 I_Q04M         0.995         0.999         0.996         0.998         0.995


           Covariance Coverage
              I_Q04M
              ________
 I_Q04M         0.999


SAMPLE STATISTICS


     ESTIMATED SAMPLE STATISTICS FOR MEN


           Means
              I_Q04B        I_Q04D        I_Q04H        I_Q04J        I_Q04L
              ________      ________      ________      ________      ________
                2.305         3.138         2.910         2.940         2.517


           Means
              I_Q04M
              ________
                2.974


           Covariances
              I_Q04B        I_Q04D        I_Q04H        I_Q04J        I_Q04L
              ________      ________      ________      ________      ________
 I_Q04B         0.765
 I_Q04D         0.276         0.576
 I_Q04H         0.339         0.289         0.605
 I_Q04J         0.212         0.262         0.257         0.700
 I_Q04L         0.335         0.295         0.332         0.350         0.759
 I_Q04M         0.214         0.267         0.233         0.290         0.293


           Covariances
              I_Q04M
              ________
 I_Q04M         0.621


           Correlations
              I_Q04B        I_Q04D        I_Q04H        I_Q04J        I_Q04L
              ________      ________      ________      ________      ________
 I_Q04B         1.000
 I_Q04D         0.415         1.000
 I_Q04H         0.498         0.489         1.000
 I_Q04J         0.289         0.412         0.395         1.000
 I_Q04L         0.439         0.446         0.490         0.481         1.000
 I_Q04M         0.311         0.447         0.381         0.439         0.427


           Correlations
              I_Q04M
              ________
 I_Q04M         1.000


     ESTIMATED SAMPLE STATISTICS FOR WOMEN


           Means
              I_Q04B        I_Q04D        I_Q04H        I_Q04J        I_Q04L
              ________      ________      ________      ________      ________
                2.216         3.138         2.860         2.942         2.441


           Means
              I_Q04M
              ________
                2.941


           Covariances
              I_Q04B        I_Q04D        I_Q04H        I_Q04J        I_Q04L
              ________      ________      ________      ________      ________
 I_Q04B         0.717
 I_Q04D         0.265         0.591
 I_Q04H         0.314         0.296         0.594
 I_Q04J         0.191         0.245         0.250         0.704
 I_Q04L         0.325         0.299         0.334         0.373         0.739
 I_Q04M         0.201         0.261         0.236         0.277         0.318


           Covariances
              I_Q04M
              ________
 I_Q04M         0.622


           Correlations
              I_Q04B        I_Q04D        I_Q04H        I_Q04J        I_Q04L
              ________      ________      ________      ________      ________
 I_Q04B         1.000
 I_Q04D         0.407         1.000
 I_Q04H         0.481         0.500         1.000
 I_Q04J         0.269         0.379         0.386         1.000
 I_Q04L         0.447         0.452         0.504         0.517         1.000
 I_Q04M         0.302         0.430         0.389         0.418         0.469


           Correlations
              I_Q04M
              ________
 I_Q04M         1.000


     MAXIMUM LOG-LIKELIHOOD VALUE FOR THE UNRESTRICTED (H1) MODEL IS -31594.952


UNIVARIATE SAMPLE STATISTICS


     UNIVARIATE HIGHER-ORDER MOMENT DESCRIPTIVE STATISTICS FOR MEN

         Variable/         Mean/     Skewness/   Minimum/ % with                Percentiles
        Sample Size      Variance    Kurtosis    Maximum  Min/Max      20%/60%    40%/80%    Median

     I_Q04B                2.305      -0.081       0.000    1.92%       2.000      2.000      2.000
            2546.000       0.765      -0.015       4.000    8.33%       2.000      3.000
     I_Q04D                3.138      -0.632       0.000    0.27%       3.000      3.000      3.000
            2555.000       0.576       0.329       4.000   33.70%       3.000      4.000
     I_Q04H                2.910      -0.405       0.000    0.35%       2.000      3.000      3.000
            2549.000       0.604       0.136       4.000   22.40%       3.000      4.000
     I_Q04J                2.940      -0.543       0.000    0.59%       2.000      3.000      3.000
            2552.000       0.700       0.142       4.000   25.94%       3.000      4.000
     I_Q04L                2.518      -0.152       0.000    1.02%       2.000      2.000      3.000
            2546.000       0.758      -0.169       4.000   12.57%       3.000      3.000
     I_Q04M                2.974      -0.506       0.000    0.39%       2.000      3.000      3.000
            2553.000       0.620       0.192       4.000   25.50%       3.000      4.000


     UNIVARIATE HIGHER-ORDER MOMENT DESCRIPTIVE STATISTICS FOR WOMEN

         Variable/         Mean/     Skewness/   Minimum/ % with                Percentiles
        Sample Size      Variance    Kurtosis    Maximum  Min/Max      20%/60%    40%/80%    Median

     I_Q04B                2.217      -0.009       0.000    2.02%       2.000      2.000      2.000
            2378.000       0.717       0.227       4.000    7.02%       2.000      3.000
     I_Q04D                3.138      -0.583       0.000    0.17%       3.000      3.000      3.000
            2387.000       0.591       0.016       4.000   35.61%       3.000      4.000
     I_Q04H                2.860      -0.279       0.000    0.25%       2.000      3.000      3.000
            2378.000       0.594      -0.082       4.000   20.77%       3.000      4.000
     I_Q04J                2.943      -0.520       0.000    0.46%       2.000      3.000      3.000
            2384.000       0.704       0.040       4.000   26.80%       3.000      4.000
     I_Q04L                2.442      -0.108       0.000    0.97%       2.000      2.000      2.000
            2375.000       0.738      -0.133       4.000   10.74%       3.000      3.000
     I_Q04M                2.940      -0.489       0.000    0.38%       2.000      3.000      3.000
            2384.000       0.622       0.234       4.000   24.33%       3.000      4.000


THE MODEL ESTIMATION TERMINATED NORMALLY



MODEL FIT INFORMATION

Number of Free Parameters                       22

Loglikelihood

          H0 Value                      -31709.442
          H0 Scaling Correction Factor      1.2019
            for MLR
          H1 Value                      -31594.952
          H1 Scaling Correction Factor      1.2666
            for MLR

Information Criteria

          Akaike (AIC)                   63462.884
          Bayesian (BIC)                 63606.006
          Sample-Size Adjusted BIC       63536.098
            (n* = (n + 2) / 24)

Chi-Square Test of Model Fit

          Value                            174.652*
          Degrees of Freedom                    32
          P-Value                           0.0000
          Scaling Correction Factor         1.3111
            for MLR

Chi-Square Contribution From Each Group

          MEN                               78.518
          WOMEN                             96.134

*   The chi-square value for MLM, MLMV, MLR, ULSMV, WLSM and WLSMV cannot be used
    for chi-square difference testing in the regular way.  MLM, MLR and WLSM
    chi-square difference testing is described on the Mplus website.  MLMV, WLSMV,
    and ULSMV difference testing is done using the DIFFTEST option.

RMSEA (Root Mean Square Error Of Approximation)

          Estimate                           0.042
          90 Percent C.I.                    0.036  0.049
          Probability RMSEA <= .05           0.976

CFI/TLI

          CFI                                0.975
          TLI                                0.977

Chi-Square Test of Model Fit for the Baseline Model

          Value                           5809.721
          Degrees of Freedom                    30
          P-Value                           0.0000

SRMR (Standardized Root Mean Square Residual)

          Value                              0.025



MODEL RESULTS

                                                    Two-Tailed
                    Estimate       S.E.  Est./S.E.    P-Value

Group MEN

 CURIOUS  BY
    I_Q04B             1.000      0.000    999.000    999.000
    I_Q04D             1.009      0.037     27.258      0.000
    I_Q04H             1.031      0.034     30.034      0.000
    I_Q04J             1.064      0.046     23.113      0.000
    I_Q04L             1.266      0.045     28.447      0.000
    I_Q04M             0.962      0.037     25.968      0.000

 I_Q04B   WITH
    I_Q04H             0.063      0.010      6.662      0.000
    I_Q04J            -0.063      0.010     -6.277      0.000

 Means
    CURIOUS            0.000      0.000    999.000    999.000

 Intercepts
    I_Q04B             2.280      0.013    172.641      0.000
    I_Q04D             3.156      0.012    259.973      0.000
    I_Q04H             2.904      0.013    223.702      0.000
    I_Q04J             2.960      0.014    212.385      0.000
    I_Q04L             2.503      0.015    167.429      0.000
    I_Q04M             2.975      0.011    280.818      0.000

 Variances
    CURIOUS            0.254      0.018     13.890      0.000

 Residual Variances
    I_Q04B             0.489      0.014     34.989      0.000
    I_Q04D             0.325      0.010     32.344      0.000
    I_Q04H             0.331      0.010     33.261      0.000
    I_Q04J             0.416      0.012     34.613      0.000
    I_Q04L             0.344      0.012     28.311      0.000
    I_Q04M             0.387      0.011     36.597      0.000

Group WOMEN

 CURIOUS  BY
    I_Q04B             1.000      0.000    999.000    999.000
    I_Q04D             1.009      0.037     27.258      0.000
    I_Q04H             1.031      0.034     30.034      0.000
    I_Q04J             1.064      0.046     23.113      0.000
    I_Q04L             1.266      0.045     28.447      0.000
    I_Q04M             0.962      0.037     25.968      0.000

 I_Q04B   WITH
    I_Q04H             0.063      0.010      6.662      0.000
    I_Q04J            -0.063      0.010     -6.277      0.000

 Means
    CURIOUS           -0.037      0.015     -2.422      0.015

 Intercepts
    I_Q04B             2.280      0.013    172.641      0.000
    I_Q04D             3.156      0.012    259.973      0.000
    I_Q04H             2.904      0.013    223.702      0.000
    I_Q04J             2.960      0.014    212.385      0.000
    I_Q04L             2.503      0.015    167.429      0.000
    I_Q04M             2.975      0.011    280.818      0.000

 Variances
    CURIOUS            0.252      0.017     14.573      0.000

 Residual Variances
    I_Q04B             0.489      0.014     34.989      0.000
    I_Q04D             0.325      0.010     32.344      0.000
    I_Q04H             0.331      0.010     33.261      0.000
    I_Q04J             0.416      0.012     34.613      0.000
    I_Q04L             0.344      0.012     28.311      0.000
    I_Q04M             0.387      0.011     36.597      0.000


STANDARDIZED MODEL RESULTS


STDYX Standardization

                                                    Two-Tailed
                    Estimate       S.E.  Est./S.E.    P-Value

Group MEN

 CURIOUS  BY
    I_Q04B             0.585      0.017     34.103      0.000
    I_Q04D             0.666      0.012     56.524      0.000
    I_Q04H             0.670      0.012     55.440      0.000
    I_Q04J             0.640      0.012     52.343      0.000
    I_Q04L             0.736      0.011     64.252      0.000
    I_Q04M             0.615      0.012     51.185      0.000

 I_Q04B   WITH
    I_Q04H             0.157      0.022      7.117      0.000
    I_Q04J            -0.140      0.023     -6.042      0.000

 Means
    CURIOUS            0.000      0.000    999.000    999.000

 Intercepts
    I_Q04B             2.645      0.034     77.284      0.000
    I_Q04D             4.129      0.064     64.874      0.000
    I_Q04H             3.747      0.052     71.739      0.000
    I_Q04J             3.531      0.049     71.993      0.000
    I_Q04L             2.887      0.040     71.828      0.000
    I_Q04M             3.772      0.043     87.855      0.000

 Variances
    CURIOUS            1.000      0.000    999.000    999.000

 Residual Variances
    I_Q04B             0.658      0.020     32.817      0.000
    I_Q04D             0.557      0.016     35.481      0.000
    I_Q04H             0.551      0.016     33.998      0.000
    I_Q04J             0.591      0.016     37.815      0.000
    I_Q04L             0.458      0.017     27.141      0.000
    I_Q04M             0.622      0.015     42.117      0.000

Group WOMEN

 CURIOUS  BY
    I_Q04B             0.583      0.017     35.256      0.000
    I_Q04D             0.664      0.011     58.177      0.000
    I_Q04H             0.668      0.013     51.549      0.000
    I_Q04J             0.638      0.014     44.376      0.000
    I_Q04L             0.735      0.013     56.965      0.000
    I_Q04M             0.613      0.013     48.063      0.000

 I_Q04B   WITH
    I_Q04H             0.157      0.022      7.117      0.000
    I_Q04J            -0.140      0.023     -6.042      0.000

 Means
    CURIOUS           -0.075      0.030     -2.492      0.013

 Intercepts
    I_Q04B             2.649      0.032     83.362      0.000
    I_Q04D             4.138      0.069     59.963      0.000
    I_Q04H             3.754      0.047     79.644      0.000
    I_Q04J             3.537      0.045     79.178      0.000
    I_Q04L             2.894      0.037     77.995      0.000
    I_Q04M             3.778      0.046     82.410      0.000

 Variances
    CURIOUS            1.000      0.000    999.000    999.000

 Residual Variances
    I_Q04B             0.660      0.019     34.247      0.000
    I_Q04D             0.559      0.015     36.864      0.000
    I_Q04H             0.553      0.017     31.911      0.000
    I_Q04J             0.593      0.018     32.362      0.000
    I_Q04L             0.460      0.019     24.291      0.000
    I_Q04M             0.624      0.016     39.923      0.000


STDY Standardization

                                                    Two-Tailed
                    Estimate       S.E.  Est./S.E.    P-Value

Group MEN

 CURIOUS  BY
    I_Q04B             0.585      0.017     34.103      0.000
    I_Q04D             0.666      0.012     56.524      0.000
    I_Q04H             0.670      0.012     55.440      0.000
    I_Q04J             0.640      0.012     52.343      0.000
    I_Q04L             0.736      0.011     64.252      0.000
    I_Q04M             0.615      0.012     51.185      0.000

 I_Q04B   WITH
    I_Q04H             0.157      0.022      7.117      0.000
    I_Q04J            -0.140      0.023     -6.042      0.000

 Means
    CURIOUS            0.000      0.000    999.000    999.000

 Intercepts
    I_Q04B             2.645      0.034     77.284      0.000
    I_Q04D             4.129      0.064     64.874      0.000
    I_Q04H             3.747      0.052     71.739      0.000
    I_Q04J             3.531      0.049     71.993      0.000
    I_Q04L             2.887      0.040     71.828      0.000
    I_Q04M             3.772      0.043     87.855      0.000

 Variances
    CURIOUS            1.000      0.000    999.000    999.000

 Residual Variances
    I_Q04B             0.658      0.020     32.817      0.000
    I_Q04D             0.557      0.016     35.481      0.000
    I_Q04H             0.551      0.016     33.998      0.000
    I_Q04J             0.591      0.016     37.815      0.000
    I_Q04L             0.458      0.017     27.141      0.000
    I_Q04M             0.622      0.015     42.117      0.000

Group WOMEN

 CURIOUS  BY
    I_Q04B             0.583      0.017     35.256      0.000
    I_Q04D             0.664      0.011     58.177      0.000
    I_Q04H             0.668      0.013     51.549      0.000
    I_Q04J             0.638      0.014     44.376      0.000
    I_Q04L             0.735      0.013     56.965      0.000
    I_Q04M             0.613      0.013     48.063      0.000

 I_Q04B   WITH
    I_Q04H             0.157      0.022      7.117      0.000
    I_Q04J            -0.140      0.023     -6.042      0.000

 Means
    CURIOUS           -0.075      0.030     -2.492      0.013

 Intercepts
    I_Q04B             2.649      0.032     83.362      0.000
    I_Q04D             4.138      0.069     59.963      0.000
    I_Q04H             3.754      0.047     79.644      0.000
    I_Q04J             3.537      0.045     79.178      0.000
    I_Q04L             2.894      0.037     77.995      0.000
    I_Q04M             3.778      0.046     82.410      0.000

 Variances
    CURIOUS            1.000      0.000    999.000    999.000

 Residual Variances
    I_Q04B             0.660      0.019     34.247      0.000
    I_Q04D             0.559      0.015     36.864      0.000
    I_Q04H             0.553      0.017     31.911      0.000
    I_Q04J             0.593      0.018     32.362      0.000
    I_Q04L             0.460      0.019     24.291      0.000
    I_Q04M             0.624      0.016     39.923      0.000


R-SQUARE

Group MEN

    Observed                                        Two-Tailed
    Variable        Estimate       S.E.  Est./S.E.    P-Value

    I_Q04B             0.342      0.020     17.052      0.000
    I_Q04D             0.443      0.016     28.262      0.000
    I_Q04H             0.449      0.016     27.720      0.000
    I_Q04J             0.409      0.016     26.172      0.000
    I_Q04L             0.542      0.017     32.126      0.000
    I_Q04M             0.378      0.015     25.592      0.000

Group WOMEN

    Observed                                        Two-Tailed
    Variable        Estimate       S.E.  Est./S.E.    P-Value

    I_Q04B             0.340      0.019     17.628      0.000
    I_Q04D             0.441      0.015     29.089      0.000
    I_Q04H             0.447      0.017     25.774      0.000
    I_Q04J             0.407      0.018     22.188      0.000
    I_Q04L             0.540      0.019     28.482      0.000
    I_Q04M             0.376      0.016     24.031      0.000


QUALITY OF NUMERICAL RESULTS

     Condition Number for the Information Matrix              0.659E-02
       (ratio of smallest to largest eigenvalue)


CONFIDENCE INTERVALS OF MODEL RESULTS

                  Lower .5%  Lower 2.5%    Lower 5%    Estimate    Upper 5%  Upper 2.5%   Upper .5%

Group MEN

 CURIOUS  BY
    I_Q04B           1.000       1.000       1.000       1.000       1.000       1.000       1.000
    I_Q04D           0.914       0.937       0.949       1.009       1.070       1.082       1.105
    I_Q04H           0.942       0.963       0.974       1.031       1.087       1.098       1.119
    I_Q04J           0.945       0.973       0.988       1.064       1.139       1.154       1.182
    I_Q04L           1.152       1.179       1.193       1.266       1.339       1.354       1.381
    I_Q04M           0.867       0.889       0.901       0.962       1.023       1.035       1.057

 I_Q04B   WITH
    I_Q04H           0.039       0.045       0.048       0.063       0.079       0.082       0.088
    I_Q04J          -0.089      -0.083      -0.080      -0.063      -0.047      -0.043      -0.037

 Means
    CURIOUS          0.000       0.000       0.000       0.000       0.000       0.000       0.000

 Intercepts
    I_Q04B           2.246       2.254       2.258       2.280       2.302       2.306       2.314
    I_Q04D           3.125       3.132       3.136       3.156       3.176       3.180       3.187
    I_Q04H           2.871       2.879       2.883       2.904       2.926       2.930       2.938
    I_Q04J           2.925       2.933       2.938       2.960       2.983       2.988       2.996
    I_Q04L           2.465       2.474       2.479       2.503       2.528       2.532       2.542
    I_Q04M           2.948       2.955       2.958       2.975       2.993       2.996       3.003

 Variances
    CURIOUS          0.207       0.218       0.224       0.254       0.284       0.290       0.301

 Residual Variances
    I_Q04B           0.453       0.462       0.466       0.489       0.512       0.517       0.525
    I_Q04D           0.299       0.305       0.309       0.325       0.342       0.345       0.351
    I_Q04H           0.305       0.312       0.315       0.331       0.347       0.351       0.357
    I_Q04J           0.385       0.392       0.396       0.416       0.435       0.439       0.446
    I_Q04L           0.313       0.320       0.324       0.344       0.364       0.368       0.376
    I_Q04M           0.360       0.366       0.370       0.387       0.405       0.408       0.414

Group WOMEN

 CURIOUS  BY
    I_Q04B           1.000       1.000       1.000       1.000       1.000       1.000       1.000
    I_Q04D           0.914       0.937       0.949       1.009       1.070       1.082       1.105
    I_Q04H           0.942       0.963       0.974       1.031       1.087       1.098       1.119
    I_Q04J           0.945       0.973       0.988       1.064       1.139       1.154       1.182
    I_Q04L           1.152       1.179       1.193       1.266       1.339       1.354       1.381
    I_Q04M           0.867       0.889       0.901       0.962       1.023       1.035       1.057

 I_Q04B   WITH
    I_Q04H           0.039       0.045       0.048       0.063       0.079       0.082       0.088
    I_Q04J          -0.089      -0.083      -0.080      -0.063      -0.047      -0.043      -0.037

 Means
    CURIOUS         -0.077      -0.068      -0.063      -0.037      -0.012      -0.007       0.002

 Intercepts
    I_Q04B           2.246       2.254       2.258       2.280       2.302       2.306       2.314
    I_Q04D           3.125       3.132       3.136       3.156       3.176       3.180       3.187
    I_Q04H           2.871       2.879       2.883       2.904       2.926       2.930       2.938
    I_Q04J           2.925       2.933       2.938       2.960       2.983       2.988       2.996
    I_Q04L           2.465       2.474       2.479       2.503       2.528       2.532       2.542
    I_Q04M           2.948       2.955       2.958       2.975       2.993       2.996       3.003

 Variances
    CURIOUS          0.207       0.218       0.223       0.252       0.280       0.286       0.296

 Residual Variances
    I_Q04B           0.453       0.462       0.466       0.489       0.512       0.517       0.525
    I_Q04D           0.299       0.305       0.309       0.325       0.342       0.345       0.351
    I_Q04H           0.305       0.312       0.315       0.331       0.347       0.351       0.357
    I_Q04J           0.385       0.392       0.396       0.416       0.435       0.439       0.446
    I_Q04L           0.313       0.320       0.324       0.344       0.364       0.368       0.376
    I_Q04M           0.360       0.366       0.370       0.387       0.405       0.408       0.414


CONFIDENCE INTERVALS OF STANDARDIZED MODEL RESULTS


STDYX Standardization

                  Lower .5%  Lower 2.5%    Lower 5%    Estimate    Upper 5%  Upper 2.5%   Upper .5%

Group MEN

 CURIOUS  BY
    I_Q04B           0.541       0.551       0.557       0.585       0.613       0.618       0.629
    I_Q04D           0.636       0.643       0.646       0.666       0.685       0.689       0.696
    I_Q04H           0.639       0.646       0.650       0.670       0.690       0.694       0.701
    I_Q04J           0.608       0.616       0.619       0.640       0.660       0.663       0.671
    I_Q04L           0.707       0.714       0.717       0.736       0.755       0.759       0.766
    I_Q04M           0.584       0.591       0.595       0.615       0.635       0.638       0.646

 I_Q04B   WITH
    I_Q04H           0.100       0.114       0.121       0.157       0.194       0.201       0.214
    I_Q04J          -0.199      -0.185      -0.178      -0.140      -0.102      -0.094      -0.080

 Means
    CURIOUS          0.000       0.000       0.000       0.000       0.000       0.000       0.000

 Intercepts
    I_Q04B           2.556       2.578       2.588       2.645       2.701       2.712       2.733
    I_Q04D           3.965       4.004       4.025       4.129       4.234       4.254       4.293
    I_Q04H           3.612       3.644       3.661       3.747       3.832       3.849       3.881
    I_Q04J           3.404       3.435       3.450       3.531       3.611       3.627       3.657
    I_Q04L           2.783       2.808       2.821       2.887       2.953       2.965       2.990
    I_Q04M           3.661       3.687       3.701       3.772       3.842       3.856       3.882

 Variances
    CURIOUS          1.000       1.000       1.000       1.000       1.000       1.000       1.000

 Residual Variances
    I_Q04B           0.606       0.619       0.625       0.658       0.691       0.697       0.710
    I_Q04D           0.516       0.526       0.531       0.557       0.582       0.587       0.597
    I_Q04H           0.509       0.519       0.524       0.551       0.578       0.583       0.593
    I_Q04J           0.551       0.560       0.565       0.591       0.617       0.622       0.631
    I_Q04L           0.414       0.425       0.430       0.458       0.486       0.491       0.501
    I_Q04M           0.584       0.593       0.598       0.622       0.646       0.651       0.660

Group WOMEN

 CURIOUS  BY
    I_Q04B           0.540       0.551       0.556       0.583       0.610       0.615       0.626
    I_Q04D           0.635       0.642       0.645       0.664       0.683       0.686       0.694
    I_Q04H           0.635       0.643       0.647       0.668       0.690       0.694       0.702
    I_Q04J           0.601       0.610       0.614       0.638       0.661       0.666       0.675
    I_Q04L           0.701       0.709       0.713       0.735       0.756       0.760       0.768
    I_Q04M           0.580       0.588       0.592       0.613       0.634       0.638       0.646

 I_Q04B   WITH
    I_Q04H           0.100       0.114       0.121       0.157       0.194       0.201       0.214
    I_Q04J          -0.199      -0.185      -0.178      -0.140      -0.102      -0.094      -0.080

 Means
    CURIOUS         -0.152      -0.133      -0.124      -0.075      -0.025      -0.016       0.002

 Intercepts
    I_Q04B           2.567       2.587       2.597       2.649       2.701       2.711       2.731
    I_Q04D           3.960       4.003       4.024       4.138       4.251       4.273       4.316
    I_Q04H           3.633       3.662       3.677       3.754       3.832       3.847       3.876
    I_Q04J           3.422       3.450       3.464       3.537       3.611       3.625       3.653
    I_Q04L           2.799       2.821       2.833       2.894       2.955       2.967       2.990
    I_Q04M           3.660       3.688       3.703       3.778       3.854       3.868       3.896

 Variances
    CURIOUS          1.000       1.000       1.000       1.000       1.000       1.000       1.000

 Residual Variances
    I_Q04B           0.611       0.622       0.628       0.660       0.692       0.698       0.710
    I_Q04D           0.520       0.529       0.534       0.559       0.584       0.589       0.598
    I_Q04H           0.509       0.519       0.525       0.553       0.582       0.587       0.598
    I_Q04J           0.546       0.557       0.563       0.593       0.623       0.629       0.640
    I_Q04L           0.411       0.423       0.429       0.460       0.491       0.497       0.509
    I_Q04M           0.584       0.594       0.599       0.624       0.650       0.655       0.665


STDY Standardization

                  Lower .5%  Lower 2.5%    Lower 5%    Estimate    Upper 5%  Upper 2.5%   Upper .5%

Group MEN

 CURIOUS  BY
    I_Q04B           0.541       0.551       0.557       0.585       0.613       0.618       0.629
    I_Q04D           0.636       0.643       0.646       0.666       0.685       0.689       0.696
    I_Q04H           0.639       0.646       0.650       0.670       0.690       0.694       0.701
    I_Q04J           0.608       0.616       0.619       0.640       0.660       0.663       0.671
    I_Q04L           0.707       0.714       0.717       0.736       0.755       0.759       0.766
    I_Q04M           0.584       0.591       0.595       0.615       0.635       0.638       0.646

 I_Q04B   WITH
    I_Q04H           0.100       0.114       0.121       0.157       0.194       0.201       0.214
    I_Q04J          -0.199      -0.185      -0.178      -0.140      -0.102      -0.094      -0.080

 Means
    CURIOUS          0.000       0.000       0.000       0.000       0.000       0.000       0.000

 Intercepts
    I_Q04B           2.556       2.578       2.588       2.645       2.701       2.712       2.733
    I_Q04D           3.965       4.004       4.025       4.129       4.234       4.254       4.293
    I_Q04H           3.612       3.644       3.661       3.747       3.832       3.849       3.881
    I_Q04J           3.404       3.435       3.450       3.531       3.611       3.627       3.657
    I_Q04L           2.783       2.808       2.821       2.887       2.953       2.965       2.990
    I_Q04M           3.661       3.687       3.701       3.772       3.842       3.856       3.882

 Variances
    CURIOUS          1.000       1.000       1.000       1.000       1.000       1.000       1.000

 Residual Variances
    I_Q04B           0.606       0.619       0.625       0.658       0.691       0.697       0.710
    I_Q04D           0.516       0.526       0.531       0.557       0.582       0.587       0.597
    I_Q04H           0.509       0.519       0.524       0.551       0.578       0.583       0.593
    I_Q04J           0.551       0.560       0.565       0.591       0.617       0.622       0.631
    I_Q04L           0.414       0.425       0.430       0.458       0.486       0.491       0.501
    I_Q04M           0.584       0.593       0.598       0.622       0.646       0.651       0.660

Group WOMEN

 CURIOUS  BY
    I_Q04B           0.540       0.551       0.556       0.583       0.610       0.615       0.626
    I_Q04D           0.635       0.642       0.645       0.664       0.683       0.686       0.694
    I_Q04H           0.635       0.643       0.647       0.668       0.690       0.694       0.702
    I_Q04J           0.601       0.610       0.614       0.638       0.661       0.666       0.675
    I_Q04L           0.701       0.709       0.713       0.735       0.756       0.760       0.768
    I_Q04M           0.580       0.588       0.592       0.613       0.634       0.638       0.646

 I_Q04B   WITH
    I_Q04H           0.100       0.114       0.121       0.157       0.194       0.201       0.214
    I_Q04J          -0.199      -0.185      -0.178      -0.140      -0.102      -0.094      -0.080

 Means
    CURIOUS         -0.152      -0.133      -0.124      -0.075      -0.025      -0.016       0.002

 Intercepts
    I_Q04B           2.567       2.587       2.597       2.649       2.701       2.711       2.731
    I_Q04D           3.960       4.003       4.024       4.138       4.251       4.273       4.316
    I_Q04H           3.633       3.662       3.677       3.754       3.832       3.847       3.876
    I_Q04J           3.422       3.450       3.464       3.537       3.611       3.625       3.653
    I_Q04L           2.799       2.821       2.833       2.894       2.955       2.967       2.990
    I_Q04M           3.660       3.688       3.703       3.778       3.854       3.868       3.896

 Variances
    CURIOUS          1.000       1.000       1.000       1.000       1.000       1.000       1.000

 Residual Variances
    I_Q04B           0.611       0.622       0.628       0.660       0.692       0.698       0.710
    I_Q04D           0.520       0.529       0.534       0.559       0.584       0.589       0.598
    I_Q04H           0.509       0.519       0.525       0.553       0.582       0.587       0.598
    I_Q04J           0.546       0.557       0.563       0.593       0.623       0.629       0.640
    I_Q04L           0.411       0.423       0.429       0.460       0.491       0.497       0.509
    I_Q04M           0.584       0.594       0.599       0.624       0.650       0.655       0.665


DIAGRAM INFORMATION

  Use View Diagram under the Diagram menu in the Mplus Editor to view the diagram.
  If running Mplus from the Mplus Diagrammer, the diagram opens automatically.

  Diagram output
    /Users/ronnysc/Documents/CEMO/TEACHING/PIAAC2022-SEM/Examples/4-MGSEM/MGCFA1e.dgm

     Beginning Time:  18:19:39
        Ending Time:  18:19:40
       Elapsed Time:  00:00:01



MUTHEN & MUTHEN
3463 Stoner Ave.
Los Angeles, CA  90066

Tel: (310) 391-9971
Fax: (310) 391-8971
Web: www.StatModel.com
Support: Support@StatModel.com

Copyright (c) 1998-2018 Muthen & Muthen
