Mplus VERSION 8.2 (Mac)
MUTHEN & MUTHEN
03/19/2022   6:19 PM

INPUT INSTRUCTIONS

  TITLE:	Structural equation modeling with PIAAC data
  	Multi-group CFA
  	Single-factor model of curiosity and continuous treatment--modified
  	Complex design: Total weight, clustering, stratification
  	Grouping by: FEMALE
  	Equality constraints on parameters: FL
  	METRIC MEASUREMENT INVARIANCE

  DATA: 	FILE IS piaac1-nor_pv1.dat;
  	! TYPE = IMPUTATION;
  	! Not needed here as the model does not contain any PV
  		
  		
  VARIABLE:
  	NAMES ARE
  		AGE FEMALE B_Q01a
  		D_Q11a D_Q11b D_Q11c D_Q11d
  		F_Q03a F_Q03c F_Q05a F_Q05b
  		G_Q01a G_Q01b G_Q01c G_Q01d
  		G_Q01e G_Q01f G_Q01g G_Q01h
  		G_Q02a G_Q02b G_Q02c G_Q02d
  		G_Q03b G_Q03c G_Q03d G_Q03f G_Q03g G_Q03h
  		G_Q05a G_Q05c G_Q05d G_Q05e
  		G_Q05f G_Q05g G_Q05h
  		H_Q01a H_Q01b H_Q01c H_Q01d
  		H_Q01e H_Q01f H_Q01g H_Q01h
  		H_Q02a H_Q02b H_Q02c H_Q02d
  		H_Q03b H_Q03c H_Q03d H_Q03f H_Q03g H_Q03h
  		H_Q05a H_Q05c H_Q05d H_Q05e
  		H_Q05f H_Q05g H_Q05h
  		I_Q04b I_Q04d I_Q04h I_Q04j I_Q04l I_Q04m
  		I_Q06a
  		I_Q07a I_Q07b
  		HOMLANG IMGEN
  		PVLIT PVNUM PVPSL
  		SPFWT0
  		SPFWT1-SPFWT80
  		VARSTRAT VARUNIT;
  		
  	! Variables to be used
  	! Newly defined variable appear at the end of this list
  	USEVARIABLES ARE
  		I_Q04b
  		I_Q04d
  		I_Q04h
  		I_Q04j
  		I_Q04l
  		I_Q04m;
  		
  	! Missing data coding
  	MISSING ARE ALL(-99);
  		
  	! Final participant weight
  	WEIGHT = SPFWT0;
  	
  	! Clustering in sampling units
  	CLUSTER = VARUNIT;
  	
  	! Stratification
  	STRATIFICATION = VARSTRAT;
  	
  	! Grouping variable and its levels
  	GROUPING IS FEMALE (0=Men 1=Women);
  	

  ANALYSIS:
  	TYPE = COMPLEX;
  	ESTIMATOR = MLR;
  	H1ITERATIONS = 10000;
  	
  	MODEL = METRIC;

  MODEL:
  	
  	! MEASUREMENT MODEL
  	! Curiousity
  	CURIOUS BY
  		I_Q04b
  		I_Q04d
  		I_Q04h
  		I_Q04j
  		I_Q04l
  		I_Q04m;
  		
  	! Model modifications
  	! Residual covariance
  	I_Q04B WITH I_Q04H;
  	I_Q04B WITH I_Q04J;
  	
  	


  OUTPUT: STDYX;	! Fully standardized parameters requested
          STDY;	! Standardized parameter estimates requested
          		! (some X-variables are dichotomous)
          SAMPSTAT;	! Sample statistics
          CINTERVAL;	! Confidence intervals
          !MOD(all);	! Modification indices



*** WARNING
  Clusters with the same IDs have been found in different strata.  These
  clusters are assumed to be different because clusters are not allowed
  to appear in more than one stratum.
*** WARNING
  Data set contains cases with missing on all variables.
  These cases were not included in the analysis.
  Number of cases with missing on all variables:  186
   2 WARNING(S) FOUND IN THE INPUT INSTRUCTIONS



Structural equation modeling with PIAAC data
Multi-group CFA
Single-factor model of curiosity and continuous treatment--modified
Complex design: Total weight, clustering, stratification
Grouping by: FEMALE
Equality constraints on parameters: FL
METRIC MEASUREMENT INVARIANCE

SUMMARY OF ANALYSIS

Number of groups                                                 2
Number of observations
   Group MEN                                                  2555
   Group WOMEN                                                2387
   Total sample size                                          4942

Number of dependent variables                                    6
Number of independent variables                                  0
Number of continuous latent variables                            1

Observed dependent variables

  Continuous
   I_Q04B      I_Q04D      I_Q04H      I_Q04J      I_Q04L      I_Q04M

Continuous latent variables
   CURIOUS

Variables with special functions

  Grouping variable     FEMALE
  Stratification        VARSTRAT
  Cluster variable      VARUNIT
  Weight variable       SPFWT0

Estimator                                                      MLR
Information matrix                                        OBSERVED
Maximum number of iterations                                  1000
Convergence criterion                                    0.500D-04
Maximum number of steepest descent iterations                   20
Maximum number of iterations for H1                          10000
Convergence criterion for H1                             0.100D-03

Input data file(s)
  piaac1-nor_pv1.dat

Input data format  FREE


SUMMARY OF DATA

   Total number of strata                       80
   Total number of clusters                    163

   Group MEN
     Number of missing data patterns            10
     Number of strata                           80
     Number of clusters                        160

   Group WOMEN
     Number of missing data patterns            12
     Number of strata                           80
     Number of clusters                        163


COVARIANCE COVERAGE OF DATA

Minimum covariance coverage value   0.100


     PROPORTION OF DATA PRESENT FOR MEN


           Covariance Coverage
              I_Q04B        I_Q04D        I_Q04H        I_Q04J        I_Q04L
              ________      ________      ________      ________      ________
 I_Q04B         0.996
 I_Q04D         0.996         1.000
 I_Q04H         0.995         0.998         0.998
 I_Q04J         0.996         0.999         0.998         0.999
 I_Q04L         0.994         0.996         0.995         0.996         0.996
 I_Q04M         0.996         0.999         0.997         0.998         0.996


           Covariance Coverage
              I_Q04M
              ________
 I_Q04M         0.999


     PROPORTION OF DATA PRESENT FOR WOMEN


           Covariance Coverage
              I_Q04B        I_Q04D        I_Q04H        I_Q04J        I_Q04L
              ________      ________      ________      ________      ________
 I_Q04B         0.996
 I_Q04D         0.996         1.000
 I_Q04H         0.995         0.996         0.996
 I_Q04J         0.995         0.999         0.995         0.999
 I_Q04L         0.993         0.995         0.992         0.995         0.995
 I_Q04M         0.995         0.999         0.996         0.998         0.995


           Covariance Coverage
              I_Q04M
              ________
 I_Q04M         0.999


SAMPLE STATISTICS


     ESTIMATED SAMPLE STATISTICS FOR MEN


           Means
              I_Q04B        I_Q04D        I_Q04H        I_Q04J        I_Q04L
              ________      ________      ________      ________      ________
                2.305         3.138         2.910         2.940         2.517


           Means
              I_Q04M
              ________
                2.974


           Covariances
              I_Q04B        I_Q04D        I_Q04H        I_Q04J        I_Q04L
              ________      ________      ________      ________      ________
 I_Q04B         0.765
 I_Q04D         0.276         0.576
 I_Q04H         0.339         0.289         0.605
 I_Q04J         0.212         0.262         0.257         0.700
 I_Q04L         0.335         0.295         0.332         0.350         0.759
 I_Q04M         0.214         0.267         0.233         0.290         0.293


           Covariances
              I_Q04M
              ________
 I_Q04M         0.621


           Correlations
              I_Q04B        I_Q04D        I_Q04H        I_Q04J        I_Q04L
              ________      ________      ________      ________      ________
 I_Q04B         1.000
 I_Q04D         0.415         1.000
 I_Q04H         0.498         0.489         1.000
 I_Q04J         0.289         0.412         0.395         1.000
 I_Q04L         0.439         0.446         0.490         0.481         1.000
 I_Q04M         0.311         0.447         0.381         0.439         0.427


           Correlations
              I_Q04M
              ________
 I_Q04M         1.000


     ESTIMATED SAMPLE STATISTICS FOR WOMEN


           Means
              I_Q04B        I_Q04D        I_Q04H        I_Q04J        I_Q04L
              ________      ________      ________      ________      ________
                2.216         3.138         2.860         2.942         2.441


           Means
              I_Q04M
              ________
                2.941


           Covariances
              I_Q04B        I_Q04D        I_Q04H        I_Q04J        I_Q04L
              ________      ________      ________      ________      ________
 I_Q04B         0.717
 I_Q04D         0.265         0.591
 I_Q04H         0.314         0.296         0.594
 I_Q04J         0.191         0.245         0.250         0.704
 I_Q04L         0.325         0.299         0.334         0.373         0.739
 I_Q04M         0.201         0.261         0.236         0.277         0.318


           Covariances
              I_Q04M
              ________
 I_Q04M         0.622


           Correlations
              I_Q04B        I_Q04D        I_Q04H        I_Q04J        I_Q04L
              ________      ________      ________      ________      ________
 I_Q04B         1.000
 I_Q04D         0.407         1.000
 I_Q04H         0.481         0.500         1.000
 I_Q04J         0.269         0.379         0.386         1.000
 I_Q04L         0.447         0.452         0.504         0.517         1.000
 I_Q04M         0.302         0.430         0.389         0.418         0.469


           Correlations
              I_Q04M
              ________
 I_Q04M         1.000


     MAXIMUM LOG-LIKELIHOOD VALUE FOR THE UNRESTRICTED (H1) MODEL IS -31594.952


UNIVARIATE SAMPLE STATISTICS


     UNIVARIATE HIGHER-ORDER MOMENT DESCRIPTIVE STATISTICS FOR MEN

         Variable/         Mean/     Skewness/   Minimum/ % with                Percentiles
        Sample Size      Variance    Kurtosis    Maximum  Min/Max      20%/60%    40%/80%    Median

     I_Q04B                2.305      -0.081       0.000    1.92%       2.000      2.000      2.000
            2546.000       0.765      -0.015       4.000    8.33%       2.000      3.000
     I_Q04D                3.138      -0.632       0.000    0.27%       3.000      3.000      3.000
            2555.000       0.576       0.329       4.000   33.70%       3.000      4.000
     I_Q04H                2.910      -0.405       0.000    0.35%       2.000      3.000      3.000
            2549.000       0.604       0.136       4.000   22.40%       3.000      4.000
     I_Q04J                2.940      -0.543       0.000    0.59%       2.000      3.000      3.000
            2552.000       0.700       0.142       4.000   25.94%       3.000      4.000
     I_Q04L                2.518      -0.152       0.000    1.02%       2.000      2.000      3.000
            2546.000       0.758      -0.169       4.000   12.57%       3.000      3.000
     I_Q04M                2.974      -0.506       0.000    0.39%       2.000      3.000      3.000
            2553.000       0.620       0.192       4.000   25.50%       3.000      4.000


     UNIVARIATE HIGHER-ORDER MOMENT DESCRIPTIVE STATISTICS FOR WOMEN

         Variable/         Mean/     Skewness/   Minimum/ % with                Percentiles
        Sample Size      Variance    Kurtosis    Maximum  Min/Max      20%/60%    40%/80%    Median

     I_Q04B                2.217      -0.009       0.000    2.02%       2.000      2.000      2.000
            2378.000       0.717       0.227       4.000    7.02%       2.000      3.000
     I_Q04D                3.138      -0.583       0.000    0.17%       3.000      3.000      3.000
            2387.000       0.591       0.016       4.000   35.61%       3.000      4.000
     I_Q04H                2.860      -0.279       0.000    0.25%       2.000      3.000      3.000
            2378.000       0.594      -0.082       4.000   20.77%       3.000      4.000
     I_Q04J                2.943      -0.520       0.000    0.46%       2.000      3.000      3.000
            2384.000       0.704       0.040       4.000   26.80%       3.000      4.000
     I_Q04L                2.442      -0.108       0.000    0.97%       2.000      2.000      2.000
            2375.000       0.738      -0.133       4.000   10.74%       3.000      3.000
     I_Q04M                2.940      -0.489       0.000    0.38%       2.000      3.000      3.000
            2384.000       0.622       0.234       4.000   24.33%       3.000      4.000


THE MODEL ESTIMATION TERMINATED NORMALLY



MODEL FIT INFORMATION

Number of Free Parameters                       35

Loglikelihood

          H0 Value                      -31694.012
          H0 Scaling Correction Factor      1.2263
            for MLR
          H1 Value                      -31594.952
          H1 Scaling Correction Factor      1.2666
            for MLR

Information Criteria

          Akaike (AIC)                   63458.023
          Bayesian (BIC)                 63685.717
          Sample-Size Adjusted BIC       63574.499
            (n* = (n + 2) / 24)

Chi-Square Test of Model Fit

          Value                            147.749*
          Degrees of Freedom                    19
          P-Value                           0.0000
          Scaling Correction Factor         1.3409
            for MLR

Chi-Square Contribution From Each Group

          MEN                               65.833
          WOMEN                             81.916

*   The chi-square value for MLM, MLMV, MLR, ULSMV, WLSM and WLSMV cannot be used
    for chi-square difference testing in the regular way.  MLM, MLR and WLSM
    chi-square difference testing is described on the Mplus website.  MLMV, WLSMV,
    and ULSMV difference testing is done using the DIFFTEST option.

RMSEA (Root Mean Square Error Of Approximation)

          Estimate                           0.052
          90 Percent C.I.                    0.045  0.060
          Probability RMSEA <= .05           0.296

CFI/TLI

          CFI                                0.978
          TLI                                0.965

Chi-Square Test of Model Fit for the Baseline Model

          Value                           5809.721
          Degrees of Freedom                    30
          P-Value                           0.0000

SRMR (Standardized Root Mean Square Residual)

          Value                              0.024



MODEL RESULTS

                                                    Two-Tailed
                    Estimate       S.E.  Est./S.E.    P-Value

Group MEN

 CURIOUS  BY
    I_Q04B             1.000      0.000    999.000    999.000
    I_Q04D             1.016      0.037     27.731      0.000
    I_Q04H             1.033      0.034     30.167      0.000
    I_Q04J             1.071      0.046     23.179      0.000
    I_Q04L             1.272      0.045     28.392      0.000
    I_Q04M             0.967      0.037     26.052      0.000

 I_Q04B   WITH
    I_Q04H             0.072      0.012      6.138      0.000
    I_Q04J            -0.058      0.013     -4.370      0.000

 Means
    CURIOUS            0.000      0.000    999.000    999.000

 Intercepts
    I_Q04B             2.305      0.018    131.583      0.000
    I_Q04D             3.138      0.014    217.677      0.000
    I_Q04H             2.910      0.014    200.741      0.000
    I_Q04J             2.940      0.017    175.965      0.000
    I_Q04L             2.517      0.017    146.705      0.000
    I_Q04M             2.974      0.014    216.388      0.000

 Variances
    CURIOUS            0.251      0.018     13.772      0.000

 Residual Variances
    I_Q04B             0.505      0.020     24.759      0.000
    I_Q04D             0.313      0.012     25.976      0.000
    I_Q04H             0.337      0.015     22.662      0.000
    I_Q04J             0.410      0.018     22.534      0.000
    I_Q04L             0.367      0.015     23.873      0.000
    I_Q04M             0.386      0.015     25.843      0.000

Group WOMEN

 CURIOUS  BY
    I_Q04B             1.000      0.000    999.000    999.000
    I_Q04D             1.016      0.037     27.731      0.000
    I_Q04H             1.033      0.034     30.167      0.000
    I_Q04J             1.071      0.046     23.179      0.000
    I_Q04L             1.272      0.045     28.392      0.000
    I_Q04M             0.967      0.037     26.052      0.000

 I_Q04B   WITH
    I_Q04H             0.055      0.013      4.311      0.000
    I_Q04J            -0.068      0.013     -5.143      0.000

 Means
    CURIOUS            0.000      0.000    999.000    999.000

 Intercepts
    I_Q04B             2.216      0.015    151.316      0.000
    I_Q04D             3.138      0.017    184.762      0.000
    I_Q04H             2.860      0.014    198.951      0.000
    I_Q04J             2.942      0.017    171.763      0.000
    I_Q04L             2.441      0.016    152.027      0.000
    I_Q04M             2.941      0.013    219.836      0.000

 Variances
    CURIOUS            0.251      0.017     14.817      0.000

 Residual Variances
    I_Q04B             0.473      0.016     29.658      0.000
    I_Q04D             0.336      0.015     22.074      0.000
    I_Q04H             0.326      0.016     20.113      0.000
    I_Q04J             0.419      0.015     27.855      0.000
    I_Q04L             0.320      0.015     21.364      0.000
    I_Q04M             0.388      0.014     27.780      0.000


STANDARDIZED MODEL RESULTS


STDYX Standardization

                                                    Two-Tailed
                    Estimate       S.E.  Est./S.E.    P-Value

Group MEN

 CURIOUS  BY
    I_Q04B             0.576      0.019     30.301      0.000
    I_Q04D             0.673      0.013     52.765      0.000
    I_Q04H             0.666      0.013     49.981      0.000
    I_Q04J             0.642      0.014     45.305      0.000
    I_Q04L             0.725      0.012     60.525      0.000
    I_Q04M             0.615      0.014     43.898      0.000

 I_Q04B   WITH
    I_Q04H             0.175      0.026      6.733      0.000
    I_Q04J            -0.126      0.030     -4.211      0.000

 Means
    CURIOUS            0.000      0.000    999.000    999.000

 Intercepts
    I_Q04B             2.652      0.041     65.172      0.000
    I_Q04D             4.148      0.071     58.652      0.000
    I_Q04H             3.744      0.066     56.785      0.000
    I_Q04J             3.520      0.063     55.460      0.000
    I_Q04L             2.864      0.046     62.509      0.000
    I_Q04M             3.776      0.053     71.912      0.000

 Variances
    CURIOUS            1.000      0.000    999.000    999.000

 Residual Variances
    I_Q04B             0.668      0.022     30.482      0.000
    I_Q04D             0.548      0.017     31.934      0.000
    I_Q04H             0.557      0.018     31.425      0.000
    I_Q04J             0.588      0.018     32.334      0.000
    I_Q04L             0.475      0.017     27.353      0.000
    I_Q04M             0.622      0.017     36.137      0.000

Group WOMEN

 CURIOUS  BY
    I_Q04B             0.589      0.016     36.592      0.000
    I_Q04D             0.660      0.013     52.478      0.000
    I_Q04H             0.671      0.015     43.381      0.000
    I_Q04J             0.638      0.015     43.668      0.000
    I_Q04L             0.748      0.014     54.517      0.000
    I_Q04M             0.614      0.013     47.682      0.000

 I_Q04B   WITH
    I_Q04H             0.140      0.031      4.544      0.000
    I_Q04J            -0.152      0.030     -4.992      0.000

 Means
    CURIOUS            0.000      0.000    999.000    999.000

 Intercepts
    I_Q04B             2.604      0.043     60.090      0.000
    I_Q04D             4.066      0.085     47.645      0.000
    I_Q04H             3.710      0.063     59.070      0.000
    I_Q04J             3.500      0.056     62.362      0.000
    I_Q04L             2.864      0.045     63.755      0.000
    I_Q04M             3.728      0.061     60.996      0.000

 Variances
    CURIOUS            1.000      0.000    999.000    999.000

 Residual Variances
    I_Q04B             0.653      0.019     34.452      0.000
    I_Q04D             0.565      0.017     34.072      0.000
    I_Q04H             0.549      0.021     26.413      0.000
    I_Q04J             0.593      0.019     31.757      0.000
    I_Q04L             0.441      0.021     21.484      0.000
    I_Q04M             0.623      0.016     39.372      0.000


STDY Standardization

                                                    Two-Tailed
                    Estimate       S.E.  Est./S.E.    P-Value

Group MEN

 CURIOUS  BY
    I_Q04B             0.576      0.019     30.301      0.000
    I_Q04D             0.673      0.013     52.765      0.000
    I_Q04H             0.666      0.013     49.981      0.000
    I_Q04J             0.642      0.014     45.305      0.000
    I_Q04L             0.725      0.012     60.525      0.000
    I_Q04M             0.615      0.014     43.898      0.000

 I_Q04B   WITH
    I_Q04H             0.175      0.026      6.733      0.000
    I_Q04J            -0.126      0.030     -4.211      0.000

 Means
    CURIOUS            0.000      0.000    999.000    999.000

 Intercepts
    I_Q04B             2.652      0.041     65.172      0.000
    I_Q04D             4.148      0.071     58.652      0.000
    I_Q04H             3.744      0.066     56.785      0.000
    I_Q04J             3.520      0.063     55.460      0.000
    I_Q04L             2.864      0.046     62.509      0.000
    I_Q04M             3.776      0.053     71.912      0.000

 Variances
    CURIOUS            1.000      0.000    999.000    999.000

 Residual Variances
    I_Q04B             0.668      0.022     30.482      0.000
    I_Q04D             0.548      0.017     31.934      0.000
    I_Q04H             0.557      0.018     31.425      0.000
    I_Q04J             0.588      0.018     32.334      0.000
    I_Q04L             0.475      0.017     27.353      0.000
    I_Q04M             0.622      0.017     36.137      0.000

Group WOMEN

 CURIOUS  BY
    I_Q04B             0.589      0.016     36.592      0.000
    I_Q04D             0.660      0.013     52.478      0.000
    I_Q04H             0.671      0.015     43.381      0.000
    I_Q04J             0.638      0.015     43.668      0.000
    I_Q04L             0.748      0.014     54.517      0.000
    I_Q04M             0.614      0.013     47.682      0.000

 I_Q04B   WITH
    I_Q04H             0.140      0.031      4.544      0.000
    I_Q04J            -0.152      0.030     -4.992      0.000

 Means
    CURIOUS            0.000      0.000    999.000    999.000

 Intercepts
    I_Q04B             2.604      0.043     60.090      0.000
    I_Q04D             4.066      0.085     47.645      0.000
    I_Q04H             3.710      0.063     59.070      0.000
    I_Q04J             3.500      0.056     62.362      0.000
    I_Q04L             2.864      0.045     63.755      0.000
    I_Q04M             3.728      0.061     60.996      0.000

 Variances
    CURIOUS            1.000      0.000    999.000    999.000

 Residual Variances
    I_Q04B             0.653      0.019     34.452      0.000
    I_Q04D             0.565      0.017     34.072      0.000
    I_Q04H             0.549      0.021     26.413      0.000
    I_Q04J             0.593      0.019     31.757      0.000
    I_Q04L             0.441      0.021     21.484      0.000
    I_Q04M             0.623      0.016     39.372      0.000


R-SQUARE

Group MEN

    Observed                                        Two-Tailed
    Variable        Estimate       S.E.  Est./S.E.    P-Value

    I_Q04B             0.332      0.022     15.151      0.000
    I_Q04D             0.452      0.017     26.383      0.000
    I_Q04H             0.443      0.018     24.991      0.000
    I_Q04J             0.412      0.018     22.652      0.000
    I_Q04L             0.525      0.017     30.262      0.000
    I_Q04M             0.378      0.017     21.949      0.000

Group WOMEN

    Observed                                        Two-Tailed
    Variable        Estimate       S.E.  Est./S.E.    P-Value

    I_Q04B             0.347      0.019     18.296      0.000
    I_Q04D             0.435      0.017     26.239      0.000
    I_Q04H             0.451      0.021     21.690      0.000
    I_Q04J             0.407      0.019     21.834      0.000
    I_Q04L             0.559      0.021     27.259      0.000
    I_Q04M             0.377      0.016     23.841      0.000


QUALITY OF NUMERICAL RESULTS

     Condition Number for the Information Matrix              0.127E-01
       (ratio of smallest to largest eigenvalue)


CONFIDENCE INTERVALS OF MODEL RESULTS

                  Lower .5%  Lower 2.5%    Lower 5%    Estimate    Upper 5%  Upper 2.5%   Upper .5%

Group MEN

 CURIOUS  BY
    I_Q04B           1.000       1.000       1.000       1.000       1.000       1.000       1.000
    I_Q04D           0.921       0.944       0.956       1.016       1.076       1.088       1.110
    I_Q04H           0.945       0.966       0.977       1.033       1.089       1.100       1.121
    I_Q04J           0.952       0.980       0.995       1.071       1.147       1.161       1.190
    I_Q04L           1.156       1.184       1.198       1.272       1.345       1.359       1.387
    I_Q04M           0.871       0.894       0.906       0.967       1.028       1.039       1.062

 I_Q04B   WITH
    I_Q04H           0.042       0.049       0.053       0.072       0.092       0.095       0.103
    I_Q04J          -0.091      -0.083      -0.079      -0.058      -0.036      -0.032      -0.024

 Means
    CURIOUS          0.000       0.000       0.000       0.000       0.000       0.000       0.000

 Intercepts
    I_Q04B           2.260       2.271       2.276       2.305       2.334       2.339       2.350
    I_Q04D           3.101       3.109       3.114       3.138       3.161       3.166       3.175
    I_Q04H           2.873       2.881       2.886       2.910       2.934       2.938       2.947
    I_Q04J           2.897       2.908       2.913       2.940       2.968       2.973       2.983
    I_Q04L           2.473       2.484       2.489       2.517       2.545       2.551       2.561
    I_Q04M           2.939       2.947       2.952       2.974       2.997       3.001       3.010

 Variances
    CURIOUS          0.204       0.215       0.221       0.251       0.281       0.287       0.298

 Residual Variances
    I_Q04B           0.452       0.465       0.471       0.505       0.538       0.545       0.557
    I_Q04D           0.282       0.290       0.293       0.313       0.333       0.337       0.344
    I_Q04H           0.298       0.307       0.312       0.337       0.361       0.366       0.375
    I_Q04J           0.364       0.375       0.380       0.410       0.440       0.446       0.457
    I_Q04L           0.327       0.337       0.341       0.367       0.392       0.397       0.406
    I_Q04M           0.348       0.357       0.361       0.386       0.411       0.415       0.425

Group WOMEN

 CURIOUS  BY
    I_Q04B           1.000       1.000       1.000       1.000       1.000       1.000       1.000
    I_Q04D           0.921       0.944       0.956       1.016       1.076       1.088       1.110
    I_Q04H           0.945       0.966       0.977       1.033       1.089       1.100       1.121
    I_Q04J           0.952       0.980       0.995       1.071       1.147       1.161       1.190
    I_Q04L           1.156       1.184       1.198       1.272       1.345       1.359       1.387
    I_Q04M           0.871       0.894       0.906       0.967       1.028       1.039       1.062

 I_Q04B   WITH
    I_Q04H           0.022       0.030       0.034       0.055       0.076       0.080       0.088
    I_Q04J          -0.102      -0.094      -0.089      -0.068      -0.046      -0.042      -0.034

 Means
    CURIOUS          0.000       0.000       0.000       0.000       0.000       0.000       0.000

 Intercepts
    I_Q04B           2.178       2.187       2.192       2.216       2.240       2.245       2.254
    I_Q04D           3.094       3.104       3.110       3.138       3.166       3.171       3.181
    I_Q04H           2.823       2.832       2.836       2.860       2.884       2.888       2.897
    I_Q04J           2.898       2.909       2.914       2.942       2.970       2.976       2.986
    I_Q04L           2.399       2.409       2.414       2.441       2.467       2.472       2.482
    I_Q04M           2.906       2.914       2.919       2.941       2.963       2.967       2.975

 Variances
    CURIOUS          0.207       0.218       0.223       0.251       0.279       0.284       0.295

 Residual Variances
    I_Q04B           0.432       0.442       0.447       0.473       0.499       0.504       0.514
    I_Q04D           0.297       0.307       0.311       0.336       0.362       0.366       0.376
    I_Q04H           0.284       0.294       0.300       0.326       0.353       0.358       0.368
    I_Q04J           0.380       0.389       0.394       0.419       0.443       0.448       0.457
    I_Q04L           0.281       0.291       0.295       0.320       0.345       0.349       0.359
    I_Q04M           0.352       0.360       0.365       0.388       0.411       0.415       0.424


CONFIDENCE INTERVALS OF STANDARDIZED MODEL RESULTS


STDYX Standardization

                  Lower .5%  Lower 2.5%    Lower 5%    Estimate    Upper 5%  Upper 2.5%   Upper .5%

Group MEN

 CURIOUS  BY
    I_Q04B           0.527       0.539       0.545       0.576       0.607       0.613       0.625
    I_Q04D           0.640       0.648       0.652       0.673       0.694       0.698       0.705
    I_Q04H           0.631       0.639       0.644       0.666       0.687       0.692       0.700
    I_Q04J           0.605       0.614       0.619       0.642       0.665       0.670       0.678
    I_Q04L           0.694       0.701       0.705       0.725       0.744       0.748       0.756
    I_Q04M           0.579       0.587       0.592       0.615       0.638       0.642       0.651

 I_Q04B   WITH
    I_Q04H           0.108       0.124       0.132       0.175       0.218       0.226       0.242
    I_Q04J          -0.204      -0.185      -0.176      -0.126      -0.077      -0.068      -0.049

 Means
    CURIOUS          0.000       0.000       0.000       0.000       0.000       0.000       0.000

 Intercepts
    I_Q04B           2.547       2.572       2.585       2.652       2.719       2.731       2.756
    I_Q04D           3.966       4.010       4.032       4.148       4.264       4.287       4.330
    I_Q04H           3.574       3.614       3.635       3.744       3.852       3.873       3.913
    I_Q04J           3.356       3.395       3.415       3.520       3.624       3.644       3.683
    I_Q04L           2.746       2.774       2.789       2.864       2.940       2.954       2.982
    I_Q04M           3.641       3.673       3.690       3.776       3.862       3.879       3.911

 Variances
    CURIOUS          1.000       1.000       1.000       1.000       1.000       1.000       1.000

 Residual Variances
    I_Q04B           0.612       0.625       0.632       0.668       0.704       0.711       0.724
    I_Q04D           0.503       0.514       0.519       0.548       0.576       0.581       0.592
    I_Q04H           0.511       0.522       0.528       0.557       0.586       0.592       0.603
    I_Q04J           0.541       0.552       0.558       0.588       0.618       0.624       0.635
    I_Q04L           0.430       0.441       0.446       0.475       0.503       0.509       0.519
    I_Q04M           0.578       0.588       0.594       0.622       0.650       0.656       0.666

Group WOMEN

 CURIOUS  BY
    I_Q04B           0.547       0.557       0.562       0.589       0.615       0.620       0.630
    I_Q04D           0.627       0.635       0.639       0.660       0.680       0.684       0.692
    I_Q04H           0.632       0.641       0.646       0.671       0.697       0.702       0.711
    I_Q04J           0.601       0.610       0.614       0.638       0.662       0.667       0.676
    I_Q04L           0.712       0.721       0.725       0.748       0.770       0.775       0.783
    I_Q04M           0.581       0.589       0.593       0.614       0.635       0.639       0.647

 I_Q04B   WITH
    I_Q04H           0.061       0.080       0.089       0.140       0.191       0.201       0.220
    I_Q04J          -0.231      -0.212      -0.202      -0.152      -0.102      -0.092      -0.074

 Means
    CURIOUS          0.000       0.000       0.000       0.000       0.000       0.000       0.000

 Intercepts
    I_Q04B           2.493       2.519       2.533       2.604       2.676       2.689       2.716
    I_Q04D           3.846       3.898       3.925       4.066       4.206       4.233       4.286
    I_Q04H           3.549       3.587       3.607       3.710       3.814       3.833       3.872
    I_Q04J           3.356       3.390       3.408       3.500       3.593       3.610       3.645
    I_Q04L           2.748       2.776       2.790       2.864       2.938       2.952       2.980
    I_Q04M           3.570       3.608       3.627       3.728       3.828       3.847       3.885

 Variances
    CURIOUS          1.000       1.000       1.000       1.000       1.000       1.000       1.000

 Residual Variances
    I_Q04B           0.604       0.616       0.622       0.653       0.684       0.690       0.702
    I_Q04D           0.522       0.532       0.538       0.565       0.592       0.597       0.608
    I_Q04H           0.496       0.508       0.515       0.549       0.583       0.590       0.603
    I_Q04J           0.545       0.556       0.562       0.593       0.623       0.629       0.641
    I_Q04L           0.388       0.401       0.407       0.441       0.475       0.481       0.494
    I_Q04M           0.582       0.592       0.597       0.623       0.649       0.654       0.664


STDY Standardization

                  Lower .5%  Lower 2.5%    Lower 5%    Estimate    Upper 5%  Upper 2.5%   Upper .5%

Group MEN

 CURIOUS  BY
    I_Q04B           0.527       0.539       0.545       0.576       0.607       0.613       0.625
    I_Q04D           0.640       0.648       0.652       0.673       0.694       0.698       0.705
    I_Q04H           0.631       0.639       0.644       0.666       0.687       0.692       0.700
    I_Q04J           0.605       0.614       0.619       0.642       0.665       0.670       0.678
    I_Q04L           0.694       0.701       0.705       0.725       0.744       0.748       0.756
    I_Q04M           0.579       0.587       0.592       0.615       0.638       0.642       0.651

 I_Q04B   WITH
    I_Q04H           0.108       0.124       0.132       0.175       0.218       0.226       0.242
    I_Q04J          -0.204      -0.185      -0.176      -0.126      -0.077      -0.068      -0.049

 Means
    CURIOUS          0.000       0.000       0.000       0.000       0.000       0.000       0.000

 Intercepts
    I_Q04B           2.547       2.572       2.585       2.652       2.719       2.731       2.756
    I_Q04D           3.966       4.010       4.032       4.148       4.264       4.287       4.330
    I_Q04H           3.574       3.614       3.635       3.744       3.852       3.873       3.913
    I_Q04J           3.356       3.395       3.415       3.520       3.624       3.644       3.683
    I_Q04L           2.746       2.774       2.789       2.864       2.940       2.954       2.982
    I_Q04M           3.641       3.673       3.690       3.776       3.862       3.879       3.911

 Variances
    CURIOUS          1.000       1.000       1.000       1.000       1.000       1.000       1.000

 Residual Variances
    I_Q04B           0.612       0.625       0.632       0.668       0.704       0.711       0.724
    I_Q04D           0.503       0.514       0.519       0.548       0.576       0.581       0.592
    I_Q04H           0.511       0.522       0.528       0.557       0.586       0.592       0.603
    I_Q04J           0.541       0.552       0.558       0.588       0.618       0.624       0.635
    I_Q04L           0.430       0.441       0.446       0.475       0.503       0.509       0.519
    I_Q04M           0.578       0.588       0.594       0.622       0.650       0.656       0.666

Group WOMEN

 CURIOUS  BY
    I_Q04B           0.547       0.557       0.562       0.589       0.615       0.620       0.630
    I_Q04D           0.627       0.635       0.639       0.660       0.680       0.684       0.692
    I_Q04H           0.632       0.641       0.646       0.671       0.697       0.702       0.711
    I_Q04J           0.601       0.610       0.614       0.638       0.662       0.667       0.676
    I_Q04L           0.712       0.721       0.725       0.748       0.770       0.775       0.783
    I_Q04M           0.581       0.589       0.593       0.614       0.635       0.639       0.647

 I_Q04B   WITH
    I_Q04H           0.061       0.080       0.089       0.140       0.191       0.201       0.220
    I_Q04J          -0.231      -0.212      -0.202      -0.152      -0.102      -0.092      -0.074

 Means
    CURIOUS          0.000       0.000       0.000       0.000       0.000       0.000       0.000

 Intercepts
    I_Q04B           2.493       2.519       2.533       2.604       2.676       2.689       2.716
    I_Q04D           3.846       3.898       3.925       4.066       4.206       4.233       4.286
    I_Q04H           3.549       3.587       3.607       3.710       3.814       3.833       3.872
    I_Q04J           3.356       3.390       3.408       3.500       3.593       3.610       3.645
    I_Q04L           2.748       2.776       2.790       2.864       2.938       2.952       2.980
    I_Q04M           3.570       3.608       3.627       3.728       3.828       3.847       3.885

 Variances
    CURIOUS          1.000       1.000       1.000       1.000       1.000       1.000       1.000

 Residual Variances
    I_Q04B           0.604       0.616       0.622       0.653       0.684       0.690       0.702
    I_Q04D           0.522       0.532       0.538       0.565       0.592       0.597       0.608
    I_Q04H           0.496       0.508       0.515       0.549       0.583       0.590       0.603
    I_Q04J           0.545       0.556       0.562       0.593       0.623       0.629       0.641
    I_Q04L           0.388       0.401       0.407       0.441       0.475       0.481       0.494
    I_Q04M           0.582       0.592       0.597       0.623       0.649       0.654       0.664


DIAGRAM INFORMATION

  Use View Diagram under the Diagram menu in the Mplus Editor to view the diagram.
  If running Mplus from the Mplus Diagrammer, the diagram opens automatically.

  Diagram output
    /Users/ronnysc/Documents/CEMO/TEACHING/PIAAC2022-SEM/Examples/4-MGSEM/MGCFA1c.dgm

     Beginning Time:  18:19:10
        Ending Time:  18:19:10
       Elapsed Time:  00:00:00



MUTHEN & MUTHEN
3463 Stoner Ave.
Los Angeles, CA  90066

Tel: (310) 391-9971
Fax: (310) 391-8971
Web: www.StatModel.com
Support: Support@StatModel.com

Copyright (c) 1998-2018 Muthen & Muthen
