Mplus VERSION 8.5 (Linux)
MUTHEN & MUTHEN
03/23/2022   1:34 PM

INPUT INSTRUCTIONS


  TITLE:
      One-factor CFA for Ireland


  DATA:
      file = "../../piaac1-all-curiosity.dat"; ! Dataset is saved two layers up


  VARIABLE:
      NAMES =
          CNTRYID
          I_Q04b I_Q04d I_Q04h I_Q04j I_Q04l I_Q04m
          SPFWT0
          HDI2012 UAI
          ;

      USEVARIABLES = I_Q04b I_Q04d I_Q04h I_Q04j I_Q04l I_Q04m;

      USEOBSERVATIONS = CNTRYID eq 372;

      MISSING = all(-99);

      ! Final participant weight
  	WEIGHT = SPFWT0;


  ANALYSIS:
      ESTIMATOR = MLR;


  MODEL:
      CURIOUS by I_Q04b I_Q04d I_Q04h I_Q04j I_Q04l I_Q04m;

      I_Q04b with I_Q04h;
      I_Q04b with I_Q04j;

  OUTPUT:
      stdyx stdy sampstat cinterval;



*** WARNING
  Data set contains cases with missing on all variables.
  These cases were not included in the analysis.
  Number of cases with missing on all variables:  20
   1 WARNING(S) FOUND IN THE INPUT INSTRUCTIONS




One-factor CFA for Ireland

SUMMARY OF ANALYSIS

Number of groups                                                 1
Number of observations                                        5963

Number of dependent variables                                    6
Number of independent variables                                  0
Number of continuous latent variables                            1

Observed dependent variables

  Continuous
   I_Q04B      I_Q04D      I_Q04H      I_Q04J      I_Q04L      I_Q04M

Continuous latent variables
   CURIOUS

Variables with special functions

  Weight variable       SPFWT0

Estimator                                                      MLR
Information matrix                                        OBSERVED
Maximum number of iterations                                  1000
Convergence criterion                                    0.500D-04
Maximum number of steepest descent iterations                   20
Maximum number of iterations for H1                           2000
Convergence criterion for H1                             0.100D-03

Input data file(s)
  ../../piaac1-all-curiosity.dat

Input data format  FREE


SUMMARY OF DATA

     Number of missing data patterns             9


COVARIANCE COVERAGE OF DATA

Minimum covariance coverage value   0.100


     PROPORTION OF DATA PRESENT


           Covariance Coverage
              I_Q04B        I_Q04D        I_Q04H        I_Q04J        I_Q04L
              ________      ________      ________      ________      ________
 I_Q04B         0.998
 I_Q04D         0.998         1.000
 I_Q04H         0.997         0.998         0.998
 I_Q04J         0.998         0.999         0.998         0.999
 I_Q04L         0.998         0.999         0.998         0.999         0.999
 I_Q04M         0.998         0.999         0.998         0.999         0.999


           Covariance Coverage
              I_Q04M
              ________
 I_Q04M         1.000


SAMPLE STATISTICS


     ESTIMATED SAMPLE STATISTICS


           Means
              I_Q04B        I_Q04D        I_Q04H        I_Q04J        I_Q04L
              ________      ________      ________      ________      ________
                2.109         2.898         2.624         2.786         2.545


           Means
              I_Q04M
              ________
                2.963


           Covariances
              I_Q04B        I_Q04D        I_Q04H        I_Q04J        I_Q04L
              ________      ________      ________      ________      ________
 I_Q04B         0.879
 I_Q04D         0.380         0.745
 I_Q04H         0.428         0.456         0.772
 I_Q04J         0.321         0.381         0.374         0.919
 I_Q04L         0.392         0.411         0.443         0.614         0.954
 I_Q04M         0.297         0.382         0.369         0.466         0.468


           Covariances
              I_Q04M
              ________
 I_Q04M         0.786


           Correlations
              I_Q04B        I_Q04D        I_Q04H        I_Q04J        I_Q04L
              ________      ________      ________      ________      ________
 I_Q04B         1.000
 I_Q04D         0.469         1.000
 I_Q04H         0.520         0.602         1.000
 I_Q04J         0.358         0.461         0.444         1.000
 I_Q04L         0.429         0.487         0.516         0.656         1.000
 I_Q04M         0.358         0.500         0.474         0.548         0.540


           Correlations
              I_Q04M
              ________
 I_Q04M         1.000


     MAXIMUM LOG-LIKELIHOOD VALUE FOR THE UNRESTRICTED (H1) MODEL IS -40482.411


UNIVARIATE SAMPLE STATISTICS


     UNIVARIATE HIGHER-ORDER MOMENT DESCRIPTIVE STATISTICS

         Variable/         Mean/     Skewness/   Minimum/ % with                Percentiles
        Sample Size      Variance    Kurtosis    Maximum  Min/Max      20%/60%    40%/80%    Median

     I_Q04B                2.110      -0.013       0.000    5.07%       2.000      2.000      2.000
            5951.000       0.879       0.149       4.000    8.47%       2.000      3.000
     I_Q04D                2.899      -0.441       0.000    0.96%       2.000      3.000      3.000
            5962.000       0.744      -0.077       4.000   26.67%       3.000      4.000
     I_Q04H                2.625      -0.248       0.000    1.75%       2.000      2.000      3.000
            5954.000       0.772       0.107       4.000   17.00%       3.000      3.000
     I_Q04J                2.786      -0.592       0.000    2.06%       2.000      3.000      3.000
            5959.000       0.919       0.146       4.000   25.78%       3.000      4.000
     I_Q04L                2.545      -0.391       0.000    3.05%       2.000      2.000      3.000
            5960.000       0.954      -0.033       4.000   17.68%       3.000      3.000
     I_Q04M                2.963      -0.736       0.000    1.43%       2.000      3.000      3.000
            5961.000       0.786       0.520       4.000   30.31%       3.000      4.000


THE MODEL ESTIMATION TERMINATED NORMALLY



MODEL FIT INFORMATION

Number of Free Parameters                       20

Loglikelihood

          H0 Value                      -40906.470
          H0 Scaling Correction Factor      1.7440
            for MLR
          H1 Value                      -40482.411
          H1 Scaling Correction Factor      1.8279
            for MLR

Information Criteria

          Akaike (AIC)                   81852.939
          Bayesian (BIC)                 81986.806
          Sample-Size Adjusted BIC       81923.251
            (n* = (n + 2) / 24)

Chi-Square Test of Model Fit

          Value                            410.219*
          Degrees of Freedom                     7
          P-Value                           0.0000
          Scaling Correction Factor         2.0675
            for MLR

*   The chi-square value for MLM, MLMV, MLR, ULSMV, WLSM and WLSMV cannot be used
    for chi-square difference testing in the regular way.  MLM, MLR and WLSM
    chi-square difference testing is described on the Mplus website.  MLMV, WLSMV,
    and ULSMV difference testing is done using the DIFFTEST option.

RMSEA (Root Mean Square Error Of Approximation)

          Estimate                           0.098
          90 Percent C.I.                    0.090  0.106
          Probability RMSEA <= .05           0.000

CFI/TLI

          CFI                                0.940
          TLI                                0.872

Chi-Square Test of Model Fit for the Baseline Model

          Value                           6743.426
          Degrees of Freedom                    15
          P-Value                           0.0000

SRMR (Standardized Root Mean Square Residual)

          Value                              0.039



MODEL RESULTS

                                                    Two-Tailed
                    Estimate       S.E.  Est./S.E.    P-Value

 CURIOUS  BY
    I_Q04B             1.000      0.000    999.000    999.000
    I_Q04D             1.126      0.035     32.621      0.000
    I_Q04H             1.134      0.036     31.756      0.000
    I_Q04J             1.355      0.047     28.808      0.000
    I_Q04L             1.443      0.048     29.810      0.000
    I_Q04M             1.172      0.042     27.908      0.000

 I_Q04B   WITH
    I_Q04H             0.102      0.011      8.985      0.000
    I_Q04J            -0.046      0.011     -4.365      0.000

 Intercepts
    I_Q04B             2.109      0.014    147.276      0.000
    I_Q04D             2.898      0.013    217.609      0.000
    I_Q04H             2.624      0.014    193.201      0.000
    I_Q04J             2.786      0.015    187.092      0.000
    I_Q04L             2.545      0.015    168.743      0.000
    I_Q04M             2.963      0.014    215.886      0.000

 Variances
    CURIOUS            0.282      0.017     16.681      0.000

 Residual Variances
    I_Q04B             0.594      0.016     36.304      0.000
    I_Q04D             0.387      0.013     30.475      0.000
    I_Q04H             0.410      0.014     28.984      0.000
    I_Q04J             0.401      0.016     24.730      0.000
    I_Q04L             0.368      0.015     24.100      0.000
    I_Q04M             0.400      0.014     28.932      0.000


STANDARDIZED MODEL RESULTS


STDYX Standardization

                                                    Two-Tailed
                    Estimate       S.E.  Est./S.E.    P-Value

 CURIOUS  BY
    I_Q04B             0.567      0.014     40.280      0.000
    I_Q04D             0.693      0.013     53.816      0.000
    I_Q04H             0.685      0.013     50.967      0.000
    I_Q04J             0.750      0.011     65.508      0.000
    I_Q04L             0.784      0.010     76.610      0.000
    I_Q04M             0.701      0.012     57.190      0.000

 I_Q04B   WITH
    I_Q04H             0.207      0.021      9.915      0.000
    I_Q04J            -0.094      0.022     -4.253      0.000

 Intercepts
    I_Q04B             2.253      0.030     74.851      0.000
    I_Q04D             3.359      0.043     77.409      0.000
    I_Q04H             2.986      0.040     75.138      0.000
    I_Q04J             2.906      0.044     66.554      0.000
    I_Q04L             2.605      0.037     71.086      0.000
    I_Q04M             3.341      0.051     65.469      0.000

 Variances
    CURIOUS            1.000      0.000    999.000    999.000

 Residual Variances
    I_Q04B             0.678      0.016     42.484      0.000
    I_Q04D             0.520      0.018     29.153      0.000
    I_Q04H             0.531      0.018     28.875      0.000
    I_Q04J             0.437      0.017     25.400      0.000
    I_Q04L             0.385      0.016     24.019      0.000
    I_Q04M             0.508      0.017     29.547      0.000


STDY Standardization

                                                    Two-Tailed
                    Estimate       S.E.  Est./S.E.    P-Value

 CURIOUS  BY
    I_Q04B             0.567      0.014     40.280      0.000
    I_Q04D             0.693      0.013     53.816      0.000
    I_Q04H             0.685      0.013     50.967      0.000
    I_Q04J             0.750      0.011     65.508      0.000
    I_Q04L             0.784      0.010     76.610      0.000
    I_Q04M             0.701      0.012     57.190      0.000

 I_Q04B   WITH
    I_Q04H             0.207      0.021      9.915      0.000
    I_Q04J            -0.094      0.022     -4.253      0.000

 Intercepts
    I_Q04B             2.253      0.030     74.851      0.000
    I_Q04D             3.359      0.043     77.409      0.000
    I_Q04H             2.986      0.040     75.138      0.000
    I_Q04J             2.906      0.044     66.554      0.000
    I_Q04L             2.605      0.037     71.086      0.000
    I_Q04M             3.341      0.051     65.469      0.000

 Variances
    CURIOUS            1.000      0.000    999.000    999.000

 Residual Variances
    I_Q04B             0.678      0.016     42.484      0.000
    I_Q04D             0.520      0.018     29.153      0.000
    I_Q04H             0.531      0.018     28.875      0.000
    I_Q04J             0.437      0.017     25.400      0.000
    I_Q04L             0.385      0.016     24.019      0.000
    I_Q04M             0.508      0.017     29.547      0.000


R-SQUARE

    Observed                                        Two-Tailed
    Variable        Estimate       S.E.  Est./S.E.    P-Value

    I_Q04B             0.322      0.016     20.140      0.000
    I_Q04D             0.480      0.018     26.908      0.000
    I_Q04H             0.469      0.018     25.483      0.000
    I_Q04J             0.563      0.017     32.754      0.000
    I_Q04L             0.615      0.016     38.305      0.000
    I_Q04M             0.492      0.017     28.595      0.000


QUALITY OF NUMERICAL RESULTS

     Condition Number for the Information Matrix              0.673E-02
       (ratio of smallest to largest eigenvalue)


CONFIDENCE INTERVALS OF MODEL RESULTS

                  Lower .5%  Lower 2.5%    Lower 5%    Estimate    Upper 5%  Upper 2.5%   Upper .5%

 CURIOUS  BY
    I_Q04B           1.000       1.000       1.000       1.000       1.000       1.000       1.000
    I_Q04D           1.037       1.059       1.070       1.126       1.183       1.194       1.215
    I_Q04H           1.042       1.064       1.075       1.134       1.193       1.204       1.226
    I_Q04J           1.234       1.263       1.278       1.355       1.433       1.447       1.476
    I_Q04L           1.318       1.348       1.363       1.443       1.522       1.537       1.567
    I_Q04M           1.064       1.089       1.103       1.172       1.241       1.254       1.280

 I_Q04B   WITH
    I_Q04H           0.073       0.080       0.084       0.102       0.121       0.125       0.132
    I_Q04J          -0.073      -0.067      -0.063      -0.046      -0.029      -0.025      -0.019

 Intercepts
    I_Q04B           2.072       2.081       2.086       2.109       2.133       2.137       2.146
    I_Q04D           2.864       2.872       2.876       2.898       2.920       2.924       2.933
    I_Q04H           2.589       2.598       2.602       2.624       2.647       2.651       2.659
    I_Q04J           2.747       2.756       2.761       2.786       2.810       2.815       2.824
    I_Q04L           2.506       2.515       2.520       2.545       2.570       2.574       2.584
    I_Q04M           2.928       2.936       2.941       2.963       2.986       2.990       2.999

 Variances
    CURIOUS          0.238       0.249       0.254       0.282       0.310       0.315       0.325

 Residual Variances
    I_Q04B           0.552       0.562       0.567       0.594       0.621       0.626       0.636
    I_Q04D           0.355       0.362       0.366       0.387       0.408       0.412       0.420
    I_Q04H           0.374       0.383       0.387       0.410       0.434       0.438       0.447
    I_Q04J           0.359       0.369       0.375       0.401       0.428       0.433       0.443
    I_Q04L           0.328       0.338       0.343       0.368       0.393       0.398       0.407
    I_Q04M           0.364       0.373       0.377       0.400       0.422       0.427       0.435


CONFIDENCE INTERVALS OF STANDARDIZED MODEL RESULTS


STDYX Standardization

                  Lower .5%  Lower 2.5%    Lower 5%    Estimate    Upper 5%  Upper 2.5%   Upper .5%

 CURIOUS  BY
    I_Q04B           0.531       0.540       0.544       0.567       0.590       0.595       0.603
    I_Q04D           0.660       0.668       0.672       0.693       0.714       0.718       0.726
    I_Q04H           0.650       0.658       0.663       0.685       0.707       0.711       0.719
    I_Q04J           0.721       0.728       0.732       0.750       0.769       0.773       0.780
    I_Q04L           0.758       0.764       0.767       0.784       0.801       0.804       0.810
    I_Q04M           0.670       0.677       0.681       0.701       0.721       0.725       0.733

 I_Q04B   WITH
    I_Q04H           0.153       0.166       0.173       0.207       0.242       0.248       0.261
    I_Q04J          -0.151      -0.138      -0.131      -0.094      -0.058      -0.051      -0.037

 Intercepts
    I_Q04B           2.176       2.194       2.204       2.253       2.303       2.312       2.331
    I_Q04D           3.247       3.273       3.287       3.359       3.430       3.444       3.470
    I_Q04H           2.883       2.908       2.920       2.986       3.051       3.064       3.088
    I_Q04J           2.794       2.821       2.835       2.906       2.978       2.992       3.019
    I_Q04L           2.511       2.534       2.545       2.605       2.666       2.677       2.700
    I_Q04M           3.210       3.241       3.257       3.341       3.425       3.441       3.473

 Variances
    CURIOUS          1.000       1.000       1.000       1.000       1.000       1.000       1.000

 Residual Variances
    I_Q04B           0.637       0.647       0.652       0.678       0.705       0.710       0.720
    I_Q04D           0.474       0.485       0.491       0.520       0.549       0.555       0.566
    I_Q04H           0.484       0.495       0.501       0.531       0.561       0.567       0.579
    I_Q04J           0.392       0.403       0.408       0.437       0.465       0.470       0.481
    I_Q04L           0.344       0.354       0.359       0.385       0.412       0.417       0.427
    I_Q04M           0.464       0.474       0.480       0.508       0.536       0.542       0.552


STDY Standardization

                  Lower .5%  Lower 2.5%    Lower 5%    Estimate    Upper 5%  Upper 2.5%   Upper .5%

 CURIOUS  BY
    I_Q04B           0.531       0.540       0.544       0.567       0.590       0.595       0.603
    I_Q04D           0.660       0.668       0.672       0.693       0.714       0.718       0.726
    I_Q04H           0.650       0.658       0.663       0.685       0.707       0.711       0.719
    I_Q04J           0.721       0.728       0.732       0.750       0.769       0.773       0.780
    I_Q04L           0.758       0.764       0.767       0.784       0.801       0.804       0.810
    I_Q04M           0.670       0.677       0.681       0.701       0.721       0.725       0.733

 I_Q04B   WITH
    I_Q04H           0.153       0.166       0.173       0.207       0.242       0.248       0.261
    I_Q04J          -0.151      -0.138      -0.131      -0.094      -0.058      -0.051      -0.037

 Intercepts
    I_Q04B           2.176       2.194       2.204       2.253       2.303       2.312       2.331
    I_Q04D           3.247       3.273       3.287       3.359       3.430       3.444       3.470
    I_Q04H           2.883       2.908       2.920       2.986       3.051       3.064       3.088
    I_Q04J           2.794       2.821       2.835       2.906       2.978       2.992       3.019
    I_Q04L           2.511       2.534       2.545       2.605       2.666       2.677       2.700
    I_Q04M           3.210       3.241       3.257       3.341       3.425       3.441       3.473

 Variances
    CURIOUS          1.000       1.000       1.000       1.000       1.000       1.000       1.000

 Residual Variances
    I_Q04B           0.637       0.647       0.652       0.678       0.705       0.710       0.720
    I_Q04D           0.474       0.485       0.491       0.520       0.549       0.555       0.566
    I_Q04H           0.484       0.495       0.501       0.531       0.561       0.567       0.579
    I_Q04J           0.392       0.403       0.408       0.437       0.465       0.470       0.481
    I_Q04L           0.344       0.354       0.359       0.385       0.412       0.417       0.427
    I_Q04M           0.464       0.474       0.480       0.508       0.536       0.542       0.552


     Beginning Time:  13:34:14
        Ending Time:  13:34:15
       Elapsed Time:  00:00:01



MUTHEN & MUTHEN
3463 Stoner Ave.
Los Angeles, CA  90066

Tel: (310) 391-9971
Fax: (310) 391-8971
Web: www.StatModel.com
Support: Support@StatModel.com

Copyright (c) 1998-2020 Muthen & Muthen
