Mplus VERSION 8.5 (Linux)
MUTHEN & MUTHEN
03/23/2022   1:34 PM

INPUT INSTRUCTIONS


  TITLE:
      One-factor CFA for Slovak Republic


  DATA:
      file = "../../piaac1-all-curiosity.dat"; ! Dataset is saved two layers up


  VARIABLE:
      NAMES =
          CNTRYID
          I_Q04b I_Q04d I_Q04h I_Q04j I_Q04l I_Q04m
          SPFWT0
          HDI2012 UAI
          ;

      USEVARIABLES = I_Q04b I_Q04d I_Q04h I_Q04j I_Q04l I_Q04m;

      USEOBSERVATIONS = CNTRYID eq 703;

      MISSING = all(-99);

      ! Final participant weight
  	WEIGHT = SPFWT0;


  ANALYSIS:
      ESTIMATOR = MLR;


  MODEL:
      CURIOUS by I_Q04b I_Q04d I_Q04h I_Q04j I_Q04l I_Q04m;

      I_Q04b with I_Q04h;
      I_Q04b with I_Q04j;

  OUTPUT:
      stdyx stdy sampstat cinterval;



*** WARNING
  Data set contains cases with missing on all variables.
  These cases were not included in the analysis.
  Number of cases with missing on all variables:  31
   1 WARNING(S) FOUND IN THE INPUT INSTRUCTIONS




One-factor CFA for Slovak Republic

SUMMARY OF ANALYSIS

Number of groups                                                 1
Number of observations                                        5692

Number of dependent variables                                    6
Number of independent variables                                  0
Number of continuous latent variables                            1

Observed dependent variables

  Continuous
   I_Q04B      I_Q04D      I_Q04H      I_Q04J      I_Q04L      I_Q04M

Continuous latent variables
   CURIOUS

Variables with special functions

  Weight variable       SPFWT0

Estimator                                                      MLR
Information matrix                                        OBSERVED
Maximum number of iterations                                  1000
Convergence criterion                                    0.500D-04
Maximum number of steepest descent iterations                   20
Maximum number of iterations for H1                           2000
Convergence criterion for H1                             0.100D-03

Input data file(s)
  ../../piaac1-all-curiosity.dat

Input data format  FREE


SUMMARY OF DATA

     Number of missing data patterns            10


COVARIANCE COVERAGE OF DATA

Minimum covariance coverage value   0.100


     PROPORTION OF DATA PRESENT


           Covariance Coverage
              I_Q04B        I_Q04D        I_Q04H        I_Q04J        I_Q04L
              ________      ________      ________      ________      ________
 I_Q04B         0.999
 I_Q04D         0.999         1.000
 I_Q04H         0.998         0.999         0.999
 I_Q04J         0.998         0.999         0.997         0.999
 I_Q04L         0.997         0.998         0.997         0.997         0.998
 I_Q04M         0.998         0.999         0.998         0.998         0.998


           Covariance Coverage
              I_Q04M
              ________
 I_Q04M         0.999


SAMPLE STATISTICS


     ESTIMATED SAMPLE STATISTICS


           Means
              I_Q04B        I_Q04D        I_Q04H        I_Q04J        I_Q04L
              ________      ________      ________      ________      ________
                2.287         2.728         2.698         2.637         2.620


           Means
              I_Q04M
              ________
                2.875


           Covariances
              I_Q04B        I_Q04D        I_Q04H        I_Q04J        I_Q04L
              ________      ________      ________      ________      ________
 I_Q04B         0.990
 I_Q04D         0.578         0.957
 I_Q04H         0.587         0.693         0.950
 I_Q04J         0.587         0.629         0.661         1.242
 I_Q04L         0.594         0.643         0.695         0.884         1.114
 I_Q04M         0.497         0.621         0.632         0.745         0.743


           Covariances
              I_Q04M
              ________
 I_Q04M         0.999


           Correlations
              I_Q04B        I_Q04D        I_Q04H        I_Q04J        I_Q04L
              ________      ________      ________      ________      ________
 I_Q04B         1.000
 I_Q04D         0.594         1.000
 I_Q04H         0.605         0.727         1.000
 I_Q04J         0.529         0.577         0.608         1.000
 I_Q04L         0.566         0.623         0.676         0.752         1.000
 I_Q04M         0.499         0.635         0.649         0.669         0.704


           Correlations
              I_Q04M
              ________
 I_Q04M         1.000


     MAXIMUM LOG-LIKELIHOOD VALUE FOR THE UNRESTRICTED (H1) MODEL IS -38170.806


UNIVARIATE SAMPLE STATISTICS


     UNIVARIATE HIGHER-ORDER MOMENT DESCRIPTIVE STATISTICS

         Variable/         Mean/     Skewness/   Minimum/ % with                Percentiles
        Sample Size      Variance    Kurtosis    Maximum  Min/Max      20%/60%    40%/80%    Median

     I_Q04B                2.287      -0.051       0.000    4.11%       2.000      2.000      2.000
            5687.000       0.990      -0.296       4.000   12.50%       2.000      3.000
     I_Q04D                2.729      -0.408       0.000    2.02%       2.000      2.000      3.000
            5691.000       0.957      -0.320       4.000   23.86%       3.000      4.000
     I_Q04H                2.699      -0.419       0.000    2.45%       2.000      2.000      3.000
            5684.000       0.950      -0.210       4.000   21.76%       3.000      4.000
     I_Q04J                2.638      -0.475       0.000    4.66%       2.000      2.000      3.000
            5685.000       1.241      -0.522       4.000   25.33%       3.000      4.000
     I_Q04L                2.620      -0.422       0.000    3.98%       2.000      2.000      3.000
            5681.000       1.114      -0.428       4.000   22.18%       3.000      4.000
     I_Q04M                2.876      -0.667       0.000    2.51%       2.000      3.000      3.000
            5687.000       0.999      -0.074       4.000   30.03%       3.000      4.000


THE MODEL ESTIMATION TERMINATED NORMALLY



MODEL FIT INFORMATION

Number of Free Parameters                       20

Loglikelihood

          H0 Value                      -38687.649
          H0 Scaling Correction Factor      1.4200
            for MLR
          H1 Value                      -38170.806
          H1 Scaling Correction Factor      1.5226
            for MLR

Information Criteria

          Akaike (AIC)                   77415.298
          Bayesian (BIC)                 77548.234
          Sample-Size Adjusted BIC       77484.680
            (n* = (n + 2) / 24)

Chi-Square Test of Model Fit

          Value                            569.269*
          Degrees of Freedom                     7
          P-Value                           0.0000
          Scaling Correction Factor         1.8158
            for MLR

*   The chi-square value for MLM, MLMV, MLR, ULSMV, WLSM and WLSMV cannot be used
    for chi-square difference testing in the regular way.  MLM, MLR and WLSM
    chi-square difference testing is described on the Mplus website.  MLMV, WLSMV,
    and ULSMV difference testing is done using the DIFFTEST option.

RMSEA (Root Mean Square Error Of Approximation)

          Estimate                           0.119
          90 Percent C.I.                    0.111  0.127
          Probability RMSEA <= .05           0.000

CFI/TLI

          CFI                                0.952
          TLI                                0.896

Chi-Square Test of Model Fit for the Baseline Model

          Value                          11615.311
          Degrees of Freedom                    15
          P-Value                           0.0000

SRMR (Standardized Root Mean Square Residual)

          Value                              0.032



MODEL RESULTS

                                                    Two-Tailed
                    Estimate       S.E.  Est./S.E.    P-Value

 CURIOUS  BY
    I_Q04B             1.000      0.000    999.000    999.000
    I_Q04D             1.149      0.022     51.091      0.000
    I_Q04H             1.188      0.023     51.790      0.000
    I_Q04J             1.358      0.029     47.468      0.000
    I_Q04L             1.368      0.028     48.544      0.000
    I_Q04M             1.221      0.028     43.896      0.000

 I_Q04B   WITH
    I_Q04H             0.063      0.010      6.418      0.000
    I_Q04J            -0.002      0.010     -0.173      0.863

 Intercepts
    I_Q04B             2.287      0.015    156.188      0.000
    I_Q04D             2.728      0.014    190.784      0.000
    I_Q04H             2.698      0.014    189.740      0.000
    I_Q04J             2.637      0.016    162.631      0.000
    I_Q04L             2.620      0.015    171.238      0.000
    I_Q04M             2.875      0.014    200.439      0.000

 Variances
    CURIOUS            0.441      0.018     23.878      0.000

 Residual Variances
    I_Q04B             0.549      0.015     35.783      0.000
    I_Q04D             0.375      0.012     30.228      0.000
    I_Q04H             0.328      0.013     26.162      0.000
    I_Q04J             0.429      0.015     27.766      0.000
    I_Q04L             0.289      0.012     24.807      0.000
    I_Q04M             0.342      0.011     31.081      0.000


STANDARDIZED MODEL RESULTS


STDYX Standardization

                                                    Two-Tailed
                    Estimate       S.E.  Est./S.E.    P-Value

 CURIOUS  BY
    I_Q04B             0.667      0.011     61.657      0.000
    I_Q04D             0.780      0.009     89.945      0.000
    I_Q04H             0.809      0.008     95.761      0.000
    I_Q04J             0.809      0.008    107.765      0.000
    I_Q04L             0.860      0.006    137.865      0.000
    I_Q04M             0.811      0.007    111.691      0.000

 I_Q04B   WITH
    I_Q04H             0.149      0.021      7.016      0.000
    I_Q04J            -0.003      0.020     -0.173      0.863

 Intercepts
    I_Q04B             2.298      0.027     86.340      0.000
    I_Q04D             2.789      0.033     83.948      0.000
    I_Q04H             2.768      0.033     83.627      0.000
    I_Q04J             2.366      0.029     81.881      0.000
    I_Q04L             2.482      0.029     84.890      0.000
    I_Q04M             2.876      0.036     80.253      0.000

 Variances
    CURIOUS            1.000      0.000    999.000    999.000

 Residual Variances
    I_Q04B             0.555      0.014     38.435      0.000
    I_Q04D             0.392      0.014     29.007      0.000
    I_Q04H             0.345      0.014     25.253      0.000
    I_Q04J             0.346      0.012     28.482      0.000
    I_Q04L             0.260      0.011     24.199      0.000
    I_Q04M             0.342      0.012     29.057      0.000


STDY Standardization

                                                    Two-Tailed
                    Estimate       S.E.  Est./S.E.    P-Value

 CURIOUS  BY
    I_Q04B             0.667      0.011     61.657      0.000
    I_Q04D             0.780      0.009     89.945      0.000
    I_Q04H             0.809      0.008     95.761      0.000
    I_Q04J             0.809      0.008    107.765      0.000
    I_Q04L             0.860      0.006    137.865      0.000
    I_Q04M             0.811      0.007    111.691      0.000

 I_Q04B   WITH
    I_Q04H             0.149      0.021      7.016      0.000
    I_Q04J            -0.003      0.020     -0.173      0.863

 Intercepts
    I_Q04B             2.298      0.027     86.340      0.000
    I_Q04D             2.789      0.033     83.948      0.000
    I_Q04H             2.768      0.033     83.627      0.000
    I_Q04J             2.366      0.029     81.881      0.000
    I_Q04L             2.482      0.029     84.890      0.000
    I_Q04M             2.876      0.036     80.253      0.000

 Variances
    CURIOUS            1.000      0.000    999.000    999.000

 Residual Variances
    I_Q04B             0.555      0.014     38.435      0.000
    I_Q04D             0.392      0.014     29.007      0.000
    I_Q04H             0.345      0.014     25.253      0.000
    I_Q04J             0.346      0.012     28.482      0.000
    I_Q04L             0.260      0.011     24.199      0.000
    I_Q04M             0.342      0.012     29.057      0.000


R-SQUARE

    Observed                                        Two-Tailed
    Variable        Estimate       S.E.  Est./S.E.    P-Value

    I_Q04B             0.445      0.014     30.828      0.000
    I_Q04D             0.608      0.014     44.973      0.000
    I_Q04H             0.655      0.014     47.881      0.000
    I_Q04J             0.654      0.012     53.882      0.000
    I_Q04L             0.740      0.011     68.932      0.000
    I_Q04M             0.658      0.012     55.845      0.000


QUALITY OF NUMERICAL RESULTS

     Condition Number for the Information Matrix              0.110E-01
       (ratio of smallest to largest eigenvalue)


CONFIDENCE INTERVALS OF MODEL RESULTS

                  Lower .5%  Lower 2.5%    Lower 5%    Estimate    Upper 5%  Upper 2.5%   Upper .5%

 CURIOUS  BY
    I_Q04B           1.000       1.000       1.000       1.000       1.000       1.000       1.000
    I_Q04D           1.091       1.105       1.112       1.149       1.186       1.193       1.207
    I_Q04H           1.129       1.143       1.150       1.188       1.226       1.233       1.247
    I_Q04J           1.284       1.302       1.311       1.358       1.405       1.414       1.431
    I_Q04L           1.295       1.313       1.321       1.368       1.414       1.423       1.440
    I_Q04M           1.150       1.167       1.176       1.221       1.267       1.276       1.293

 I_Q04B   WITH
    I_Q04H           0.038       0.044       0.047       0.063       0.080       0.083       0.089
    I_Q04J          -0.026      -0.020      -0.017      -0.002       0.014       0.017       0.023

 Intercepts
    I_Q04B           2.249       2.258       2.263       2.287       2.311       2.316       2.325
    I_Q04D           2.692       2.700       2.705       2.728       2.752       2.756       2.765
    I_Q04H           2.662       2.670       2.675       2.698       2.722       2.726       2.735
    I_Q04J           2.595       2.605       2.610       2.637       2.663       2.669       2.679
    I_Q04L           2.580       2.590       2.595       2.620       2.645       2.650       2.659
    I_Q04M           2.838       2.847       2.852       2.875       2.899       2.903       2.912

 Variances
    CURIOUS          0.393       0.405       0.410       0.441       0.471       0.477       0.488

 Residual Variances
    I_Q04B           0.510       0.519       0.524       0.549       0.575       0.580       0.589
    I_Q04D           0.343       0.351       0.355       0.375       0.396       0.400       0.407
    I_Q04H           0.296       0.303       0.307       0.328       0.349       0.353       0.360
    I_Q04J           0.390       0.399       0.404       0.429       0.455       0.460       0.469
    I_Q04L           0.259       0.267       0.270       0.289       0.309       0.312       0.319
    I_Q04M           0.314       0.320       0.324       0.342       0.360       0.364       0.370


CONFIDENCE INTERVALS OF STANDARDIZED MODEL RESULTS


STDYX Standardization

                  Lower .5%  Lower 2.5%    Lower 5%    Estimate    Upper 5%  Upper 2.5%   Upper .5%

 CURIOUS  BY
    I_Q04B           0.639       0.646       0.649       0.667       0.685       0.688       0.695
    I_Q04D           0.757       0.763       0.765       0.780       0.794       0.797       0.802
    I_Q04H           0.787       0.793       0.795       0.809       0.823       0.826       0.831
    I_Q04J           0.789       0.794       0.796       0.809       0.821       0.824       0.828
    I_Q04L           0.844       0.848       0.850       0.860       0.871       0.873       0.876
    I_Q04M           0.792       0.797       0.799       0.811       0.823       0.825       0.830

 I_Q04B   WITH
    I_Q04H           0.094       0.107       0.114       0.149       0.184       0.191       0.204
    I_Q04J          -0.054      -0.042      -0.036      -0.003       0.029       0.035       0.047

 Intercepts
    I_Q04B           2.230       2.246       2.254       2.298       2.342       2.350       2.367
    I_Q04D           2.703       2.724       2.734       2.789       2.843       2.854       2.874
    I_Q04H           2.683       2.703       2.714       2.768       2.823       2.833       2.854
    I_Q04J           2.292       2.310       2.319       2.366       2.414       2.423       2.441
    I_Q04L           2.407       2.425       2.434       2.482       2.530       2.539       2.557
    I_Q04M           2.784       2.806       2.817       2.876       2.935       2.946       2.969

 Variances
    CURIOUS          1.000       1.000       1.000       1.000       1.000       1.000       1.000

 Residual Variances
    I_Q04B           0.518       0.527       0.531       0.555       0.579       0.583       0.592
    I_Q04D           0.357       0.366       0.370       0.392       0.414       0.419       0.427
    I_Q04H           0.310       0.318       0.323       0.345       0.368       0.372       0.381
    I_Q04J           0.315       0.322       0.326       0.346       0.366       0.370       0.377
    I_Q04L           0.232       0.239       0.242       0.260       0.278       0.281       0.287
    I_Q04M           0.312       0.319       0.323       0.342       0.362       0.365       0.373


STDY Standardization

                  Lower .5%  Lower 2.5%    Lower 5%    Estimate    Upper 5%  Upper 2.5%   Upper .5%

 CURIOUS  BY
    I_Q04B           0.639       0.646       0.649       0.667       0.685       0.688       0.695
    I_Q04D           0.757       0.763       0.765       0.780       0.794       0.797       0.802
    I_Q04H           0.787       0.793       0.795       0.809       0.823       0.826       0.831
    I_Q04J           0.789       0.794       0.796       0.809       0.821       0.824       0.828
    I_Q04L           0.844       0.848       0.850       0.860       0.871       0.873       0.876
    I_Q04M           0.792       0.797       0.799       0.811       0.823       0.825       0.830

 I_Q04B   WITH
    I_Q04H           0.094       0.107       0.114       0.149       0.184       0.191       0.204
    I_Q04J          -0.054      -0.042      -0.036      -0.003       0.029       0.035       0.047

 Intercepts
    I_Q04B           2.230       2.246       2.254       2.298       2.342       2.350       2.367
    I_Q04D           2.703       2.724       2.734       2.789       2.843       2.854       2.874
    I_Q04H           2.683       2.703       2.714       2.768       2.823       2.833       2.854
    I_Q04J           2.292       2.310       2.319       2.366       2.414       2.423       2.441
    I_Q04L           2.407       2.425       2.434       2.482       2.530       2.539       2.557
    I_Q04M           2.784       2.806       2.817       2.876       2.935       2.946       2.969

 Variances
    CURIOUS          1.000       1.000       1.000       1.000       1.000       1.000       1.000

 Residual Variances
    I_Q04B           0.518       0.527       0.531       0.555       0.579       0.583       0.592
    I_Q04D           0.357       0.366       0.370       0.392       0.414       0.419       0.427
    I_Q04H           0.310       0.318       0.323       0.345       0.368       0.372       0.381
    I_Q04J           0.315       0.322       0.326       0.346       0.366       0.370       0.377
    I_Q04L           0.232       0.239       0.242       0.260       0.278       0.281       0.287
    I_Q04M           0.312       0.319       0.323       0.342       0.362       0.365       0.373


     Beginning Time:  13:34:26
        Ending Time:  13:34:26
       Elapsed Time:  00:00:00



MUTHEN & MUTHEN
3463 Stoner Ave.
Los Angeles, CA  90066

Tel: (310) 391-9971
Fax: (310) 391-8971
Web: www.StatModel.com
Support: Support@StatModel.com

Copyright (c) 1998-2020 Muthen & Muthen
