Mplus VERSION 8.5 (Linux)
MUTHEN & MUTHEN
03/23/2022   1:34 PM

INPUT INSTRUCTIONS


  TITLE:
      One-factor CFA for the United States


  DATA:
      file = "../../piaac1-all-curiosity.dat"; ! Dataset is saved two layers up


  VARIABLE:
      NAMES =
          CNTRYID
          I_Q04b I_Q04d I_Q04h I_Q04j I_Q04l I_Q04m
          SPFWT0
          HDI2012 UAI
          ;

      USEVARIABLES = I_Q04b I_Q04d I_Q04h I_Q04j I_Q04l I_Q04m;

      USEOBSERVATIONS = CNTRYID eq 840;

      MISSING = all(-99);

      ! Final participant weight
  	WEIGHT = SPFWT0;


  ANALYSIS:
      ESTIMATOR = MLR;


  MODEL:
      CURIOUS by I_Q04b I_Q04d I_Q04h I_Q04j I_Q04l I_Q04m;

      I_Q04b with I_Q04h;
      I_Q04b with I_Q04j;

  OUTPUT:
      stdyx stdy sampstat cinterval;



*** WARNING
  Data set contains cases with missing on all variables.
  These cases were not included in the analysis.
  Number of cases with missing on all variables:  114
   1 WARNING(S) FOUND IN THE INPUT INSTRUCTIONS




One-factor CFA for the United States

SUMMARY OF ANALYSIS

Number of groups                                                 1
Number of observations                                        4896

Number of dependent variables                                    6
Number of independent variables                                  0
Number of continuous latent variables                            1

Observed dependent variables

  Continuous
   I_Q04B      I_Q04D      I_Q04H      I_Q04J      I_Q04L      I_Q04M

Continuous latent variables
   CURIOUS

Variables with special functions

  Weight variable       SPFWT0

Estimator                                                      MLR
Information matrix                                        OBSERVED
Maximum number of iterations                                  1000
Convergence criterion                                    0.500D-04
Maximum number of steepest descent iterations                   20
Maximum number of iterations for H1                           2000
Convergence criterion for H1                             0.100D-03

Input data file(s)
  ../../piaac1-all-curiosity.dat

Input data format  FREE


SUMMARY OF DATA

     Number of missing data patterns             3


COVARIANCE COVERAGE OF DATA

Minimum covariance coverage value   0.100


     PROPORTION OF DATA PRESENT


           Covariance Coverage
              I_Q04B        I_Q04D        I_Q04H        I_Q04J        I_Q04L
              ________      ________      ________      ________      ________
 I_Q04B         1.000
 I_Q04D         1.000         1.000
 I_Q04H         0.999         1.000         1.000
 I_Q04J         1.000         1.000         1.000         1.000
 I_Q04L         1.000         1.000         1.000         1.000         1.000
 I_Q04M         1.000         1.000         1.000         1.000         1.000


           Covariance Coverage
              I_Q04M
              ________
 I_Q04M         1.000


SAMPLE STATISTICS


     ESTIMATED SAMPLE STATISTICS


           Means
              I_Q04B        I_Q04D        I_Q04H        I_Q04J        I_Q04L
              ________      ________      ________      ________      ________
                2.463         3.235         2.899         2.969         2.788


           Means
              I_Q04M
              ________
                3.169


           Covariances
              I_Q04B        I_Q04D        I_Q04H        I_Q04J        I_Q04L
              ________      ________      ________      ________      ________
 I_Q04B         0.932
 I_Q04D         0.397         0.691
 I_Q04H         0.505         0.403         0.791
 I_Q04J         0.351         0.383         0.392         0.895
 I_Q04L         0.440         0.423         0.459         0.589         0.926
 I_Q04M         0.309         0.356         0.331         0.414         0.430


           Covariances
              I_Q04M
              ________
 I_Q04M         0.719


           Correlations
              I_Q04B        I_Q04D        I_Q04H        I_Q04J        I_Q04L
              ________      ________      ________      ________      ________
 I_Q04B         1.000
 I_Q04D         0.495         1.000
 I_Q04H         0.588         0.545         1.000
 I_Q04J         0.385         0.488         0.466         1.000
 I_Q04L         0.474         0.528         0.536         0.647         1.000
 I_Q04M         0.377         0.505         0.440         0.517         0.527


           Correlations
              I_Q04M
              ________
 I_Q04M         1.000


     MAXIMUM LOG-LIKELIHOOD VALUE FOR THE UNRESTRICTED (H1) MODEL IS -32825.516


UNIVARIATE SAMPLE STATISTICS


     UNIVARIATE HIGHER-ORDER MOMENT DESCRIPTIVE STATISTICS

         Variable/         Mean/     Skewness/   Minimum/ % with                Percentiles
        Sample Size      Variance    Kurtosis    Maximum  Min/Max      20%/60%    40%/80%    Median

     I_Q04B                2.463      -0.142       0.000    2.84%       2.000      2.000      2.000
            4894.000       0.932      -0.209       4.000   16.67%       3.000      3.000
     I_Q04D                3.235      -0.884       0.000    0.49%       3.000      3.000      3.000
            4896.000       0.691       0.372       4.000   45.77%       4.000      4.000
     I_Q04H                2.899      -0.500       0.000    1.08%       2.000      3.000      3.000
            4894.000       0.790      -0.022       4.000   28.57%       3.000      4.000
     I_Q04J                2.969      -0.680       0.000    1.37%       2.000      3.000      3.000
            4896.000       0.895       0.049       4.000   34.82%       3.000      4.000
     I_Q04L                2.788      -0.430       0.000    1.59%       2.000      3.000      3.000
            4896.000       0.926      -0.293       4.000   27.21%       3.000      4.000
     I_Q04M                3.169      -0.872       0.000    0.82%       2.000      3.000      3.000
            4896.000       0.719       0.546       4.000   41.09%       4.000      4.000


THE MODEL ESTIMATION TERMINATED NORMALLY



MODEL FIT INFORMATION

Number of Free Parameters                       20

Loglikelihood

          H0 Value                      -32981.956
          H0 Scaling Correction Factor      1.5231
            for MLR
          H1 Value                      -32825.516
          H1 Scaling Correction Factor      1.6006
            for MLR

Information Criteria

          Akaike (AIC)                   66003.912
          Bayesian (BIC)                 66133.836
          Sample-Size Adjusted BIC       66070.283
            (n* = (n + 2) / 24)

Chi-Square Test of Model Fit

          Value                            171.725*
          Degrees of Freedom                     7
          P-Value                           0.0000
          Scaling Correction Factor         1.8220
            for MLR

*   The chi-square value for MLM, MLMV, MLR, ULSMV, WLSM and WLSMV cannot be used
    for chi-square difference testing in the regular way.  MLM, MLR and WLSM
    chi-square difference testing is described on the Mplus website.  MLMV, WLSMV,
    and ULSMV difference testing is done using the DIFFTEST option.

RMSEA (Root Mean Square Error Of Approximation)

          Estimate                           0.069
          90 Percent C.I.                    0.061  0.078
          Probability RMSEA <= .05           0.000

CFI/TLI

          CFI                                0.974
          TLI                                0.945

Chi-Square Test of Model Fit for the Baseline Model

          Value                           6419.775
          Degrees of Freedom                    15
          P-Value                           0.0000

SRMR (Standardized Root Mean Square Residual)

          Value                              0.026



MODEL RESULTS

                                                    Two-Tailed
                    Estimate       S.E.  Est./S.E.    P-Value

 CURIOUS  BY
    I_Q04B             1.000      0.000    999.000    999.000
    I_Q04D             0.994      0.029     34.804      0.000
    I_Q04H             1.017      0.027     38.175      0.000
    I_Q04J             1.207      0.039     31.115      0.000
    I_Q04L             1.307      0.040     32.939      0.000
    I_Q04M             0.965      0.035     27.480      0.000

 I_Q04B   WITH
    I_Q04H             0.146      0.012     11.802      0.000
    I_Q04J            -0.057      0.010     -5.658      0.000

 Intercepts
    I_Q04B             2.463      0.015    160.113      0.000
    I_Q04D             3.235      0.013    243.108      0.000
    I_Q04H             2.899      0.014    203.923      0.000
    I_Q04J             2.969      0.015    194.119      0.000
    I_Q04L             2.788      0.015    179.905      0.000
    I_Q04M             3.169      0.014    233.319      0.000

 Variances
    CURIOUS            0.348      0.020     17.633      0.000

 Residual Variances
    I_Q04B             0.581      0.018     32.691      0.000
    I_Q04D             0.347      0.012     29.847      0.000
    I_Q04H             0.431      0.014     30.421      0.000
    I_Q04J             0.388      0.015     26.195      0.000
    I_Q04L             0.332      0.014     23.254      0.000
    I_Q04M             0.395      0.013     29.466      0.000


STANDARDIZED MODEL RESULTS


STDYX Standardization

                                                    Two-Tailed
                    Estimate       S.E.  Est./S.E.    P-Value

 CURIOUS  BY
    I_Q04B             0.612      0.014     42.443      0.000
    I_Q04D             0.705      0.012     60.433      0.000
    I_Q04H             0.674      0.013     51.686      0.000
    I_Q04J             0.753      0.011     69.634      0.000
    I_Q04L             0.801      0.010     83.641      0.000
    I_Q04M             0.671      0.013     49.736      0.000

 I_Q04B   WITH
    I_Q04H             0.292      0.021     14.162      0.000
    I_Q04J            -0.119      0.022     -5.447      0.000

 Intercepts
    I_Q04B             2.556      0.033     76.814      0.000
    I_Q04D             3.892      0.060     65.028      0.000
    I_Q04H             3.260      0.045     72.405      0.000
    I_Q04J             3.139      0.047     66.805      0.000
    I_Q04L             2.896      0.039     74.324      0.000
    I_Q04M             3.738      0.058     64.635      0.000

 Variances
    CURIOUS            1.000      0.000    999.000    999.000

 Residual Variances
    I_Q04B             0.625      0.018     35.425      0.000
    I_Q04D             0.502      0.016     30.511      0.000
    I_Q04H             0.545      0.018     30.965      0.000
    I_Q04J             0.433      0.016     26.641      0.000
    I_Q04L             0.359      0.015     23.380      0.000
    I_Q04M             0.550      0.018     30.338      0.000


STDY Standardization

                                                    Two-Tailed
                    Estimate       S.E.  Est./S.E.    P-Value

 CURIOUS  BY
    I_Q04B             0.612      0.014     42.443      0.000
    I_Q04D             0.705      0.012     60.433      0.000
    I_Q04H             0.674      0.013     51.686      0.000
    I_Q04J             0.753      0.011     69.634      0.000
    I_Q04L             0.801      0.010     83.641      0.000
    I_Q04M             0.671      0.013     49.736      0.000

 I_Q04B   WITH
    I_Q04H             0.292      0.021     14.162      0.000
    I_Q04J            -0.119      0.022     -5.447      0.000

 Intercepts
    I_Q04B             2.556      0.033     76.814      0.000
    I_Q04D             3.892      0.060     65.028      0.000
    I_Q04H             3.260      0.045     72.405      0.000
    I_Q04J             3.139      0.047     66.805      0.000
    I_Q04L             2.896      0.039     74.324      0.000
    I_Q04M             3.738      0.058     64.635      0.000

 Variances
    CURIOUS            1.000      0.000    999.000    999.000

 Residual Variances
    I_Q04B             0.625      0.018     35.425      0.000
    I_Q04D             0.502      0.016     30.511      0.000
    I_Q04H             0.545      0.018     30.965      0.000
    I_Q04J             0.433      0.016     26.641      0.000
    I_Q04L             0.359      0.015     23.380      0.000
    I_Q04M             0.550      0.018     30.338      0.000


R-SQUARE

    Observed                                        Two-Tailed
    Variable        Estimate       S.E.  Est./S.E.    P-Value

    I_Q04B             0.375      0.018     21.222      0.000
    I_Q04D             0.498      0.016     30.217      0.000
    I_Q04H             0.455      0.018     25.843      0.000
    I_Q04J             0.567      0.016     34.817      0.000
    I_Q04L             0.641      0.015     41.820      0.000
    I_Q04M             0.450      0.018     24.868      0.000


QUALITY OF NUMERICAL RESULTS

     Condition Number for the Information Matrix              0.870E-02
       (ratio of smallest to largest eigenvalue)


CONFIDENCE INTERVALS OF MODEL RESULTS

                  Lower .5%  Lower 2.5%    Lower 5%    Estimate    Upper 5%  Upper 2.5%   Upper .5%

 CURIOUS  BY
    I_Q04B           1.000       1.000       1.000       1.000       1.000       1.000       1.000
    I_Q04D           0.921       0.938       0.947       0.994       1.041       1.050       1.068
    I_Q04H           0.948       0.965       0.973       1.017       1.061       1.069       1.085
    I_Q04J           1.107       1.131       1.143       1.207       1.271       1.283       1.307
    I_Q04L           1.205       1.229       1.242       1.307       1.372       1.385       1.409
    I_Q04M           0.875       0.896       0.907       0.965       1.023       1.034       1.055

 I_Q04B   WITH
    I_Q04H           0.114       0.122       0.126       0.146       0.166       0.170       0.178
    I_Q04J          -0.082      -0.076      -0.073      -0.057      -0.040      -0.037      -0.031

 Intercepts
    I_Q04B           2.423       2.433       2.438       2.463       2.488       2.493       2.503
    I_Q04D           3.201       3.209       3.213       3.235       3.257       3.261       3.269
    I_Q04H           2.862       2.871       2.876       2.899       2.922       2.927       2.936
    I_Q04J           2.929       2.939       2.944       2.969       2.994       2.999       3.008
    I_Q04L           2.748       2.757       2.762       2.788       2.813       2.818       2.828
    I_Q04M           3.134       3.142       3.147       3.169       3.191       3.196       3.204

 Variances
    CURIOUS          0.297       0.309       0.315       0.348       0.380       0.386       0.399

 Residual Variances
    I_Q04B           0.535       0.546       0.551       0.581       0.610       0.615       0.626
    I_Q04D           0.317       0.324       0.328       0.347       0.366       0.370       0.377
    I_Q04H           0.394       0.403       0.408       0.431       0.454       0.459       0.467
    I_Q04J           0.350       0.359       0.363       0.388       0.412       0.417       0.426
    I_Q04L           0.295       0.304       0.309       0.332       0.356       0.360       0.369
    I_Q04M           0.361       0.369       0.373       0.395       0.417       0.421       0.430


CONFIDENCE INTERVALS OF STANDARDIZED MODEL RESULTS


STDYX Standardization

                  Lower .5%  Lower 2.5%    Lower 5%    Estimate    Upper 5%  Upper 2.5%   Upper .5%

 CURIOUS  BY
    I_Q04B           0.575       0.584       0.588       0.612       0.636       0.640       0.649
    I_Q04D           0.675       0.683       0.686       0.705       0.725       0.728       0.735
    I_Q04H           0.641       0.649       0.653       0.674       0.696       0.700       0.708
    I_Q04J           0.725       0.731       0.735       0.753       0.770       0.774       0.781
    I_Q04L           0.776       0.782       0.785       0.801       0.817       0.820       0.826
    I_Q04M           0.636       0.645       0.649       0.671       0.693       0.698       0.706

 I_Q04B   WITH
    I_Q04H           0.239       0.252       0.258       0.292       0.326       0.332       0.345
    I_Q04J          -0.176      -0.162      -0.155      -0.119      -0.083      -0.076      -0.063

 Intercepts
    I_Q04B           2.470       2.491       2.501       2.556       2.611       2.621       2.642
    I_Q04D           3.737       3.774       3.793       3.892       3.990       4.009       4.046
    I_Q04H           3.144       3.172       3.186       3.260       3.335       3.349       3.376
    I_Q04J           3.018       3.047       3.061       3.139       3.216       3.231       3.260
    I_Q04L           2.796       2.820       2.832       2.896       2.961       2.973       2.997
    I_Q04M           3.589       3.624       3.642       3.738       3.833       3.851       3.887

 Variances
    CURIOUS          1.000       1.000       1.000       1.000       1.000       1.000       1.000

 Residual Variances
    I_Q04B           0.580       0.591       0.596       0.625       0.654       0.660       0.671
    I_Q04D           0.460       0.470       0.475       0.502       0.530       0.535       0.545
    I_Q04H           0.500       0.511       0.516       0.545       0.574       0.580       0.590
    I_Q04J           0.392       0.402       0.407       0.433       0.460       0.465       0.475
    I_Q04L           0.319       0.329       0.333       0.359       0.384       0.389       0.398
    I_Q04M           0.503       0.514       0.520       0.550       0.579       0.585       0.596


STDY Standardization

                  Lower .5%  Lower 2.5%    Lower 5%    Estimate    Upper 5%  Upper 2.5%   Upper .5%

 CURIOUS  BY
    I_Q04B           0.575       0.584       0.588       0.612       0.636       0.640       0.649
    I_Q04D           0.675       0.683       0.686       0.705       0.725       0.728       0.735
    I_Q04H           0.641       0.649       0.653       0.674       0.696       0.700       0.708
    I_Q04J           0.725       0.731       0.735       0.753       0.770       0.774       0.781
    I_Q04L           0.776       0.782       0.785       0.801       0.817       0.820       0.826
    I_Q04M           0.636       0.645       0.649       0.671       0.693       0.698       0.706

 I_Q04B   WITH
    I_Q04H           0.239       0.252       0.258       0.292       0.326       0.332       0.345
    I_Q04J          -0.176      -0.162      -0.155      -0.119      -0.083      -0.076      -0.063

 Intercepts
    I_Q04B           2.470       2.491       2.501       2.556       2.611       2.621       2.642
    I_Q04D           3.737       3.774       3.793       3.892       3.990       4.009       4.046
    I_Q04H           3.144       3.172       3.186       3.260       3.335       3.349       3.376
    I_Q04J           3.018       3.047       3.061       3.139       3.216       3.231       3.260
    I_Q04L           2.796       2.820       2.832       2.896       2.961       2.973       2.997
    I_Q04M           3.589       3.624       3.642       3.738       3.833       3.851       3.887

 Variances
    CURIOUS          1.000       1.000       1.000       1.000       1.000       1.000       1.000

 Residual Variances
    I_Q04B           0.580       0.591       0.596       0.625       0.654       0.660       0.671
    I_Q04D           0.460       0.470       0.475       0.502       0.530       0.535       0.545
    I_Q04H           0.500       0.511       0.516       0.545       0.574       0.580       0.590
    I_Q04J           0.392       0.402       0.407       0.433       0.460       0.465       0.475
    I_Q04L           0.319       0.329       0.333       0.359       0.384       0.389       0.398
    I_Q04M           0.503       0.514       0.520       0.550       0.579       0.585       0.596


     Beginning Time:  13:34:29
        Ending Time:  13:34:30
       Elapsed Time:  00:00:01



MUTHEN & MUTHEN
3463 Stoner Ave.
Los Angeles, CA  90066

Tel: (310) 391-9971
Fax: (310) 391-8971
Web: www.StatModel.com
Support: Support@StatModel.com

Copyright (c) 1998-2020 Muthen & Muthen
