Mplus VERSION 8.5 (Linux)
MUTHEN & MUTHEN
03/23/2022   1:34 PM

INPUT INSTRUCTIONS


  TITLE:
      One-factor CFA for Germany


  DATA:
      file = "../../piaac1-all-curiosity.dat"; ! Dataset is saved two layers up


  VARIABLE:
      NAMES =
          CNTRYID
          I_Q04b I_Q04d I_Q04h I_Q04j I_Q04l I_Q04m
          SPFWT0
          HDI2012 UAI
          ;

      USEVARIABLES = I_Q04b I_Q04d I_Q04h I_Q04j I_Q04l I_Q04m;

      USEOBSERVATIONS = CNTRYID eq 276;

      MISSING = all(-99);

      ! Final participant weight
  	WEIGHT = SPFWT0;


  ANALYSIS:
      ESTIMATOR = MLR;


  MODEL:
      CURIOUS by I_Q04b I_Q04d I_Q04h I_Q04j I_Q04l I_Q04m;

      I_Q04b with I_Q04h;
      I_Q04b with I_Q04j;

  OUTPUT:
      stdyx stdy sampstat cinterval;



*** WARNING
  Data set contains cases with missing on all variables.
  These cases were not included in the analysis.
  Number of cases with missing on all variables:  87
   1 WARNING(S) FOUND IN THE INPUT INSTRUCTIONS




One-factor CFA for Germany

SUMMARY OF ANALYSIS

Number of groups                                                 1
Number of observations                                        5378

Number of dependent variables                                    6
Number of independent variables                                  0
Number of continuous latent variables                            1

Observed dependent variables

  Continuous
   I_Q04B      I_Q04D      I_Q04H      I_Q04J      I_Q04L      I_Q04M

Continuous latent variables
   CURIOUS

Variables with special functions

  Weight variable       SPFWT0

Estimator                                                      MLR
Information matrix                                        OBSERVED
Maximum number of iterations                                  1000
Convergence criterion                                    0.500D-04
Maximum number of steepest descent iterations                   20
Maximum number of iterations for H1                           2000
Convergence criterion for H1                             0.100D-03

Input data file(s)
  ../../piaac1-all-curiosity.dat

Input data format  FREE


SUMMARY OF DATA

     Number of missing data patterns            14


COVARIANCE COVERAGE OF DATA

Minimum covariance coverage value   0.100


     PROPORTION OF DATA PRESENT


           Covariance Coverage
              I_Q04B        I_Q04D        I_Q04H        I_Q04J        I_Q04L
              ________      ________      ________      ________      ________
 I_Q04B         0.996
 I_Q04D         0.996         1.000
 I_Q04H         0.993         0.995         0.995
 I_Q04J         0.996         0.999         0.995         0.999
 I_Q04L         0.994         0.996         0.993         0.996         0.996
 I_Q04M         0.996         0.999         0.995         0.999         0.996


           Covariance Coverage
              I_Q04M
              ________
 I_Q04M         1.000


SAMPLE STATISTICS


     ESTIMATED SAMPLE STATISTICS


           Means
              I_Q04B        I_Q04D        I_Q04H        I_Q04J        I_Q04L
              ________      ________      ________      ________      ________
                2.116         2.863         2.525         2.440         2.409


           Means
              I_Q04M
              ________
                3.013


           Covariances
              I_Q04B        I_Q04D        I_Q04H        I_Q04J        I_Q04L
              ________      ________      ________      ________      ________
 I_Q04B         0.703
 I_Q04D         0.330         0.776
 I_Q04H         0.322         0.339         0.745
 I_Q04J         0.254         0.363         0.249         0.888
 I_Q04L         0.315         0.387         0.295         0.533         0.898
 I_Q04M         0.220         0.352         0.247         0.359         0.382


           Covariances
              I_Q04M
              ________
 I_Q04M         0.708


           Correlations
              I_Q04B        I_Q04D        I_Q04H        I_Q04J        I_Q04L
              ________      ________      ________      ________      ________
 I_Q04B         1.000
 I_Q04D         0.447         1.000
 I_Q04H         0.445         0.446         1.000
 I_Q04J         0.322         0.437         0.306         1.000
 I_Q04L         0.397         0.464         0.360         0.597         1.000
 I_Q04M         0.311         0.475         0.341         0.452         0.479


           Correlations
              I_Q04M
              ________
 I_Q04M         1.000


     MAXIMUM LOG-LIKELIHOOD VALUE FOR THE UNRESTRICTED (H1) MODEL IS -36965.249


UNIVARIATE SAMPLE STATISTICS


     UNIVARIATE HIGHER-ORDER MOMENT DESCRIPTIVE STATISTICS

         Variable/         Mean/     Skewness/   Minimum/ % with                Percentiles
        Sample Size      Variance    Kurtosis    Maximum  Min/Max      20%/60%    40%/80%    Median

     I_Q04B                2.117       0.074       0.000    2.91%       2.000      2.000      2.000
            5359.000       0.702       0.585       4.000    6.40%       2.000      3.000
     I_Q04D                2.863      -0.413       0.000    0.69%       2.000      3.000      3.000
            5377.000       0.776      -0.175       4.000   27.00%       3.000      4.000
     I_Q04H                2.528      -0.234       0.000    1.53%       2.000      2.000      3.000
            5352.000       0.743       0.140       4.000   13.47%       3.000      3.000
     I_Q04J                2.440      -0.157       0.000    2.34%       2.000      2.000      2.000
            5374.000       0.888      -0.188       4.000   13.60%       3.000      3.000
     I_Q04L                2.410      -0.219       0.000    2.67%       2.000      2.000      2.000
            5359.000       0.899      -0.204       4.000   12.48%       3.000      3.000
     I_Q04M                3.013      -0.645       0.000    0.65%       2.000      3.000      3.000
            5376.000       0.708       0.256       4.000   30.99%       3.000      4.000


THE MODEL ESTIMATION TERMINATED NORMALLY



MODEL FIT INFORMATION

Number of Free Parameters                       20

Loglikelihood

          H0 Value                      -37186.376
          H0 Scaling Correction Factor      1.4130
            for MLR
          H1 Value                      -36965.249
          H1 Scaling Correction Factor      1.4215
            for MLR

Information Criteria

          Akaike (AIC)                   74412.752
          Bayesian (BIC)                 74544.554
          Sample-Size Adjusted BIC       74481.000
            (n* = (n + 2) / 24)

Chi-Square Test of Model Fit

          Value                            305.861*
          Degrees of Freedom                     7
          P-Value                           0.0000
          Scaling Correction Factor         1.4459
            for MLR

*   The chi-square value for MLM, MLMV, MLR, ULSMV, WLSM and WLSMV cannot be used
    for chi-square difference testing in the regular way.  MLM, MLR and WLSM
    chi-square difference testing is described on the Mplus website.  MLMV, WLSMV,
    and ULSMV difference testing is done using the DIFFTEST option.

RMSEA (Root Mean Square Error Of Approximation)

          Estimate                           0.089
          90 Percent C.I.                    0.081  0.098
          Probability RMSEA <= .05           0.000

CFI/TLI

          CFI                                0.951
          TLI                                0.896

Chi-Square Test of Model Fit for the Baseline Model

          Value                           6155.133
          Degrees of Freedom                    15
          P-Value                           0.0000

SRMR (Standardized Root Mean Square Residual)

          Value                              0.034



MODEL RESULTS

                                                    Two-Tailed
                    Estimate       S.E.  Est./S.E.    P-Value

 CURIOUS  BY
    I_Q04B             1.000      0.000    999.000    999.000
    I_Q04D             1.295      0.041     31.660      0.000
    I_Q04H             0.961      0.035     27.400      0.000
    I_Q04J             1.454      0.056     26.089      0.000
    I_Q04L             1.547      0.055     28.244      0.000
    I_Q04M             1.173      0.046     25.671      0.000

 I_Q04B   WITH
    I_Q04H             0.112      0.011      9.845      0.000
    I_Q04J            -0.046      0.010     -4.580      0.000

 Intercepts
    I_Q04B             2.116      0.013    167.472      0.000
    I_Q04D             2.863      0.013    212.641      0.000
    I_Q04H             2.526      0.013    193.728      0.000
    I_Q04J             2.440      0.014    170.250      0.000
    I_Q04L             2.409      0.014    168.560      0.000
    I_Q04M             3.013      0.013    234.755      0.000

 Variances
    CURIOUS            0.213      0.014     15.417      0.000

 Residual Variances
    I_Q04B             0.488      0.014     34.107      0.000
    I_Q04D             0.419      0.013     31.751      0.000
    I_Q04H             0.548      0.015     35.991      0.000
    I_Q04J             0.438      0.015     29.163      0.000
    I_Q04L             0.389      0.015     26.663      0.000
    I_Q04M             0.415      0.012     33.667      0.000


STANDARDIZED MODEL RESULTS


STDYX Standardization

                                                    Two-Tailed
                    Estimate       S.E.  Est./S.E.    P-Value

 CURIOUS  BY
    I_Q04B             0.551      0.015     36.890      0.000
    I_Q04D             0.679      0.013     53.694      0.000
    I_Q04H             0.514      0.015     33.310      0.000
    I_Q04J             0.712      0.012     60.984      0.000
    I_Q04L             0.753      0.011     70.482      0.000
    I_Q04M             0.644      0.013     50.724      0.000

 I_Q04B   WITH
    I_Q04H             0.218      0.020     11.117      0.000
    I_Q04J            -0.099      0.022     -4.423      0.000

 Intercepts
    I_Q04B             2.527      0.034     73.984      0.000
    I_Q04D             3.251      0.043     76.012      0.000
    I_Q04H             2.927      0.040     73.841      0.000
    I_Q04J             2.589      0.032     80.947      0.000
    I_Q04L             2.542      0.032     79.450      0.000
    I_Q04M             3.580      0.050     71.509      0.000

 Variances
    CURIOUS            1.000      0.000    999.000    999.000

 Residual Variances
    I_Q04B             0.696      0.016     42.243      0.000
    I_Q04D             0.540      0.017     31.469      0.000
    I_Q04H             0.736      0.016     46.436      0.000
    I_Q04J             0.493      0.017     29.647      0.000
    I_Q04L             0.433      0.016     26.880      0.000
    I_Q04M             0.586      0.016     35.853      0.000


STDY Standardization

                                                    Two-Tailed
                    Estimate       S.E.  Est./S.E.    P-Value

 CURIOUS  BY
    I_Q04B             0.551      0.015     36.890      0.000
    I_Q04D             0.679      0.013     53.694      0.000
    I_Q04H             0.514      0.015     33.310      0.000
    I_Q04J             0.712      0.012     60.984      0.000
    I_Q04L             0.753      0.011     70.482      0.000
    I_Q04M             0.644      0.013     50.724      0.000

 I_Q04B   WITH
    I_Q04H             0.218      0.020     11.117      0.000
    I_Q04J            -0.099      0.022     -4.423      0.000

 Intercepts
    I_Q04B             2.527      0.034     73.984      0.000
    I_Q04D             3.251      0.043     76.012      0.000
    I_Q04H             2.927      0.040     73.841      0.000
    I_Q04J             2.589      0.032     80.947      0.000
    I_Q04L             2.542      0.032     79.450      0.000
    I_Q04M             3.580      0.050     71.509      0.000

 Variances
    CURIOUS            1.000      0.000    999.000    999.000

 Residual Variances
    I_Q04B             0.696      0.016     42.243      0.000
    I_Q04D             0.540      0.017     31.469      0.000
    I_Q04H             0.736      0.016     46.436      0.000
    I_Q04J             0.493      0.017     29.647      0.000
    I_Q04L             0.433      0.016     26.880      0.000
    I_Q04M             0.586      0.016     35.853      0.000


R-SQUARE

    Observed                                        Two-Tailed
    Variable        Estimate       S.E.  Est./S.E.    P-Value

    I_Q04B             0.304      0.016     18.445      0.000
    I_Q04D             0.460      0.017     26.847      0.000
    I_Q04H             0.264      0.016     16.655      0.000
    I_Q04J             0.507      0.017     30.492      0.000
    I_Q04L             0.567      0.016     35.241      0.000
    I_Q04M             0.414      0.016     25.362      0.000


QUALITY OF NUMERICAL RESULTS

     Condition Number for the Information Matrix              0.421E-02
       (ratio of smallest to largest eigenvalue)


CONFIDENCE INTERVALS OF MODEL RESULTS

                  Lower .5%  Lower 2.5%    Lower 5%    Estimate    Upper 5%  Upper 2.5%   Upper .5%

 CURIOUS  BY
    I_Q04B           1.000       1.000       1.000       1.000       1.000       1.000       1.000
    I_Q04D           1.189       1.215       1.227       1.295       1.362       1.375       1.400
    I_Q04H           0.870       0.892       0.903       0.961       1.018       1.029       1.051
    I_Q04J           1.311       1.345       1.362       1.454       1.546       1.563       1.598
    I_Q04L           1.406       1.439       1.457       1.547       1.637       1.654       1.688
    I_Q04M           1.056       1.084       1.098       1.173       1.249       1.263       1.291

 I_Q04B   WITH
    I_Q04H           0.083       0.090       0.094       0.112       0.131       0.135       0.142
    I_Q04J          -0.071      -0.065      -0.062      -0.046      -0.029      -0.026      -0.020

 Intercepts
    I_Q04B           2.083       2.091       2.095       2.116       2.137       2.141       2.148
    I_Q04D           2.828       2.837       2.841       2.863       2.885       2.889       2.898
    I_Q04H           2.492       2.500       2.504       2.526       2.547       2.551       2.559
    I_Q04J           2.403       2.412       2.416       2.440       2.463       2.468       2.477
    I_Q04L           2.372       2.381       2.386       2.409       2.433       2.437       2.446
    I_Q04M           2.980       2.988       2.992       3.013       3.034       3.038       3.046

 Variances
    CURIOUS          0.177       0.186       0.190       0.213       0.236       0.240       0.249

 Residual Variances
    I_Q04B           0.451       0.460       0.464       0.488       0.511       0.516       0.525
    I_Q04D           0.385       0.393       0.397       0.419       0.440       0.444       0.453
    I_Q04H           0.509       0.518       0.523       0.548       0.573       0.578       0.587
    I_Q04J           0.399       0.409       0.413       0.438       0.463       0.467       0.477
    I_Q04L           0.351       0.360       0.365       0.389       0.413       0.417       0.426
    I_Q04M           0.383       0.391       0.394       0.415       0.435       0.439       0.446


CONFIDENCE INTERVALS OF STANDARDIZED MODEL RESULTS


STDYX Standardization

                  Lower .5%  Lower 2.5%    Lower 5%    Estimate    Upper 5%  Upper 2.5%   Upper .5%

 CURIOUS  BY
    I_Q04B           0.513       0.522       0.527       0.551       0.576       0.581       0.590
    I_Q04D           0.646       0.654       0.658       0.679       0.699       0.703       0.711
    I_Q04H           0.474       0.484       0.488       0.514       0.539       0.544       0.554
    I_Q04J           0.682       0.689       0.693       0.712       0.731       0.735       0.742
    I_Q04L           0.726       0.732       0.736       0.753       0.771       0.774       0.781
    I_Q04M           0.611       0.619       0.623       0.644       0.665       0.669       0.676

 I_Q04B   WITH
    I_Q04H           0.167       0.179       0.185       0.218       0.250       0.256       0.268
    I_Q04J          -0.156      -0.142      -0.135      -0.099      -0.062      -0.055      -0.041

 Intercepts
    I_Q04B           2.439       2.460       2.471       2.527       2.584       2.594       2.615
    I_Q04D           3.140       3.167       3.180       3.251       3.321       3.334       3.361
    I_Q04H           2.825       2.849       2.861       2.927       2.992       3.004       3.029
    I_Q04J           2.506       2.526       2.536       2.589       2.641       2.651       2.671
    I_Q04L           2.460       2.479       2.489       2.542       2.595       2.605       2.624
    I_Q04M           3.451       3.482       3.498       3.580       3.663       3.678       3.709

 Variances
    CURIOUS          1.000       1.000       1.000       1.000       1.000       1.000       1.000

 Residual Variances
    I_Q04B           0.654       0.664       0.669       0.696       0.723       0.728       0.739
    I_Q04D           0.495       0.506       0.511       0.540       0.568       0.573       0.584
    I_Q04H           0.695       0.705       0.710       0.736       0.762       0.767       0.777
    I_Q04J           0.450       0.460       0.466       0.493       0.520       0.526       0.536
    I_Q04L           0.391       0.401       0.406       0.433       0.459       0.464       0.474
    I_Q04M           0.544       0.554       0.559       0.586       0.613       0.618       0.628


STDY Standardization

                  Lower .5%  Lower 2.5%    Lower 5%    Estimate    Upper 5%  Upper 2.5%   Upper .5%

 CURIOUS  BY
    I_Q04B           0.513       0.522       0.527       0.551       0.576       0.581       0.590
    I_Q04D           0.646       0.654       0.658       0.679       0.699       0.703       0.711
    I_Q04H           0.474       0.484       0.488       0.514       0.539       0.544       0.554
    I_Q04J           0.682       0.689       0.693       0.712       0.731       0.735       0.742
    I_Q04L           0.726       0.732       0.736       0.753       0.771       0.774       0.781
    I_Q04M           0.611       0.619       0.623       0.644       0.665       0.669       0.676

 I_Q04B   WITH
    I_Q04H           0.167       0.179       0.185       0.218       0.250       0.256       0.268
    I_Q04J          -0.156      -0.142      -0.135      -0.099      -0.062      -0.055      -0.041

 Intercepts
    I_Q04B           2.439       2.460       2.471       2.527       2.584       2.594       2.615
    I_Q04D           3.140       3.167       3.180       3.251       3.321       3.334       3.361
    I_Q04H           2.825       2.849       2.861       2.927       2.992       3.004       3.029
    I_Q04J           2.506       2.526       2.536       2.589       2.641       2.651       2.671
    I_Q04L           2.460       2.479       2.489       2.542       2.595       2.605       2.624
    I_Q04M           3.451       3.482       3.498       3.580       3.663       3.678       3.709

 Variances
    CURIOUS          1.000       1.000       1.000       1.000       1.000       1.000       1.000

 Residual Variances
    I_Q04B           0.654       0.664       0.669       0.696       0.723       0.728       0.739
    I_Q04D           0.495       0.506       0.511       0.540       0.568       0.573       0.584
    I_Q04H           0.695       0.705       0.710       0.736       0.762       0.767       0.777
    I_Q04J           0.450       0.460       0.466       0.493       0.520       0.526       0.536
    I_Q04L           0.391       0.401       0.406       0.433       0.459       0.464       0.474
    I_Q04M           0.544       0.554       0.559       0.586       0.613       0.618       0.628


     Beginning Time:  13:34:05
        Ending Time:  13:34:06
       Elapsed Time:  00:00:01



MUTHEN & MUTHEN
3463 Stoner Ave.
Los Angeles, CA  90066

Tel: (310) 391-9971
Fax: (310) 391-8971
Web: www.StatModel.com
Support: Support@StatModel.com

Copyright (c) 1998-2020 Muthen & Muthen
