Mplus VERSION 8.5 (Linux)
MUTHEN & MUTHEN
03/23/2022   1:34 PM

INPUT INSTRUCTIONS


  TITLE:
      One-factor CFA for Belgium


  DATA:
      file = "../../piaac1-all-curiosity.dat"; ! Dataset is saved two layers up


  VARIABLE:
      NAMES =
          CNTRYID
          I_Q04b I_Q04d I_Q04h I_Q04j I_Q04l I_Q04m
          SPFWT0
          HDI2012 UAI
          ;

      USEVARIABLES = I_Q04b I_Q04d I_Q04h I_Q04j I_Q04l I_Q04m;

      USEOBSERVATIONS = CNTRYID eq 56;

      MISSING = all(-99);

      ! Final participant weight
  	WEIGHT = SPFWT0;


  ANALYSIS:
      ESTIMATOR = MLR;


  MODEL:
      CURIOUS by I_Q04b I_Q04d I_Q04h I_Q04j I_Q04l I_Q04m;

      I_Q04b with I_Q04h;
      I_Q04b with I_Q04j;

  OUTPUT:
      stdyx stdy sampstat cinterval;



*** WARNING
  Data set contains cases with missing on all variables.
  These cases were not included in the analysis.
  Number of cases with missing on all variables:  485
   1 WARNING(S) FOUND IN THE INPUT INSTRUCTIONS




One-factor CFA for Belgium

SUMMARY OF ANALYSIS

Number of groups                                                 1
Number of observations                                        4978

Number of dependent variables                                    6
Number of independent variables                                  0
Number of continuous latent variables                            1

Observed dependent variables

  Continuous
   I_Q04B      I_Q04D      I_Q04H      I_Q04J      I_Q04L      I_Q04M

Continuous latent variables
   CURIOUS

Variables with special functions

  Weight variable       SPFWT0

Estimator                                                      MLR
Information matrix                                        OBSERVED
Maximum number of iterations                                  1000
Convergence criterion                                    0.500D-04
Maximum number of steepest descent iterations                   20
Maximum number of iterations for H1                           2000
Convergence criterion for H1                             0.100D-03

Input data file(s)
  ../../piaac1-all-curiosity.dat

Input data format  FREE


SUMMARY OF DATA

     Number of missing data patterns            10


COVARIANCE COVERAGE OF DATA

Minimum covariance coverage value   0.100


     PROPORTION OF DATA PRESENT


           Covariance Coverage
              I_Q04B        I_Q04D        I_Q04H        I_Q04J        I_Q04L
              ________      ________      ________      ________      ________
 I_Q04B         0.997
 I_Q04D         0.997         1.000
 I_Q04H         0.996         0.998         0.998
 I_Q04J         0.997         0.999         0.998         1.000
 I_Q04L         0.997         0.999         0.998         0.999         0.999
 I_Q04M         0.997         0.999         0.998         0.999         0.999


           Covariance Coverage
              I_Q04M
              ________
 I_Q04M         0.999


SAMPLE STATISTICS


     ESTIMATED SAMPLE STATISTICS


           Means
              I_Q04B        I_Q04D        I_Q04H        I_Q04J        I_Q04L
              ________      ________      ________      ________      ________
                2.252         2.743         2.574         2.107         2.089


           Means
              I_Q04M
              ________
                2.753


           Covariances
              I_Q04B        I_Q04D        I_Q04H        I_Q04J        I_Q04L
              ________      ________      ________      ________      ________
 I_Q04B         0.842
 I_Q04D         0.442         0.815
 I_Q04H         0.514         0.485         0.763
 I_Q04J         0.438         0.488         0.465         1.172
 I_Q04L         0.457         0.437         0.462         0.703         0.935
 I_Q04M         0.356         0.427         0.409         0.560         0.488


           Covariances
              I_Q04M
              ________
 I_Q04M         0.806


           Correlations
              I_Q04B        I_Q04D        I_Q04H        I_Q04J        I_Q04L
              ________      ________      ________      ________      ________
 I_Q04B         1.000
 I_Q04D         0.534         1.000
 I_Q04H         0.641         0.615         1.000
 I_Q04J         0.441         0.499         0.492         1.000
 I_Q04L         0.515         0.500         0.547         0.671         1.000
 I_Q04M         0.432         0.527         0.522         0.576         0.562


           Correlations
              I_Q04M
              ________
 I_Q04M         1.000


     MAXIMUM LOG-LIKELIHOOD VALUE FOR THE UNRESTRICTED (H1) MODEL IS -33455.710


UNIVARIATE SAMPLE STATISTICS


     UNIVARIATE HIGHER-ORDER MOMENT DESCRIPTIVE STATISTICS

         Variable/         Mean/     Skewness/   Minimum/ % with                Percentiles
        Sample Size      Variance    Kurtosis    Maximum  Min/Max      20%/60%    40%/80%    Median

     I_Q04B                2.253      -0.171       0.000    3.34%       2.000      2.000      2.000
            4964.000       0.841      -0.125       4.000    7.55%       2.000      3.000
     I_Q04D                2.743      -0.546       0.000    1.65%       2.000      3.000      3.000
            4977.000       0.815       0.189       4.000   19.71%       3.000      3.000
     I_Q04H                2.575      -0.483       0.000    1.97%       2.000      2.000      3.000
            4969.000       0.762       0.265       4.000   11.91%       3.000      3.000
     I_Q04J                2.107      -0.128       0.000    8.08%       1.000      2.000      2.000
            4976.000       1.171      -0.562       4.000    9.83%       2.000      3.000
     I_Q04L                2.090      -0.143       0.000    5.65%       1.000      2.000      2.000
            4973.000       0.934      -0.298       4.000    6.07%       2.000      3.000
     I_Q04M                2.753      -0.698       0.000    2.09%       2.000      3.000      3.000
            4975.000       0.805       0.561       4.000   18.43%       3.000      3.000


THE MODEL ESTIMATION TERMINATED NORMALLY



MODEL FIT INFORMATION

Number of Free Parameters                       20

Loglikelihood

          H0 Value                      -33778.088
          H0 Scaling Correction Factor      1.2014
            for MLR
          H1 Value                      -33455.710
          H1 Scaling Correction Factor      1.2251
            for MLR

Information Criteria

          Akaike (AIC)                   67596.176
          Bayesian (BIC)                 67726.431
          Sample-Size Adjusted BIC       67662.878
            (n* = (n + 2) / 24)

Chi-Square Test of Model Fit

          Value                            498.758*
          Degrees of Freedom                     7
          P-Value                           0.0000
          Scaling Correction Factor         1.2927
            for MLR

*   The chi-square value for MLM, MLMV, MLR, ULSMV, WLSM and WLSMV cannot be used
    for chi-square difference testing in the regular way.  MLM, MLR and WLSM
    chi-square difference testing is described on the Mplus website.  MLMV, WLSMV,
    and ULSMV difference testing is done using the DIFFTEST option.

RMSEA (Root Mean Square Error Of Approximation)

          Estimate                           0.119
          90 Percent C.I.                    0.110  0.128
          Probability RMSEA <= .05           0.000

CFI/TLI

          CFI                                0.951
          TLI                                0.895

Chi-Square Test of Model Fit for the Baseline Model

          Value                          10056.787
          Degrees of Freedom                    15
          P-Value                           0.0000

SRMR (Standardized Root Mean Square Residual)

          Value                              0.035



MODEL RESULTS

                                                    Two-Tailed
                    Estimate       S.E.  Est./S.E.    P-Value

 CURIOUS  BY
    I_Q04B             1.000      0.000    999.000    999.000
    I_Q04D             1.061      0.025     41.948      0.000
    I_Q04H             1.041      0.022     46.593      0.000
    I_Q04J             1.390      0.037     37.907      0.000
    I_Q04L             1.272      0.032     40.136      0.000
    I_Q04M             1.081      0.030     36.036      0.000

 I_Q04B   WITH
    I_Q04H             0.132      0.010     12.737      0.000
    I_Q04J            -0.044      0.010     -4.620      0.000

 Intercepts
    I_Q04B             2.252      0.013    170.519      0.000
    I_Q04D             2.743      0.013    210.937      0.000
    I_Q04H             2.574      0.013    204.948      0.000
    I_Q04J             2.107      0.016    135.280      0.000
    I_Q04L             2.089      0.014    150.296      0.000
    I_Q04M             2.753      0.013    213.492      0.000

 Variances
    CURIOUS            0.361      0.017     21.759      0.000

 Residual Variances
    I_Q04B             0.476      0.014     34.285      0.000
    I_Q04D             0.408      0.012     32.918      0.000
    I_Q04H             0.371      0.012     32.010      0.000
    I_Q04J             0.474      0.016     29.936      0.000
    I_Q04L             0.351      0.012     28.545      0.000
    I_Q04M             0.384      0.011     34.490      0.000


STANDARDIZED MODEL RESULTS


STDYX Standardization

                                                    Two-Tailed
                    Estimate       S.E.  Est./S.E.    P-Value

 CURIOUS  BY
    I_Q04B             0.657      0.012     54.935      0.000
    I_Q04D             0.707      0.011     64.056      0.000
    I_Q04H             0.716      0.011     66.923      0.000
    I_Q04J             0.772      0.009     87.150      0.000
    I_Q04L             0.791      0.009     91.902      0.000
    I_Q04M             0.724      0.010     74.572      0.000

 I_Q04B   WITH
    I_Q04H             0.314      0.020     15.771      0.000
    I_Q04J            -0.093      0.021     -4.467      0.000

 Intercepts
    I_Q04B             2.460      0.030     83.063      0.000
    I_Q04D             3.038      0.040     75.933      0.000
    I_Q04H             2.948      0.039     75.929      0.000
    I_Q04J             1.946      0.023     83.670      0.000
    I_Q04L             2.160      0.026     82.947      0.000
    I_Q04M             3.067      0.043     70.554      0.000

 Variances
    CURIOUS            1.000      0.000    999.000    999.000

 Residual Variances
    I_Q04B             0.569      0.016     36.214      0.000
    I_Q04D             0.501      0.016     32.100      0.000
    I_Q04H             0.487      0.015     31.746      0.000
    I_Q04J             0.404      0.014     29.556      0.000
    I_Q04L             0.375      0.014     27.550      0.000
    I_Q04M             0.476      0.014     33.919      0.000


STDY Standardization

                                                    Two-Tailed
                    Estimate       S.E.  Est./S.E.    P-Value

 CURIOUS  BY
    I_Q04B             0.657      0.012     54.935      0.000
    I_Q04D             0.707      0.011     64.056      0.000
    I_Q04H             0.716      0.011     66.923      0.000
    I_Q04J             0.772      0.009     87.150      0.000
    I_Q04L             0.791      0.009     91.902      0.000
    I_Q04M             0.724      0.010     74.572      0.000

 I_Q04B   WITH
    I_Q04H             0.314      0.020     15.771      0.000
    I_Q04J            -0.093      0.021     -4.467      0.000

 Intercepts
    I_Q04B             2.460      0.030     83.063      0.000
    I_Q04D             3.038      0.040     75.933      0.000
    I_Q04H             2.948      0.039     75.929      0.000
    I_Q04J             1.946      0.023     83.670      0.000
    I_Q04L             2.160      0.026     82.947      0.000
    I_Q04M             3.067      0.043     70.554      0.000

 Variances
    CURIOUS            1.000      0.000    999.000    999.000

 Residual Variances
    I_Q04B             0.569      0.016     36.214      0.000
    I_Q04D             0.501      0.016     32.100      0.000
    I_Q04H             0.487      0.015     31.746      0.000
    I_Q04J             0.404      0.014     29.556      0.000
    I_Q04L             0.375      0.014     27.550      0.000
    I_Q04M             0.476      0.014     33.919      0.000


R-SQUARE

    Observed                                        Two-Tailed
    Variable        Estimate       S.E.  Est./S.E.    P-Value

    I_Q04B             0.431      0.016     27.468      0.000
    I_Q04D             0.499      0.016     32.028      0.000
    I_Q04H             0.513      0.015     33.462      0.000
    I_Q04J             0.596      0.014     43.575      0.000
    I_Q04L             0.625      0.014     45.951      0.000
    I_Q04M             0.524      0.014     37.286      0.000


QUALITY OF NUMERICAL RESULTS

     Condition Number for the Information Matrix              0.703E-02
       (ratio of smallest to largest eigenvalue)


CONFIDENCE INTERVALS OF MODEL RESULTS

                  Lower .5%  Lower 2.5%    Lower 5%    Estimate    Upper 5%  Upper 2.5%   Upper .5%

 CURIOUS  BY
    I_Q04B           1.000       1.000       1.000       1.000       1.000       1.000       1.000
    I_Q04D           0.996       1.012       1.020       1.061       1.103       1.111       1.127
    I_Q04H           0.983       0.997       1.004       1.041       1.078       1.085       1.098
    I_Q04J           1.296       1.318       1.330       1.390       1.450       1.462       1.485
    I_Q04L           1.191       1.210       1.220       1.272       1.324       1.334       1.354
    I_Q04M           1.003       1.022       1.031       1.081       1.130       1.139       1.158

 I_Q04B   WITH
    I_Q04H           0.105       0.112       0.115       0.132       0.149       0.153       0.159
    I_Q04J          -0.069      -0.063      -0.060      -0.044      -0.028      -0.025      -0.019

 Intercepts
    I_Q04B           2.218       2.226       2.230       2.252       2.273       2.278       2.286
    I_Q04D           2.709       2.717       2.721       2.743       2.764       2.768       2.776
    I_Q04H           2.542       2.550       2.554       2.574       2.595       2.599       2.607
    I_Q04J           2.067       2.076       2.081       2.107       2.132       2.137       2.147
    I_Q04L           2.054       2.062       2.066       2.089       2.112       2.117       2.125
    I_Q04M           2.719       2.727       2.731       2.753       2.774       2.778       2.786

 Variances
    CURIOUS          0.319       0.329       0.334       0.361       0.389       0.394       0.404

 Residual Variances
    I_Q04B           0.441       0.449       0.454       0.476       0.499       0.504       0.512
    I_Q04D           0.376       0.384       0.388       0.408       0.428       0.432       0.440
    I_Q04H           0.341       0.349       0.352       0.371       0.390       0.394       0.401
    I_Q04J           0.433       0.443       0.448       0.474       0.500       0.505       0.514
    I_Q04L           0.319       0.327       0.330       0.351       0.371       0.375       0.382
    I_Q04M           0.355       0.362       0.365       0.384       0.402       0.406       0.412


CONFIDENCE INTERVALS OF STANDARDIZED MODEL RESULTS


STDYX Standardization

                  Lower .5%  Lower 2.5%    Lower 5%    Estimate    Upper 5%  Upper 2.5%   Upper .5%

 CURIOUS  BY
    I_Q04B           0.626       0.633       0.637       0.657       0.676       0.680       0.688
    I_Q04D           0.678       0.685       0.689       0.707       0.725       0.728       0.735
    I_Q04H           0.689       0.695       0.699       0.716       0.734       0.737       0.744
    I_Q04J           0.749       0.755       0.757       0.772       0.786       0.789       0.795
    I_Q04L           0.769       0.774       0.777       0.791       0.805       0.808       0.813
    I_Q04M           0.699       0.705       0.708       0.724       0.740       0.743       0.749

 I_Q04B   WITH
    I_Q04H           0.263       0.275       0.282       0.314       0.347       0.353       0.366
    I_Q04J          -0.146      -0.133      -0.127      -0.093      -0.059      -0.052      -0.039

 Intercepts
    I_Q04B           2.384       2.402       2.411       2.460       2.509       2.518       2.536
    I_Q04D           2.935       2.959       2.972       3.038       3.104       3.116       3.141
    I_Q04H           2.848       2.871       2.884       2.948       3.011       3.024       3.048
    I_Q04J           1.886       1.901       1.908       1.946       1.984       1.992       2.006
    I_Q04L           2.093       2.109       2.117       2.160       2.203       2.211       2.227
    I_Q04M           2.955       2.982       2.995       3.067       3.138       3.152       3.179

 Variances
    CURIOUS          1.000       1.000       1.000       1.000       1.000       1.000       1.000

 Residual Variances
    I_Q04B           0.528       0.538       0.543       0.569       0.595       0.599       0.609
    I_Q04D           0.460       0.470       0.475       0.501       0.526       0.531       0.541
    I_Q04H           0.447       0.457       0.462       0.487       0.512       0.517       0.526
    I_Q04J           0.369       0.377       0.382       0.404       0.427       0.431       0.439
    I_Q04L           0.340       0.348       0.352       0.375       0.397       0.401       0.410
    I_Q04M           0.440       0.449       0.453       0.476       0.499       0.504       0.513


STDY Standardization

                  Lower .5%  Lower 2.5%    Lower 5%    Estimate    Upper 5%  Upper 2.5%   Upper .5%

 CURIOUS  BY
    I_Q04B           0.626       0.633       0.637       0.657       0.676       0.680       0.688
    I_Q04D           0.678       0.685       0.689       0.707       0.725       0.728       0.735
    I_Q04H           0.689       0.695       0.699       0.716       0.734       0.737       0.744
    I_Q04J           0.749       0.755       0.757       0.772       0.786       0.789       0.795
    I_Q04L           0.769       0.774       0.777       0.791       0.805       0.808       0.813
    I_Q04M           0.699       0.705       0.708       0.724       0.740       0.743       0.749

 I_Q04B   WITH
    I_Q04H           0.263       0.275       0.282       0.314       0.347       0.353       0.366
    I_Q04J          -0.146      -0.133      -0.127      -0.093      -0.059      -0.052      -0.039

 Intercepts
    I_Q04B           2.384       2.402       2.411       2.460       2.509       2.518       2.536
    I_Q04D           2.935       2.959       2.972       3.038       3.104       3.116       3.141
    I_Q04H           2.848       2.871       2.884       2.948       3.011       3.024       3.048
    I_Q04J           1.886       1.901       1.908       1.946       1.984       1.992       2.006
    I_Q04L           2.093       2.109       2.117       2.160       2.203       2.211       2.227
    I_Q04M           2.955       2.982       2.995       3.067       3.138       3.152       3.179

 Variances
    CURIOUS          1.000       1.000       1.000       1.000       1.000       1.000       1.000

 Residual Variances
    I_Q04B           0.528       0.538       0.543       0.569       0.595       0.599       0.609
    I_Q04D           0.460       0.470       0.475       0.501       0.526       0.531       0.541
    I_Q04H           0.447       0.457       0.462       0.487       0.512       0.517       0.526
    I_Q04J           0.369       0.377       0.382       0.404       0.427       0.431       0.439
    I_Q04L           0.340       0.348       0.352       0.375       0.397       0.401       0.410
    I_Q04M           0.440       0.449       0.453       0.476       0.499       0.504       0.513


     Beginning Time:  13:34:00
        Ending Time:  13:34:01
       Elapsed Time:  00:00:01



MUTHEN & MUTHEN
3463 Stoner Ave.
Los Angeles, CA  90066

Tel: (310) 391-9971
Fax: (310) 391-8971
Web: www.StatModel.com
Support: Support@StatModel.com

Copyright (c) 1998-2020 Muthen & Muthen
