Mplus VERSION 8.5 (Linux)
MUTHEN & MUTHEN
03/23/2022   1:34 PM

INPUT INSTRUCTIONS


  TITLE:
      One-factor CFA for Japan


  DATA:
      file = "../../piaac1-all-curiosity.dat"; ! Dataset is saved two layers up


  VARIABLE:
      NAMES =
          CNTRYID
          I_Q04b I_Q04d I_Q04h I_Q04j I_Q04l I_Q04m
          SPFWT0
          HDI2012 UAI
          ;

      USEVARIABLES = I_Q04b I_Q04d I_Q04h I_Q04j I_Q04l I_Q04m;

      USEOBSERVATIONS = CNTRYID eq 392;

      MISSING = all(-99);

      ! Final participant weight
  	WEIGHT = SPFWT0;


  ANALYSIS:
      ESTIMATOR = MLR;


  MODEL:
      CURIOUS by I_Q04b I_Q04d I_Q04h I_Q04j I_Q04l I_Q04m;

      I_Q04b with I_Q04h;
      I_Q04b with I_Q04j;

  OUTPUT:
      stdyx stdy sampstat cinterval;



*** WARNING
  Data set contains cases with missing on all variables.
  These cases were not included in the analysis.
  Number of cases with missing on all variables:  106
   1 WARNING(S) FOUND IN THE INPUT INSTRUCTIONS




One-factor CFA for Japan

SUMMARY OF ANALYSIS

Number of groups                                                 1
Number of observations                                        5172

Number of dependent variables                                    6
Number of independent variables                                  0
Number of continuous latent variables                            1

Observed dependent variables

  Continuous
   I_Q04B      I_Q04D      I_Q04H      I_Q04J      I_Q04L      I_Q04M

Continuous latent variables
   CURIOUS

Variables with special functions

  Weight variable       SPFWT0

Estimator                                                      MLR
Information matrix                                        OBSERVED
Maximum number of iterations                                  1000
Convergence criterion                                    0.500D-04
Maximum number of steepest descent iterations                   20
Maximum number of iterations for H1                           2000
Convergence criterion for H1                             0.100D-03

Input data file(s)
  ../../piaac1-all-curiosity.dat

Input data format  FREE


SUMMARY OF DATA

     Number of missing data patterns             6


COVARIANCE COVERAGE OF DATA

Minimum covariance coverage value   0.100


     PROPORTION OF DATA PRESENT


           Covariance Coverage
              I_Q04B        I_Q04D        I_Q04H        I_Q04J        I_Q04L
              ________      ________      ________      ________      ________
 I_Q04B         0.999
 I_Q04D         0.999         1.000
 I_Q04H         0.999         0.999         1.000
 I_Q04J         0.999         1.000         1.000         1.000
 I_Q04L         0.999         1.000         1.000         1.000         1.000
 I_Q04M         0.999         0.999         0.999         1.000         1.000


           Covariance Coverage
              I_Q04M
              ________
 I_Q04M         1.000


SAMPLE STATISTICS


     ESTIMATED SAMPLE STATISTICS


           Means
              I_Q04B        I_Q04D        I_Q04H        I_Q04J        I_Q04L
              ________      ________      ________      ________      ________
                2.077         2.299         1.957         1.511         1.539


           Means
              I_Q04M
              ________
                2.435


           Covariances
              I_Q04B        I_Q04D        I_Q04H        I_Q04J        I_Q04L
              ________      ________      ________      ________      ________
 I_Q04B         0.954
 I_Q04D         0.541         1.085
 I_Q04H         0.469         0.585         1.109
 I_Q04J         0.409         0.566         0.516         1.130
 I_Q04L         0.364         0.435         0.432         0.640         1.033
 I_Q04M         0.429         0.519         0.430         0.539         0.499


           Covariances
              I_Q04M
              ________
 I_Q04M         0.970


           Correlations
              I_Q04B        I_Q04D        I_Q04H        I_Q04J        I_Q04L
              ________      ________      ________      ________      ________
 I_Q04B         1.000
 I_Q04D         0.532         1.000
 I_Q04H         0.456         0.534         1.000
 I_Q04J         0.394         0.511         0.461         1.000
 I_Q04L         0.367         0.411         0.403         0.592         1.000
 I_Q04M         0.446         0.506         0.414         0.515         0.499


           Correlations
              I_Q04M
              ________
 I_Q04M         1.000


     MAXIMUM LOG-LIKELIHOOD VALUE FOR THE UNRESTRICTED (H1) MODEL IS -39230.439


UNIVARIATE SAMPLE STATISTICS


     UNIVARIATE HIGHER-ORDER MOMENT DESCRIPTIVE STATISTICS

         Variable/         Mean/     Skewness/   Minimum/ % with                Percentiles
        Sample Size      Variance    Kurtosis    Maximum  Min/Max      20%/60%    40%/80%    Median

     I_Q04B                2.077      -0.109       0.000    6.36%       1.000      2.000      2.000
            5169.000       0.953      -0.053       4.000    7.53%       2.000      3.000
     I_Q04D                2.299      -0.193       0.000    4.72%       2.000      2.000      2.000
            5170.000       1.085      -0.438       4.000   13.19%       3.000      3.000
     I_Q04H                1.957      -0.047       0.000    8.82%       1.000      2.000      2.000
            5170.000       1.109      -0.520       4.000    6.96%       2.000      3.000
     I_Q04J                1.511       0.327       0.000   18.19%       1.000      1.000      1.000
            5172.000       1.130      -0.499       4.000    3.98%       2.000      2.000
     I_Q04L                1.539       0.320       0.000   14.97%       1.000      1.000      1.000
            5172.000       1.033      -0.411       4.000    3.52%       2.000      2.000
     I_Q04M                2.436      -0.430       0.000    4.49%       2.000      2.000      2.000
            5171.000       0.970       0.059       4.000   12.94%       3.000      3.000


THE MODEL ESTIMATION TERMINATED NORMALLY



MODEL FIT INFORMATION

Number of Free Parameters                       20

Loglikelihood

          H0 Value                      -39486.039
          H0 Scaling Correction Factor      1.2505
            for MLR
          H1 Value                      -39230.439
          H1 Scaling Correction Factor      1.3253
            for MLR

Information Criteria

          Akaike (AIC)                   79012.078
          Bayesian (BIC)                 79143.098
          Sample-Size Adjusted BIC       79079.545
            (n* = (n + 2) / 24)

Chi-Square Test of Model Fit

          Value                            332.143*
          Degrees of Freedom                     7
          P-Value                           0.0000
          Scaling Correction Factor         1.5391
            for MLR

*   The chi-square value for MLM, MLMV, MLR, ULSMV, WLSM and WLSMV cannot be used
    for chi-square difference testing in the regular way.  MLM, MLR and WLSM
    chi-square difference testing is described on the Mplus website.  MLMV, WLSMV,
    and ULSMV difference testing is done using the DIFFTEST option.

RMSEA (Root Mean Square Error Of Approximation)

          Estimate                           0.095
          90 Percent C.I.                    0.086  0.104
          Probability RMSEA <= .05           0.000

CFI/TLI

          CFI                                0.953
          TLI                                0.900

Chi-Square Test of Model Fit for the Baseline Model

          Value                           6993.506
          Degrees of Freedom                    15
          P-Value                           0.0000

SRMR (Standardized Root Mean Square Residual)

          Value                              0.034



MODEL RESULTS

                                                    Two-Tailed
                    Estimate       S.E.  Est./S.E.    P-Value

 CURIOUS  BY
    I_Q04B             1.000      0.000    999.000    999.000
    I_Q04D             1.175      0.028     41.959      0.000
    I_Q04H             1.051      0.029     36.224      0.000
    I_Q04J             1.265      0.037     33.968      0.000
    I_Q04L             1.058      0.035     29.867      0.000
    I_Q04M             1.061      0.031     34.421      0.000

 I_Q04B   WITH
    I_Q04H             0.031      0.015      2.146      0.032
    I_Q04J            -0.108      0.012     -8.858      0.000

 Intercepts
    I_Q04B             2.077      0.014    143.855      0.000
    I_Q04D             2.299      0.015    150.223      0.000
    I_Q04H             1.957      0.015    126.361      0.000
    I_Q04J             1.511      0.016     97.245      0.000
    I_Q04L             1.539      0.015    103.905      0.000
    I_Q04M             2.435      0.014    168.465      0.000

 Variances
    CURIOUS            0.410      0.020     20.060      0.000

 Residual Variances
    I_Q04B             0.543      0.017     32.056      0.000
    I_Q04D             0.519      0.016     32.736      0.000
    I_Q04H             0.656      0.019     34.984      0.000
    I_Q04J             0.475      0.017     28.407      0.000
    I_Q04L             0.574      0.017     34.399      0.000
    I_Q04M             0.509      0.014     35.412      0.000


STANDARDIZED MODEL RESULTS


STDYX Standardization

                                                    Two-Tailed
                    Estimate       S.E.  Est./S.E.    P-Value

 CURIOUS  BY
    I_Q04B             0.656      0.013     50.229      0.000
    I_Q04D             0.722      0.010     69.016      0.000
    I_Q04H             0.639      0.013     49.574      0.000
    I_Q04J             0.762      0.010     77.609      0.000
    I_Q04L             0.667      0.012     56.903      0.000
    I_Q04M             0.690      0.011     63.895      0.000

 I_Q04B   WITH
    I_Q04H             0.052      0.024      2.195      0.028
    I_Q04J            -0.213      0.026     -8.271      0.000

 Intercepts
    I_Q04B             2.127      0.028     76.895      0.000
    I_Q04D             2.207      0.027     81.463      0.000
    I_Q04H             1.858      0.023     80.938      0.000
    I_Q04J             1.421      0.017     84.949      0.000
    I_Q04L             1.514      0.018     86.044      0.000
    I_Q04M             2.472      0.034     73.370      0.000

 Variances
    CURIOUS            1.000      0.000    999.000    999.000

 Residual Variances
    I_Q04B             0.570      0.017     33.289      0.000
    I_Q04D             0.478      0.015     31.628      0.000
    I_Q04H             0.592      0.016     35.907      0.000
    I_Q04J             0.420      0.015     28.093      0.000
    I_Q04L             0.555      0.016     35.532      0.000
    I_Q04M             0.524      0.015     35.230      0.000


STDY Standardization

                                                    Two-Tailed
                    Estimate       S.E.  Est./S.E.    P-Value

 CURIOUS  BY
    I_Q04B             0.656      0.013     50.229      0.000
    I_Q04D             0.722      0.010     69.016      0.000
    I_Q04H             0.639      0.013     49.574      0.000
    I_Q04J             0.762      0.010     77.609      0.000
    I_Q04L             0.667      0.012     56.903      0.000
    I_Q04M             0.690      0.011     63.895      0.000

 I_Q04B   WITH
    I_Q04H             0.052      0.024      2.195      0.028
    I_Q04J            -0.213      0.026     -8.271      0.000

 Intercepts
    I_Q04B             2.127      0.028     76.895      0.000
    I_Q04D             2.207      0.027     81.463      0.000
    I_Q04H             1.858      0.023     80.938      0.000
    I_Q04J             1.421      0.017     84.949      0.000
    I_Q04L             1.514      0.018     86.044      0.000
    I_Q04M             2.472      0.034     73.370      0.000

 Variances
    CURIOUS            1.000      0.000    999.000    999.000

 Residual Variances
    I_Q04B             0.570      0.017     33.289      0.000
    I_Q04D             0.478      0.015     31.628      0.000
    I_Q04H             0.592      0.016     35.907      0.000
    I_Q04J             0.420      0.015     28.093      0.000
    I_Q04L             0.555      0.016     35.532      0.000
    I_Q04M             0.524      0.015     35.230      0.000


R-SQUARE

    Observed                                        Two-Tailed
    Variable        Estimate       S.E.  Est./S.E.    P-Value

    I_Q04B             0.430      0.017     25.115      0.000
    I_Q04D             0.522      0.015     34.508      0.000
    I_Q04H             0.408      0.016     24.787      0.000
    I_Q04J             0.580      0.015     38.804      0.000
    I_Q04L             0.445      0.016     28.451      0.000
    I_Q04M             0.476      0.015     31.948      0.000


QUALITY OF NUMERICAL RESULTS

     Condition Number for the Information Matrix              0.189E-01
       (ratio of smallest to largest eigenvalue)


CONFIDENCE INTERVALS OF MODEL RESULTS

                  Lower .5%  Lower 2.5%    Lower 5%    Estimate    Upper 5%  Upper 2.5%   Upper .5%

 CURIOUS  BY
    I_Q04B           1.000       1.000       1.000       1.000       1.000       1.000       1.000
    I_Q04D           1.103       1.120       1.129       1.175       1.221       1.230       1.247
    I_Q04H           0.976       0.994       1.003       1.051       1.099       1.108       1.126
    I_Q04J           1.169       1.192       1.203       1.265       1.326       1.338       1.360
    I_Q04L           0.967       0.989       1.000       1.058       1.117       1.128       1.150
    I_Q04M           0.981       1.000       1.010       1.061       1.111       1.121       1.140

 I_Q04B   WITH
    I_Q04H          -0.006       0.003       0.007       0.031       0.055       0.060       0.069
    I_Q04J          -0.140      -0.132      -0.128      -0.108      -0.088      -0.084      -0.077

 Intercepts
    I_Q04B           2.039       2.048       2.053       2.077       2.100       2.105       2.114
    I_Q04D           2.259       2.269       2.273       2.299       2.324       2.329       2.338
    I_Q04H           1.917       1.926       1.931       1.957       1.982       1.987       1.996
    I_Q04J           1.471       1.480       1.485       1.511       1.536       1.541       1.551
    I_Q04L           1.501       1.510       1.514       1.539       1.563       1.568       1.577
    I_Q04M           2.398       2.407       2.412       2.435       2.459       2.464       2.473

 Variances
    CURIOUS          0.357       0.370       0.376       0.410       0.444       0.450       0.463

 Residual Variances
    I_Q04B           0.500       0.510       0.516       0.543       0.571       0.577       0.587
    I_Q04D           0.478       0.488       0.493       0.519       0.545       0.550       0.560
    I_Q04H           0.608       0.619       0.625       0.656       0.687       0.693       0.704
    I_Q04J           0.432       0.442       0.447       0.475       0.502       0.507       0.518
    I_Q04L           0.531       0.541       0.546       0.574       0.601       0.606       0.617
    I_Q04M           0.472       0.481       0.485       0.509       0.532       0.537       0.546


CONFIDENCE INTERVALS OF STANDARDIZED MODEL RESULTS


STDYX Standardization

                  Lower .5%  Lower 2.5%    Lower 5%    Estimate    Upper 5%  Upper 2.5%   Upper .5%

 CURIOUS  BY
    I_Q04B           0.622       0.630       0.634       0.656       0.677       0.681       0.689
    I_Q04D           0.695       0.702       0.705       0.722       0.740       0.743       0.749
    I_Q04H           0.606       0.614       0.618       0.639       0.660       0.664       0.672
    I_Q04J           0.736       0.742       0.745       0.762       0.778       0.781       0.787
    I_Q04L           0.637       0.644       0.648       0.667       0.686       0.690       0.697
    I_Q04M           0.662       0.668       0.672       0.690       0.707       0.711       0.717

 I_Q04B   WITH
    I_Q04H          -0.009       0.006       0.013       0.052       0.092       0.099       0.114
    I_Q04J          -0.280      -0.264      -0.256      -0.213      -0.171      -0.163      -0.147

 Intercepts
    I_Q04B           2.055       2.072       2.081       2.127       2.172       2.181       2.198
    I_Q04D           2.137       2.153       2.162       2.207       2.251       2.260       2.276
    I_Q04H           1.799       1.813       1.820       1.858       1.896       1.903       1.917
    I_Q04J           1.378       1.388       1.393       1.421       1.448       1.453       1.464
    I_Q04L           1.469       1.479       1.485       1.514       1.543       1.548       1.559
    I_Q04M           2.386       2.406       2.417       2.472       2.528       2.539       2.559

 Variances
    CURIOUS          1.000       1.000       1.000       1.000       1.000       1.000       1.000

 Residual Variances
    I_Q04B           0.526       0.536       0.542       0.570       0.598       0.604       0.614
    I_Q04D           0.439       0.449       0.453       0.478       0.503       0.508       0.517
    I_Q04H           0.549       0.559       0.565       0.592       0.619       0.624       0.634
    I_Q04J           0.381       0.391       0.395       0.420       0.445       0.449       0.458
    I_Q04L           0.515       0.525       0.530       0.555       0.581       0.586       0.596
    I_Q04M           0.486       0.495       0.500       0.524       0.549       0.554       0.563


STDY Standardization

                  Lower .5%  Lower 2.5%    Lower 5%    Estimate    Upper 5%  Upper 2.5%   Upper .5%

 CURIOUS  BY
    I_Q04B           0.622       0.630       0.634       0.656       0.677       0.681       0.689
    I_Q04D           0.695       0.702       0.705       0.722       0.740       0.743       0.749
    I_Q04H           0.606       0.614       0.618       0.639       0.660       0.664       0.672
    I_Q04J           0.736       0.742       0.745       0.762       0.778       0.781       0.787
    I_Q04L           0.637       0.644       0.648       0.667       0.686       0.690       0.697
    I_Q04M           0.662       0.668       0.672       0.690       0.707       0.711       0.717

 I_Q04B   WITH
    I_Q04H          -0.009       0.006       0.013       0.052       0.092       0.099       0.114
    I_Q04J          -0.280      -0.264      -0.256      -0.213      -0.171      -0.163      -0.147

 Intercepts
    I_Q04B           2.055       2.072       2.081       2.127       2.172       2.181       2.198
    I_Q04D           2.137       2.153       2.162       2.207       2.251       2.260       2.276
    I_Q04H           1.799       1.813       1.820       1.858       1.896       1.903       1.917
    I_Q04J           1.378       1.388       1.393       1.421       1.448       1.453       1.464
    I_Q04L           1.469       1.479       1.485       1.514       1.543       1.548       1.559
    I_Q04M           2.386       2.406       2.417       2.472       2.528       2.539       2.559

 Variances
    CURIOUS          1.000       1.000       1.000       1.000       1.000       1.000       1.000

 Residual Variances
    I_Q04B           0.526       0.536       0.542       0.570       0.598       0.604       0.614
    I_Q04D           0.439       0.449       0.453       0.478       0.503       0.508       0.517
    I_Q04H           0.549       0.559       0.565       0.592       0.619       0.624       0.634
    I_Q04J           0.381       0.391       0.395       0.420       0.445       0.449       0.458
    I_Q04L           0.515       0.525       0.530       0.555       0.581       0.586       0.596
    I_Q04M           0.486       0.495       0.500       0.524       0.549       0.554       0.563


     Beginning Time:  13:34:17
        Ending Time:  13:34:18
       Elapsed Time:  00:00:01



MUTHEN & MUTHEN
3463 Stoner Ave.
Los Angeles, CA  90066

Tel: (310) 391-9971
Fax: (310) 391-8971
Web: www.StatModel.com
Support: Support@StatModel.com

Copyright (c) 1998-2020 Muthen & Muthen
