Mplus VERSION 8.5 (Linux)
MUTHEN & MUTHEN
03/23/2022   1:34 PM

INPUT INSTRUCTIONS


  TITLE:
      One-factor CFA for the Netherlands


  DATA:
      file = "../../piaac1-all-curiosity.dat"; ! Dataset is saved two layers up


  VARIABLE:
      NAMES =
          CNTRYID
          I_Q04b I_Q04d I_Q04h I_Q04j I_Q04l I_Q04m
          SPFWT0
          HDI2012 UAI
          ;

      USEVARIABLES = I_Q04b I_Q04d I_Q04h I_Q04j I_Q04l I_Q04m;

      USEOBSERVATIONS = CNTRYID eq 528;

      MISSING = all(-99);

      ! Final participant weight
  	WEIGHT = SPFWT0;


  ANALYSIS:
      ESTIMATOR = MLR;


  MODEL:
      CURIOUS by I_Q04b I_Q04d I_Q04h I_Q04j I_Q04l I_Q04m;

      I_Q04b with I_Q04h;
      I_Q04b with I_Q04j;

  OUTPUT:
      stdyx stdy sampstat cinterval;



*** WARNING
  Data set contains cases with missing on all variables.
  These cases were not included in the analysis.
  Number of cases with missing on all variables:  89
   1 WARNING(S) FOUND IN THE INPUT INSTRUCTIONS




One-factor CFA for the Netherlands

SUMMARY OF ANALYSIS

Number of groups                                                 1
Number of observations                                        5081

Number of dependent variables                                    6
Number of independent variables                                  0
Number of continuous latent variables                            1

Observed dependent variables

  Continuous
   I_Q04B      I_Q04D      I_Q04H      I_Q04J      I_Q04L      I_Q04M

Continuous latent variables
   CURIOUS

Variables with special functions

  Weight variable       SPFWT0

Estimator                                                      MLR
Information matrix                                        OBSERVED
Maximum number of iterations                                  1000
Convergence criterion                                    0.500D-04
Maximum number of steepest descent iterations                   20
Maximum number of iterations for H1                           2000
Convergence criterion for H1                             0.100D-03

Input data file(s)
  ../../piaac1-all-curiosity.dat

Input data format  FREE


SUMMARY OF DATA

     Number of missing data patterns            10


COVARIANCE COVERAGE OF DATA

Minimum covariance coverage value   0.100


     PROPORTION OF DATA PRESENT


           Covariance Coverage
              I_Q04B        I_Q04D        I_Q04H        I_Q04J        I_Q04L
              ________      ________      ________      ________      ________
 I_Q04B         0.997
 I_Q04D         0.997         1.000
 I_Q04H         0.997         0.999         0.999
 I_Q04J         0.997         0.999         0.999         1.000
 I_Q04L         0.995         0.997         0.996         0.997         0.997
 I_Q04M         0.997         1.000         0.999         0.999         0.997


           Covariance Coverage
              I_Q04M
              ________
 I_Q04M         1.000


SAMPLE STATISTICS


     ESTIMATED SAMPLE STATISTICS


           Means
              I_Q04B        I_Q04D        I_Q04H        I_Q04J        I_Q04L
              ________      ________      ________      ________      ________
                2.134         2.816         2.632         2.085         1.988


           Means
              I_Q04M
              ________
                2.777


           Covariances
              I_Q04B        I_Q04D        I_Q04H        I_Q04J        I_Q04L
              ________      ________      ________      ________      ________
 I_Q04B         1.044
 I_Q04D         0.466         0.813
 I_Q04H         0.578         0.521         0.860
 I_Q04J         0.464         0.501         0.504         1.233
 I_Q04L         0.566         0.486         0.540         0.745         1.128
 I_Q04M         0.370         0.426         0.419         0.577         0.505


           Covariances
              I_Q04M
              ________
 I_Q04M         0.847


           Correlations
              I_Q04B        I_Q04D        I_Q04H        I_Q04J        I_Q04L
              ________      ________      ________      ________      ________
 I_Q04B         1.000
 I_Q04D         0.505         1.000
 I_Q04H         0.610         0.623         1.000
 I_Q04J         0.409         0.501         0.489         1.000
 I_Q04L         0.521         0.508         0.549         0.632         1.000
 I_Q04M         0.394         0.514         0.491         0.565         0.516


           Correlations
              I_Q04M
              ________
 I_Q04M         1.000


     MAXIMUM LOG-LIKELIHOOD VALUE FOR THE UNRESTRICTED (H1) MODEL IS -36158.307


UNIVARIATE SAMPLE STATISTICS


     UNIVARIATE HIGHER-ORDER MOMENT DESCRIPTIVE STATISTICS

         Variable/         Mean/     Skewness/   Minimum/ % with                Percentiles
        Sample Size      Variance    Kurtosis    Maximum  Min/Max      20%/60%    40%/80%    Median

     I_Q04B                2.137      -0.203       0.000    6.55%       1.000      2.000      2.000
            5066.000       1.043      -0.345       4.000    8.09%       2.000      3.000
     I_Q04D                2.816      -0.609       0.000    1.36%       2.000      3.000      3.000
            5080.000       0.812       0.255       4.000   21.59%       3.000      4.000
     I_Q04H                2.634      -0.642       0.000    2.56%       2.000      3.000      3.000
            5077.000       0.859       0.335       4.000   14.63%       3.000      3.000
     I_Q04J                2.085      -0.165       0.000    9.73%       1.000      2.000      2.000
            5079.000       1.233      -0.599       4.000    9.45%       2.000      3.000
     I_Q04L                1.988      -0.148       0.000    9.87%       1.000      2.000      2.000
            5067.000       1.129      -0.539       4.000    6.26%       2.000      3.000
     I_Q04M                2.778      -0.775       0.000    2.13%       2.000      3.000      3.000
            5080.000       0.846       0.600       4.000   19.27%       3.000      3.000


THE MODEL ESTIMATION TERMINATED NORMALLY



MODEL FIT INFORMATION

Number of Free Parameters                       20

Loglikelihood

          H0 Value                      -36450.448
          H0 Scaling Correction Factor      1.2827
            for MLR
          H1 Value                      -36158.307
          H1 Scaling Correction Factor      1.3382
            for MLR

Information Criteria

          Akaike (AIC)                   72940.896
          Bayesian (BIC)                 73071.561
          Sample-Size Adjusted BIC       73008.008
            (n* = (n + 2) / 24)

Chi-Square Test of Model Fit

          Value                            390.310*
          Degrees of Freedom                     7
          P-Value                           0.0000
          Scaling Correction Factor         1.4970
            for MLR

*   The chi-square value for MLM, MLMV, MLR, ULSMV, WLSM and WLSMV cannot be used
    for chi-square difference testing in the regular way.  MLM, MLR and WLSM
    chi-square difference testing is described on the Mplus website.  MLMV, WLSMV,
    and ULSMV difference testing is done using the DIFFTEST option.

RMSEA (Root Mean Square Error Of Approximation)

          Estimate                           0.104
          90 Percent C.I.                    0.095  0.113
          Probability RMSEA <= .05           0.000

CFI/TLI

          CFI                                0.956
          TLI                                0.906

Chi-Square Test of Model Fit for the Baseline Model

          Value                           8795.924
          Degrees of Freedom                    15
          P-Value                           0.0000

SRMR (Standardized Root Mean Square Residual)

          Value                              0.032



MODEL RESULTS

                                                    Two-Tailed
                    Estimate       S.E.  Est./S.E.    P-Value

 CURIOUS  BY
    I_Q04B             1.000      0.000    999.000    999.000
    I_Q04D             0.979      0.026     37.536      0.000
    I_Q04H             1.015      0.023     43.800      0.000
    I_Q04J             1.255      0.034     36.528      0.000
    I_Q04L             1.232      0.030     40.900      0.000
    I_Q04M             0.955      0.030     32.368      0.000

 I_Q04B   WITH
    I_Q04H             0.119      0.013      9.519      0.000
    I_Q04J            -0.074      0.012     -6.111      0.000

 Intercepts
    I_Q04B             2.134      0.015    139.984      0.000
    I_Q04D             2.816      0.013    209.934      0.000
    I_Q04H             2.633      0.014    191.569      0.000
    I_Q04J             2.085      0.017    126.292      0.000
    I_Q04L             1.988      0.016    125.667      0.000
    I_Q04M             2.777      0.014    201.917      0.000

 Variances
    CURIOUS            0.443      0.021     21.185      0.000

 Residual Variances
    I_Q04B             0.596      0.018     33.122      0.000
    I_Q04D             0.388      0.012     31.030      0.000
    I_Q04H             0.403      0.014     29.312      0.000
    I_Q04J             0.536      0.016     32.829      0.000
    I_Q04L             0.456      0.015     31.150      0.000
    I_Q04M             0.443      0.014     32.472      0.000


STANDARDIZED MODEL RESULTS


STDYX Standardization

                                                    Two-Tailed
                    Estimate       S.E.  Est./S.E.    P-Value

 CURIOUS  BY
    I_Q04B             0.653      0.013     51.929      0.000
    I_Q04D             0.723      0.011     63.692      0.000
    I_Q04H             0.729      0.011     64.897      0.000
    I_Q04J             0.752      0.009     82.266      0.000
    I_Q04L             0.772      0.009     90.589      0.000
    I_Q04M             0.691      0.012     59.704      0.000

 I_Q04B   WITH
    I_Q04H             0.244      0.022     11.295      0.000
    I_Q04J            -0.130      0.022     -5.898      0.000

 Intercepts
    I_Q04B             2.093      0.027     77.034      0.000
    I_Q04D             3.123      0.044     71.261      0.000
    I_Q04H             2.840      0.041     68.836      0.000
    I_Q04J             1.878      0.024     79.681      0.000
    I_Q04L             1.871      0.024     79.094      0.000
    I_Q04M             3.019      0.046     65.269      0.000

 Variances
    CURIOUS            1.000      0.000    999.000    999.000

 Residual Variances
    I_Q04B             0.574      0.016     34.951      0.000
    I_Q04D             0.477      0.016     29.061      0.000
    I_Q04H             0.468      0.016     28.599      0.000
    I_Q04J             0.434      0.014     31.590      0.000
    I_Q04L             0.404      0.013     30.676      0.000
    I_Q04M             0.523      0.016     32.692      0.000


STDY Standardization

                                                    Two-Tailed
                    Estimate       S.E.  Est./S.E.    P-Value

 CURIOUS  BY
    I_Q04B             0.653      0.013     51.929      0.000
    I_Q04D             0.723      0.011     63.692      0.000
    I_Q04H             0.729      0.011     64.897      0.000
    I_Q04J             0.752      0.009     82.266      0.000
    I_Q04L             0.772      0.009     90.589      0.000
    I_Q04M             0.691      0.012     59.704      0.000

 I_Q04B   WITH
    I_Q04H             0.244      0.022     11.295      0.000
    I_Q04J            -0.130      0.022     -5.898      0.000

 Intercepts
    I_Q04B             2.093      0.027     77.034      0.000
    I_Q04D             3.123      0.044     71.261      0.000
    I_Q04H             2.840      0.041     68.836      0.000
    I_Q04J             1.878      0.024     79.681      0.000
    I_Q04L             1.871      0.024     79.094      0.000
    I_Q04M             3.019      0.046     65.269      0.000

 Variances
    CURIOUS            1.000      0.000    999.000    999.000

 Residual Variances
    I_Q04B             0.574      0.016     34.951      0.000
    I_Q04D             0.477      0.016     29.061      0.000
    I_Q04H             0.468      0.016     28.599      0.000
    I_Q04J             0.434      0.014     31.590      0.000
    I_Q04L             0.404      0.013     30.676      0.000
    I_Q04M             0.523      0.016     32.692      0.000


R-SQUARE

    Observed                                        Two-Tailed
    Variable        Estimate       S.E.  Est./S.E.    P-Value

    I_Q04B             0.426      0.016     25.965      0.000
    I_Q04D             0.523      0.016     31.846      0.000
    I_Q04H             0.532      0.016     32.448      0.000
    I_Q04J             0.566      0.014     41.133      0.000
    I_Q04L             0.596      0.013     45.295      0.000
    I_Q04M             0.477      0.016     29.852      0.000


QUALITY OF NUMERICAL RESULTS

     Condition Number for the Information Matrix              0.113E-01
       (ratio of smallest to largest eigenvalue)


CONFIDENCE INTERVALS OF MODEL RESULTS

                  Lower .5%  Lower 2.5%    Lower 5%    Estimate    Upper 5%  Upper 2.5%   Upper .5%

 CURIOUS  BY
    I_Q04B           1.000       1.000       1.000       1.000       1.000       1.000       1.000
    I_Q04D           0.912       0.928       0.936       0.979       1.022       1.030       1.046
    I_Q04H           0.956       0.970       0.977       1.015       1.053       1.061       1.075
    I_Q04J           1.166       1.187       1.198       1.255       1.311       1.322       1.343
    I_Q04L           1.155       1.173       1.183       1.232       1.282       1.291       1.310
    I_Q04M           0.879       0.897       0.906       0.955       1.003       1.013       1.031

 I_Q04B   WITH
    I_Q04H           0.087       0.095       0.099       0.119       0.140       0.144       0.152
    I_Q04J          -0.105      -0.097      -0.093      -0.074      -0.054      -0.050      -0.043

 Intercepts
    I_Q04B           2.095       2.104       2.109       2.134       2.159       2.164       2.173
    I_Q04D           2.781       2.789       2.794       2.816       2.838       2.842       2.850
    I_Q04H           2.597       2.606       2.610       2.633       2.655       2.659       2.668
    I_Q04J           2.043       2.053       2.058       2.085       2.112       2.118       2.128
    I_Q04L           1.947       1.957       1.962       1.988       2.014       2.019       2.029
    I_Q04M           2.742       2.751       2.755       2.777       2.800       2.804       2.813

 Variances
    CURIOUS          0.389       0.402       0.409       0.443       0.477       0.484       0.497

 Residual Variances
    I_Q04B           0.550       0.561       0.567       0.596       0.626       0.632       0.643
    I_Q04D           0.356       0.363       0.367       0.388       0.408       0.412       0.420
    I_Q04H           0.367       0.376       0.380       0.403       0.425       0.430       0.438
    I_Q04J           0.494       0.504       0.509       0.536       0.562       0.568       0.578
    I_Q04L           0.418       0.427       0.432       0.456       0.480       0.484       0.493
    I_Q04M           0.407       0.416       0.420       0.443       0.465       0.469       0.478


CONFIDENCE INTERVALS OF STANDARDIZED MODEL RESULTS


STDYX Standardization

                  Lower .5%  Lower 2.5%    Lower 5%    Estimate    Upper 5%  Upper 2.5%   Upper .5%

 CURIOUS  BY
    I_Q04B           0.620       0.628       0.632       0.653       0.674       0.678       0.685
    I_Q04D           0.694       0.701       0.704       0.723       0.742       0.745       0.752
    I_Q04H           0.700       0.707       0.711       0.729       0.748       0.751       0.758
    I_Q04J           0.729       0.734       0.737       0.752       0.767       0.770       0.776
    I_Q04L           0.750       0.755       0.758       0.772       0.786       0.789       0.794
    I_Q04M           0.661       0.668       0.672       0.691       0.710       0.714       0.721

 I_Q04B   WITH
    I_Q04H           0.188       0.201       0.208       0.244       0.279       0.286       0.299
    I_Q04J          -0.187      -0.173      -0.166      -0.130      -0.094      -0.087      -0.073

 Intercepts
    I_Q04B           2.023       2.040       2.048       2.093       2.138       2.146       2.163
    I_Q04D           3.011       3.038       3.051       3.123       3.196       3.209       3.236
    I_Q04H           2.733       2.759       2.772       2.840       2.908       2.921       2.946
    I_Q04J           1.817       1.832       1.839       1.878       1.917       1.924       1.939
    I_Q04L           1.810       1.825       1.832       1.871       1.910       1.918       1.932
    I_Q04M           2.900       2.928       2.943       3.019       3.095       3.109       3.138

 Variances
    CURIOUS          1.000       1.000       1.000       1.000       1.000       1.000       1.000

 Residual Variances
    I_Q04B           0.531       0.542       0.547       0.574       0.601       0.606       0.616
    I_Q04D           0.435       0.445       0.450       0.477       0.504       0.509       0.519
    I_Q04H           0.426       0.436       0.442       0.468       0.495       0.501       0.511
    I_Q04J           0.399       0.407       0.412       0.434       0.457       0.461       0.470
    I_Q04L           0.370       0.378       0.382       0.404       0.425       0.430       0.438
    I_Q04M           0.482       0.491       0.496       0.523       0.549       0.554       0.564


STDY Standardization

                  Lower .5%  Lower 2.5%    Lower 5%    Estimate    Upper 5%  Upper 2.5%   Upper .5%

 CURIOUS  BY
    I_Q04B           0.620       0.628       0.632       0.653       0.674       0.678       0.685
    I_Q04D           0.694       0.701       0.704       0.723       0.742       0.745       0.752
    I_Q04H           0.700       0.707       0.711       0.729       0.748       0.751       0.758
    I_Q04J           0.729       0.734       0.737       0.752       0.767       0.770       0.776
    I_Q04L           0.750       0.755       0.758       0.772       0.786       0.789       0.794
    I_Q04M           0.661       0.668       0.672       0.691       0.710       0.714       0.721

 I_Q04B   WITH
    I_Q04H           0.188       0.201       0.208       0.244       0.279       0.286       0.299
    I_Q04J          -0.187      -0.173      -0.166      -0.130      -0.094      -0.087      -0.073

 Intercepts
    I_Q04B           2.023       2.040       2.048       2.093       2.138       2.146       2.163
    I_Q04D           3.011       3.038       3.051       3.123       3.196       3.209       3.236
    I_Q04H           2.733       2.759       2.772       2.840       2.908       2.921       2.946
    I_Q04J           1.817       1.832       1.839       1.878       1.917       1.924       1.939
    I_Q04L           1.810       1.825       1.832       1.871       1.910       1.918       1.932
    I_Q04M           2.900       2.928       2.943       3.019       3.095       3.109       3.138

 Variances
    CURIOUS          1.000       1.000       1.000       1.000       1.000       1.000       1.000

 Residual Variances
    I_Q04B           0.531       0.542       0.547       0.574       0.601       0.606       0.616
    I_Q04D           0.435       0.445       0.450       0.477       0.504       0.509       0.519
    I_Q04H           0.426       0.436       0.442       0.468       0.495       0.501       0.511
    I_Q04J           0.399       0.407       0.412       0.434       0.457       0.461       0.470
    I_Q04L           0.370       0.378       0.382       0.404       0.425       0.430       0.438
    I_Q04M           0.482       0.491       0.496       0.523       0.549       0.554       0.564


     Beginning Time:  13:34:20
        Ending Time:  13:34:21
       Elapsed Time:  00:00:01



MUTHEN & MUTHEN
3463 Stoner Ave.
Los Angeles, CA  90066

Tel: (310) 391-9971
Fax: (310) 391-8971
Web: www.StatModel.com
Support: Support@StatModel.com

Copyright (c) 1998-2020 Muthen & Muthen
