Mplus VERSION 8.5 (Linux)
MUTHEN & MUTHEN
03/23/2022   1:34 PM

INPUT INSTRUCTIONS


  TITLE:
      One-factor CFA for Poland


  DATA:
      file = "../../piaac1-all-curiosity.dat"; ! Dataset is saved two layers up


  VARIABLE:
      NAMES =
          CNTRYID
          I_Q04b I_Q04d I_Q04h I_Q04j I_Q04l I_Q04m
          SPFWT0
          HDI2012 UAI
          ;

      USEVARIABLES = I_Q04b I_Q04d I_Q04h I_Q04j I_Q04l I_Q04m;

      USEOBSERVATIONS = CNTRYID eq 616;

      MISSING = all(-99);

      ! Final participant weight
  	WEIGHT = SPFWT0;


  ANALYSIS:
      ESTIMATOR = MLR;


  MODEL:
      CURIOUS by I_Q04b I_Q04d I_Q04h I_Q04j I_Q04l I_Q04m;

      I_Q04b with I_Q04h;
      I_Q04b with I_Q04j;

  OUTPUT:
      stdyx stdy sampstat cinterval;



*** WARNING
  Data set contains cases with missing on all variables.
  These cases were not included in the analysis.
  Number of cases with missing on all variables:  2
   1 WARNING(S) FOUND IN THE INPUT INSTRUCTIONS




One-factor CFA for Poland

SUMMARY OF ANALYSIS

Number of groups                                                 1
Number of observations                                        9364

Number of dependent variables                                    6
Number of independent variables                                  0
Number of continuous latent variables                            1

Observed dependent variables

  Continuous
   I_Q04B      I_Q04D      I_Q04H      I_Q04J      I_Q04L      I_Q04M

Continuous latent variables
   CURIOUS

Variables with special functions

  Weight variable       SPFWT0

Estimator                                                      MLR
Information matrix                                        OBSERVED
Maximum number of iterations                                  1000
Convergence criterion                                    0.500D-04
Maximum number of steepest descent iterations                   20
Maximum number of iterations for H1                           2000
Convergence criterion for H1                             0.100D-03

Input data file(s)
  ../../piaac1-all-curiosity.dat

Input data format  FREE


SUMMARY OF DATA

     Number of missing data patterns            18


COVARIANCE COVERAGE OF DATA

Minimum covariance coverage value   0.100


     PROPORTION OF DATA PRESENT


           Covariance Coverage
              I_Q04B        I_Q04D        I_Q04H        I_Q04J        I_Q04L
              ________      ________      ________      ________      ________
 I_Q04B         0.997
 I_Q04D         0.997         1.000
 I_Q04H         0.996         0.998         0.998
 I_Q04J         0.997         0.999         0.998         0.999
 I_Q04L         0.997         0.999         0.998         0.999         0.999
 I_Q04M         0.997         0.999         0.998         0.999         0.999


           Covariance Coverage
              I_Q04M
              ________
 I_Q04M         0.999


SAMPLE STATISTICS


     ESTIMATED SAMPLE STATISTICS


           Means
              I_Q04B        I_Q04D        I_Q04H        I_Q04J        I_Q04L
              ________      ________      ________      ________      ________
                2.182         2.652         2.615         2.687         2.531


           Means
              I_Q04M
              ________
                2.858


           Covariances
              I_Q04B        I_Q04D        I_Q04H        I_Q04J        I_Q04L
              ________      ________      ________      ________      ________
 I_Q04B         0.903
 I_Q04D         0.441         0.892
 I_Q04H         0.485         0.556         0.837
 I_Q04J         0.396         0.480         0.479         0.979
 I_Q04L         0.439         0.501         0.498         0.615         1.005
 I_Q04M         0.366         0.481         0.459         0.557         0.553


           Covariances
              I_Q04M
              ________
 I_Q04M         0.861


           Correlations
              I_Q04B        I_Q04D        I_Q04H        I_Q04J        I_Q04L
              ________      ________      ________      ________      ________
 I_Q04B         1.000
 I_Q04D         0.491         1.000
 I_Q04H         0.558         0.643         1.000
 I_Q04J         0.422         0.514         0.529         1.000
 I_Q04L         0.461         0.529         0.543         0.620         1.000
 I_Q04M         0.415         0.549         0.541         0.607         0.595


           Correlations
              I_Q04M
              ________
 I_Q04M         1.000


     MAXIMUM LOG-LIKELIHOOD VALUE FOR THE UNRESTRICTED (H1) MODEL IS -64337.399


UNIVARIATE SAMPLE STATISTICS


     UNIVARIATE HIGHER-ORDER MOMENT DESCRIPTIVE STATISTICS

         Variable/         Mean/     Skewness/   Minimum/ % with                Percentiles
        Sample Size      Variance    Kurtosis    Maximum  Min/Max      20%/60%    40%/80%    Median

     I_Q04B                2.183      -0.128       0.000    3.98%       2.000      2.000      2.000
            9337.000       0.903      -0.040       4.000    8.64%       2.000      3.000
     I_Q04D                2.652      -0.477       0.000    1.41%       2.000      3.000      3.000
            9360.000       0.892      -0.005       4.000   21.75%       3.000      4.000
     I_Q04H                2.617      -0.441       0.000    1.70%       2.000      3.000      3.000
            9349.000       0.836       0.149       4.000   17.61%       3.000      3.000
     I_Q04J                2.688      -0.593       0.000    2.43%       2.000      3.000      3.000
            9355.000       0.978       0.027       4.000   22.16%       3.000      4.000
     I_Q04L                2.532      -0.463       0.000    2.69%       2.000      2.000      3.000
            9355.000       1.004      -0.103       4.000   18.74%       3.000      3.000
     I_Q04M                2.859      -0.731       0.000    1.44%       2.000      3.000      3.000
            9359.000       0.860       0.449       4.000   28.41%       3.000      4.000


THE MODEL ESTIMATION TERMINATED NORMALLY



MODEL FIT INFORMATION

Number of Free Parameters                       20

Loglikelihood

          H0 Value                      -64761.274
          H0 Scaling Correction Factor      2.3813
            for MLR
          H1 Value                      -64337.399
          H1 Scaling Correction Factor      2.5259
            for MLR

Information Criteria

          Akaike (AIC)                  129562.548
          Bayesian (BIC)                129705.441
          Sample-Size Adjusted BIC      129641.884
            (n* = (n + 2) / 24)

Chi-Square Test of Model Fit

          Value                            288.415*
          Degrees of Freedom                     7
          P-Value                           0.0000
          Scaling Correction Factor         2.9393
            for MLR

*   The chi-square value for MLM, MLMV, MLR, ULSMV, WLSM and WLSMV cannot be used
    for chi-square difference testing in the regular way.  MLM, MLR and WLSM
    chi-square difference testing is described on the Mplus website.  MLMV, WLSMV,
    and ULSMV difference testing is done using the DIFFTEST option.

RMSEA (Root Mean Square Error Of Approximation)

          Estimate                           0.066
          90 Percent C.I.                    0.059  0.072
          Probability RMSEA <= .05           0.000

CFI/TLI

          CFI                                0.967
          TLI                                0.930

Chi-Square Test of Model Fit for the Baseline Model

          Value                           8601.587
          Degrees of Freedom                    15
          P-Value                           0.0000

SRMR (Standardized Root Mean Square Residual)

          Value                              0.028



MODEL RESULTS

                                                    Two-Tailed
                    Estimate       S.E.  Est./S.E.    P-Value

 CURIOUS  BY
    I_Q04B             1.000      0.000    999.000    999.000
    I_Q04D             1.227      0.032     37.769      0.000
    I_Q04H             1.195      0.028     42.350      0.000
    I_Q04J             1.317      0.039     33.541      0.000
    I_Q04L             1.348      0.039     34.558      0.000
    I_Q04M             1.237      0.037     33.068      0.000

 I_Q04B   WITH
    I_Q04H             0.096      0.011      9.036      0.000
    I_Q04J            -0.022      0.009     -2.398      0.017

 Intercepts
    I_Q04B             2.182      0.014    157.535      0.000
    I_Q04D             2.652      0.014    192.380      0.000
    I_Q04H             2.615      0.013    197.452      0.000
    I_Q04J             2.687      0.014    188.096      0.000
    I_Q04L             2.531      0.015    174.257      0.000
    I_Q04M             2.858      0.013    212.495      0.000

 Variances
    CURIOUS            0.324      0.017     18.734      0.000

 Residual Variances
    I_Q04B             0.578      0.015     38.103      0.000
    I_Q04D             0.404      0.014     28.893      0.000
    I_Q04H             0.374      0.013     29.122      0.000
    I_Q04J             0.417      0.014     29.464      0.000
    I_Q04L             0.416      0.015     27.524      0.000
    I_Q04M             0.365      0.012     31.162      0.000


STANDARDIZED MODEL RESULTS


STDYX Standardization

                                                    Two-Tailed
                    Estimate       S.E.  Est./S.E.    P-Value

 CURIOUS  BY
    I_Q04B             0.599      0.013     46.247      0.000
    I_Q04D             0.739      0.011     69.298      0.000
    I_Q04H             0.744      0.010     71.767      0.000
    I_Q04J             0.757      0.010     77.914      0.000
    I_Q04L             0.766      0.010     78.406      0.000
    I_Q04M             0.759      0.009     82.326      0.000

 I_Q04B   WITH
    I_Q04H             0.206      0.020     10.258      0.000
    I_Q04J            -0.046      0.019     -2.372      0.018

 Intercepts
    I_Q04B             2.297      0.028     80.700      0.000
    I_Q04D             2.808      0.037     75.459      0.000
    I_Q04H             2.859      0.038     76.207      0.000
    I_Q04J             2.716      0.036     74.957      0.000
    I_Q04L             2.526      0.033     75.702      0.000
    I_Q04M             3.081      0.044     69.992      0.000

 Variances
    CURIOUS            1.000      0.000    999.000    999.000

 Residual Variances
    I_Q04B             0.641      0.016     41.276      0.000
    I_Q04D             0.453      0.016     28.725      0.000
    I_Q04H             0.447      0.015     28.999      0.000
    I_Q04J             0.426      0.015     28.942      0.000
    I_Q04L             0.414      0.015     27.668      0.000
    I_Q04M             0.424      0.014     30.289      0.000


STDY Standardization

                                                    Two-Tailed
                    Estimate       S.E.  Est./S.E.    P-Value

 CURIOUS  BY
    I_Q04B             0.599      0.013     46.247      0.000
    I_Q04D             0.739      0.011     69.298      0.000
    I_Q04H             0.744      0.010     71.767      0.000
    I_Q04J             0.757      0.010     77.914      0.000
    I_Q04L             0.766      0.010     78.406      0.000
    I_Q04M             0.759      0.009     82.326      0.000

 I_Q04B   WITH
    I_Q04H             0.206      0.020     10.258      0.000
    I_Q04J            -0.046      0.019     -2.372      0.018

 Intercepts
    I_Q04B             2.297      0.028     80.700      0.000
    I_Q04D             2.808      0.037     75.459      0.000
    I_Q04H             2.859      0.038     76.207      0.000
    I_Q04J             2.716      0.036     74.957      0.000
    I_Q04L             2.526      0.033     75.702      0.000
    I_Q04M             3.081      0.044     69.992      0.000

 Variances
    CURIOUS            1.000      0.000    999.000    999.000

 Residual Variances
    I_Q04B             0.641      0.016     41.276      0.000
    I_Q04D             0.453      0.016     28.725      0.000
    I_Q04H             0.447      0.015     28.999      0.000
    I_Q04J             0.426      0.015     28.942      0.000
    I_Q04L             0.414      0.015     27.668      0.000
    I_Q04M             0.424      0.014     30.289      0.000


R-SQUARE

    Observed                                        Two-Tailed
    Variable        Estimate       S.E.  Est./S.E.    P-Value

    I_Q04B             0.359      0.016     23.124      0.000
    I_Q04D             0.547      0.016     34.649      0.000
    I_Q04H             0.553      0.015     35.883      0.000
    I_Q04J             0.574      0.015     38.957      0.000
    I_Q04L             0.586      0.015     39.203      0.000
    I_Q04M             0.576      0.014     41.163      0.000


QUALITY OF NUMERICAL RESULTS

     Condition Number for the Information Matrix              0.787E-02
       (ratio of smallest to largest eigenvalue)


CONFIDENCE INTERVALS OF MODEL RESULTS

                  Lower .5%  Lower 2.5%    Lower 5%    Estimate    Upper 5%  Upper 2.5%   Upper .5%

 CURIOUS  BY
    I_Q04B           1.000       1.000       1.000       1.000       1.000       1.000       1.000
    I_Q04D           1.143       1.163       1.173       1.227       1.280       1.291       1.311
    I_Q04H           1.122       1.140       1.149       1.195       1.242       1.251       1.268
    I_Q04J           1.216       1.240       1.252       1.317       1.381       1.394       1.418
    I_Q04L           1.248       1.272       1.284       1.348       1.412       1.425       1.449
    I_Q04M           1.141       1.164       1.176       1.237       1.299       1.310       1.333

 I_Q04B   WITH
    I_Q04H           0.068       0.075       0.078       0.096       0.113       0.116       0.123
    I_Q04J          -0.046      -0.041      -0.038      -0.022      -0.007      -0.004       0.002

 Intercepts
    I_Q04B           2.146       2.155       2.159       2.182       2.205       2.209       2.217
    I_Q04D           2.617       2.625       2.630       2.652       2.675       2.679       2.688
    I_Q04H           2.581       2.589       2.594       2.615       2.637       2.641       2.650
    I_Q04J           2.650       2.659       2.664       2.687       2.711       2.715       2.724
    I_Q04L           2.494       2.503       2.508       2.531       2.555       2.560       2.569
    I_Q04M           2.823       2.832       2.836       2.858       2.880       2.884       2.893

 Variances
    CURIOUS          0.279       0.290       0.296       0.324       0.352       0.358       0.369

 Residual Variances
    I_Q04B           0.539       0.549       0.553       0.578       0.603       0.608       0.617
    I_Q04D           0.368       0.377       0.381       0.404       0.427       0.432       0.440
    I_Q04H           0.341       0.349       0.353       0.374       0.395       0.399       0.407
    I_Q04J           0.381       0.390       0.394       0.417       0.441       0.445       0.454
    I_Q04L           0.377       0.386       0.391       0.416       0.441       0.445       0.455
    I_Q04M           0.335       0.342       0.346       0.365       0.384       0.388       0.395


CONFIDENCE INTERVALS OF STANDARDIZED MODEL RESULTS


STDYX Standardization

                  Lower .5%  Lower 2.5%    Lower 5%    Estimate    Upper 5%  Upper 2.5%   Upper .5%

 CURIOUS  BY
    I_Q04B           0.566       0.574       0.578       0.599       0.621       0.625       0.633
    I_Q04D           0.712       0.719       0.722       0.739       0.757       0.760       0.767
    I_Q04H           0.717       0.723       0.727       0.744       0.761       0.764       0.770
    I_Q04J           0.732       0.738       0.741       0.757       0.773       0.777       0.783
    I_Q04L           0.741       0.747       0.750       0.766       0.782       0.785       0.791
    I_Q04M           0.735       0.741       0.744       0.759       0.774       0.777       0.783

 I_Q04B   WITH
    I_Q04H           0.154       0.166       0.173       0.206       0.239       0.245       0.257
    I_Q04J          -0.095      -0.083      -0.077      -0.046      -0.014      -0.008       0.004

 Intercepts
    I_Q04B           2.223       2.241       2.250       2.297       2.344       2.352       2.370
    I_Q04D           2.712       2.735       2.747       2.808       2.869       2.881       2.904
    I_Q04H           2.762       2.785       2.797       2.859       2.921       2.932       2.955
    I_Q04J           2.622       2.645       2.656       2.716       2.775       2.787       2.809
    I_Q04L           2.440       2.460       2.471       2.526       2.581       2.591       2.612
    I_Q04M           2.967       2.994       3.008       3.081       3.153       3.167       3.194

 Variances
    CURIOUS          1.000       1.000       1.000       1.000       1.000       1.000       1.000

 Residual Variances
    I_Q04B           0.601       0.610       0.615       0.641       0.666       0.671       0.681
    I_Q04D           0.413       0.422       0.427       0.453       0.479       0.484       0.494
    I_Q04H           0.407       0.417       0.422       0.447       0.472       0.477       0.487
    I_Q04J           0.388       0.397       0.402       0.426       0.450       0.455       0.464
    I_Q04L           0.375       0.384       0.389       0.414       0.438       0.443       0.452
    I_Q04M           0.388       0.396       0.401       0.424       0.447       0.451       0.460


STDY Standardization

                  Lower .5%  Lower 2.5%    Lower 5%    Estimate    Upper 5%  Upper 2.5%   Upper .5%

 CURIOUS  BY
    I_Q04B           0.566       0.574       0.578       0.599       0.621       0.625       0.633
    I_Q04D           0.712       0.719       0.722       0.739       0.757       0.760       0.767
    I_Q04H           0.717       0.723       0.727       0.744       0.761       0.764       0.770
    I_Q04J           0.732       0.738       0.741       0.757       0.773       0.777       0.783
    I_Q04L           0.741       0.747       0.750       0.766       0.782       0.785       0.791
    I_Q04M           0.735       0.741       0.744       0.759       0.774       0.777       0.783

 I_Q04B   WITH
    I_Q04H           0.154       0.166       0.173       0.206       0.239       0.245       0.257
    I_Q04J          -0.095      -0.083      -0.077      -0.046      -0.014      -0.008       0.004

 Intercepts
    I_Q04B           2.223       2.241       2.250       2.297       2.344       2.352       2.370
    I_Q04D           2.712       2.735       2.747       2.808       2.869       2.881       2.904
    I_Q04H           2.762       2.785       2.797       2.859       2.921       2.932       2.955
    I_Q04J           2.622       2.645       2.656       2.716       2.775       2.787       2.809
    I_Q04L           2.440       2.460       2.471       2.526       2.581       2.591       2.612
    I_Q04M           2.967       2.994       3.008       3.081       3.153       3.167       3.194

 Variances
    CURIOUS          1.000       1.000       1.000       1.000       1.000       1.000       1.000

 Residual Variances
    I_Q04B           0.601       0.610       0.615       0.641       0.666       0.671       0.681
    I_Q04D           0.413       0.422       0.427       0.453       0.479       0.484       0.494
    I_Q04H           0.407       0.417       0.422       0.447       0.472       0.477       0.487
    I_Q04J           0.388       0.397       0.402       0.426       0.450       0.455       0.464
    I_Q04L           0.375       0.384       0.389       0.414       0.438       0.443       0.452
    I_Q04M           0.388       0.396       0.401       0.424       0.447       0.451       0.460


     Beginning Time:  13:34:24
        Ending Time:  13:34:25
       Elapsed Time:  00:00:01



MUTHEN & MUTHEN
3463 Stoner Ave.
Los Angeles, CA  90066

Tel: (310) 391-9971
Fax: (310) 391-8971
Web: www.StatModel.com
Support: Support@StatModel.com

Copyright (c) 1998-2020 Muthen & Muthen
