Mplus VERSION 8.5 (Linux)
MUTHEN & MUTHEN
03/23/2022   1:34 PM

INPUT INSTRUCTIONS


  TITLE:
      One-factor CFA for the United Kingdom


  DATA:
      file = "../../piaac1-all-curiosity.dat"; ! Dataset is saved two layers up


  VARIABLE:
      NAMES =
          CNTRYID
          I_Q04b I_Q04d I_Q04h I_Q04j I_Q04l I_Q04m
          SPFWT0
          HDI2012 UAI
          ;

      USEVARIABLES = I_Q04b I_Q04d I_Q04h I_Q04j I_Q04l I_Q04m;

      USEOBSERVATIONS = CNTRYID eq 826;

      MISSING = all(-99);

      ! Final participant weight
  	WEIGHT = SPFWT0;


  ANALYSIS:
      ESTIMATOR = MLR;


  MODEL:
      CURIOUS by I_Q04b I_Q04d I_Q04h I_Q04j I_Q04l I_Q04m;

      I_Q04b with I_Q04h;
      I_Q04b with I_Q04j;

  OUTPUT:
      stdyx stdy sampstat cinterval;



*** WARNING
  Data set contains cases with missing on all variables.
  These cases were not included in the analysis.
  Number of cases with missing on all variables:  88
   1 WARNING(S) FOUND IN THE INPUT INSTRUCTIONS




One-factor CFA for the United Kingdom

SUMMARY OF ANALYSIS

Number of groups                                                 1
Number of observations                                        8804

Number of dependent variables                                    6
Number of independent variables                                  0
Number of continuous latent variables                            1

Observed dependent variables

  Continuous
   I_Q04B      I_Q04D      I_Q04H      I_Q04J      I_Q04L      I_Q04M

Continuous latent variables
   CURIOUS

Variables with special functions

  Weight variable       SPFWT0

Estimator                                                      MLR
Information matrix                                        OBSERVED
Maximum number of iterations                                  1000
Convergence criterion                                    0.500D-04
Maximum number of steepest descent iterations                   20
Maximum number of iterations for H1                           2000
Convergence criterion for H1                             0.100D-03

Input data file(s)
  ../../piaac1-all-curiosity.dat

Input data format  FREE


SUMMARY OF DATA

     Number of missing data patterns            17


COVARIANCE COVERAGE OF DATA

Minimum covariance coverage value   0.100


     PROPORTION OF DATA PRESENT


           Covariance Coverage
              I_Q04B        I_Q04D        I_Q04H        I_Q04J        I_Q04L
              ________      ________      ________      ________      ________
 I_Q04B         0.995
 I_Q04D         0.995         1.000
 I_Q04H         0.994         0.997         0.997
 I_Q04J         0.995         0.999         0.997         1.000
 I_Q04L         0.994         0.998         0.995         0.998         0.998
 I_Q04M         0.995         0.999         0.996         0.999         0.998


           Covariance Coverage
              I_Q04M
              ________
 I_Q04M         0.999


SAMPLE STATISTICS


     ESTIMATED SAMPLE STATISTICS


           Means
              I_Q04B        I_Q04D        I_Q04H        I_Q04J        I_Q04L
              ________      ________      ________      ________      ________
                2.133         2.896         2.600         2.810         2.555


           Means
              I_Q04M
              ________
                2.977


           Covariances
              I_Q04B        I_Q04D        I_Q04H        I_Q04J        I_Q04L
              ________      ________      ________      ________      ________
 I_Q04B         0.999
 I_Q04D         0.447         0.829
 I_Q04H         0.541         0.487         0.843
 I_Q04J         0.371         0.420         0.414         0.921
 I_Q04L         0.484         0.492         0.492         0.647         0.974
 I_Q04M         0.362         0.438         0.405         0.505         0.536


           Covariances
              I_Q04M
              ________
 I_Q04M         0.872


           Correlations
              I_Q04B        I_Q04D        I_Q04H        I_Q04J        I_Q04L
              ________      ________      ________      ________      ________
 I_Q04B         1.000
 I_Q04D         0.492         1.000
 I_Q04H         0.589         0.583         1.000
 I_Q04J         0.386         0.481         0.470         1.000
 I_Q04L         0.490         0.547         0.542         0.683         1.000
 I_Q04M         0.388         0.515         0.472         0.563         0.582


           Correlations
              I_Q04M
              ________
 I_Q04M         1.000


     MAXIMUM LOG-LIKELIHOOD VALUE FOR THE UNRESTRICTED (H1) MODEL IS -60499.986


UNIVARIATE SAMPLE STATISTICS


     UNIVARIATE HIGHER-ORDER MOMENT DESCRIPTIVE STATISTICS

         Variable/         Mean/     Skewness/   Minimum/ % with                Percentiles
        Sample Size      Variance    Kurtosis    Maximum  Min/Max      20%/60%    40%/80%    Median

     I_Q04B                2.136      -0.070       0.000    6.83%       1.000      2.000      2.000
            8760.000       0.997      -0.068       4.000    9.20%       2.000      3.000
     I_Q04D                2.896      -0.472       0.000    1.72%       2.000      3.000      3.000
            8802.000       0.829      -0.188       4.000   26.95%       3.000      4.000
     I_Q04H                2.602      -0.280       0.000    2.67%       2.000      2.000      2.000
            8777.000       0.842       0.061       4.000   16.30%       3.000      3.000
     I_Q04J                2.810      -0.537       0.000    2.09%       2.000      3.000      3.000
            8801.000       0.921      -0.035       4.000   26.80%       3.000      4.000
     I_Q04L                2.557      -0.326       0.000    3.23%       2.000      2.000      3.000
            8786.000       0.973      -0.184       4.000   18.26%       3.000      3.000
     I_Q04M                2.978      -0.847       0.000    2.50%       2.000      3.000      3.000
            8796.000       0.872       0.675       4.000   30.12%       3.000      4.000


THE MODEL ESTIMATION TERMINATED NORMALLY



MODEL FIT INFORMATION

Number of Free Parameters                       20

Loglikelihood

          H0 Value                      -60935.251
          H0 Scaling Correction Factor      2.5746
            for MLR
          H1 Value                      -60499.986
          H1 Scaling Correction Factor      2.6775
            for MLR

Information Criteria

          Akaike (AIC)                  121910.503
          Bayesian (BIC)                122052.162
          Sample-Size Adjusted BIC      121988.605
            (n* = (n + 2) / 24)

Chi-Square Test of Model Fit

          Value                            292.979*
          Degrees of Freedom                     7
          P-Value                           0.0000
          Scaling Correction Factor         2.9713
            for MLR

*   The chi-square value for MLM, MLMV, MLR, ULSMV, WLSM and WLSMV cannot be used
    for chi-square difference testing in the regular way.  MLM, MLR and WLSM
    chi-square difference testing is described on the Mplus website.  MLMV, WLSMV,
    and ULSMV difference testing is done using the DIFFTEST option.

RMSEA (Root Mean Square Error Of Approximation)

          Estimate                           0.068
          90 Percent C.I.                    0.062  0.075
          Probability RMSEA <= .05           0.000

CFI/TLI

          CFI                                0.963
          TLI                                0.920

Chi-Square Test of Model Fit for the Baseline Model

          Value                           7642.608
          Degrees of Freedom                    15
          P-Value                           0.0000

SRMR (Standardized Root Mean Square Residual)

          Value                              0.033



MODEL RESULTS

                                                    Two-Tailed
                    Estimate       S.E.  Est./S.E.    P-Value

 CURIOUS  BY
    I_Q04B             1.000      0.000    999.000    999.000
    I_Q04D             1.059      0.030     35.396      0.000
    I_Q04H             1.032      0.026     38.963      0.000
    I_Q04J             1.234      0.039     31.901      0.000
    I_Q04L             1.372      0.039     35.012      0.000
    I_Q04M             1.105      0.038     29.143      0.000

 I_Q04B   WITH
    I_Q04H             0.163      0.013     12.365      0.000
    I_Q04J            -0.057      0.010     -5.838      0.000

 Intercepts
    I_Q04B             2.133      0.016    134.459      0.000
    I_Q04D             2.896      0.014    202.652      0.000
    I_Q04H             2.600      0.015    176.755      0.000
    I_Q04J             2.810      0.015    185.734      0.000
    I_Q04L             2.555      0.016    164.162      0.000
    I_Q04M             2.977      0.015    201.523      0.000

 Variances
    CURIOUS            0.359      0.021     17.363      0.000

 Residual Variances
    I_Q04B             0.635      0.019     33.590      0.000
    I_Q04D             0.427      0.013     32.263      0.000
    I_Q04H             0.460      0.015     31.419      0.000
    I_Q04J             0.375      0.014     27.715      0.000
    I_Q04L             0.299      0.013     23.763      0.000
    I_Q04M             0.433      0.015     29.248      0.000


STANDARDIZED MODEL RESULTS


STDYX Standardization

                                                    Two-Tailed
                    Estimate       S.E.  Est./S.E.    P-Value

 CURIOUS  BY
    I_Q04B             0.601      0.014     42.195      0.000
    I_Q04D             0.697      0.011     62.260      0.000
    I_Q04H             0.674      0.012     55.048      0.000
    I_Q04J             0.770      0.010     75.551      0.000
    I_Q04L             0.833      0.008    104.002      0.000
    I_Q04M             0.709      0.012     60.735      0.000

 I_Q04B   WITH
    I_Q04H             0.302      0.020     14.809      0.000
    I_Q04J            -0.117      0.021     -5.664      0.000

 Intercepts
    I_Q04B             2.139      0.029     72.709      0.000
    I_Q04D             3.181      0.040     78.674      0.000
    I_Q04H             2.833      0.040     71.590      0.000
    I_Q04J             2.928      0.042     70.187      0.000
    I_Q04L             2.589      0.035     73.710      0.000
    I_Q04M             3.188      0.052     61.301      0.000

 Variances
    CURIOUS            1.000      0.000    999.000    999.000

 Residual Variances
    I_Q04B             0.639      0.017     37.317      0.000
    I_Q04D             0.515      0.016     33.001      0.000
    I_Q04H             0.546      0.017     33.061      0.000
    I_Q04J             0.407      0.016     25.894      0.000
    I_Q04L             0.306      0.013     22.974      0.000
    I_Q04M             0.497      0.017     29.991      0.000


STDY Standardization

                                                    Two-Tailed
                    Estimate       S.E.  Est./S.E.    P-Value

 CURIOUS  BY
    I_Q04B             0.601      0.014     42.195      0.000
    I_Q04D             0.697      0.011     62.260      0.000
    I_Q04H             0.674      0.012     55.048      0.000
    I_Q04J             0.770      0.010     75.551      0.000
    I_Q04L             0.833      0.008    104.002      0.000
    I_Q04M             0.709      0.012     60.735      0.000

 I_Q04B   WITH
    I_Q04H             0.302      0.020     14.809      0.000
    I_Q04J            -0.117      0.021     -5.664      0.000

 Intercepts
    I_Q04B             2.139      0.029     72.709      0.000
    I_Q04D             3.181      0.040     78.674      0.000
    I_Q04H             2.833      0.040     71.590      0.000
    I_Q04J             2.928      0.042     70.187      0.000
    I_Q04L             2.589      0.035     73.710      0.000
    I_Q04M             3.188      0.052     61.301      0.000

 Variances
    CURIOUS            1.000      0.000    999.000    999.000

 Residual Variances
    I_Q04B             0.639      0.017     37.317      0.000
    I_Q04D             0.515      0.016     33.001      0.000
    I_Q04H             0.546      0.017     33.061      0.000
    I_Q04J             0.407      0.016     25.894      0.000
    I_Q04L             0.306      0.013     22.974      0.000
    I_Q04M             0.497      0.017     29.991      0.000


R-SQUARE

    Observed                                        Two-Tailed
    Variable        Estimate       S.E.  Est./S.E.    P-Value

    I_Q04B             0.361      0.017     21.098      0.000
    I_Q04D             0.485      0.016     31.130      0.000
    I_Q04H             0.454      0.017     27.524      0.000
    I_Q04J             0.593      0.016     37.776      0.000
    I_Q04L             0.694      0.013     52.001      0.000
    I_Q04M             0.503      0.017     30.368      0.000


QUALITY OF NUMERICAL RESULTS

     Condition Number for the Information Matrix              0.927E-02
       (ratio of smallest to largest eigenvalue)


CONFIDENCE INTERVALS OF MODEL RESULTS

                  Lower .5%  Lower 2.5%    Lower 5%    Estimate    Upper 5%  Upper 2.5%   Upper .5%

 CURIOUS  BY
    I_Q04B           1.000       1.000       1.000       1.000       1.000       1.000       1.000
    I_Q04D           0.982       1.000       1.009       1.059       1.108       1.117       1.136
    I_Q04H           0.964       0.981       0.989       1.032       1.076       1.084       1.101
    I_Q04J           1.134       1.158       1.170       1.234       1.297       1.309       1.333
    I_Q04L           1.271       1.295       1.307       1.372       1.436       1.449       1.473
    I_Q04M           1.008       1.031       1.043       1.105       1.168       1.180       1.203

 I_Q04B   WITH
    I_Q04H           0.129       0.137       0.141       0.163       0.185       0.189       0.197
    I_Q04J          -0.082      -0.076      -0.073      -0.057      -0.041      -0.038      -0.032

 Intercepts
    I_Q04B           2.092       2.102       2.107       2.133       2.159       2.164       2.174
    I_Q04D           2.859       2.868       2.873       2.896       2.920       2.924       2.933
    I_Q04H           2.563       2.572       2.576       2.600       2.625       2.629       2.638
    I_Q04J           2.771       2.781       2.785       2.810       2.835       2.840       2.849
    I_Q04L           2.515       2.525       2.530       2.555       2.581       2.586       2.595
    I_Q04M           2.939       2.948       2.953       2.977       3.002       3.006       3.015

 Variances
    CURIOUS          0.306       0.319       0.325       0.359       0.393       0.400       0.412

 Residual Variances
    I_Q04B           0.586       0.598       0.604       0.635       0.666       0.672       0.684
    I_Q04D           0.392       0.401       0.405       0.427       0.448       0.452       0.461
    I_Q04H           0.422       0.431       0.436       0.460       0.484       0.488       0.497
    I_Q04J           0.340       0.348       0.352       0.375       0.397       0.401       0.409
    I_Q04L           0.266       0.274       0.278       0.299       0.319       0.323       0.331
    I_Q04M           0.395       0.404       0.409       0.433       0.458       0.462       0.472


CONFIDENCE INTERVALS OF STANDARDIZED MODEL RESULTS


STDYX Standardization

                  Lower .5%  Lower 2.5%    Lower 5%    Estimate    Upper 5%  Upper 2.5%   Upper .5%

 CURIOUS  BY
    I_Q04B           0.564       0.573       0.578       0.601       0.624       0.629       0.638
    I_Q04D           0.668       0.675       0.678       0.697       0.715       0.719       0.726
    I_Q04H           0.642       0.650       0.654       0.674       0.694       0.698       0.706
    I_Q04J           0.744       0.750       0.753       0.770       0.787       0.790       0.797
    I_Q04L           0.812       0.817       0.820       0.833       0.846       0.849       0.853
    I_Q04M           0.679       0.686       0.690       0.709       0.729       0.732       0.739

 I_Q04B   WITH
    I_Q04H           0.249       0.262       0.268       0.302       0.336       0.342       0.355
    I_Q04J          -0.170      -0.158      -0.151      -0.117      -0.083      -0.077      -0.064

 Intercepts
    I_Q04B           2.063       2.082       2.091       2.139       2.188       2.197       2.215
    I_Q04D           3.077       3.102       3.114       3.181       3.247       3.260       3.285
    I_Q04H           2.731       2.756       2.768       2.833       2.898       2.911       2.935
    I_Q04J           2.821       2.846       2.860       2.928       2.997       3.010       3.036
    I_Q04L           2.498       2.520       2.531       2.589       2.646       2.658       2.679
    I_Q04M           3.054       3.086       3.103       3.188       3.274       3.290       3.322

 Variances
    CURIOUS          1.000       1.000       1.000       1.000       1.000       1.000       1.000

 Residual Variances
    I_Q04B           0.595       0.605       0.611       0.639       0.667       0.672       0.683
    I_Q04D           0.474       0.484       0.489       0.515       0.540       0.545       0.555
    I_Q04H           0.503       0.513       0.519       0.546       0.573       0.578       0.588
    I_Q04J           0.366       0.376       0.381       0.407       0.433       0.437       0.447
    I_Q04L           0.272       0.280       0.284       0.306       0.328       0.333       0.341
    I_Q04M           0.454       0.464       0.470       0.497       0.524       0.529       0.540


STDY Standardization

                  Lower .5%  Lower 2.5%    Lower 5%    Estimate    Upper 5%  Upper 2.5%   Upper .5%

 CURIOUS  BY
    I_Q04B           0.564       0.573       0.578       0.601       0.624       0.629       0.638
    I_Q04D           0.668       0.675       0.678       0.697       0.715       0.719       0.726
    I_Q04H           0.642       0.650       0.654       0.674       0.694       0.698       0.706
    I_Q04J           0.744       0.750       0.753       0.770       0.787       0.790       0.797
    I_Q04L           0.812       0.817       0.820       0.833       0.846       0.849       0.853
    I_Q04M           0.679       0.686       0.690       0.709       0.729       0.732       0.739

 I_Q04B   WITH
    I_Q04H           0.249       0.262       0.268       0.302       0.336       0.342       0.355
    I_Q04J          -0.170      -0.158      -0.151      -0.117      -0.083      -0.077      -0.064

 Intercepts
    I_Q04B           2.063       2.082       2.091       2.139       2.188       2.197       2.215
    I_Q04D           3.077       3.102       3.114       3.181       3.247       3.260       3.285
    I_Q04H           2.731       2.756       2.768       2.833       2.898       2.911       2.935
    I_Q04J           2.821       2.846       2.860       2.928       2.997       3.010       3.036
    I_Q04L           2.498       2.520       2.531       2.589       2.646       2.658       2.679
    I_Q04M           3.054       3.086       3.103       3.188       3.274       3.290       3.322

 Variances
    CURIOUS          1.000       1.000       1.000       1.000       1.000       1.000       1.000

 Residual Variances
    I_Q04B           0.595       0.605       0.611       0.639       0.667       0.672       0.683
    I_Q04D           0.474       0.484       0.489       0.515       0.540       0.545       0.555
    I_Q04H           0.503       0.513       0.519       0.546       0.573       0.578       0.588
    I_Q04J           0.366       0.376       0.381       0.407       0.433       0.437       0.447
    I_Q04L           0.272       0.280       0.284       0.306       0.328       0.333       0.341
    I_Q04M           0.454       0.464       0.470       0.497       0.524       0.529       0.540


     Beginning Time:  13:34:12
        Ending Time:  13:34:13
       Elapsed Time:  00:00:01



MUTHEN & MUTHEN
3463 Stoner Ave.
Los Angeles, CA  90066

Tel: (310) 391-9971
Fax: (310) 391-8971
Web: www.StatModel.com
Support: Support@StatModel.com

Copyright (c) 1998-2020 Muthen & Muthen
