Mplus VERSION 8.2 (Mac)
MUTHEN & MUTHEN
03/17/2022   6:25 PM

INPUT INSTRUCTIONS

  TITLE:	Structural equation modeling with PIAAC data
  	Multilevel CFA
  	Single-factor model of curiosity and continuous treatment--modified
  	Complex design: Total weights, clustering
  	Clustered by: country (CNTRYID)
  	Level 1--CFA modified
  	Level 2--Saturated model

  DATA: 	FILE IS piaac1-all-curiosity.dat;
  	! TYPE = IMPUTATION;
  	! Not needed here as the model does not contain any PV
  		
  		
  VARIABLE:
  	NAMES ARE
  		CNTRYID
  		I_Q04b I_Q04d I_Q04h I_Q04j I_Q04l I_Q04m
  		SPFWT0
  		HDI2012 UAI;
  		
  	! Variables to be used
  	! Newly defined variable appear at the end of this list
  	USEVARIABLES ARE
  		I_Q04b
  		I_Q04d
  		I_Q04h
  		I_Q04j
  		I_Q04l
  		I_Q04m;
  		
  	! Missing data coding
  	MISSING ARE ALL(-99);
  		
  	! Final participant weight
  	WEIGHT = SPFWT0;
  	
  	! Clustering by countries
  	CLUSTER = CNTRYID;


  ANALYSIS:
  	TYPE = TWOLEVEL;
  	ESTIMATOR = MLR;
  	H1ITERATIONS = 10000;
  	
  	! Use multiple processors to speed the estimation up
  	PROCESSORS = 4;



  MODEL:
  	%WITHIN%
  	! Level 1: Individual participants
  	
  	! MEASUREMENT MODEL
  	! Curiousity
  	CURIOUSw BY
  		I_Q04b
  		I_Q04d
  		I_Q04h
  		I_Q04j
  		I_Q04l
  		I_Q04m;
  		
  	! Model modifications
  	! Residual covariances
  	I_Q04b WITH I_Q04h;
  	I_Q04l WITH I_Q04j;
  	
  		
  	
  	%BETWEEN%
  	! Level 2: Countries
  	
  	! Saturated model
  	! Intercepts
  	[I_Q04b-I_Q04m];
  	! Variances estimated
  	I_Q04b-I_Q04m;
  	! Covariances
  	I_Q04b-I_Q04m WITH I_Q04b-I_Q04m;

  	
  	
  OUTPUT: STDYX;	! Fully standardized parameters requested
          SAMPSTAT;	! Sample statistics
          CINTERVAL;	! Confidence intervals
          !MOD(all);	! Modification indices



*** WARNING
  Data set contains cases with missing on all variables.
  These cases were not included in the analysis.
  Number of cases with missing on all variables:  2134
   1 WARNING(S) FOUND IN THE INPUT INSTRUCTIONS



Structural equation modeling with PIAAC data
Multilevel CFA
Single-factor model of curiosity and continuous treatment--modified
Complex design: Total weights, clustering
Clustered by: country (CNTRYID)
Level 1--CFA modified
Level 2--Saturated model

SUMMARY OF ANALYSIS

Number of groups                                                 1
Number of observations                                      179102

Number of dependent variables                                    6
Number of independent variables                                  0
Number of continuous latent variables                            1

Observed dependent variables

  Continuous
   I_Q04B      I_Q04D      I_Q04H      I_Q04J      I_Q04L      I_Q04M

Continuous latent variables
   CURIOUSW

Variables with special functions

  Cluster variable      CNTRYID
  Weight variable (cluster-size scaling)
    SPFWT0

Estimator                                                      MLR
Information matrix                                        OBSERVED
Maximum number of iterations                                   100
Convergence criterion                                    0.100D-05
Maximum number of EM iterations                                500
Convergence criteria for the EM algorithm
  Loglikelihood change                                   0.100D-02
  Relative loglikelihood change                          0.100D-05
  Derivative                                             0.100D-03
Minimum variance                                         0.100D-03
Maximum number of steepest descent iterations                   20
Maximum number of iterations for H1                          10000
Convergence criterion for H1                             0.100D-03
Optimization algorithm                                         EMA

Input data file(s)
  piaac1-all-curiosity.dat
Input data format  FREE


SUMMARY OF DATA

     Number of missing data patterns            45
     Number of clusters                         27

     Average cluster size     6633.407

     Estimated Intraclass Correlations for the Y Variables

                Intraclass              Intraclass              Intraclass
     Variable  Correlation   Variable  Correlation   Variable  Correlation

     I_Q04B       0.026      I_Q04D       0.096      I_Q04H       0.067
     I_Q04J       0.128      I_Q04L       0.090      I_Q04M       0.053



COVARIANCE COVERAGE OF DATA

Minimum covariance coverage value   0.100


     PROPORTION OF DATA PRESENT


           Covariance Coverage
              I_Q04B        I_Q04D        I_Q04H        I_Q04J        I_Q04L
              ________      ________      ________      ________      ________
 I_Q04B         0.995
 I_Q04D         0.995         1.000
 I_Q04H         0.994         0.997         0.997
 I_Q04J         0.995         0.999         0.996         0.999
 I_Q04L         0.993         0.997         0.995         0.996         0.997
 I_Q04M         0.995         0.999         0.997         0.999         0.996


           Covariance Coverage
              I_Q04M
              ________
 I_Q04M         0.999


SAMPLE STATISTICS

NOTE:  The sample statistics for within and between refer to the
       maximum-likelihood estimated within and between covariance
       matrices, respectively.


     ESTIMATED SAMPLE STATISTICS FOR WITHIN


           Means
              I_Q04B        I_Q04D        I_Q04H        I_Q04J        I_Q04L
              ________      ________      ________      ________      ________
                0.000         0.000         0.000         0.000         0.000


           Means
              I_Q04M
              ________
                0.000


           Covariances
              I_Q04B        I_Q04D        I_Q04H        I_Q04J        I_Q04L
              ________      ________      ________      ________      ________
 I_Q04B         0.924
 I_Q04D         0.416         0.802
 I_Q04H         0.474         0.459         0.836
 I_Q04J         0.381         0.435         0.421         1.019
 I_Q04L         0.443         0.448         0.464         0.626         0.977
 I_Q04M         0.334         0.407         0.376         0.474         0.467


           Covariances
              I_Q04M
              ________
 I_Q04M         0.811


           Correlations
              I_Q04B        I_Q04D        I_Q04H        I_Q04J        I_Q04L
              ________      ________      ________      ________      ________
 I_Q04B         1.000
 I_Q04D         0.484         1.000
 I_Q04H         0.539         0.561         1.000
 I_Q04J         0.393         0.481         0.456         1.000
 I_Q04L         0.467         0.506         0.513         0.628         1.000
 I_Q04M         0.386         0.505         0.456         0.521         0.525


           Correlations
              I_Q04M
              ________
 I_Q04M         1.000


     ESTIMATED SAMPLE STATISTICS FOR BETWEEN


           Means
              I_Q04B        I_Q04D        I_Q04H        I_Q04J        I_Q04L
              ________      ________      ________      ________      ________
                2.270         2.891         2.659         2.524         2.410


           Means
              I_Q04M
              ________
                2.921


           Covariances
              I_Q04B        I_Q04D        I_Q04H        I_Q04J        I_Q04L
              ________      ________      ________      ________      ________
 I_Q04B         0.024
 I_Q04D         0.035         0.085
 I_Q04H         0.028         0.059         0.060
 I_Q04J         0.039         0.094         0.078         0.150
 I_Q04L         0.031         0.074         0.062         0.114         0.097
 I_Q04M         0.022         0.052         0.045         0.070         0.056


           Covariances
              I_Q04M
              ________
 I_Q04M         0.045


           Correlations
              I_Q04B        I_Q04D        I_Q04H        I_Q04J        I_Q04L
              ________      ________      ________      ________      ________
 I_Q04B         1.000
 I_Q04D         0.782         1.000
 I_Q04H         0.735         0.834         1.000
 I_Q04J         0.642         0.830         0.824         1.000
 I_Q04L         0.644         0.819         0.817         0.948         1.000
 I_Q04M         0.652         0.849         0.859         0.848         0.849


           Correlations
              I_Q04M
              ________
 I_Q04M         1.000


     MAXIMUM LOG-LIKELIHOOD VALUE FOR THE UNRESTRICTED (H1) MODEL IS -1253091.601


UNIVARIATE SAMPLE STATISTICS


     UNIVARIATE HIGHER-ORDER MOMENT DESCRIPTIVE STATISTICS

         Variable/         Mean/     Skewness/   Minimum/ % with                Percentiles
        Sample Size      Variance    Kurtosis    Maximum  Min/Max      20%/60%    40%/80%    Median

     I_Q04B                2.278      -0.169       0.000    4.35%       2.000      2.000      2.000
          178260.000       0.945      -0.155       4.000   10.47%       2.000      3.000
     I_Q04D                2.910      -0.689       0.000    1.65%       2.000      3.000      3.000
          179051.000       0.883       0.174       4.000   29.51%       3.000      4.000
     I_Q04H                2.675      -0.518       0.000    2.50%       2.000      3.000      3.000
          178585.000       0.892       0.121       4.000   19.07%       3.000      3.000
     I_Q04J                2.573      -0.495       0.000    4.68%       2.000      2.000      3.000
          178915.000       1.161      -0.317       4.000   21.13%       3.000      4.000
     I_Q04L                2.450      -0.370       0.000    4.46%       2.000      2.000      3.000
          178519.000       1.068      -0.296       4.000   15.84%       3.000      3.000
     I_Q04M                2.938      -0.793       0.000    1.89%       2.000      3.000      3.000
          178964.000       0.855       0.511       4.000   29.26%       3.000      4.000

     THE STANDARD ERRORS OF THE MODEL PARAMETER ESTIMATES MAY NOT BE
     TRUSTWORTHY FOR SOME PARAMETERS DUE TO A NON-POSITIVE DEFINITE
     FIRST-ORDER DERIVATIVE PRODUCT MATRIX.  THIS MAY BE DUE TO THE STARTING
     VALUES BUT MAY ALSO BE AN INDICATION OF MODEL NONIDENTIFICATION.  THE
     CONDITION NUMBER IS       0.238D-19.  PROBLEM INVOLVING THE FOLLOWING PARAMETER:
     Parameter 28, %BETWEEN%: I_Q04J WITH I_Q04D

     THE NONIDENTIFICATION IS MOST LIKELY DUE TO HAVING MORE PARAMETERS THAN THE
     NUMBER OF CLUSTERS. REDUCE THE NUMBER OF PARAMETERS.


THE MODEL ESTIMATION TERMINATED NORMALLY



MODEL FIT INFORMATION

Number of Free Parameters                       41

Loglikelihood

          H0 Value                    -1256272.138
          H0 Scaling Correction Factor     26.9337
            for MLR
          H1 Value                    -1253091.601
          H1 Scaling Correction Factor     24.9209
            for MLR

Information Criteria

          Akaike (AIC)                 2512626.276
          Bayesian (BIC)               2513040.200
          Sample-Size Adjusted BIC     2512909.901
            (n* = (n + 2) / 24)

Chi-Square Test of Model Fit

          Value                            484.417*
          Degrees of Freedom                     7
          P-Value                           0.0000
          Scaling Correction Factor        13.1314
            for MLR

*   The chi-square value for MLM, MLMV, MLR, ULSMV, WLSM and WLSMV cannot be used
    for chi-square difference testing in the regular way.  MLM, MLR and WLSM
    chi-square difference testing is described on the Mplus website.  MLMV, WLSMV,
    and ULSMV difference testing is done using the DIFFTEST option.

RMSEA (Root Mean Square Error Of Approximation)

          Estimate                           0.020

CFI/TLI

          CFI                                0.987
          TLI                                0.943

Chi-Square Test of Model Fit for the Baseline Model

          Value                          35774.181
          Degrees of Freedom                    30
          P-Value                           0.0000

SRMR (Standardized Root Mean Square Residual)

          Value for Within                   0.023
          Value for Between                  0.000



MODEL RESULTS

                                                    Two-Tailed
                    Estimate       S.E.  Est./S.E.    P-Value

Within Level

 CURIOUSW BY
    I_Q04B             1.000      0.000    999.000    999.000
    I_Q04D             1.123      0.024     47.611      0.000
    I_Q04H             1.094      0.020     54.657      0.000
    I_Q04J             1.150      0.020     57.931      0.000
    I_Q04L             1.209      0.016     74.636      0.000
    I_Q04M             1.051      0.022     47.116      0.000

 I_Q04B   WITH
    I_Q04H             0.091      0.008     11.022      0.000

 I_Q04L   WITH
    I_Q04J             0.140      0.010     13.526      0.000

 Variances
    CURIOUSW           0.350      0.015     23.217      0.000

 Residual Variances
    I_Q04B             0.574      0.014     39.752      0.000
    I_Q04D             0.360      0.015     24.206      0.000
    I_Q04H             0.418      0.021     19.798      0.000
    I_Q04J             0.557      0.021     26.876      0.000
    I_Q04L             0.466      0.022     21.018      0.000
    I_Q04M             0.425      0.016     26.441      0.000

Between Level

 I_Q04B   WITH
    I_Q04D             0.036      0.010      3.681      0.000
    I_Q04H             0.028      0.010      2.818      0.005
    I_Q04J             0.039      0.013      2.871      0.004
    I_Q04L             0.031      0.011      2.947      0.003
    I_Q04M             0.022      0.009      2.364      0.018

 I_Q04D   WITH
    I_Q04H             0.059      0.023      2.564      0.010
    I_Q04J             0.094      0.033      2.867      0.004
    I_Q04L             0.074      0.027      2.705      0.007
    I_Q04M             0.052      0.022      2.373      0.018

 I_Q04H   WITH
    I_Q04J             0.078      0.034      2.279      0.023
    I_Q04L             0.062      0.029      2.161      0.031
    I_Q04M             0.045      0.022      2.027      0.043

 I_Q04J   WITH
    I_Q04L             0.114      0.040      2.821      0.005
    I_Q04M             0.070      0.031      2.254      0.024

 I_Q04L   WITH
    I_Q04M             0.056      0.026      2.164      0.030

 Means
    I_Q04B             2.270      0.030     75.474      0.000
    I_Q04D             2.891      0.056     51.505      0.000
    I_Q04H             2.659      0.047     56.377      0.000
    I_Q04J             2.524      0.075     33.868      0.000
    I_Q04L             2.410      0.060     40.257      0.000
    I_Q04M             2.921      0.041     71.451      0.000

 Variances
    I_Q04B             0.024      0.007      3.603      0.000
    I_Q04D             0.085      0.022      3.868      0.000
    I_Q04H             0.060      0.024      2.508      0.012
    I_Q04J             0.150      0.047      3.181      0.001
    I_Q04L             0.097      0.034      2.831      0.005
    I_Q04M             0.045      0.022      2.060      0.039


STANDARDIZED MODEL RESULTS


STDYX Standardization

                                                    Two-Tailed
                    Estimate       S.E.  Est./S.E.    P-Value

Within Level

 CURIOUSW BY
    I_Q04B             0.615      0.010     63.911      0.000
    I_Q04D             0.742      0.007    111.214      0.000
    I_Q04H             0.707      0.014     50.314      0.000
    I_Q04J             0.674      0.007    101.999      0.000
    I_Q04L             0.724      0.010     73.901      0.000
    I_Q04M             0.690      0.010     68.567      0.000

 I_Q04B   WITH
    I_Q04H             0.186      0.019     10.027      0.000

 I_Q04L   WITH
    I_Q04J             0.275      0.014     20.012      0.000

 Variances
    CURIOUSW           1.000      0.000    999.000    999.000

 Residual Variances
    I_Q04B             0.621      0.012     52.396      0.000
    I_Q04D             0.449      0.010     45.376      0.000
    I_Q04H             0.500      0.020     25.126      0.000
    I_Q04J             0.546      0.009     61.401      0.000
    I_Q04L             0.477      0.014     33.634      0.000
    I_Q04M             0.524      0.014     37.691      0.000

Between Level

 I_Q04B   WITH
    I_Q04D             0.782      0.054     14.610      0.000
    I_Q04H             0.735      0.064     11.412      0.000
    I_Q04J             0.642      0.098      6.568      0.000
    I_Q04L             0.644      0.087      7.411      0.000
    I_Q04M             0.652      0.086      7.600      0.000

 I_Q04D   WITH
    I_Q04H             0.834      0.072     11.646      0.000
    I_Q04J             0.830      0.068     12.177      0.000
    I_Q04L             0.819      0.071     11.553      0.000
    I_Q04M             0.849      0.061     13.868      0.000

 I_Q04H   WITH
    I_Q04J             0.825      0.082     10.001      0.000
    I_Q04L             0.817      0.090      9.043      0.000
    I_Q04M             0.859      0.066     12.975      0.000

 I_Q04J   WITH
    I_Q04L             0.948      0.027     35.168      0.000
    I_Q04M             0.848      0.060     14.032      0.000

 I_Q04L   WITH
    I_Q04M             0.849      0.063     13.443      0.000

 Means
    I_Q04B            14.573      1.961      7.431      0.000
    I_Q04D             9.921      1.389      7.140      0.000
    I_Q04H            10.863      2.303      4.718      0.000
    I_Q04J             6.522      1.164      5.602      0.000
    I_Q04L             7.754      1.520      5.101      0.000
    I_Q04M            13.775      3.496      3.940      0.000

 Variances
    I_Q04B             1.000      0.000    999.000    999.000
    I_Q04D             1.000      0.000    999.000    999.000
    I_Q04H             1.000      0.000    999.000    999.000
    I_Q04J             1.000      0.000    999.000    999.000
    I_Q04L             1.000      0.000    999.000    999.000
    I_Q04M             1.000      0.000    999.000    999.000


R-SQUARE

Within Level

    Observed                                        Two-Tailed
    Variable        Estimate       S.E.  Est./S.E.    P-Value

    I_Q04B             0.379      0.012     31.955      0.000
    I_Q04D             0.551      0.010     55.607      0.000
    I_Q04H             0.500      0.020     25.157      0.000
    I_Q04J             0.454      0.009     51.000      0.000
    I_Q04L             0.523      0.014     36.950      0.000
    I_Q04M             0.476      0.014     34.284      0.000

Between Level


QUALITY OF NUMERICAL RESULTS

     Condition Number for the Information Matrix              0.238E-19
       (ratio of smallest to largest eigenvalue)


CONFIDENCE INTERVALS OF MODEL RESULTS

                  Lower .5%  Lower 2.5%    Lower 5%    Estimate    Upper 5%  Upper 2.5%   Upper .5%

Within Level

 CURIOUSW BY
    I_Q04B           1.000       1.000       1.000       1.000       1.000       1.000       1.000
    I_Q04D           1.062       1.077       1.084       1.123       1.162       1.169       1.184
    I_Q04H           1.042       1.054       1.061       1.094       1.127       1.133       1.145
    I_Q04J           1.099       1.111       1.117       1.150       1.182       1.189       1.201
    I_Q04L           1.168       1.178       1.183       1.209       1.236       1.241       1.251
    I_Q04M           0.993       1.007       1.014       1.051       1.088       1.095       1.108

 I_Q04B   WITH
    I_Q04H           0.070       0.075       0.077       0.091       0.104       0.107       0.112

 I_Q04L   WITH
    I_Q04J           0.113       0.120       0.123       0.140       0.157       0.160       0.167

 Variances
    CURIOUSW         0.311       0.320       0.325       0.350       0.375       0.379       0.389

 Residual Variances
    I_Q04B           0.536       0.545       0.550       0.574       0.597       0.602       0.611
    I_Q04D           0.322       0.331       0.336       0.360       0.385       0.389       0.398
    I_Q04H           0.364       0.377       0.383       0.418       0.453       0.459       0.472
    I_Q04J           0.503       0.516       0.523       0.557       0.591       0.597       0.610
    I_Q04L           0.409       0.422       0.429       0.466       0.502       0.509       0.523
    I_Q04M           0.383       0.393       0.398       0.425       0.451       0.456       0.466

Between Level

 I_Q04B   WITH
    I_Q04D           0.011       0.017       0.020       0.036       0.051       0.054       0.060
    I_Q04H           0.002       0.009       0.012       0.028       0.044       0.048       0.054
    I_Q04J           0.004       0.012       0.017       0.039       0.061       0.065       0.073
    I_Q04L           0.004       0.010       0.014       0.031       0.049       0.052       0.058
    I_Q04M          -0.002       0.004       0.007       0.022       0.037       0.039       0.045

 I_Q04D   WITH
    I_Q04H           0.000       0.014       0.021       0.059       0.098       0.105       0.119
    I_Q04J           0.010       0.030       0.040       0.094       0.147       0.158       0.178
    I_Q04L           0.004       0.020       0.029       0.074       0.119       0.128       0.145
    I_Q04M          -0.004       0.009       0.016       0.052       0.089       0.096       0.109

 I_Q04H   WITH
    I_Q04J          -0.010       0.011       0.022       0.078       0.134       0.145       0.166
    I_Q04L          -0.012       0.006       0.015       0.062       0.110       0.119       0.136
    I_Q04M          -0.012       0.001       0.008       0.045       0.081       0.088       0.101

 I_Q04J   WITH
    I_Q04L           0.010       0.035       0.048       0.114       0.180       0.193       0.218
    I_Q04M          -0.010       0.009       0.019       0.070       0.120       0.130       0.149

 I_Q04L   WITH
    I_Q04M          -0.011       0.005       0.013       0.056       0.099       0.107       0.123

 Means
    I_Q04B           2.192       2.211       2.220       2.270       2.319       2.329       2.347
    I_Q04D           2.747       2.781       2.799       2.891       2.984       3.001       3.036
    I_Q04H           2.538       2.567       2.581       2.659       2.737       2.751       2.781
    I_Q04J           2.332       2.378       2.401       2.524       2.646       2.670       2.715
    I_Q04L           2.255       2.292       2.311       2.410       2.508       2.527       2.564
    I_Q04M           2.815       2.841       2.854       2.921       2.988       3.001       3.026

 Variances
    I_Q04B           0.007       0.011       0.013       0.024       0.035       0.037       0.042
    I_Q04D           0.028       0.042       0.049       0.085       0.121       0.128       0.141
    I_Q04H          -0.002       0.013       0.021       0.060       0.099       0.107       0.121
    I_Q04J           0.028       0.057       0.072       0.150       0.227       0.242       0.271
    I_Q04L           0.009       0.030       0.040       0.097       0.153       0.163       0.184
    I_Q04M          -0.011       0.002       0.009       0.045       0.081       0.088       0.101


CONFIDENCE INTERVALS OF STANDARDIZED MODEL RESULTS


STDYX Standardization

                  Lower .5%  Lower 2.5%    Lower 5%    Estimate    Upper 5%  Upper 2.5%   Upper .5%

Within Level

 CURIOUSW BY
    I_Q04B           0.591       0.597       0.600       0.615       0.631       0.634       0.640
    I_Q04D           0.725       0.729       0.731       0.742       0.753       0.755       0.759
    I_Q04H           0.671       0.680       0.684       0.707       0.730       0.735       0.744
    I_Q04J           0.657       0.661       0.663       0.674       0.684       0.687       0.691
    I_Q04L           0.698       0.704       0.707       0.724       0.740       0.743       0.749
    I_Q04M           0.664       0.670       0.674       0.690       0.707       0.710       0.716

 I_Q04B   WITH
    I_Q04H           0.138       0.149       0.155       0.186       0.216       0.222       0.233

 I_Q04L   WITH
    I_Q04J           0.240       0.248       0.252       0.275       0.298       0.302       0.310

 Variances
    CURIOUSW         1.000       1.000       1.000       1.000       1.000       1.000       1.000

 Residual Variances
    I_Q04B           0.591       0.598       0.602       0.621       0.641       0.644       0.652
    I_Q04D           0.424       0.430       0.433       0.449       0.466       0.469       0.475
    I_Q04H           0.448       0.461       0.467       0.500       0.532       0.539       0.551
    I_Q04J           0.523       0.529       0.532       0.546       0.561       0.564       0.569
    I_Q04L           0.440       0.449       0.453       0.477       0.500       0.504       0.513
    I_Q04M           0.488       0.496       0.501       0.524       0.547       0.551       0.559

Between Level

 I_Q04B   WITH
    I_Q04D           0.644       0.677       0.694       0.782       0.871       0.887       0.920
    I_Q04H           0.569       0.609       0.629       0.735       0.841       0.862       0.901
    I_Q04J           0.390       0.450       0.481       0.642       0.802       0.833       0.893
    I_Q04L           0.420       0.473       0.501       0.644       0.786       0.814       0.867
    I_Q04M           0.431       0.484       0.511       0.652       0.793       0.820       0.873

 I_Q04D   WITH
    I_Q04H           0.649       0.694       0.716       0.834       0.952       0.974       1.018
    I_Q04J           0.655       0.697       0.718       0.830       0.942       0.964       1.006
    I_Q04L           0.637       0.680       0.703       0.819       0.936       0.958       1.002
    I_Q04M           0.691       0.729       0.748       0.849       0.950       0.969       1.007

 I_Q04H   WITH
    I_Q04J           0.612       0.663       0.689       0.825       0.960       0.986       1.037
    I_Q04L           0.585       0.640       0.669       0.817       0.966       0.995       1.050
    I_Q04M           0.689       0.729       0.750       0.859       0.968       0.989       1.030

 I_Q04J   WITH
    I_Q04L           0.878       0.895       0.904       0.948       0.992       1.001       1.017
    I_Q04M           0.692       0.730       0.749       0.848       0.948       0.967       1.004

 I_Q04L   WITH
    I_Q04M           0.687       0.726       0.745       0.849       0.953       0.973       1.012

 Means
    I_Q04B           9.522      10.729      11.347      14.573      17.799      18.416      19.624
    I_Q04D           6.342       7.198       7.635       9.921      12.207      12.645      13.500
    I_Q04H           4.932       6.350       7.075      10.863      14.651      15.377      16.795
    I_Q04J           3.523       4.240       4.607       6.522       8.438       8.804       9.521
    I_Q04L           3.839       4.775       5.254       7.754      10.255      10.734      11.670
    I_Q04M           4.770       6.923       8.024      13.775      19.525      20.627      22.779

 Variances
    I_Q04B           1.000       1.000       1.000       1.000       1.000       1.000       1.000
    I_Q04D           1.000       1.000       1.000       1.000       1.000       1.000       1.000
    I_Q04H           1.000       1.000       1.000       1.000       1.000       1.000       1.000
    I_Q04J           1.000       1.000       1.000       1.000       1.000       1.000       1.000
    I_Q04L           1.000       1.000       1.000       1.000       1.000       1.000       1.000
    I_Q04M           1.000       1.000       1.000       1.000       1.000       1.000       1.000


TECHNICAL 1 OUTPUT


     PARAMETER SPECIFICATION FOR WITHIN


           NU
              I_Q04B        I_Q04D        I_Q04H        I_Q04J        I_Q04L
              ________      ________      ________      ________      ________
                    0             0             0             0             0


           NU
              I_Q04M
              ________
                    0


           LAMBDA
              CURIOUSW
              ________
 I_Q04B             0
 I_Q04D             1
 I_Q04H             2
 I_Q04J             3
 I_Q04L             4
 I_Q04M             5


           THETA
              I_Q04B        I_Q04D        I_Q04H        I_Q04J        I_Q04L
              ________      ________      ________      ________      ________
 I_Q04B             6
 I_Q04D             0             7
 I_Q04H             8             0             9
 I_Q04J             0             0             0            10
 I_Q04L             0             0             0            11            12
 I_Q04M             0             0             0             0             0


           THETA
              I_Q04M
              ________
 I_Q04M            13


           ALPHA
              CURIOUSW
              ________
                    0


           BETA
              CURIOUSW
              ________
 CURIOUSW           0


           PSI
              CURIOUSW
              ________
 CURIOUSW          14


     PARAMETER SPECIFICATION FOR BETWEEN


           NU
              I_Q04B        I_Q04D        I_Q04H        I_Q04J        I_Q04L
              ________      ________      ________      ________      ________
                   15            16            17            18            19


           NU
              I_Q04M
              ________
                   20


           THETA
              I_Q04B        I_Q04D        I_Q04H        I_Q04J        I_Q04L
              ________      ________      ________      ________      ________
 I_Q04B            21
 I_Q04D            22            23
 I_Q04H            24            25            26
 I_Q04J            27            28            29            30
 I_Q04L            31            32            33            34            35
 I_Q04M            36            37            38            39            40


           THETA
              I_Q04M
              ________
 I_Q04M            41


     STARTING VALUES FOR WITHIN


           NU
              I_Q04B        I_Q04D        I_Q04H        I_Q04J        I_Q04L
              ________      ________      ________      ________      ________
                0.000         0.000         0.000         0.000         0.000


           NU
              I_Q04M
              ________
                0.000


           LAMBDA
              CURIOUSW
              ________
 I_Q04B         1.000
 I_Q04D         1.000
 I_Q04H         1.000
 I_Q04J         1.000
 I_Q04L         1.000
 I_Q04M         1.000


           THETA
              I_Q04B        I_Q04D        I_Q04H        I_Q04J        I_Q04L
              ________      ________      ________      ________      ________
 I_Q04B         0.473
 I_Q04D         0.000         0.442
 I_Q04H         0.000         0.000         0.446
 I_Q04J         0.000         0.000         0.000         0.580
 I_Q04L         0.000         0.000         0.000         0.000         0.534
 I_Q04M         0.000         0.000         0.000         0.000         0.000


           THETA
              I_Q04M
              ________
 I_Q04M         0.427


           ALPHA
              CURIOUSW
              ________
                0.000


           BETA
              CURIOUSW
              ________
 CURIOUSW       0.000


           PSI
              CURIOUSW
              ________
 CURIOUSW       0.050


     STARTING VALUES FOR BETWEEN


           NU
              I_Q04B        I_Q04D        I_Q04H        I_Q04J        I_Q04L
              ________      ________      ________      ________      ________
                2.278         2.910         2.675         2.573         2.450


           NU
              I_Q04M
              ________
                2.938


           THETA
              I_Q04B        I_Q04D        I_Q04H        I_Q04J        I_Q04L
              ________      ________      ________      ________      ________
 I_Q04B         0.473
 I_Q04D         0.000         0.442
 I_Q04H         0.000         0.000         0.446
 I_Q04J         0.000         0.000         0.000         0.580
 I_Q04L         0.000         0.000         0.000         0.000         0.534
 I_Q04M         0.000         0.000         0.000         0.000         0.000


           THETA
              I_Q04M
              ________
 I_Q04M         0.427


DIAGRAM INFORMATION

  Mplus diagrams are currently not available for multilevel analysis.
  No diagram output was produced.


     Beginning Time:  18:25:55
        Ending Time:  18:25:59
       Elapsed Time:  00:00:04



MUTHEN & MUTHEN
3463 Stoner Ave.
Los Angeles, CA  90066

Tel: (310) 391-9971
Fax: (310) 391-8971
Web: www.StatModel.com
Support: Support@StatModel.com

Copyright (c) 1998-2018 Muthen & Muthen
