Mplus VERSION 8.2 (Mac)
MUTHEN & MUTHEN
03/17/2022   6:25 PM

INPUT INSTRUCTIONS

  TITLE:	Structural equation modeling with PIAAC data
  	Multilevel CFA
  	Single-factor model of curiosity and continuous treatment--modified
  	Complex design: Total weights, clustering
  	Clustered by: country (CNTRYID)
  	Level 1--CFA
  	Level 2--Independence model

  DATA: 	FILE IS piaac1-all-curiosity.dat;
  	! TYPE = IMPUTATION;
  	! Not needed here as the model does not contain any PV
  		
  		
  VARIABLE:
  	NAMES ARE
  		CNTRYID
  		I_Q04b I_Q04d I_Q04h I_Q04j I_Q04l I_Q04m
  		SPFWT0
  		HDI2012 UAI;
  		
  	! Variables to be used
  	! Newly defined variable appear at the end of this list
  	USEVARIABLES ARE
  		I_Q04b
  		I_Q04d
  		I_Q04h
  		I_Q04j
  		I_Q04l
  		I_Q04m;
  		
  	! Missing data coding
  	MISSING ARE ALL(-99);
  		
  	! Final participant weight
  	WEIGHT = SPFWT0;
  	
  	! Clustering by countries
  	CLUSTER = CNTRYID;


  ANALYSIS:
  	TYPE = TWOLEVEL;
  	ESTIMATOR = MLR;
  	H1ITERATIONS = 10000;
  	
  	! Use multiple processors to speed the estimation up
  	PROCESSORS = 4;



  MODEL:
  	%WITHIN%
  	! Level 1: Individual participants
  	
  	! MEASUREMENT MODEL
  	! Curiousity
  	CURIOUSw BY
  		I_Q04b
  		I_Q04d
  		I_Q04h
  		I_Q04j
  		I_Q04l
  		I_Q04m;
  	
  	
  	%BETWEEN%
  	! Level 2: Countries
  	
  	! Independence model
  	! Intercepts
  	[I_Q04b-I_Q04m];
  	! Variances estimated
  	I_Q04b-I_Q04m;
  	! Covariances
  	I_Q04b-I_Q04m WITH I_Q04b-I_Q04m@0;

  	
  	
  OUTPUT: STDYX;	! Fully standardized parameters requested
          SAMPSTAT;	! Sample statistics
          CINTERVAL;	! Confidence intervals




*** WARNING
  Data set contains cases with missing on all variables.
  These cases were not included in the analysis.
  Number of cases with missing on all variables:  2134
   1 WARNING(S) FOUND IN THE INPUT INSTRUCTIONS



Structural equation modeling with PIAAC data
Multilevel CFA
Single-factor model of curiosity and continuous treatment--modified
Complex design: Total weights, clustering
Clustered by: country (CNTRYID)
Level 1--CFA
Level 2--Independence model

SUMMARY OF ANALYSIS

Number of groups                                                 1
Number of observations                                      179102

Number of dependent variables                                    6
Number of independent variables                                  0
Number of continuous latent variables                            1

Observed dependent variables

  Continuous
   I_Q04B      I_Q04D      I_Q04H      I_Q04J      I_Q04L      I_Q04M

Continuous latent variables
   CURIOUSW

Variables with special functions

  Cluster variable      CNTRYID
  Weight variable (cluster-size scaling)
    SPFWT0

Estimator                                                      MLR
Information matrix                                        OBSERVED
Maximum number of iterations                                   100
Convergence criterion                                    0.100D-05
Maximum number of EM iterations                                500
Convergence criteria for the EM algorithm
  Loglikelihood change                                   0.100D-02
  Relative loglikelihood change                          0.100D-05
  Derivative                                             0.100D-03
Minimum variance                                         0.100D-03
Maximum number of steepest descent iterations                   20
Maximum number of iterations for H1                          10000
Convergence criterion for H1                             0.100D-03
Optimization algorithm                                         EMA

Input data file(s)
  piaac1-all-curiosity.dat
Input data format  FREE


SUMMARY OF DATA

     Number of missing data patterns            45
     Number of clusters                         27

     Average cluster size     6633.407

     Estimated Intraclass Correlations for the Y Variables

                Intraclass              Intraclass              Intraclass
     Variable  Correlation   Variable  Correlation   Variable  Correlation

     I_Q04B       0.026      I_Q04D       0.096      I_Q04H       0.067
     I_Q04J       0.128      I_Q04L       0.090      I_Q04M       0.053



COVARIANCE COVERAGE OF DATA

Minimum covariance coverage value   0.100


     PROPORTION OF DATA PRESENT


           Covariance Coverage
              I_Q04B        I_Q04D        I_Q04H        I_Q04J        I_Q04L
              ________      ________      ________      ________      ________
 I_Q04B         0.995
 I_Q04D         0.995         1.000
 I_Q04H         0.994         0.997         0.997
 I_Q04J         0.995         0.999         0.996         0.999
 I_Q04L         0.993         0.997         0.995         0.996         0.997
 I_Q04M         0.995         0.999         0.997         0.999         0.996


           Covariance Coverage
              I_Q04M
              ________
 I_Q04M         0.999


SAMPLE STATISTICS

NOTE:  The sample statistics for within and between refer to the
       maximum-likelihood estimated within and between covariance
       matrices, respectively.


     ESTIMATED SAMPLE STATISTICS FOR WITHIN


           Means
              I_Q04B        I_Q04D        I_Q04H        I_Q04J        I_Q04L
              ________      ________      ________      ________      ________
                0.000         0.000         0.000         0.000         0.000


           Means
              I_Q04M
              ________
                0.000


           Covariances
              I_Q04B        I_Q04D        I_Q04H        I_Q04J        I_Q04L
              ________      ________      ________      ________      ________
 I_Q04B         0.924
 I_Q04D         0.416         0.802
 I_Q04H         0.474         0.459         0.836
 I_Q04J         0.381         0.435         0.421         1.019
 I_Q04L         0.443         0.448         0.464         0.626         0.977
 I_Q04M         0.334         0.407         0.376         0.474         0.467


           Covariances
              I_Q04M
              ________
 I_Q04M         0.811


           Correlations
              I_Q04B        I_Q04D        I_Q04H        I_Q04J        I_Q04L
              ________      ________      ________      ________      ________
 I_Q04B         1.000
 I_Q04D         0.484         1.000
 I_Q04H         0.539         0.561         1.000
 I_Q04J         0.393         0.481         0.456         1.000
 I_Q04L         0.467         0.506         0.513         0.628         1.000
 I_Q04M         0.386         0.505         0.456         0.521         0.525


           Correlations
              I_Q04M
              ________
 I_Q04M         1.000


     ESTIMATED SAMPLE STATISTICS FOR BETWEEN


           Means
              I_Q04B        I_Q04D        I_Q04H        I_Q04J        I_Q04L
              ________      ________      ________      ________      ________
                2.270         2.891         2.659         2.524         2.410


           Means
              I_Q04M
              ________
                2.921


           Covariances
              I_Q04B        I_Q04D        I_Q04H        I_Q04J        I_Q04L
              ________      ________      ________      ________      ________
 I_Q04B         0.024
 I_Q04D         0.035         0.085
 I_Q04H         0.028         0.059         0.060
 I_Q04J         0.039         0.094         0.078         0.150
 I_Q04L         0.031         0.074         0.062         0.114         0.097
 I_Q04M         0.022         0.052         0.045         0.070         0.056


           Covariances
              I_Q04M
              ________
 I_Q04M         0.045


           Correlations
              I_Q04B        I_Q04D        I_Q04H        I_Q04J        I_Q04L
              ________      ________      ________      ________      ________
 I_Q04B         1.000
 I_Q04D         0.782         1.000
 I_Q04H         0.735         0.834         1.000
 I_Q04J         0.642         0.830         0.824         1.000
 I_Q04L         0.644         0.819         0.817         0.948         1.000
 I_Q04M         0.652         0.849         0.859         0.848         0.849


           Correlations
              I_Q04M
              ________
 I_Q04M         1.000


     MAXIMUM LOG-LIKELIHOOD VALUE FOR THE UNRESTRICTED (H1) MODEL IS -1253091.601


UNIVARIATE SAMPLE STATISTICS


     UNIVARIATE HIGHER-ORDER MOMENT DESCRIPTIVE STATISTICS

         Variable/         Mean/     Skewness/   Minimum/ % with                Percentiles
        Sample Size      Variance    Kurtosis    Maximum  Min/Max      20%/60%    40%/80%    Median

     I_Q04B                2.278      -0.169       0.000    4.35%       2.000      2.000      2.000
          178260.000       0.945      -0.155       4.000   10.47%       2.000      3.000
     I_Q04D                2.910      -0.689       0.000    1.65%       2.000      3.000      3.000
          179051.000       0.883       0.174       4.000   29.51%       3.000      4.000
     I_Q04H                2.675      -0.518       0.000    2.50%       2.000      3.000      3.000
          178585.000       0.892       0.121       4.000   19.07%       3.000      3.000
     I_Q04J                2.573      -0.495       0.000    4.68%       2.000      2.000      3.000
          178915.000       1.161      -0.317       4.000   21.13%       3.000      4.000
     I_Q04L                2.450      -0.370       0.000    4.46%       2.000      2.000      3.000
          178519.000       1.068      -0.296       4.000   15.84%       3.000      3.000
     I_Q04M                2.938      -0.793       0.000    1.89%       2.000      3.000      3.000
          178964.000       0.855       0.511       4.000   29.26%       3.000      4.000


THE MODEL ESTIMATION TERMINATED NORMALLY



MODEL FIT INFORMATION

Number of Free Parameters                       24

Loglikelihood

          H0 Value                    -1263626.237
          H0 Scaling Correction Factor     41.5931
            for MLR
          H1 Value                    -1253091.601
          H1 Scaling Correction Factor     24.9209
            for MLR

Information Criteria

          Akaike (AIC)                 2527300.473
          Bayesian (BIC)               2527542.771
          Sample-Size Adjusted BIC     2527466.498
            (n* = (n + 2) / 24)

Chi-Square Test of Model Fit

          Value                           2554.281*
          Degrees of Freedom                    24
          P-Value                           0.0000
          Scaling Correction Factor         8.2486
            for MLR

*   The chi-square value for MLM, MLMV, MLR, ULSMV, WLSM and WLSMV cannot be used
    for chi-square difference testing in the regular way.  MLM, MLR and WLSM
    chi-square difference testing is described on the Mplus website.  MLMV, WLSMV,
    and ULSMV difference testing is done using the DIFFTEST option.

RMSEA (Root Mean Square Error Of Approximation)

          Estimate                           0.024

CFI/TLI

          CFI                                0.929
          TLI                                0.912

Chi-Square Test of Model Fit for the Baseline Model

          Value                          35774.181
          Degrees of Freedom                    30
          P-Value                           0.0000

SRMR (Standardized Root Mean Square Residual)

          Value for Within                   0.039
          Value for Between                  0.596



MODEL RESULTS

                                                    Two-Tailed
                    Estimate       S.E.  Est./S.E.    P-Value

Within Level

 CURIOUSW BY
    I_Q04B             1.000      0.000    999.000    999.000
    I_Q04D             1.057      0.024     44.148      0.000
    I_Q04H             1.071      0.017     62.071      0.000
    I_Q04J             1.192      0.026     46.032      0.000
    I_Q04L             1.245      0.019     66.656      0.000
    I_Q04M             1.008      0.026     39.242      0.000

 Variances
    CURIOUSW           0.369      0.013     27.353      0.000

 Residual Variances
    I_Q04B             0.555      0.015     37.064      0.000
    I_Q04D             0.389      0.017     23.520      0.000
    I_Q04H             0.414      0.022     18.656      0.000
    I_Q04J             0.495      0.016     30.356      0.000
    I_Q04L             0.406      0.019     21.432      0.000
    I_Q04M             0.436      0.016     27.493      0.000

Between Level

 I_Q04B   WITH
    I_Q04D             0.000      0.000    999.000    999.000
    I_Q04H             0.000      0.000    999.000    999.000
    I_Q04J             0.000      0.000    999.000    999.000
    I_Q04L             0.000      0.000    999.000    999.000
    I_Q04M             0.000      0.000    999.000    999.000

 I_Q04D   WITH
    I_Q04H             0.000      0.000    999.000    999.000
    I_Q04J             0.000      0.000    999.000    999.000
    I_Q04L             0.000      0.000    999.000    999.000
    I_Q04M             0.000      0.000    999.000    999.000

 I_Q04H   WITH
    I_Q04J             0.000      0.000    999.000    999.000
    I_Q04L             0.000      0.000    999.000    999.000
    I_Q04M             0.000      0.000    999.000    999.000

 I_Q04J   WITH
    I_Q04L             0.000      0.000    999.000    999.000
    I_Q04M             0.000      0.000    999.000    999.000

 I_Q04L   WITH
    I_Q04M             0.000      0.000    999.000    999.000

 Means
    I_Q04B             2.270      0.030     75.477      0.000
    I_Q04D             2.891      0.056     51.506      0.000
    I_Q04H             2.659      0.047     56.369      0.000
    I_Q04J             2.524      0.075     33.867      0.000
    I_Q04L             2.410      0.060     40.255      0.000
    I_Q04M             2.921      0.041     71.449      0.000

 Variances
    I_Q04B             0.024      0.007      3.577      0.000
    I_Q04D             0.084      0.022      3.840      0.000
    I_Q04H             0.059      0.024      2.492      0.013
    I_Q04J             0.149      0.047      3.164      0.002
    I_Q04L             0.096      0.034      2.814      0.005
    I_Q04M             0.044      0.022      2.047      0.041


STANDARDIZED MODEL RESULTS


STDYX Standardization

                                                    Two-Tailed
                    Estimate       S.E.  Est./S.E.    P-Value

Within Level

 CURIOUSW BY
    I_Q04B             0.632      0.008     74.992      0.000
    I_Q04D             0.717      0.007    110.316      0.000
    I_Q04H             0.711      0.013     55.096      0.000
    I_Q04J             0.717      0.007     99.176      0.000
    I_Q04L             0.765      0.009     84.017      0.000
    I_Q04M             0.680      0.011     62.685      0.000

 Variances
    CURIOUSW           1.000      0.000    999.000    999.000

 Residual Variances
    I_Q04B             0.601      0.011     56.427      0.000
    I_Q04D             0.486      0.009     52.079      0.000
    I_Q04H             0.495      0.018     26.963      0.000
    I_Q04J             0.486      0.010     46.912      0.000
    I_Q04L             0.415      0.014     29.856      0.000
    I_Q04M             0.538      0.015     36.504      0.000

Between Level

 I_Q04B   WITH
    I_Q04D             0.000      0.000    999.000    999.000
    I_Q04H             0.000      0.000    999.000    999.000
    I_Q04J             0.000      0.000    999.000    999.000
    I_Q04L             0.000      0.000    999.000    999.000
    I_Q04M             0.000      0.000    999.000    999.000

 I_Q04D   WITH
    I_Q04H             0.000      0.000    999.000    999.000
    I_Q04J             0.000      0.000    999.000    999.000
    I_Q04L             0.000      0.000    999.000    999.000
    I_Q04M             0.000      0.000    999.000    999.000

 I_Q04H   WITH
    I_Q04J             0.000      0.000    999.000    999.000
    I_Q04L             0.000      0.000    999.000    999.000
    I_Q04M             0.000      0.000    999.000    999.000

 I_Q04J   WITH
    I_Q04L             0.000      0.000    999.000    999.000
    I_Q04M             0.000      0.000    999.000    999.000

 I_Q04L   WITH
    I_Q04M             0.000      0.000    999.000    999.000

 Means
    I_Q04B            14.653      1.987      7.375      0.000
    I_Q04D             9.964      1.405      7.093      0.000
    I_Q04H            10.915      2.328      4.688      0.000
    I_Q04J             6.546      1.174      5.576      0.000
    I_Q04L             7.789      1.535      5.074      0.000
    I_Q04M            13.846      3.535      3.917      0.000

 Variances
    I_Q04B             1.000      0.000    999.000    999.000
    I_Q04D             1.000      0.000    999.000    999.000
    I_Q04H             1.000      0.000    999.000    999.000
    I_Q04J             1.000      0.000    999.000    999.000
    I_Q04L             1.000      0.000    999.000    999.000
    I_Q04M             1.000      0.000    999.000    999.000


R-SQUARE

Within Level

    Observed                                        Two-Tailed
    Variable        Estimate       S.E.  Est./S.E.    P-Value

    I_Q04B             0.399      0.011     37.496      0.000
    I_Q04D             0.514      0.009     55.158      0.000
    I_Q04H             0.505      0.018     27.548      0.000
    I_Q04J             0.514      0.010     49.588      0.000
    I_Q04L             0.585      0.014     42.008      0.000
    I_Q04M             0.462      0.015     31.343      0.000

Between Level


QUALITY OF NUMERICAL RESULTS

     Condition Number for the Information Matrix              0.109E-08
       (ratio of smallest to largest eigenvalue)


CONFIDENCE INTERVALS OF MODEL RESULTS

                  Lower .5%  Lower 2.5%    Lower 5%    Estimate    Upper 5%  Upper 2.5%   Upper .5%

Within Level

 CURIOUSW BY
    I_Q04B           1.000       1.000       1.000       1.000       1.000       1.000       1.000
    I_Q04D           0.996       1.011       1.018       1.057       1.097       1.104       1.119
    I_Q04H           1.026       1.037       1.042       1.071       1.099       1.105       1.115
    I_Q04J           1.125       1.141       1.149       1.192       1.234       1.243       1.259
    I_Q04L           1.197       1.208       1.214       1.245       1.276       1.281       1.293
    I_Q04M           0.942       0.958       0.966       1.008       1.050       1.059       1.074

 Variances
    CURIOUSW         0.334       0.342       0.346       0.369       0.391       0.395       0.403

 Residual Variances
    I_Q04B           0.516       0.525       0.530       0.555       0.579       0.584       0.593
    I_Q04D           0.347       0.357       0.362       0.389       0.416       0.422       0.432
    I_Q04H           0.357       0.370       0.377       0.414       0.450       0.457       0.471
    I_Q04J           0.453       0.463       0.469       0.495       0.522       0.527       0.538
    I_Q04L           0.357       0.369       0.375       0.406       0.437       0.443       0.455
    I_Q04M           0.396       0.405       0.410       0.436       0.463       0.468       0.477

Between Level

 I_Q04B   WITH
    I_Q04D           0.000       0.000       0.000       0.000       0.000       0.000       0.000
    I_Q04H           0.000       0.000       0.000       0.000       0.000       0.000       0.000
    I_Q04J           0.000       0.000       0.000       0.000       0.000       0.000       0.000
    I_Q04L           0.000       0.000       0.000       0.000       0.000       0.000       0.000
    I_Q04M           0.000       0.000       0.000       0.000       0.000       0.000       0.000

 I_Q04D   WITH
    I_Q04H           0.000       0.000       0.000       0.000       0.000       0.000       0.000
    I_Q04J           0.000       0.000       0.000       0.000       0.000       0.000       0.000
    I_Q04L           0.000       0.000       0.000       0.000       0.000       0.000       0.000
    I_Q04M           0.000       0.000       0.000       0.000       0.000       0.000       0.000

 I_Q04H   WITH
    I_Q04J           0.000       0.000       0.000       0.000       0.000       0.000       0.000
    I_Q04L           0.000       0.000       0.000       0.000       0.000       0.000       0.000
    I_Q04M           0.000       0.000       0.000       0.000       0.000       0.000       0.000

 I_Q04J   WITH
    I_Q04L           0.000       0.000       0.000       0.000       0.000       0.000       0.000
    I_Q04M           0.000       0.000       0.000       0.000       0.000       0.000       0.000

 I_Q04L   WITH
    I_Q04M           0.000       0.000       0.000       0.000       0.000       0.000       0.000

 Means
    I_Q04B           2.192       2.211       2.220       2.270       2.319       2.329       2.347
    I_Q04D           2.747       2.781       2.799       2.891       2.984       3.001       3.036
    I_Q04H           2.538       2.567       2.582       2.659       2.737       2.752       2.781
    I_Q04J           2.332       2.377       2.401       2.524       2.646       2.670       2.715
    I_Q04L           2.255       2.292       2.311       2.410       2.508       2.527       2.564
    I_Q04M           2.815       2.841       2.854       2.921       2.988       3.001       3.026

 Variances
    I_Q04B           0.007       0.011       0.013       0.024       0.035       0.037       0.041
    I_Q04D           0.028       0.041       0.048       0.084       0.120       0.127       0.141
    I_Q04H          -0.002       0.013       0.020       0.059       0.099       0.106       0.121
    I_Q04J           0.028       0.057       0.071       0.149       0.226       0.241       0.270
    I_Q04L           0.008       0.029       0.040       0.096       0.152       0.162       0.183
    I_Q04M          -0.011       0.002       0.009       0.044       0.080       0.087       0.100


CONFIDENCE INTERVALS OF STANDARDIZED MODEL RESULTS


STDYX Standardization

                  Lower .5%  Lower 2.5%    Lower 5%    Estimate    Upper 5%  Upper 2.5%   Upper .5%

Within Level

 CURIOUSW BY
    I_Q04B           0.610       0.615       0.618       0.632       0.646       0.648       0.654
    I_Q04D           0.700       0.704       0.706       0.717       0.728       0.730       0.734
    I_Q04H           0.678       0.686       0.690       0.711       0.732       0.736       0.744
    I_Q04J           0.698       0.703       0.705       0.717       0.729       0.731       0.735
    I_Q04L           0.741       0.747       0.750       0.765       0.780       0.782       0.788
    I_Q04M           0.652       0.658       0.662       0.680       0.698       0.701       0.708

 Variances
    CURIOUSW         1.000       1.000       1.000       1.000       1.000       1.000       1.000

 Residual Variances
    I_Q04B           0.573       0.580       0.583       0.601       0.618       0.622       0.628
    I_Q04D           0.462       0.467       0.470       0.486       0.501       0.504       0.510
    I_Q04H           0.447       0.459       0.464       0.495       0.525       0.531       0.542
    I_Q04J           0.459       0.466       0.469       0.486       0.503       0.506       0.513
    I_Q04L           0.380       0.388       0.393       0.415       0.438       0.443       0.451
    I_Q04M           0.500       0.509       0.514       0.538       0.562       0.567       0.576

Between Level

 I_Q04B   WITH
    I_Q04D           0.000       0.000       0.000       0.000       0.000       0.000       0.000
    I_Q04H           0.000       0.000       0.000       0.000       0.000       0.000       0.000
    I_Q04J           0.000       0.000       0.000       0.000       0.000       0.000       0.000
    I_Q04L           0.000       0.000       0.000       0.000       0.000       0.000       0.000
    I_Q04M           0.000       0.000       0.000       0.000       0.000       0.000       0.000

 I_Q04D   WITH
    I_Q04H           0.000       0.000       0.000       0.000       0.000       0.000       0.000
    I_Q04J           0.000       0.000       0.000       0.000       0.000       0.000       0.000
    I_Q04L           0.000       0.000       0.000       0.000       0.000       0.000       0.000
    I_Q04M           0.000       0.000       0.000       0.000       0.000       0.000       0.000

 I_Q04H   WITH
    I_Q04J           0.000       0.000       0.000       0.000       0.000       0.000       0.000
    I_Q04L           0.000       0.000       0.000       0.000       0.000       0.000       0.000
    I_Q04M           0.000       0.000       0.000       0.000       0.000       0.000       0.000

 I_Q04J   WITH
    I_Q04L           0.000       0.000       0.000       0.000       0.000       0.000       0.000
    I_Q04M           0.000       0.000       0.000       0.000       0.000       0.000       0.000

 I_Q04L   WITH
    I_Q04M           0.000       0.000       0.000       0.000       0.000       0.000       0.000

 Means
    I_Q04B           9.535      10.759      11.385      14.653      17.922      18.548      19.771
    I_Q04D           6.346       7.211       7.653       9.964      12.275      12.717      13.582
    I_Q04H           4.918       6.352       7.085      10.915      14.745      15.478      16.912
    I_Q04J           3.522       4.245       4.615       6.546       8.477       8.847       9.570
    I_Q04L           3.835       4.780       5.264       7.789      10.314      10.798      11.743
    I_Q04M           4.740       6.917       8.031      13.846      19.662      20.775      22.952

 Variances
    I_Q04B           1.000       1.000       1.000       1.000       1.000       1.000       1.000
    I_Q04D           1.000       1.000       1.000       1.000       1.000       1.000       1.000
    I_Q04H           1.000       1.000       1.000       1.000       1.000       1.000       1.000
    I_Q04J           1.000       1.000       1.000       1.000       1.000       1.000       1.000
    I_Q04L           1.000       1.000       1.000       1.000       1.000       1.000       1.000
    I_Q04M           1.000       1.000       1.000       1.000       1.000       1.000       1.000


DIAGRAM INFORMATION

  Mplus diagrams are currently not available for multilevel analysis.
  No diagram output was produced.


     Beginning Time:  18:25:31
        Ending Time:  18:25:34
       Elapsed Time:  00:00:03



MUTHEN & MUTHEN
3463 Stoner Ave.
Los Angeles, CA  90066

Tel: (310) 391-9971
Fax: (310) 391-8971
Web: www.StatModel.com
Support: Support@StatModel.com

Copyright (c) 1998-2018 Muthen & Muthen
