Mplus VERSION 8.2 (Mac)
MUTHEN & MUTHEN
03/17/2022   6:22 PM

INPUT INSTRUCTIONS

  TITLE:	Structural equation modeling with PIAAC data
  	Multilevel CFA
  	Single-factor model of curiosity and continuous treatment--modified
  	Complex design: Total weights, clustering
  	Clustered by: country (CNTRYID)
  	Level 1--Saturated
  	Level 2--CFA
  	CROSS-LEVEL METRIC INVARIANCE

  DATA: 	FILE IS piaac1-all-curiosity.dat;
  	! TYPE = IMPUTATION;
  	! Not needed here as the model does not contain any PV
  		
  		
  VARIABLE:
  	NAMES ARE
  		CNTRYID
  		I_Q04b I_Q04d I_Q04h I_Q04j I_Q04l I_Q04m
  		SPFWT0
  		HDI2012 UAI;
  		
  	! Variables to be used
  	! Newly defined variable appear at the end of this list
  	USEVARIABLES ARE
  		I_Q04b
  		I_Q04d
  		I_Q04h
  		I_Q04j
  		I_Q04l
  		I_Q04m;
  		
  	! Missing data coding
  	MISSING ARE ALL(-99);
  		
  	! Final participant weight
  	WEIGHT = SPFWT0;
  	
  	! Clustering by countries
  	CLUSTER = CNTRYID;


  ANALYSIS:
  	TYPE = TWOLEVEL;
  	ESTIMATOR = MLR;
  	H1ITERATIONS = 10000;
  	
  	! Use multiple processors to speed the estimation up
  	PROCESSORS = 4;



  MODEL:
  	%WITHIN%
  	! Level 1: Individual participants
  	
  	! Saturated model
  	! No intercepts (they only exist at level 2)
  	! Variances
  	I_Q04b-I_Q04m;
  	! Covariances
  	I_Q04b-I_Q04m WITH I_Q04b-I_Q04m;
  	
  	
  	%BETWEEN%
  	! Level 2: Countries
  	
  	! MEASUREMENT MODEL
  	! Curiousity
  	CURIOUSb BY
  		I_Q04b
  		I_Q04d
  		I_Q04h
  		I_Q04j
  		I_Q04l
  		I_Q04m;

  	
  	
  OUTPUT: STDYX;	! Fully standardized parameters requested
          SAMPSTAT;	! Sample statistics
          CINTERVAL;	! Confidence intervals
          MOD(all);	! Modification indices




*** WARNING
  Data set contains cases with missing on all variables.
  These cases were not included in the analysis.
  Number of cases with missing on all variables:  2134
   1 WARNING(S) FOUND IN THE INPUT INSTRUCTIONS



Structural equation modeling with PIAAC data
Multilevel CFA
Single-factor model of curiosity and continuous treatment--modified
Complex design: Total weights, clustering
Clustered by: country (CNTRYID)
Level 1--Saturated
Level 2--CFA
CROSS-LEVEL METRIC INVARIANCE

SUMMARY OF ANALYSIS

Number of groups                                                 1
Number of observations                                      179102

Number of dependent variables                                    6
Number of independent variables                                  0
Number of continuous latent variables                            1

Observed dependent variables

  Continuous
   I_Q04B      I_Q04D      I_Q04H      I_Q04J      I_Q04L      I_Q04M

Continuous latent variables
   CURIOUSB

Variables with special functions

  Cluster variable      CNTRYID
  Weight variable (cluster-size scaling)
    SPFWT0

Estimator                                                      MLR
Information matrix                                        OBSERVED
Maximum number of iterations                                   100
Convergence criterion                                    0.100D-05
Maximum number of EM iterations                                500
Convergence criteria for the EM algorithm
  Loglikelihood change                                   0.100D-02
  Relative loglikelihood change                          0.100D-05
  Derivative                                             0.100D-03
Minimum variance                                         0.100D-03
Maximum number of steepest descent iterations                   20
Maximum number of iterations for H1                          10000
Convergence criterion for H1                             0.100D-03
Optimization algorithm                                         EMA

Input data file(s)
  piaac1-all-curiosity.dat
Input data format  FREE


SUMMARY OF DATA

     Number of missing data patterns            45
     Number of clusters                         27

     Average cluster size     6633.407

     Estimated Intraclass Correlations for the Y Variables

                Intraclass              Intraclass              Intraclass
     Variable  Correlation   Variable  Correlation   Variable  Correlation

     I_Q04B       0.026      I_Q04D       0.096      I_Q04H       0.067
     I_Q04J       0.128      I_Q04L       0.090      I_Q04M       0.053



COVARIANCE COVERAGE OF DATA

Minimum covariance coverage value   0.100


     PROPORTION OF DATA PRESENT


           Covariance Coverage
              I_Q04B        I_Q04D        I_Q04H        I_Q04J        I_Q04L
              ________      ________      ________      ________      ________
 I_Q04B         0.995
 I_Q04D         0.995         1.000
 I_Q04H         0.994         0.997         0.997
 I_Q04J         0.995         0.999         0.996         0.999
 I_Q04L         0.993         0.997         0.995         0.996         0.997
 I_Q04M         0.995         0.999         0.997         0.999         0.996


           Covariance Coverage
              I_Q04M
              ________
 I_Q04M         0.999


SAMPLE STATISTICS

NOTE:  The sample statistics for within and between refer to the
       maximum-likelihood estimated within and between covariance
       matrices, respectively.


     ESTIMATED SAMPLE STATISTICS FOR WITHIN


           Means
              I_Q04B        I_Q04D        I_Q04H        I_Q04J        I_Q04L
              ________      ________      ________      ________      ________
                0.000         0.000         0.000         0.000         0.000


           Means
              I_Q04M
              ________
                0.000


           Covariances
              I_Q04B        I_Q04D        I_Q04H        I_Q04J        I_Q04L
              ________      ________      ________      ________      ________
 I_Q04B         0.924
 I_Q04D         0.416         0.802
 I_Q04H         0.474         0.459         0.836
 I_Q04J         0.381         0.435         0.421         1.019
 I_Q04L         0.443         0.448         0.464         0.626         0.977
 I_Q04M         0.334         0.407         0.376         0.474         0.467


           Covariances
              I_Q04M
              ________
 I_Q04M         0.811


           Correlations
              I_Q04B        I_Q04D        I_Q04H        I_Q04J        I_Q04L
              ________      ________      ________      ________      ________
 I_Q04B         1.000
 I_Q04D         0.484         1.000
 I_Q04H         0.539         0.561         1.000
 I_Q04J         0.393         0.481         0.456         1.000
 I_Q04L         0.467         0.506         0.513         0.628         1.000
 I_Q04M         0.386         0.505         0.456         0.521         0.525


           Correlations
              I_Q04M
              ________
 I_Q04M         1.000


     ESTIMATED SAMPLE STATISTICS FOR BETWEEN


           Means
              I_Q04B        I_Q04D        I_Q04H        I_Q04J        I_Q04L
              ________      ________      ________      ________      ________
                2.270         2.891         2.659         2.524         2.410


           Means
              I_Q04M
              ________
                2.921


           Covariances
              I_Q04B        I_Q04D        I_Q04H        I_Q04J        I_Q04L
              ________      ________      ________      ________      ________
 I_Q04B         0.024
 I_Q04D         0.035         0.085
 I_Q04H         0.028         0.059         0.060
 I_Q04J         0.039         0.094         0.078         0.150
 I_Q04L         0.031         0.074         0.062         0.114         0.097
 I_Q04M         0.022         0.052         0.045         0.070         0.056


           Covariances
              I_Q04M
              ________
 I_Q04M         0.045


           Correlations
              I_Q04B        I_Q04D        I_Q04H        I_Q04J        I_Q04L
              ________      ________      ________      ________      ________
 I_Q04B         1.000
 I_Q04D         0.782         1.000
 I_Q04H         0.735         0.834         1.000
 I_Q04J         0.642         0.830         0.824         1.000
 I_Q04L         0.644         0.819         0.817         0.948         1.000
 I_Q04M         0.652         0.849         0.859         0.848         0.849


           Correlations
              I_Q04M
              ________
 I_Q04M         1.000


     MAXIMUM LOG-LIKELIHOOD VALUE FOR THE UNRESTRICTED (H1) MODEL IS -1253091.601


UNIVARIATE SAMPLE STATISTICS


     UNIVARIATE HIGHER-ORDER MOMENT DESCRIPTIVE STATISTICS

         Variable/         Mean/     Skewness/   Minimum/ % with                Percentiles
        Sample Size      Variance    Kurtosis    Maximum  Min/Max      20%/60%    40%/80%    Median

     I_Q04B                2.278      -0.169       0.000    4.35%       2.000      2.000      2.000
          178260.000       0.945      -0.155       4.000   10.47%       2.000      3.000
     I_Q04D                2.910      -0.689       0.000    1.65%       2.000      3.000      3.000
          179051.000       0.883       0.174       4.000   29.51%       3.000      4.000
     I_Q04H                2.675      -0.518       0.000    2.50%       2.000      3.000      3.000
          178585.000       0.892       0.121       4.000   19.07%       3.000      3.000
     I_Q04J                2.573      -0.495       0.000    4.68%       2.000      2.000      3.000
          178915.000       1.161      -0.317       4.000   21.13%       3.000      4.000
     I_Q04L                2.450      -0.370       0.000    4.46%       2.000      2.000      3.000
          178519.000       1.068      -0.296       4.000   15.84%       3.000      3.000
     I_Q04M                2.938      -0.793       0.000    1.89%       2.000      3.000      3.000
          178964.000       0.855       0.511       4.000   29.26%       3.000      4.000

     THE STANDARD ERRORS OF THE MODEL PARAMETER ESTIMATES MAY NOT BE
     TRUSTWORTHY FOR SOME PARAMETERS DUE TO A NON-POSITIVE DEFINITE
     FIRST-ORDER DERIVATIVE PRODUCT MATRIX.  THIS MAY BE DUE TO THE STARTING
     VALUES BUT MAY ALSO BE AN INDICATION OF MODEL NONIDENTIFICATION.  THE
     CONDITION NUMBER IS      -0.206D-18.  PROBLEM INVOLVING THE FOLLOWING PARAMETER:
     Parameter 28, %BETWEEN%: I_Q04D ON CURIOUSB

     THE NONIDENTIFICATION IS MOST LIKELY DUE TO HAVING MORE PARAMETERS THAN THE
     NUMBER OF CLUSTERS. REDUCE THE NUMBER OF PARAMETERS.


THE MODEL ESTIMATION TERMINATED NORMALLY



MODEL FIT INFORMATION

Number of Free Parameters                       39

Loglikelihood

          H0 Value                    -1253102.025
          H0 Scaling Correction Factor     30.4773
            for MLR
          H1 Value                    -1253091.601
          H1 Scaling Correction Factor     24.9209
            for MLR

Information Criteria

          Akaike (AIC)                 2506282.050
          Bayesian (BIC)               2506675.783
          Sample-Size Adjusted BIC     2506551.839
            (n* = (n + 2) / 24)

Chi-Square Test of Model Fit

          Value                             24.732*
          Degrees of Freedom                     9
          P-Value                           0.0033
          Scaling Correction Factor         0.8430
            for MLR

*   The chi-square value for MLM, MLMV, MLR, ULSMV, WLSM and WLSMV cannot be used
    for chi-square difference testing in the regular way.  MLM, MLR and WLSM
    chi-square difference testing is described on the Mplus website.  MLMV, WLSMV,
    and ULSMV difference testing is done using the DIFFTEST option.

RMSEA (Root Mean Square Error Of Approximation)

          Estimate                           0.003

CFI/TLI

          CFI                                1.000
          TLI                                0.999

Chi-Square Test of Model Fit for the Baseline Model

          Value                          35774.181
          Degrees of Freedom                    30
          P-Value                           0.0000

SRMR (Standardized Root Mean Square Residual)

          Value for Within                   0.000
          Value for Between                  0.040



MODEL RESULTS

                                                    Two-Tailed
                    Estimate       S.E.  Est./S.E.    P-Value

Within Level

 I_Q04B   WITH
    I_Q04D             0.416      0.019     21.871      0.000
    I_Q04H             0.474      0.016     29.974      0.000
    I_Q04J             0.381      0.019     19.912      0.000
    I_Q04L             0.443      0.017     26.494      0.000
    I_Q04M             0.334      0.019     17.524      0.000

 I_Q04D   WITH
    I_Q04H             0.459      0.026     17.396      0.000
    I_Q04J             0.435      0.024     17.867      0.000
    I_Q04L             0.448      0.022     20.631      0.000
    I_Q04M             0.407      0.024     17.124      0.000

 I_Q04H   WITH
    I_Q04J             0.421      0.023     17.938      0.000
    I_Q04L             0.464      0.021     21.978      0.000
    I_Q04M             0.376      0.025     15.237      0.000

 I_Q04J   WITH
    I_Q04L             0.626      0.029     21.459      0.000
    I_Q04M             0.474      0.025     19.121      0.000

 I_Q04L   WITH
    I_Q04M             0.467      0.025     18.668      0.000

 Variances
    I_Q04B             0.924      0.021     44.796      0.000
    I_Q04D             0.802      0.039     20.633      0.000
    I_Q04H             0.836      0.033     25.715      0.000
    I_Q04J             1.019      0.042     24.438      0.000
    I_Q04L             0.977      0.033     29.367      0.000
    I_Q04M             0.811      0.037     21.741      0.000

Between Level

 CURIOUSB BY
    I_Q04B             1.000      0.000    999.000    999.000
    I_Q04D             2.314      0.333      6.944      0.000
    I_Q04H             1.936      0.403      4.805      0.000
    I_Q04J             3.292      0.672      4.896      0.000
    I_Q04L             2.636      0.600      4.390      0.000
    I_Q04M             1.714      0.369      4.639      0.000

 Intercepts
    I_Q04B             2.270      0.030     75.484      0.000
    I_Q04D             2.891      0.056     51.497      0.000
    I_Q04H             2.659      0.047     56.372      0.000
    I_Q04J             2.524      0.075     33.867      0.000
    I_Q04L             2.410      0.060     40.255      0.000
    I_Q04M             2.921      0.041     71.445      0.000

 Variances
    CURIOUSB           0.013      0.005      2.585      0.010

 Residual Variances
    I_Q04B             0.012      0.004      3.270      0.001
    I_Q04D             0.017      0.005      3.178      0.001
    I_Q04H             0.013      0.006      1.984      0.047
    I_Q04J             0.013      0.009      1.450      0.147
    I_Q04L             0.009      0.006      1.585      0.113
    I_Q04M             0.008      0.004      2.069      0.039


STANDARDIZED MODEL RESULTS


STDYX Standardization

                                                    Two-Tailed
                    Estimate       S.E.  Est./S.E.    P-Value

Within Level

 I_Q04B   WITH
    I_Q04D             0.484      0.011     45.930      0.000
    I_Q04H             0.539      0.013     42.190      0.000
    I_Q04J             0.393      0.011     35.184      0.000
    I_Q04L             0.467      0.010     48.711      0.000
    I_Q04M             0.386      0.012     32.293      0.000

 I_Q04D   WITH
    I_Q04H             0.561      0.015     37.991      0.000
    I_Q04J             0.481      0.008     58.764      0.000
    I_Q04L             0.506      0.011     47.618      0.000
    I_Q04M             0.505      0.009     54.313      0.000

 I_Q04H   WITH
    I_Q04J             0.456      0.013     36.159      0.000
    I_Q04L             0.513      0.013     39.589      0.000
    I_Q04M             0.456      0.016     29.344      0.000

 I_Q04J   WITH
    I_Q04L             0.628      0.011     57.334      0.000
    I_Q04M             0.521      0.012     45.283      0.000

 I_Q04L   WITH
    I_Q04M             0.525      0.014     38.619      0.000

 Variances
    I_Q04B             1.000      0.000    999.000    999.000
    I_Q04D             1.000      0.000    999.000    999.000
    I_Q04H             1.000      0.000    999.000    999.000
    I_Q04J             1.000      0.000    999.000    999.000
    I_Q04L             1.000      0.000    999.000    999.000
    I_Q04M             1.000      0.000    999.000    999.000

Between Level

 CURIOUSB BY
    I_Q04B             0.722      0.074      9.767      0.000
    I_Q04D             0.893      0.049     18.269      0.000
    I_Q04H             0.889      0.075     11.910      0.000
    I_Q04J             0.956      0.036     26.470      0.000
    I_Q04L             0.953      0.038     25.375      0.000
    I_Q04M             0.908      0.053     17.229      0.000

 Intercepts
    I_Q04B            14.585      1.963      7.429      0.000
    I_Q04D             9.925      1.391      7.135      0.000
    I_Q04H            10.868      2.305      4.714      0.000
    I_Q04J             6.522      1.164      5.602      0.000
    I_Q04L             7.753      1.519      5.103      0.000
    I_Q04M            13.775      3.496      3.940      0.000

 Variances
    CURIOUSB           1.000      0.000    999.000    999.000

 Residual Variances
    I_Q04B             0.479      0.107      4.483      0.000
    I_Q04D             0.203      0.087      2.327      0.020
    I_Q04H             0.209      0.133      1.578      0.115
    I_Q04J             0.086      0.069      1.249      0.212
    I_Q04L             0.092      0.072      1.287      0.198
    I_Q04M             0.175      0.096      1.832      0.067


R-SQUARE

Within Level

Between Level

    Observed                                        Two-Tailed
    Variable        Estimate       S.E.  Est./S.E.    P-Value

    I_Q04B             0.521      0.107      4.883      0.000
    I_Q04D             0.797      0.087      9.135      0.000
    I_Q04H             0.791      0.133      5.955      0.000
    I_Q04J             0.914      0.069     13.235      0.000
    I_Q04L             0.908      0.072     12.687      0.000
    I_Q04M             0.825      0.096      8.614      0.000


QUALITY OF NUMERICAL RESULTS

     Condition Number for the Information Matrix             -0.206E-18
       (ratio of smallest to largest eigenvalue)


CONFIDENCE INTERVALS OF MODEL RESULTS

                  Lower .5%  Lower 2.5%    Lower 5%    Estimate    Upper 5%  Upper 2.5%   Upper .5%

Within Level

 I_Q04B   WITH
    I_Q04D           0.367       0.379       0.385       0.416       0.448       0.454       0.466
    I_Q04H           0.433       0.443       0.448       0.474       0.500       0.505       0.514
    I_Q04J           0.332       0.343       0.350       0.381       0.412       0.419       0.430
    I_Q04L           0.400       0.411       0.416       0.443       0.471       0.476       0.487
    I_Q04M           0.285       0.296       0.302       0.334       0.365       0.371       0.383

 I_Q04D   WITH
    I_Q04H           0.391       0.407       0.416       0.459       0.502       0.511       0.527
    I_Q04J           0.372       0.387       0.395       0.435       0.475       0.482       0.497
    I_Q04L           0.392       0.405       0.412       0.448       0.483       0.490       0.504
    I_Q04M           0.346       0.360       0.368       0.407       0.446       0.453       0.468

 I_Q04H   WITH
    I_Q04J           0.361       0.375       0.382       0.421       0.460       0.467       0.481
    I_Q04L           0.409       0.422       0.429       0.464       0.498       0.505       0.518
    I_Q04M           0.312       0.328       0.335       0.376       0.417       0.424       0.440

 I_Q04J   WITH
    I_Q04L           0.551       0.569       0.578       0.626       0.674       0.684       0.702
    I_Q04M           0.410       0.425       0.433       0.474       0.515       0.522       0.538

 I_Q04L   WITH
    I_Q04M           0.403       0.418       0.426       0.467       0.508       0.516       0.531

 Variances
    I_Q04B           0.870       0.883       0.890       0.924       0.957       0.964       0.977
    I_Q04D           0.701       0.725       0.738       0.802       0.865       0.878       0.902
    I_Q04H           0.753       0.773       0.783       0.836       0.890       0.900       0.920
    I_Q04J           0.912       0.937       0.951       1.019       1.088       1.101       1.127
    I_Q04L           0.892       0.912       0.923       0.977       1.032       1.043       1.063
    I_Q04M           0.715       0.738       0.750       0.811       0.873       0.884       0.907

Between Level

 CURIOUSB BY
    I_Q04B           1.000       1.000       1.000       1.000       1.000       1.000       1.000
    I_Q04D           1.456       1.661       1.766       2.314       2.863       2.968       3.173
    I_Q04H           0.898       1.146       1.273       1.936       2.599       2.726       2.974
    I_Q04J           1.560       1.974       2.186       3.292       4.398       4.609       5.023
    I_Q04L           1.089       1.459       1.648       2.636       3.623       3.812       4.182
    I_Q04M           0.762       0.990       1.106       1.714       2.321       2.438       2.665

 Intercepts
    I_Q04B           2.192       2.211       2.220       2.270       2.319       2.329       2.347
    I_Q04D           2.747       2.781       2.799       2.891       2.983       3.001       3.036
    I_Q04H           2.537       2.566       2.581       2.659       2.737       2.751       2.780
    I_Q04J           2.332       2.378       2.401       2.524       2.646       2.670       2.716
    I_Q04L           2.255       2.292       2.311       2.410       2.508       2.527       2.564
    I_Q04M           2.815       2.841       2.853       2.921       2.988       3.001       3.026

 Variances
    CURIOUSB         0.000       0.003       0.005       0.013       0.021       0.022       0.025

 Residual Variances
    I_Q04B           0.002       0.005       0.006       0.012       0.017       0.019       0.021
    I_Q04D           0.003       0.007       0.008       0.017       0.026       0.028       0.031
    I_Q04H          -0.004       0.000       0.002       0.013       0.023       0.025       0.029
    I_Q04J          -0.010      -0.005      -0.002       0.013       0.028       0.030       0.036
    I_Q04L          -0.006      -0.002       0.000       0.009       0.018       0.020       0.023
    I_Q04M          -0.002       0.000       0.002       0.008       0.014       0.015       0.018


CONFIDENCE INTERVALS OF STANDARDIZED MODEL RESULTS


STDYX Standardization

                  Lower .5%  Lower 2.5%    Lower 5%    Estimate    Upper 5%  Upper 2.5%   Upper .5%

Within Level

 I_Q04B   WITH
    I_Q04D           0.457       0.463       0.467       0.484       0.501       0.505       0.511
    I_Q04H           0.506       0.514       0.518       0.539       0.560       0.564       0.572
    I_Q04J           0.364       0.371       0.374       0.393       0.411       0.415       0.421
    I_Q04L           0.442       0.448       0.451       0.467       0.483       0.486       0.491
    I_Q04M           0.355       0.362       0.366       0.386       0.405       0.409       0.416

 I_Q04D   WITH
    I_Q04H           0.523       0.532       0.536       0.561       0.585       0.590       0.599
    I_Q04J           0.460       0.465       0.467       0.481       0.494       0.497       0.502
    I_Q04L           0.479       0.485       0.488       0.506       0.523       0.527       0.533
    I_Q04M           0.481       0.486       0.489       0.505       0.520       0.523       0.529

 I_Q04H   WITH
    I_Q04J           0.423       0.431       0.435       0.456       0.477       0.481       0.488
    I_Q04L           0.480       0.487       0.492       0.513       0.534       0.538       0.546
    I_Q04M           0.416       0.426       0.431       0.456       0.482       0.487       0.497

 I_Q04J   WITH
    I_Q04L           0.599       0.606       0.610       0.628       0.646       0.649       0.656
    I_Q04M           0.491       0.499       0.502       0.521       0.540       0.544       0.551

 I_Q04L   WITH
    I_Q04M           0.490       0.498       0.502       0.525       0.547       0.551       0.559

 Variances
    I_Q04B           1.000       1.000       1.000       1.000       1.000       1.000       1.000
    I_Q04D           1.000       1.000       1.000       1.000       1.000       1.000       1.000
    I_Q04H           1.000       1.000       1.000       1.000       1.000       1.000       1.000
    I_Q04J           1.000       1.000       1.000       1.000       1.000       1.000       1.000
    I_Q04L           1.000       1.000       1.000       1.000       1.000       1.000       1.000
    I_Q04M           1.000       1.000       1.000       1.000       1.000       1.000       1.000

Between Level

 CURIOUSB BY
    I_Q04B           0.532       0.577       0.600       0.722       0.844       0.867       0.912
    I_Q04D           0.767       0.797       0.812       0.893       0.973       0.988       1.019
    I_Q04H           0.697       0.743       0.766       0.889       1.012       1.035       1.081
    I_Q04J           0.863       0.885       0.897       0.956       1.015       1.027       1.049
    I_Q04L           0.856       0.879       0.891       0.953       1.015       1.026       1.050
    I_Q04M           0.772       0.805       0.821       0.908       0.995       1.011       1.044

 Intercepts
    I_Q04B           9.528      10.737      11.355      14.585      17.815      18.433      19.642
    I_Q04D           6.342       7.199       7.637       9.925      12.213      12.652      13.508
    I_Q04H           4.930       6.349       7.075      10.868      14.660      15.387      16.806
    I_Q04J           3.523       4.240       4.607       6.522       8.437       8.804       9.521
    I_Q04L           3.840       4.775       5.254       7.753      10.252      10.731      11.666
    I_Q04M           4.770       6.923       8.024      13.775      19.526      20.628      22.781

 Variances
    CURIOUSB         1.000       1.000       1.000       1.000       1.000       1.000       1.000

 Residual Variances
    I_Q04B           0.204       0.269       0.303       0.479       0.654       0.688       0.754
    I_Q04D          -0.022       0.032       0.060       0.203       0.347       0.374       0.428
    I_Q04H          -0.132      -0.051      -0.009       0.209       0.428       0.470       0.551
    I_Q04J          -0.092      -0.049      -0.027       0.086       0.200       0.222       0.264
    I_Q04L          -0.092      -0.048      -0.026       0.092       0.210       0.232       0.276
    I_Q04M          -0.071      -0.012       0.018       0.175       0.333       0.363       0.422


MODEL MODIFICATION INDICES

Minimum M.I. value for printing the modification index    10.000

                                   M.I.     E.P.C.  Std E.P.C.  StdYX E.P.C.

Within Level

Between Level

ON Statements

I_Q04J   ON I_Q04L                22.665     2.081      2.081        1.671
I_Q04L   ON I_Q04J                22.670     1.434      1.434        1.786

WITH Statements

I_Q04L   WITH I_Q04J              22.671     0.019      0.019        1.728


TECHNICAL 1 OUTPUT


     PARAMETER SPECIFICATION FOR WITHIN


           NU
              I_Q04B        I_Q04D        I_Q04H        I_Q04J        I_Q04L
              ________      ________      ________      ________      ________
                    0             0             0             0             0


           NU
              I_Q04M
              ________
                    0


           LAMBDA
              I_Q04B        I_Q04D        I_Q04H        I_Q04J        I_Q04L
              ________      ________      ________      ________      ________
 I_Q04B             0             0             0             0             0
 I_Q04D             0             0             0             0             0
 I_Q04H             0             0             0             0             0
 I_Q04J             0             0             0             0             0
 I_Q04L             0             0             0             0             0
 I_Q04M             0             0             0             0             0


           LAMBDA
              I_Q04M
              ________
 I_Q04B             0
 I_Q04D             0
 I_Q04H             0
 I_Q04J             0
 I_Q04L             0
 I_Q04M             0


           THETA
              I_Q04B        I_Q04D        I_Q04H        I_Q04J        I_Q04L
              ________      ________      ________      ________      ________
 I_Q04B             0
 I_Q04D             0             0
 I_Q04H             0             0             0
 I_Q04J             0             0             0             0
 I_Q04L             0             0             0             0             0
 I_Q04M             0             0             0             0             0


           THETA
              I_Q04M
              ________
 I_Q04M             0


           ALPHA
              I_Q04B        I_Q04D        I_Q04H        I_Q04J        I_Q04L
              ________      ________      ________      ________      ________
                    0             0             0             0             0


           ALPHA
              I_Q04M
              ________
                    0


           BETA
              I_Q04B        I_Q04D        I_Q04H        I_Q04J        I_Q04L
              ________      ________      ________      ________      ________
 I_Q04B             0             0             0             0             0
 I_Q04D             0             0             0             0             0
 I_Q04H             0             0             0             0             0
 I_Q04J             0             0             0             0             0
 I_Q04L             0             0             0             0             0
 I_Q04M             0             0             0             0             0


           BETA
              I_Q04M
              ________
 I_Q04B             0
 I_Q04D             0
 I_Q04H             0
 I_Q04J             0
 I_Q04L             0
 I_Q04M             0


           PSI
              I_Q04B        I_Q04D        I_Q04H        I_Q04J        I_Q04L
              ________      ________      ________      ________      ________
 I_Q04B             1
 I_Q04D             2             3
 I_Q04H             4             5             6
 I_Q04J             7             8             9            10
 I_Q04L            11            12            13            14            15
 I_Q04M            16            17            18            19            20


           PSI
              I_Q04M
              ________
 I_Q04M            21


     PARAMETER SPECIFICATION FOR BETWEEN


           NU
              I_Q04B        I_Q04D        I_Q04H        I_Q04J        I_Q04L
              ________      ________      ________      ________      ________
                    0             0             0             0             0


           NU
              I_Q04M
              ________
                    0


           LAMBDA
              CURIOUSB      I_Q04B        I_Q04D        I_Q04H        I_Q04J
              ________      ________      ________      ________      ________
 I_Q04B             0             0             0             0             0
 I_Q04D             0             0             0             0             0
 I_Q04H             0             0             0             0             0
 I_Q04J             0             0             0             0             0
 I_Q04L             0             0             0             0             0
 I_Q04M             0             0             0             0             0


           LAMBDA
              I_Q04L        I_Q04M
              ________      ________
 I_Q04B             0             0
 I_Q04D             0             0
 I_Q04H             0             0
 I_Q04J             0             0
 I_Q04L             0             0
 I_Q04M             0             0


           THETA
              I_Q04B        I_Q04D        I_Q04H        I_Q04J        I_Q04L
              ________      ________      ________      ________      ________
 I_Q04B             0
 I_Q04D             0             0
 I_Q04H             0             0             0
 I_Q04J             0             0             0             0
 I_Q04L             0             0             0             0             0
 I_Q04M             0             0             0             0             0


           THETA
              I_Q04M
              ________
 I_Q04M             0


           ALPHA
              CURIOUSB      I_Q04B        I_Q04D        I_Q04H        I_Q04J
              ________      ________      ________      ________      ________
                    0            22            23            24            25


           ALPHA
              I_Q04L        I_Q04M
              ________      ________
                   26            27


           BETA
              CURIOUSB      I_Q04B        I_Q04D        I_Q04H        I_Q04J
              ________      ________      ________      ________      ________
 CURIOUSB           0             0             0             0             0
 I_Q04B             0             0             0             0             0
 I_Q04D            28             0             0             0             0
 I_Q04H            29             0             0             0             0
 I_Q04J            30             0             0             0             0
 I_Q04L            31             0             0             0             0
 I_Q04M            32             0             0             0             0


           BETA
              I_Q04L        I_Q04M
              ________      ________
 CURIOUSB           0             0
 I_Q04B             0             0
 I_Q04D             0             0
 I_Q04H             0             0
 I_Q04J             0             0
 I_Q04L             0             0
 I_Q04M             0             0


           PSI
              CURIOUSB      I_Q04B        I_Q04D        I_Q04H        I_Q04J
              ________      ________      ________      ________      ________
 CURIOUSB          33
 I_Q04B             0            34
 I_Q04D             0             0            35
 I_Q04H             0             0             0            36
 I_Q04J             0             0             0             0            37
 I_Q04L             0             0             0             0             0
 I_Q04M             0             0             0             0             0


           PSI
              I_Q04L        I_Q04M
              ________      ________
 I_Q04L            38
 I_Q04M             0            39


     STARTING VALUES FOR WITHIN


           NU
              I_Q04B        I_Q04D        I_Q04H        I_Q04J        I_Q04L
              ________      ________      ________      ________      ________
                0.000         0.000         0.000         0.000         0.000


           NU
              I_Q04M
              ________
                0.000


           LAMBDA
              I_Q04B        I_Q04D        I_Q04H        I_Q04J        I_Q04L
              ________      ________      ________      ________      ________
 I_Q04B         1.000         0.000         0.000         0.000         0.000
 I_Q04D         0.000         1.000         0.000         0.000         0.000
 I_Q04H         0.000         0.000         1.000         0.000         0.000
 I_Q04J         0.000         0.000         0.000         1.000         0.000
 I_Q04L         0.000         0.000         0.000         0.000         1.000
 I_Q04M         0.000         0.000         0.000         0.000         0.000


           LAMBDA
              I_Q04M
              ________
 I_Q04B         0.000
 I_Q04D         0.000
 I_Q04H         0.000
 I_Q04J         0.000
 I_Q04L         0.000
 I_Q04M         1.000


           THETA
              I_Q04B        I_Q04D        I_Q04H        I_Q04J        I_Q04L
              ________      ________      ________      ________      ________
 I_Q04B         0.000
 I_Q04D         0.000         0.000
 I_Q04H         0.000         0.000         0.000
 I_Q04J         0.000         0.000         0.000         0.000
 I_Q04L         0.000         0.000         0.000         0.000         0.000
 I_Q04M         0.000         0.000         0.000         0.000         0.000


           THETA
              I_Q04M
              ________
 I_Q04M         0.000


           ALPHA
              I_Q04B        I_Q04D        I_Q04H        I_Q04J        I_Q04L
              ________      ________      ________      ________      ________
                0.000         0.000         0.000         0.000         0.000


           ALPHA
              I_Q04M
              ________
                0.000


           BETA
              I_Q04B        I_Q04D        I_Q04H        I_Q04J        I_Q04L
              ________      ________      ________      ________      ________
 I_Q04B         0.000         0.000         0.000         0.000         0.000
 I_Q04D         0.000         0.000         0.000         0.000         0.000
 I_Q04H         0.000         0.000         0.000         0.000         0.000
 I_Q04J         0.000         0.000         0.000         0.000         0.000
 I_Q04L         0.000         0.000         0.000         0.000         0.000
 I_Q04M         0.000         0.000         0.000         0.000         0.000


           BETA
              I_Q04M
              ________
 I_Q04B         0.000
 I_Q04D         0.000
 I_Q04H         0.000
 I_Q04J         0.000
 I_Q04L         0.000
 I_Q04M         0.000


           PSI
              I_Q04B        I_Q04D        I_Q04H        I_Q04J        I_Q04L
              ________      ________      ________      ________      ________
 I_Q04B         0.473
 I_Q04D         0.000         0.442
 I_Q04H         0.000         0.000         0.446
 I_Q04J         0.000         0.000         0.000         0.580
 I_Q04L         0.000         0.000         0.000         0.000         0.534
 I_Q04M         0.000         0.000         0.000         0.000         0.000


           PSI
              I_Q04M
              ________
 I_Q04M         0.427


     STARTING VALUES FOR BETWEEN


           NU
              I_Q04B        I_Q04D        I_Q04H        I_Q04J        I_Q04L
              ________      ________      ________      ________      ________
                0.000         0.000         0.000         0.000         0.000


           NU
              I_Q04M
              ________
                0.000


           LAMBDA
              CURIOUSB      I_Q04B        I_Q04D        I_Q04H        I_Q04J
              ________      ________      ________      ________      ________
 I_Q04B         0.000         1.000         0.000         0.000         0.000
 I_Q04D         0.000         0.000         1.000         0.000         0.000
 I_Q04H         0.000         0.000         0.000         1.000         0.000
 I_Q04J         0.000         0.000         0.000         0.000         1.000
 I_Q04L         0.000         0.000         0.000         0.000         0.000
 I_Q04M         0.000         0.000         0.000         0.000         0.000


           LAMBDA
              I_Q04L        I_Q04M
              ________      ________
 I_Q04B         0.000         0.000
 I_Q04D         0.000         0.000
 I_Q04H         0.000         0.000
 I_Q04J         0.000         0.000
 I_Q04L         1.000         0.000
 I_Q04M         0.000         1.000


           THETA
              I_Q04B        I_Q04D        I_Q04H        I_Q04J        I_Q04L
              ________      ________      ________      ________      ________
 I_Q04B         0.000
 I_Q04D         0.000         0.000
 I_Q04H         0.000         0.000         0.000
 I_Q04J         0.000         0.000         0.000         0.000
 I_Q04L         0.000         0.000         0.000         0.000         0.000
 I_Q04M         0.000         0.000         0.000         0.000         0.000


           THETA
              I_Q04M
              ________
 I_Q04M         0.000


           ALPHA
              CURIOUSB      I_Q04B        I_Q04D        I_Q04H        I_Q04J
              ________      ________      ________      ________      ________
                0.000         2.278         2.910         2.675         2.573


           ALPHA
              I_Q04L        I_Q04M
              ________      ________
                2.450         2.938


           BETA
              CURIOUSB      I_Q04B        I_Q04D        I_Q04H        I_Q04J
              ________      ________      ________      ________      ________
 CURIOUSB       0.000         0.000         0.000         0.000         0.000
 I_Q04B         1.000         0.000         0.000         0.000         0.000
 I_Q04D         1.000         0.000         0.000         0.000         0.000
 I_Q04H         1.000         0.000         0.000         0.000         0.000
 I_Q04J         1.000         0.000         0.000         0.000         0.000
 I_Q04L         1.000         0.000         0.000         0.000         0.000
 I_Q04M         1.000         0.000         0.000         0.000         0.000


           BETA
              I_Q04L        I_Q04M
              ________      ________
 CURIOUSB       0.000         0.000
 I_Q04B         0.000         0.000
 I_Q04D         0.000         0.000
 I_Q04H         0.000         0.000
 I_Q04J         0.000         0.000
 I_Q04L         0.000         0.000
 I_Q04M         0.000         0.000


           PSI
              CURIOUSB      I_Q04B        I_Q04D        I_Q04H        I_Q04J
              ________      ________      ________      ________      ________
 CURIOUSB       0.050
 I_Q04B         0.000         0.473
 I_Q04D         0.000         0.000         0.442
 I_Q04H         0.000         0.000         0.000         0.446
 I_Q04J         0.000         0.000         0.000         0.000         0.580
 I_Q04L         0.000         0.000         0.000         0.000         0.000
 I_Q04M         0.000         0.000         0.000         0.000         0.000


           PSI
              I_Q04L        I_Q04M
              ________      ________
 I_Q04L         0.534
 I_Q04M         0.000         0.427


DIAGRAM INFORMATION

  Mplus diagrams are currently not available for multilevel analysis.
  No diagram output was produced.


     Beginning Time:  18:22:06
        Ending Time:  18:22:10
       Elapsed Time:  00:00:04



MUTHEN & MUTHEN
3463 Stoner Ave.
Los Angeles, CA  90066

Tel: (310) 391-9971
Fax: (310) 391-8971
Web: www.StatModel.com
Support: Support@StatModel.com

Copyright (c) 1998-2018 Muthen & Muthen
