Mplus VERSION 8.2 (Mac)
MUTHEN & MUTHEN
03/17/2022   6:41 PM

INPUT INSTRUCTIONS

  TITLE:	Structural equation modeling with PIAAC data
  	Multilevel CFA
  	Single-factor model of curiosity and continuous treatment--modified
  	Complex design: Total weights, clustering
  	Clustered by: country (CNTRYID)
  	Level 1--CFA modified
  	Level 2--CFA modified
  	Cross-level metric and residual invariance

  DATA: 	FILE IS piaac1-all-curiosity.dat;
  	! TYPE = IMPUTATION;
  	! Not needed here as the model does not contain any PV
  		
  		
  VARIABLE:
  	NAMES ARE
  		CNTRYID
  		I_Q04b I_Q04d I_Q04h I_Q04j I_Q04l I_Q04m
  		SPFWT0
  		HDI2012 UAI;
  		
  	! Variables to be used
  	! Newly defined variable appear at the end of this list
  	USEVARIABLES ARE
  		I_Q04b
  		I_Q04d
  		I_Q04h
  		I_Q04j
  		I_Q04l
  		I_Q04m;
  		
  	! Missing data coding
  	MISSING ARE ALL(-99);
  		
  	! Final participant weight
  	WEIGHT = SPFWT0;
  	
  	! Clustering by countries
  	CLUSTER = CNTRYID;


  ANALYSIS:
  	TYPE = TWOLEVEL;
  	ESTIMATOR = MLR;
  	H1ITERATIONS = 10000;
  	
  	! Use multiple processors to speed the estimation up
  	PROCESSORS = 4;



  MODEL:
  	%WITHIN%
  	! Level 1: Individual participants
  	
  	! MEASUREMENT MODEL
  	! Curiousity
  	CURIOUSw BY
  		I_Q04b
  		I_Q04d(L2)
  		I_Q04h(L3)
  		I_Q04j(L4)
  		I_Q04l(L5)
  		I_Q04m(L6);
  		
  	! Model modifications
  	! Residual covariances
  	I_Q04b WITH I_Q04h;
  	I_Q04l WITH I_Q04j;
  	
  		
  	
  	%BETWEEN%
  	! Level 2: Countries
  	
  	! MEASUREMENT MODEL
  	! Curiousity
  	CURIOUSb BY
  		I_Q04b
  		I_Q04d(L2)
  		I_Q04h(L3)
  		I_Q04j(L4)
  		I_Q04l(L5)
  		I_Q04m(L6);
  		
  	! Model modifications
  	! Residual covariance
  	I_Q04L WITH I_Q04J;
  	
  	! Constrain the residual variances to zero
  	I_Q04b-I_Q04m@0;

  	
  	
  OUTPUT: STDYX;	! Fully standardized parameters requested
          SAMPSTAT;	! Sample statistics
          CINTERVAL;	! Confidence intervals
          !MOD(all);	! Modification indices



*** WARNING
  Data set contains cases with missing on all variables.
  These cases were not included in the analysis.
  Number of cases with missing on all variables:  2134
   1 WARNING(S) FOUND IN THE INPUT INSTRUCTIONS



Structural equation modeling with PIAAC data
Multilevel CFA
Single-factor model of curiosity and continuous treatment--modified
Complex design: Total weights, clustering
Clustered by: country (CNTRYID)
Level 1--CFA modified
Level 2--CFA modified
Cross-level metric and residual invariance

SUMMARY OF ANALYSIS

Number of groups                                                 1
Number of observations                                      179102

Number of dependent variables                                    6
Number of independent variables                                  0
Number of continuous latent variables                            2

Observed dependent variables

  Continuous
   I_Q04B      I_Q04D      I_Q04H      I_Q04J      I_Q04L      I_Q04M

Continuous latent variables
   CURIOUSW    CURIOUSB

Variables with special functions

  Cluster variable      CNTRYID
  Weight variable (cluster-size scaling)
    SPFWT0

Estimator                                                      MLR
Information matrix                                        OBSERVED
Maximum number of iterations                                   100
Convergence criterion                                    0.100D-05
Maximum number of EM iterations                                500
Convergence criteria for the EM algorithm
  Loglikelihood change                                   0.100D-02
  Relative loglikelihood change                          0.100D-05
  Derivative                                             0.100D-03
Minimum variance                                         0.100D-03
Maximum number of steepest descent iterations                   20
Maximum number of iterations for H1                          10000
Convergence criterion for H1                             0.100D-03
Optimization algorithm                                         EMA

Input data file(s)
  piaac1-all-curiosity.dat
Input data format  FREE


SUMMARY OF DATA

     Number of missing data patterns            45
     Number of clusters                         27

     Average cluster size     6633.407

     Estimated Intraclass Correlations for the Y Variables

                Intraclass              Intraclass              Intraclass
     Variable  Correlation   Variable  Correlation   Variable  Correlation

     I_Q04B       0.026      I_Q04D       0.096      I_Q04H       0.067
     I_Q04J       0.128      I_Q04L       0.090      I_Q04M       0.053



COVARIANCE COVERAGE OF DATA

Minimum covariance coverage value   0.100


     PROPORTION OF DATA PRESENT


           Covariance Coverage
              I_Q04B        I_Q04D        I_Q04H        I_Q04J        I_Q04L
              ________      ________      ________      ________      ________
 I_Q04B         0.995
 I_Q04D         0.995         1.000
 I_Q04H         0.994         0.997         0.997
 I_Q04J         0.995         0.999         0.996         0.999
 I_Q04L         0.993         0.997         0.995         0.996         0.997
 I_Q04M         0.995         0.999         0.997         0.999         0.996


           Covariance Coverage
              I_Q04M
              ________
 I_Q04M         0.999


SAMPLE STATISTICS

NOTE:  The sample statistics for within and between refer to the
       maximum-likelihood estimated within and between covariance
       matrices, respectively.


     ESTIMATED SAMPLE STATISTICS FOR WITHIN


           Means
              I_Q04B        I_Q04D        I_Q04H        I_Q04J        I_Q04L
              ________      ________      ________      ________      ________
                0.000         0.000         0.000         0.000         0.000


           Means
              I_Q04M
              ________
                0.000


           Covariances
              I_Q04B        I_Q04D        I_Q04H        I_Q04J        I_Q04L
              ________      ________      ________      ________      ________
 I_Q04B         0.924
 I_Q04D         0.416         0.802
 I_Q04H         0.474         0.459         0.836
 I_Q04J         0.381         0.435         0.421         1.019
 I_Q04L         0.443         0.448         0.464         0.626         0.977
 I_Q04M         0.334         0.407         0.376         0.474         0.467


           Covariances
              I_Q04M
              ________
 I_Q04M         0.811


           Correlations
              I_Q04B        I_Q04D        I_Q04H        I_Q04J        I_Q04L
              ________      ________      ________      ________      ________
 I_Q04B         1.000
 I_Q04D         0.484         1.000
 I_Q04H         0.539         0.561         1.000
 I_Q04J         0.393         0.481         0.456         1.000
 I_Q04L         0.467         0.506         0.513         0.628         1.000
 I_Q04M         0.386         0.505         0.456         0.521         0.525


           Correlations
              I_Q04M
              ________
 I_Q04M         1.000


     ESTIMATED SAMPLE STATISTICS FOR BETWEEN


           Means
              I_Q04B        I_Q04D        I_Q04H        I_Q04J        I_Q04L
              ________      ________      ________      ________      ________
                2.270         2.891         2.659         2.524         2.410


           Means
              I_Q04M
              ________
                2.921


           Covariances
              I_Q04B        I_Q04D        I_Q04H        I_Q04J        I_Q04L
              ________      ________      ________      ________      ________
 I_Q04B         0.024
 I_Q04D         0.035         0.085
 I_Q04H         0.028         0.059         0.060
 I_Q04J         0.039         0.094         0.078         0.150
 I_Q04L         0.031         0.074         0.062         0.114         0.097
 I_Q04M         0.022         0.052         0.045         0.070         0.056


           Covariances
              I_Q04M
              ________
 I_Q04M         0.045


           Correlations
              I_Q04B        I_Q04D        I_Q04H        I_Q04J        I_Q04L
              ________      ________      ________      ________      ________
 I_Q04B         1.000
 I_Q04D         0.782         1.000
 I_Q04H         0.735         0.834         1.000
 I_Q04J         0.642         0.830         0.824         1.000
 I_Q04L         0.644         0.819         0.817         0.948         1.000
 I_Q04M         0.652         0.849         0.859         0.848         0.849


           Correlations
              I_Q04M
              ________
 I_Q04M         1.000


     MAXIMUM LOG-LIKELIHOOD VALUE FOR THE UNRESTRICTED (H1) MODEL IS -1253091.601


UNIVARIATE SAMPLE STATISTICS


     UNIVARIATE HIGHER-ORDER MOMENT DESCRIPTIVE STATISTICS

         Variable/         Mean/     Skewness/   Minimum/ % with                Percentiles
        Sample Size      Variance    Kurtosis    Maximum  Min/Max      20%/60%    40%/80%    Median

     I_Q04B                2.278      -0.169       0.000    4.35%       2.000      2.000      2.000
          178260.000       0.945      -0.155       4.000   10.47%       2.000      3.000
     I_Q04D                2.910      -0.689       0.000    1.65%       2.000      3.000      3.000
          179051.000       0.883       0.174       4.000   29.51%       3.000      4.000
     I_Q04H                2.675      -0.518       0.000    2.50%       2.000      3.000      3.000
          178585.000       0.892       0.121       4.000   19.07%       3.000      3.000
     I_Q04J                2.573      -0.495       0.000    4.68%       2.000      2.000      3.000
          178915.000       1.161      -0.317       4.000   21.13%       3.000      4.000
     I_Q04L                2.450      -0.370       0.000    4.46%       2.000      2.000      3.000
          178519.000       1.068      -0.296       4.000   15.84%       3.000      3.000
     I_Q04M                2.938      -0.793       0.000    1.89%       2.000      3.000      3.000
          178964.000       0.855       0.511       4.000   29.26%       3.000      4.000


THE MODEL ESTIMATION TERMINATED NORMALLY



MODEL FIT INFORMATION

Number of Free Parameters                       22

Loglikelihood

          H0 Value                    -1261991.560
          H0 Scaling Correction Factor     73.7308
            for MLR
          H1 Value                    -1253091.601

Information Criteria

          Akaike (AIC)                 2524027.120
          Bayesian (BIC)               2524249.225
          Sample-Size Adjusted BIC     2524179.308
            (n* = (n + 2) / 24)

Chi-Square Test of Model Fit

          Value                          17799.917*
          Degrees of Freedom                    26
          P-Value                           0.0000
          Scaling Correction Factor      Undefined
            for MLR

*   The chi-square value for MLM, MLMV, MLR, ULSMV, WLSM and WLSMV cannot be used
    for chi-square difference testing in the regular way.  MLM, MLR and WLSM
    chi-square difference testing is described on the Mplus website.  MLMV, WLSMV,
    and ULSMV difference testing is done using the DIFFTEST option.

RMSEA (Root Mean Square Error Of Approximation)

          Estimate                           0.062

CFI/TLI

          CFI                                0.503
          TLI                                0.426

Chi-Square Test of Model Fit for the Baseline Model

          Value                          35774.181
          Degrees of Freedom                    30
          P-Value                           0.0000

SRMR (Standardized Root Mean Square Residual)

          Value for Within                   0.025
          Value for Between                  0.273



MODEL RESULTS

                                                    Two-Tailed
                    Estimate       S.E.  Est./S.E.    P-Value

Within Level

 CURIOUSW BY
    I_Q04B             1.000      0.000    999.000    999.000
    I_Q04D             1.173      0.031     38.193      0.000
    I_Q04H             1.126      0.026     42.966      0.000
    I_Q04J             1.234      0.039     31.464      0.000
    I_Q04L             1.266      0.025     51.340      0.000
    I_Q04M             1.085      0.036     30.558      0.000

 I_Q04B   WITH
    I_Q04H             0.098      0.008     12.496      0.000

 I_Q04L   WITH
    I_Q04J             0.138      0.010     13.230      0.000

 Variances
    CURIOUSW           0.323      0.014     23.579      0.000

 Residual Variances
    I_Q04B             0.586      0.015     39.755      0.000
    I_Q04D             0.362      0.016     23.303      0.000
    I_Q04H             0.423      0.022     18.843      0.000
    I_Q04J             0.556      0.021     26.598      0.000
    I_Q04L             0.466      0.022     20.950      0.000
    I_Q04M             0.426      0.016     26.008      0.000

Between Level

 CURIOUSB BY
    I_Q04B             1.000      0.000    999.000    999.000
    I_Q04D             1.173      0.031     38.193      0.000
    I_Q04H             1.126      0.026     42.966      0.000
    I_Q04J             1.234      0.039     31.464      0.000
    I_Q04L             1.266      0.025     51.340      0.000
    I_Q04M             1.085      0.036     30.558      0.000

 I_Q04L   WITH
    I_Q04J             0.000      0.000      1.470      0.141

 Intercepts
    I_Q04B             2.265      0.030     76.124      0.000
    I_Q04D             2.889      0.056     51.450      0.000
    I_Q04H             2.656      0.047     56.435      0.000
    I_Q04J             2.532      0.074     34.080      0.000
    I_Q04L             2.414      0.060     40.453      0.000
    I_Q04M             2.920      0.041     71.084      0.000

 Variances
    CURIOUSB           0.046      0.016      2.905      0.004

 Residual Variances
    I_Q04B             0.000      0.000    999.000    999.000
    I_Q04D             0.000      0.000    999.000    999.000
    I_Q04H             0.000      0.000    999.000    999.000
    I_Q04J             0.000      0.000    999.000    999.000
    I_Q04L             0.000      0.000    999.000    999.000
    I_Q04M             0.000      0.000    999.000    999.000


STANDARDIZED MODEL RESULTS


STDYX Standardization

                                                    Two-Tailed
                    Estimate       S.E.  Est./S.E.    P-Value

Within Level

 CURIOUSW BY
    I_Q04B             0.596      0.010     61.273      0.000
    I_Q04D             0.742      0.007    109.411      0.000
    I_Q04H             0.701      0.015     48.318      0.000
    I_Q04J             0.685      0.008     82.069      0.000
    I_Q04L             0.725      0.010     74.804      0.000
    I_Q04M             0.687      0.011     60.480      0.000

 I_Q04B   WITH
    I_Q04H             0.197      0.017     11.489      0.000

 I_Q04L   WITH
    I_Q04J             0.270      0.014     19.124      0.000

 Variances
    CURIOUSW           1.000      0.000    999.000    999.000

 Residual Variances
    I_Q04B             0.645      0.012     55.569      0.000
    I_Q04D             0.449      0.010     44.549      0.000
    I_Q04H             0.508      0.020     24.990      0.000
    I_Q04J             0.530      0.011     46.349      0.000
    I_Q04L             0.474      0.014     33.662      0.000
    I_Q04M             0.528      0.016     33.827      0.000

Between Level

 CURIOUSB BY
    I_Q04B             0.999      0.000   2694.275      0.000
    I_Q04D             0.999      0.000   3430.433      0.000
    I_Q04H             0.999      0.000   3168.251      0.000
    I_Q04J             0.999      0.000   3611.759      0.000
    I_Q04L             0.999      0.000   3988.479      0.000
    I_Q04M             0.999      0.000   2796.394      0.000

 I_Q04L   WITH
    I_Q04J             0.268      0.182      1.470      0.141

 Intercepts
    I_Q04B            10.518      1.845      5.700      0.000
    I_Q04D            11.439      2.253      5.077      0.000
    I_Q04H            10.960      2.162      5.070      0.000
    I_Q04J             9.530      2.054      4.640      0.000
    I_Q04L             8.859      1.801      4.919      0.000
    I_Q04M            12.495      2.573      4.856      0.000

 Variances
    CURIOUSB           1.000      0.000    999.000    999.000

 Residual Variances
    I_Q04B             0.002      0.001      2.911      0.004
    I_Q04D             0.002      0.001      2.694      0.007
    I_Q04H             0.002      0.001      2.702      0.007
    I_Q04J             0.001      0.001      2.563      0.010
    I_Q04L             0.001      0.001      2.689      0.007
    I_Q04M             0.002      0.001      2.565      0.010


R-SQUARE

Within Level

    Observed                                        Two-Tailed
    Variable        Estimate       S.E.  Est./S.E.    P-Value

    I_Q04B             0.355      0.012     30.636      0.000
    I_Q04D             0.551      0.010     54.705      0.000
    I_Q04H             0.492      0.020     24.159      0.000
    I_Q04J             0.470      0.011     41.034      0.000
    I_Q04L             0.526      0.014     37.402      0.000
    I_Q04M             0.472      0.016     30.240      0.000

Between Level

    Observed                                        Two-Tailed
    Variable        Estimate       S.E.  Est./S.E.    P-Value

    I_Q04B             0.998      0.001   1347.137      0.000
    I_Q04D             0.998      0.001   1715.216      0.000
    I_Q04H             0.998      0.001   1584.125      0.000
    I_Q04J             0.999      0.001   1805.879      0.000
    I_Q04L             0.999      0.001   1994.239      0.000
    I_Q04M             0.998      0.001   1398.197      0.000


QUALITY OF NUMERICAL RESULTS

     Condition Number for the Information Matrix              0.342E-09
       (ratio of smallest to largest eigenvalue)


CONFIDENCE INTERVALS OF MODEL RESULTS

                  Lower .5%  Lower 2.5%    Lower 5%    Estimate    Upper 5%  Upper 2.5%   Upper .5%

Within Level

 CURIOUSW BY
    I_Q04B           1.000       1.000       1.000       1.000       1.000       1.000       1.000
    I_Q04D           1.094       1.113       1.122       1.173       1.224       1.233       1.252
    I_Q04H           1.058       1.074       1.083       1.126       1.169       1.177       1.193
    I_Q04J           1.133       1.157       1.169       1.234       1.299       1.311       1.335
    I_Q04L           1.202       1.218       1.225       1.266       1.307       1.314       1.330
    I_Q04M           0.994       1.016       1.027       1.085       1.144       1.155       1.177

 I_Q04B   WITH
    I_Q04H           0.078       0.083       0.085       0.098       0.111       0.114       0.118

 I_Q04L   WITH
    I_Q04J           0.111       0.117       0.120       0.138       0.155       0.158       0.164

 Variances
    CURIOUSW         0.288       0.296       0.301       0.323       0.346       0.350       0.358

 Residual Variances
    I_Q04B           0.548       0.557       0.562       0.586       0.610       0.615       0.624
    I_Q04D           0.322       0.332       0.336       0.362       0.388       0.392       0.402
    I_Q04H           0.366       0.379       0.386       0.423       0.460       0.467       0.481
    I_Q04J           0.502       0.515       0.521       0.556       0.590       0.597       0.609
    I_Q04L           0.409       0.422       0.429       0.466       0.503       0.510       0.523
    I_Q04M           0.384       0.394       0.399       0.426       0.453       0.458       0.468

Between Level

 CURIOUSB BY
    I_Q04B           1.000       1.000       1.000       1.000       1.000       1.000       1.000
    I_Q04D           1.094       1.113       1.122       1.173       1.224       1.233       1.252
    I_Q04H           1.058       1.074       1.083       1.126       1.169       1.177       1.193
    I_Q04J           1.133       1.157       1.169       1.234       1.299       1.311       1.335
    I_Q04L           1.202       1.218       1.225       1.266       1.307       1.314       1.330
    I_Q04M           0.994       1.016       1.027       1.085       1.144       1.155       1.177

 I_Q04L   WITH
    I_Q04J           0.000       0.000       0.000       0.000       0.000       0.000       0.000

 Intercepts
    I_Q04B           2.188       2.207       2.216       2.265       2.314       2.323       2.342
    I_Q04D           2.744       2.779       2.796       2.889       2.981       2.999       3.033
    I_Q04H           2.535       2.564       2.579       2.656       2.733       2.748       2.777
    I_Q04J           2.340       2.386       2.409       2.532       2.654       2.677       2.723
    I_Q04L           2.261       2.297       2.316       2.414       2.513       2.531       2.568
    I_Q04M           2.814       2.839       2.852       2.920       2.987       3.000       3.026

 Variances
    CURIOUSB         0.005       0.015       0.020       0.046       0.072       0.077       0.087

 Residual Variances
    I_Q04B           0.000       0.000       0.000       0.000       0.000       0.000       0.000
    I_Q04D           0.000       0.000       0.000       0.000       0.000       0.000       0.000
    I_Q04H           0.000       0.000       0.000       0.000       0.000       0.000       0.000
    I_Q04J           0.000       0.000       0.000       0.000       0.000       0.000       0.000
    I_Q04L           0.000       0.000       0.000       0.000       0.000       0.000       0.000
    I_Q04M           0.000       0.000       0.000       0.000       0.000       0.000       0.000


CONFIDENCE INTERVALS OF STANDARDIZED MODEL RESULTS


STDYX Standardization

                  Lower .5%  Lower 2.5%    Lower 5%    Estimate    Upper 5%  Upper 2.5%   Upper .5%

Within Level

 CURIOUSW BY
    I_Q04B           0.571       0.577       0.580       0.596       0.612       0.615       0.621
    I_Q04D           0.725       0.729       0.731       0.742       0.754       0.756       0.760
    I_Q04H           0.664       0.673       0.677       0.701       0.725       0.730       0.738
    I_Q04J           0.664       0.669       0.672       0.685       0.699       0.702       0.707
    I_Q04L           0.700       0.706       0.710       0.725       0.741       0.744       0.750
    I_Q04M           0.658       0.665       0.668       0.687       0.706       0.709       0.716

 I_Q04B   WITH
    I_Q04H           0.153       0.163       0.169       0.197       0.225       0.231       0.241

 I_Q04L   WITH
    I_Q04J           0.234       0.243       0.247       0.270       0.294       0.298       0.307

 Variances
    CURIOUSW         1.000       1.000       1.000       1.000       1.000       1.000       1.000

 Residual Variances
    I_Q04B           0.615       0.622       0.626       0.645       0.664       0.667       0.674
    I_Q04D           0.423       0.429       0.432       0.449       0.465       0.469       0.475
    I_Q04H           0.456       0.469       0.475       0.508       0.542       0.548       0.561
    I_Q04J           0.501       0.508       0.512       0.530       0.549       0.553       0.560
    I_Q04L           0.437       0.446       0.451       0.474       0.497       0.501       0.510
    I_Q04M           0.488       0.497       0.502       0.528       0.554       0.559       0.568

Between Level

 CURIOUSB BY
    I_Q04B           0.998       0.998       0.998       0.999       1.000       1.000       1.000
    I_Q04D           0.998       0.999       0.999       0.999       1.000       1.000       1.000
    I_Q04H           0.998       0.999       0.999       0.999       1.000       1.000       1.000
    I_Q04J           0.999       0.999       0.999       0.999       1.000       1.000       1.000
    I_Q04L           0.999       0.999       0.999       0.999       1.000       1.000       1.000
    I_Q04M           0.998       0.998       0.998       0.999       1.000       1.000       1.000

 I_Q04L   WITH
    I_Q04J          -0.201      -0.089      -0.032       0.268       0.567       0.624       0.736

 Intercepts
    I_Q04B           5.765       6.902       7.483      10.518      13.554      14.135      15.272
    I_Q04D           5.635       7.023       7.733      11.439      15.146      15.856      17.243
    I_Q04H           5.392       6.723       7.404      10.960      14.516      15.197      16.528
    I_Q04J           4.239       5.504       6.151       9.530      12.909      13.556      14.821
    I_Q04L           4.220       5.329       5.897       8.859      11.822      12.389      13.498
    I_Q04M           5.867       7.452       8.262      12.495      16.729      17.539      19.124

 Variances
    CURIOUSB         1.000       1.000       1.000       1.000       1.000       1.000       1.000

 Residual Variances
    I_Q04B           0.000       0.001       0.001       0.002       0.003       0.004       0.004
    I_Q04D           0.000       0.000       0.001       0.002       0.003       0.003       0.003
    I_Q04H           0.000       0.000       0.001       0.002       0.003       0.003       0.003
    I_Q04J           0.000       0.000       0.001       0.001       0.002       0.003       0.003
    I_Q04L           0.000       0.000       0.001       0.001       0.002       0.002       0.003
    I_Q04M           0.000       0.000       0.001       0.002       0.003       0.003       0.004


DIAGRAM INFORMATION

  Mplus diagrams are currently not available for multilevel analysis.
  No diagram output was produced.


     Beginning Time:  18:41:21
        Ending Time:  18:41:24
       Elapsed Time:  00:00:03



MUTHEN & MUTHEN
3463 Stoner Ave.
Los Angeles, CA  90066

Tel: (310) 391-9971
Fax: (310) 391-8971
Web: www.StatModel.com
Support: Support@StatModel.com

Copyright (c) 1998-2018 Muthen & Muthen
