Mplus VERSION 8.2 (Mac)
MUTHEN & MUTHEN
03/17/2022   6:37 PM

INPUT INSTRUCTIONS

  TITLE:	Structural equation modeling with PIAAC data
  	Multilevel SEM
  	Single-factor model of curiosity and continuous treatment--modified
  	Complex design: Total weights, clustering
  	Clustered by: country (CNTRYID)
  	Level 1--CFA modified
  	Level 2--CFA modified, structural model

  DATA: 	FILE IS piaac1-all-curiosity.dat;
  	! TYPE = IMPUTATION;
  	! Not needed here as the model does not contain any PV
  		
  		
  VARIABLE:
  	NAMES ARE
  		CNTRYID
  		I_Q04b I_Q04d I_Q04h I_Q04j I_Q04l I_Q04m
  		SPFWT0
  		HDI2012 UAI;
  		
  	! Variables to be used
  	! Newly defined variable appear at the end of this list
  	USEVARIABLES ARE
  		I_Q04b
  		I_Q04d
  		I_Q04h
  		I_Q04j
  		I_Q04l
  		I_Q04m
  		HDI2012
  		UAI;
  		
  	! Missing data coding
  	MISSING ARE ALL(-99);
  		
  	! Final participant weight
  	WEIGHT = SPFWT0;
  	
  	! Clustering by countries
  	CLUSTER = CNTRYID;
  	
  	! Define between-level-only variables
  	BETWEEN = HDI2012 UAI;



  ANALYSIS:
  	TYPE = TWOLEVEL;
  	ESTIMATOR = MLR;
  	H1ITERATIONS = 10000;
  	
  	! Use multiple processors to speed the estimation up
  	PROCESSORS = 4;



  MODEL:
  	%WITHIN%
  	! Level 1: Individual participants
  	
  	! MEASUREMENT MODEL
  	! Curiousity
  	CURIOUSw BY
  		I_Q04b
  		I_Q04d
  		I_Q04h
  		I_Q04j
  		I_Q04l
  		I_Q04m;
  		
  	! Model modifications
  	! Residual covariances
  	I_Q04b WITH I_Q04h;
  	I_Q04l WITH I_Q04j;
  	
  		
  	
  	%BETWEEN%
  	! Level 2: Countries
  	
  	! MEASUREMENT MODEL
  	! Curiousity
  	CURIOUSb BY
  		I_Q04b
  		I_Q04d
  		I_Q04h
  		I_Q04j
  		I_Q04l
  		I_Q04m;
  		
  	! Model modifications
  	! Residual covariance
  	I_Q04L WITH I_Q04J;
  	
  	
  	! STRUCTURAL MODEL
  	CURIOUSb ON
  		HDI2012
  		UAI;
  		
  	! Variances of predictors
  	HDI2012;
  	UAI;
  	! Covariance between predictors
  	HDI2012 WITH UAI;

  	
  	
  OUTPUT: STDYX;	! Fully standardized parameters requested
          SAMPSTAT;	! Sample statistics
          CINTERVAL;	! Confidence intervals
          !MOD(all);	! Modification indices



INPUT READING TERMINATED NORMALLY



Structural equation modeling with PIAAC data
Multilevel SEM
Single-factor model of curiosity and continuous treatment--modified
Complex design: Total weights, clustering
Clustered by: country (CNTRYID)
Level 1--CFA modified
Level 2--CFA modified, structural model

SUMMARY OF ANALYSIS

Number of groups                                                 1
Number of observations                                      181236

Number of dependent variables                                    6
Number of independent variables                                  2
Number of continuous latent variables                            2

Observed dependent variables

  Continuous
   I_Q04B      I_Q04D      I_Q04H      I_Q04J      I_Q04L      I_Q04M

Observed independent variables
   HDI2012     UAI

Continuous latent variables
   CURIOUSW    CURIOUSB

Variables with special functions

  Cluster variable      CNTRYID
  Weight variable (cluster-size scaling)
    SPFWT0

  Between variables
   HDI2012     UAI


Estimator                                                      MLR
Information matrix                                        OBSERVED
Maximum number of iterations                                   100
Convergence criterion                                    0.100D-05
Maximum number of EM iterations                                500
Convergence criteria for the EM algorithm
  Loglikelihood change                                   0.100D-02
  Relative loglikelihood change                          0.100D-05
  Derivative                                             0.100D-03
Minimum variance                                         0.100D-03
Maximum number of steepest descent iterations                   20
Maximum number of iterations for H1                          10000
Convergence criterion for H1                             0.100D-03
Optimization algorithm                                         EMA

Input data file(s)
  piaac1-all-curiosity.dat
Input data format  FREE


SUMMARY OF DATA

     Number of missing data patterns            46
     Number of clusters                         27

     Average cluster size     6712.444

     Estimated Intraclass Correlations for the Y Variables

                Intraclass              Intraclass              Intraclass
     Variable  Correlation   Variable  Correlation   Variable  Correlation

     I_Q04B       0.026      I_Q04D       0.096      I_Q04H       0.067
     I_Q04J       0.128      I_Q04L       0.090      I_Q04M       0.053



COVARIANCE COVERAGE OF DATA

Minimum covariance coverage value   0.100


     PROPORTION OF DATA PRESENT


           Covariance Coverage
              HDI2012       UAI           I_Q04B        I_Q04D        I_Q04H
              ________      ________      ________      ________      ________
 HDI2012        1.000
 UAI            1.000         1.000
 I_Q04B         0.984         0.984         0.984
 I_Q04D         0.988         0.988         0.983         0.988
 I_Q04H         0.985         0.985         0.982         0.985         0.985
 I_Q04J         0.987         0.987         0.983         0.987         0.985
 I_Q04L         0.985         0.985         0.982         0.985         0.983
 I_Q04M         0.987         0.987         0.983         0.987         0.985


           Covariance Coverage
              I_Q04J        I_Q04L        I_Q04M
              ________      ________      ________
 I_Q04J         0.987
 I_Q04L         0.985         0.985
 I_Q04M         0.987         0.985         0.987


SAMPLE STATISTICS

NOTE:  The sample statistics for within and between refer to the
       maximum-likelihood estimated within and between covariance
       matrices, respectively.


     ESTIMATED SAMPLE STATISTICS FOR WITHIN


           Means
              HDI2012       UAI           I_Q04B        I_Q04D        I_Q04H
              ________      ________      ________      ________      ________
                0.000         0.000         0.000         0.000         0.000


           Means
              I_Q04J        I_Q04L        I_Q04M
              ________      ________      ________
                0.000         0.000         0.000


           Covariances
              HDI2012       UAI           I_Q04B        I_Q04D        I_Q04H
              ________      ________      ________      ________      ________
 HDI2012        0.000
 UAI            0.000         0.000
 I_Q04B         0.000         0.000         0.923
 I_Q04D         0.000         0.000         0.416         0.801
 I_Q04H         0.000         0.000         0.473         0.459         0.836
 I_Q04J         0.000         0.000         0.381         0.434         0.421
 I_Q04L         0.000         0.000         0.443         0.447         0.463
 I_Q04M         0.000         0.000         0.334         0.406         0.376


           Covariances
              I_Q04J        I_Q04L        I_Q04M
              ________      ________      ________
 I_Q04J         1.019
 I_Q04L         0.626         0.977
 I_Q04M         0.474         0.467         0.811


           Correlations
              HDI2012       UAI           I_Q04B        I_Q04D        I_Q04H
              ________      ________      ________      ________      ________
 HDI2012        0.000
 UAI            0.000         0.000
 I_Q04B         0.000         0.000         1.000
 I_Q04D         0.000         0.000         0.484         1.000
 I_Q04H         0.000         0.000         0.539         0.561         1.000
 I_Q04J         0.000         0.000         0.393         0.481         0.456
 I_Q04L         0.000         0.000         0.467         0.506         0.513
 I_Q04M         0.000         0.000         0.386         0.505         0.456


           Correlations
              I_Q04J        I_Q04L        I_Q04M
              ________      ________      ________
 I_Q04J         1.000
 I_Q04L         0.628         1.000
 I_Q04M         0.521         0.525         1.000


     ESTIMATED SAMPLE STATISTICS FOR BETWEEN


           Means
              HDI2012       UAI           I_Q04B        I_Q04D        I_Q04H
              ________      ________      ________      ________      ________
                0.894        63.556         2.270         2.891         2.659


           Means
              I_Q04J        I_Q04L        I_Q04M
              ________      ________      ________
                2.524         2.410         2.921


           Covariances
              HDI2012       UAI           I_Q04B        I_Q04D        I_Q04H
              ________      ________      ________      ________      ________
 HDI2012        0.001
 UAI           -0.367       587.136
 I_Q04B         0.001        -0.321         0.024
 I_Q04D         0.002        -1.811         0.035         0.085
 I_Q04H         0.000        -1.653         0.028         0.059         0.060
 I_Q04J         0.001        -3.260         0.039         0.094         0.078
 I_Q04L         0.000        -2.481         0.031         0.074         0.062
 I_Q04M         0.000        -1.457         0.022         0.052         0.045


           Covariances
              I_Q04J        I_Q04L        I_Q04M
              ________      ________      ________
 I_Q04J         0.150
 I_Q04L         0.114         0.097
 I_Q04M         0.070         0.056         0.045


           Correlations
              HDI2012       UAI           I_Q04B        I_Q04D        I_Q04H
              ________      ________      ________      ________      ________
 HDI2012        1.000
 UAI           -0.488         1.000
 I_Q04B         0.111        -0.085         1.000
 I_Q04D         0.230        -0.256         0.782         1.000
 I_Q04H         0.047        -0.279         0.735         0.834         1.000
 I_Q04J         0.078        -0.348         0.642         0.830         0.824
 I_Q04L        -0.011        -0.330         0.644         0.819         0.817
 I_Q04M         0.035        -0.284         0.652         0.849         0.859


           Correlations
              I_Q04J        I_Q04L        I_Q04M
              ________      ________      ________
 I_Q04J         1.000
 I_Q04L         0.948         1.000
 I_Q04M         0.848         0.849         1.000


     MAXIMUM LOG-LIKELIHOOD VALUE FOR THE UNRESTRICTED (H1) MODEL IS -1253229.257


UNIVARIATE SAMPLE STATISTICS


     UNIVARIATE HIGHER-ORDER MOMENT DESCRIPTIVE STATISTICS

         Variable/         Mean/     Skewness/   Minimum/ % with                Percentiles
        Sample Size      Variance    Kurtosis    Maximum  Min/Max      20%/60%    40%/80%    Median

     HDI2012               0.894      -0.642       0.821    3.70%       0.865      0.885      0.903
              27.000       0.001      -0.437       0.941    3.70%       0.906      0.920
     UAI                  63.556      -0.397       8.000    3.70%      35.000     53.000     65.000
              27.000     587.136      -0.772     100.000    3.70%      74.000     86.000
     I_Q04B                2.278      -0.170       0.000    4.35%       2.000      2.000      2.000
          178260.000       0.945      -0.154       4.000   10.47%       2.000      3.000
     I_Q04D                2.910      -0.688       0.000    1.65%       2.000      3.000      3.000
          179051.000       0.882       0.175       4.000   29.51%       3.000      4.000
     I_Q04H                2.675      -0.518       0.000    2.50%       2.000      3.000      3.000
          178585.000       0.891       0.123       4.000   19.07%       3.000      3.000
     I_Q04J                2.573      -0.495       0.000    4.68%       2.000      2.000      3.000
          178915.000       1.161      -0.316       4.000   21.13%       3.000      4.000
     I_Q04L                2.449      -0.370       0.000    4.46%       2.000      2.000      3.000
          178519.000       1.068      -0.295       4.000   15.84%       3.000      3.000
     I_Q04M                2.938      -0.793       0.000    1.89%       2.000      3.000      3.000
          178964.000       0.854       0.512       4.000   29.26%       3.000      4.000

     THE STANDARD ERRORS OF THE MODEL PARAMETER ESTIMATES MAY NOT BE
     TRUSTWORTHY FOR SOME PARAMETERS DUE TO A NON-POSITIVE DEFINITE
     FIRST-ORDER DERIVATIVE PRODUCT MATRIX.  THIS MAY BE DUE TO THE STARTING
     VALUES BUT MAY ALSO BE AN INDICATION OF MODEL NONIDENTIFICATION.  THE
     CONDITION NUMBER IS      -0.311D-19.  PROBLEM INVOLVING THE FOLLOWING PARAMETER:
     Parameter 28, %BETWEEN%: I_Q04H

     THE NONIDENTIFICATION IS MOST LIKELY DUE TO HAVING MORE PARAMETERS THAN THE
     NUMBER OF CLUSTERS. REDUCE THE NUMBER OF PARAMETERS.


THE MODEL ESTIMATION TERMINATED NORMALLY



MODEL FIT INFORMATION

Number of Free Parameters                       40

Loglikelihood

          H0 Value                    -1256426.960
          H0 Scaling Correction Factor     27.2221
            for MLR
          H1 Value                    -1253229.257
          H1 Scaling Correction Factor     18.4243
            for MLR

Information Criteria

          Akaike (AIC)                 2512933.920
          Bayesian (BIC)               2513338.222
          Sample-Size Adjusted BIC     2513211.100
            (n* = (n + 2) / 24)

Chi-Square Test of Model Fit

          Value                           1470.983*
          Degrees of Freedom                    25
          P-Value                           0.0000
          Scaling Correction Factor         4.3477
            for MLR

*   The chi-square value for MLM, MLMV, MLR, ULSMV, WLSM and WLSMV cannot be used
    for chi-square difference testing in the regular way.  MLM, MLR and WLSM
    chi-square difference testing is described on the Mplus website.  MLMV, WLSMV,
    and ULSMV difference testing is done using the DIFFTEST option.

RMSEA (Root Mean Square Error Of Approximation)

          Estimate                           0.018

CFI/TLI

          CFI                                0.971
          TLI                                0.950

Chi-Square Test of Model Fit for the Baseline Model

          Value                          49397.414
          Degrees of Freedom                    43
          P-Value                           0.0000

SRMR (Standardized Root Mean Square Residual)

          Value for Within                   0.023
          Value for Between                  0.043



MODEL RESULTS

                                                    Two-Tailed
                    Estimate       S.E.  Est./S.E.    P-Value

Within Level

 CURIOUSW BY
    I_Q04B             1.000      0.000    999.000    999.000
    I_Q04D             1.123      0.023     48.426      0.000
    I_Q04H             1.093      0.020     55.392      0.000
    I_Q04J             1.150      0.020     58.157      0.000
    I_Q04L             1.209      0.016     74.788      0.000
    I_Q04M             1.051      0.022     47.204      0.000

 I_Q04B   WITH
    I_Q04H             0.091      0.008     11.030      0.000

 I_Q04L   WITH
    I_Q04J             0.140      0.010     13.777      0.000

 Variances
    CURIOUSW           0.350      0.015     23.205      0.000

 Residual Variances
    I_Q04B             0.573      0.014     40.204      0.000
    I_Q04D             0.360      0.015     24.416      0.000
    I_Q04H             0.418      0.021     19.761      0.000
    I_Q04J             0.556      0.020     27.163      0.000
    I_Q04L             0.465      0.022     21.189      0.000
    I_Q04M             0.424      0.016     26.851      0.000

Between Level

 CURIOUSB BY
    I_Q04B             1.000      0.000    999.000    999.000
    I_Q04D             2.255      0.331      6.812      0.000
    I_Q04H             1.890      0.394      4.801      0.000
    I_Q04J             2.929      0.600      4.878      0.000
    I_Q04L             2.339      0.545      4.289      0.000
    I_Q04M             1.651      0.383      4.306      0.000

 CURIOUSB   ON
    HDI2012           -0.244      0.725     -0.336      0.737
    UAI               -0.002      0.001     -1.432      0.152

 I_Q04L   WITH
    I_Q04J             0.017      0.005      3.101      0.002

 HDI2012  WITH
    UAI               -0.367      0.112     -3.260      0.001

 Means
    HDI2012            0.894      0.006    149.857      0.000
    UAI               63.556      4.663     13.629      0.000

 Intercepts
    I_Q04B             2.592      0.685      3.782      0.000
    I_Q04D             3.617      1.608      2.249      0.024
    I_Q04H             3.268      1.373      2.379      0.017
    I_Q04J             3.467      2.119      1.636      0.102
    I_Q04L             3.163      1.715      1.844      0.065
    I_Q04M             3.452      1.211      2.852      0.004

 Variances
    HDI2012            0.001      0.000      4.157      0.000
    UAI              587.136    125.217      4.689      0.000

 Residual Variances
    I_Q04B             0.010      0.003      3.682      0.000
    I_Q04D             0.013      0.003      4.024      0.000
    I_Q04H             0.009      0.004      2.083      0.037
    I_Q04J             0.028      0.007      4.060      0.000
    I_Q04L             0.019      0.005      3.823      0.000
    I_Q04M             0.006      0.003      2.513      0.012
    CURIOUSB           0.013      0.004      2.866      0.004


STANDARDIZED MODEL RESULTS


STDYX Standardization

                                                    Two-Tailed
                    Estimate       S.E.  Est./S.E.    P-Value

Within Level

 CURIOUSW BY
    I_Q04B             0.616      0.010     63.853      0.000
    I_Q04D             0.742      0.007    111.591      0.000
    I_Q04H             0.707      0.014     50.277      0.000
    I_Q04J             0.674      0.007    101.812      0.000
    I_Q04L             0.724      0.010     73.721      0.000
    I_Q04M             0.690      0.010     68.537      0.000

 I_Q04B   WITH
    I_Q04H             0.186      0.018     10.048      0.000

 I_Q04L   WITH
    I_Q04J             0.275      0.014     20.267      0.000

 Variances
    CURIOUSW           1.000      0.000    999.000    999.000

 Residual Variances
    I_Q04B             0.621      0.012     52.315      0.000
    I_Q04D             0.449      0.010     45.552      0.000
    I_Q04H             0.500      0.020     25.126      0.000
    I_Q04J             0.546      0.009     61.284      0.000
    I_Q04L             0.477      0.014     33.553      0.000
    I_Q04M             0.524      0.014     37.660      0.000

Between Level

 CURIOUSB BY
    I_Q04B             0.765      0.050     15.297      0.000
    I_Q04D             0.921      0.027     34.181      0.000
    I_Q04H             0.919      0.052     17.636      0.000
    I_Q04J             0.901      0.045     20.007      0.000
    I_Q04L             0.896      0.050     18.097      0.000
    I_Q04M             0.927      0.039     23.939      0.000

 CURIOUSB   ON
    HDI2012           -0.063      0.191     -0.332      0.740
    UAI               -0.333      0.207     -1.608      0.108

 I_Q04L   WITH
    I_Q04J             0.729      0.107      6.843      0.000

 HDI2012  WITH
    UAI               -0.488      0.108     -4.534      0.000

 Means
    HDI2012           28.840      3.572      8.075      0.000
    UAI                2.623      0.392      6.687      0.000

 Intercepts
    I_Q04B            16.642      4.975      3.345      0.001
    I_Q04D            12.414      4.854      2.558      0.011
    I_Q04H            13.351      4.655      2.868      0.004
    I_Q04J             8.960      4.779      1.875      0.061
    I_Q04L            10.177      4.568      2.228      0.026
    I_Q04M            16.280      4.694      3.468      0.001

 Variances
    HDI2012            1.000      0.000    999.000    999.000
    UAI                1.000      0.000    999.000    999.000

 Residual Variances
    I_Q04B             0.415      0.076      5.436      0.000
    I_Q04D             0.151      0.050      3.045      0.002
    I_Q04H             0.155      0.096      1.612      0.107
    I_Q04J             0.188      0.081      2.310      0.021
    I_Q04L             0.197      0.089      2.220      0.026
    I_Q04M             0.141      0.072      1.967      0.049
    CURIOUSB           0.905      0.107      8.485      0.000


R-SQUARE

Within Level

    Observed                                        Two-Tailed
    Variable        Estimate       S.E.  Est./S.E.    P-Value

    I_Q04B             0.379      0.012     31.926      0.000
    I_Q04D             0.551      0.010     55.795      0.000
    I_Q04H             0.500      0.020     25.138      0.000
    I_Q04J             0.454      0.009     50.906      0.000
    I_Q04L             0.523      0.014     36.860      0.000
    I_Q04M             0.476      0.014     34.269      0.000

Between Level

    Observed                                        Two-Tailed
    Variable        Estimate       S.E.  Est./S.E.    P-Value

    I_Q04B             0.585      0.076      7.648      0.000
    I_Q04D             0.849      0.050     17.091      0.000
    I_Q04H             0.845      0.096      8.818      0.000
    I_Q04J             0.812      0.081     10.004      0.000
    I_Q04L             0.803      0.089      9.048      0.000
    I_Q04M             0.859      0.072     11.970      0.000

     Latent                                         Two-Tailed
    Variable        Estimate       S.E.  Est./S.E.    P-Value

    CURIOUSB           0.095      0.107      0.886      0.376


QUALITY OF NUMERICAL RESULTS

     Condition Number for the Information Matrix             -0.311E-19
       (ratio of smallest to largest eigenvalue)


CONFIDENCE INTERVALS OF MODEL RESULTS

                  Lower .5%  Lower 2.5%    Lower 5%    Estimate    Upper 5%  Upper 2.5%   Upper .5%

Within Level

 CURIOUSW BY
    I_Q04B           1.000       1.000       1.000       1.000       1.000       1.000       1.000
    I_Q04D           1.063       1.077       1.085       1.123       1.161       1.168       1.182
    I_Q04H           1.042       1.055       1.061       1.093       1.126       1.132       1.144
    I_Q04J           1.099       1.111       1.117       1.150       1.182       1.188       1.200
    I_Q04L           1.167       1.177       1.182       1.209       1.236       1.241       1.251
    I_Q04M           0.993       1.007       1.014       1.051       1.087       1.094       1.108

 I_Q04B   WITH
    I_Q04H           0.070       0.075       0.077       0.091       0.104       0.107       0.112

 I_Q04L   WITH
    I_Q04J           0.114       0.120       0.123       0.140       0.156       0.160       0.166

 Variances
    CURIOUSW         0.311       0.320       0.325       0.350       0.375       0.379       0.389

 Residual Variances
    I_Q04B           0.536       0.545       0.550       0.573       0.597       0.601       0.610
    I_Q04D           0.322       0.331       0.336       0.360       0.384       0.389       0.398
    I_Q04H           0.363       0.376       0.383       0.418       0.453       0.459       0.472
    I_Q04J           0.504       0.516       0.523       0.556       0.590       0.597       0.609
    I_Q04L           0.409       0.422       0.429       0.465       0.501       0.508       0.522
    I_Q04M           0.384       0.393       0.398       0.424       0.450       0.455       0.465

Between Level

 CURIOUSB BY
    I_Q04B           1.000       1.000       1.000       1.000       1.000       1.000       1.000
    I_Q04D           1.402       1.606       1.710       2.255       2.799       2.903       3.107
    I_Q04H           0.876       1.118       1.242       1.890       2.538       2.662       2.904
    I_Q04J           1.382       1.752       1.941       2.929       3.917       4.106       4.476
    I_Q04L           0.934       1.270       1.442       2.339       3.236       3.408       3.744
    I_Q04M           0.663       0.899       1.020       1.651       2.281       2.402       2.638

 CURIOUSB ON
    HDI2012         -2.112      -1.665      -1.437      -0.244       0.949       1.178       1.624
    UAI             -0.005      -0.004      -0.004      -0.002       0.000       0.001       0.001

 I_Q04L   WITH
    I_Q04J           0.003       0.006       0.008       0.017       0.026       0.028       0.031

 HDI2012  WITH
    UAI             -0.656      -0.587      -0.552      -0.367      -0.182      -0.146      -0.077

 Means
    HDI2012          0.878       0.882       0.884       0.894       0.904       0.905       0.909
    UAI             51.544      54.416      55.885      63.556      71.227      72.696      75.567

 Intercepts
    I_Q04B           0.826       1.248       1.464       2.592       3.719       3.935       4.357
    I_Q04D          -0.525       0.465       0.972       3.617       6.263       6.769       7.759
    I_Q04H          -0.270       0.576       1.008       3.268       5.527       5.959       6.805
    I_Q04J          -1.991      -0.686      -0.019       3.467       6.952       7.620       8.924
    I_Q04L          -1.254      -0.198       0.342       3.163       5.983       6.524       7.579
    I_Q04M           0.334       1.080       1.461       3.452       5.444       5.825       6.570

 Variances
    HDI2012          0.000       0.001       0.001       0.001       0.001       0.001       0.002
    UAI            264.602     341.711     381.154     587.136     793.117     832.561     909.669

 Residual Variances
    I_Q04B           0.003       0.005       0.006       0.010       0.015       0.015       0.017
    I_Q04D           0.005       0.007       0.008       0.013       0.018       0.019       0.021
    I_Q04H          -0.002       0.001       0.002       0.009       0.017       0.018       0.021
    I_Q04J           0.010       0.015       0.017       0.028       0.039       0.042       0.046
    I_Q04L           0.006       0.009       0.011       0.019       0.027       0.029       0.032
    I_Q04M           0.000       0.001       0.002       0.006       0.011       0.011       0.013
    CURIOUSB         0.001       0.004       0.005       0.013       0.020       0.022       0.024


CONFIDENCE INTERVALS OF STANDARDIZED MODEL RESULTS


STDYX Standardization

                  Lower .5%  Lower 2.5%    Lower 5%    Estimate    Upper 5%  Upper 2.5%   Upper .5%

Within Level

 CURIOUSW BY
    I_Q04B           0.591       0.597       0.600       0.616       0.631       0.635       0.640
    I_Q04D           0.725       0.729       0.731       0.742       0.753       0.755       0.759
    I_Q04H           0.671       0.680       0.684       0.707       0.730       0.735       0.743
    I_Q04J           0.657       0.661       0.663       0.674       0.684       0.687       0.691
    I_Q04L           0.698       0.704       0.707       0.724       0.740       0.743       0.749
    I_Q04M           0.664       0.670       0.674       0.690       0.707       0.710       0.716

 I_Q04B   WITH
    I_Q04H           0.138       0.149       0.155       0.186       0.216       0.222       0.233

 I_Q04L   WITH
    I_Q04J           0.240       0.248       0.252       0.275       0.297       0.301       0.310

 Variances
    CURIOUSW         1.000       1.000       1.000       1.000       1.000       1.000       1.000

 Residual Variances
    I_Q04B           0.590       0.598       0.601       0.621       0.641       0.644       0.652
    I_Q04D           0.424       0.430       0.433       0.449       0.466       0.469       0.475
    I_Q04H           0.449       0.461       0.467       0.500       0.533       0.539       0.551
    I_Q04J           0.523       0.529       0.532       0.546       0.561       0.564       0.569
    I_Q04L           0.440       0.449       0.453       0.477       0.500       0.504       0.513
    I_Q04M           0.488       0.496       0.501       0.524       0.546       0.551       0.559

Between Level

 CURIOUSB BY
    I_Q04B           0.636       0.667       0.682       0.765       0.847       0.863       0.893
    I_Q04D           0.852       0.868       0.877       0.921       0.966       0.974       0.991
    I_Q04H           0.785       0.817       0.834       0.919       1.005       1.022       1.054
    I_Q04J           0.785       0.813       0.827       0.901       0.975       0.990       1.017
    I_Q04L           0.769       0.799       0.815       0.896       0.978       0.993       1.024
    I_Q04M           0.827       0.851       0.863       0.927       0.990       1.003       1.026

 CURIOUSB ON
    HDI2012         -0.555      -0.438      -0.378      -0.063       0.251       0.311       0.428
    UAI             -0.867      -0.740      -0.674      -0.333       0.008       0.073       0.201

 I_Q04L   WITH
    I_Q04J           0.455       0.520       0.554       0.729       0.904       0.938       1.004

 HDI2012  WITH
    UAI             -0.766      -0.699      -0.665      -0.488      -0.311      -0.277      -0.211

 Means
    HDI2012         19.640      21.840      22.965      28.840      34.715      35.840      38.040
    UAI              1.613       1.854       1.978       2.623       3.268       3.392       3.633

 Intercepts
    I_Q04B           3.829       6.892       8.459      16.642      24.826      26.393      29.456
    I_Q04D          -0.088       2.901       4.430      12.414      20.399      21.927      24.916
    I_Q04H           1.360       4.227       5.693      13.351      21.009      22.476      25.342
    I_Q04J          -3.350      -0.407       1.098       8.960      16.821      18.326      21.269
    I_Q04L          -1.588       1.225       2.664      10.177      17.691      19.130      21.942
    I_Q04M           4.189       7.080       8.558      16.280      24.001      25.480      28.370

 Variances
    HDI2012          1.000       1.000       1.000       1.000       1.000       1.000       1.000
    UAI              1.000       1.000       1.000       1.000       1.000       1.000       1.000

 Residual Variances
    I_Q04B           0.219       0.266       0.290       0.415       0.541       0.565       0.612
    I_Q04D           0.023       0.054       0.070       0.151       0.233       0.249       0.279
    I_Q04H          -0.092      -0.033      -0.003       0.155       0.312       0.343       0.402
    I_Q04J          -0.022       0.028       0.054       0.188       0.321       0.347       0.397
    I_Q04L          -0.032       0.023       0.051       0.197       0.343       0.371       0.426
    I_Q04M          -0.044       0.001       0.023       0.141       0.259       0.282       0.326
    CURIOUSB         0.631       0.696       0.730       0.905       1.081       1.115       1.180


TECHNICAL 1 OUTPUT


     PARAMETER SPECIFICATION FOR WITHIN


           NU
              I_Q04B        I_Q04D        I_Q04H        I_Q04J        I_Q04L
              ________      ________      ________      ________      ________
                    0             0             0             0             0


           NU
              I_Q04M
              ________
                    0


           LAMBDA
              CURIOUSW
              ________
 I_Q04B             0
 I_Q04D             1
 I_Q04H             2
 I_Q04J             3
 I_Q04L             4
 I_Q04M             5


           THETA
              I_Q04B        I_Q04D        I_Q04H        I_Q04J        I_Q04L
              ________      ________      ________      ________      ________
 I_Q04B             6
 I_Q04D             0             7
 I_Q04H             8             0             9
 I_Q04J             0             0             0            10
 I_Q04L             0             0             0            11            12
 I_Q04M             0             0             0             0             0


           THETA
              I_Q04M
              ________
 I_Q04M            13


           ALPHA
              CURIOUSW
              ________
                    0


           BETA
              CURIOUSW
              ________
 CURIOUSW           0


           PSI
              CURIOUSW
              ________
 CURIOUSW          14


     PARAMETER SPECIFICATION FOR BETWEEN


           NU
              HDI2012       UAI           I_Q04B        I_Q04D        I_Q04H
              ________      ________      ________      ________      ________
                    0             0            15            16            17


           NU
              I_Q04J        I_Q04L        I_Q04M
              ________      ________      ________
                   18            19            20


           LAMBDA
              CURIOUSB      HDI2012       UAI
              ________      ________      ________
 HDI2012            0             0             0
 UAI                0             0             0
 I_Q04B             0             0             0
 I_Q04D            21             0             0
 I_Q04H            22             0             0
 I_Q04J            23             0             0
 I_Q04L            24             0             0
 I_Q04M            25             0             0


           THETA
              HDI2012       UAI           I_Q04B        I_Q04D        I_Q04H
              ________      ________      ________      ________      ________
 HDI2012            0
 UAI                0             0
 I_Q04B             0             0            26
 I_Q04D             0             0             0            27
 I_Q04H             0             0             0             0            28
 I_Q04J             0             0             0             0             0
 I_Q04L             0             0             0             0             0
 I_Q04M             0             0             0             0             0


           THETA
              I_Q04J        I_Q04L        I_Q04M
              ________      ________      ________
 I_Q04J            29
 I_Q04L            30            31
 I_Q04M             0             0            32


           ALPHA
              CURIOUSB      HDI2012       UAI
              ________      ________      ________
                    0            33            34


           BETA
              CURIOUSB      HDI2012       UAI
              ________      ________      ________
 CURIOUSB           0            35            36
 HDI2012            0             0             0
 UAI                0             0             0


           PSI
              CURIOUSB      HDI2012       UAI
              ________      ________      ________
 CURIOUSB          37
 HDI2012            0            38
 UAI                0            39            40


     STARTING VALUES FOR WITHIN


           NU
              I_Q04B        I_Q04D        I_Q04H        I_Q04J        I_Q04L
              ________      ________      ________      ________      ________
                0.000         0.000         0.000         0.000         0.000


           NU
              I_Q04M
              ________
                0.000


           LAMBDA
              CURIOUSW
              ________
 I_Q04B         1.000
 I_Q04D         1.000
 I_Q04H         1.000
 I_Q04J         1.000
 I_Q04L         1.000
 I_Q04M         1.000


           THETA
              I_Q04B        I_Q04D        I_Q04H        I_Q04J        I_Q04L
              ________      ________      ________      ________      ________
 I_Q04B         0.472
 I_Q04D         0.000         0.441
 I_Q04H         0.000         0.000         0.446
 I_Q04J         0.000         0.000         0.000         0.580
 I_Q04L         0.000         0.000         0.000         0.000         0.534
 I_Q04M         0.000         0.000         0.000         0.000         0.000


           THETA
              I_Q04M
              ________
 I_Q04M         0.427


           ALPHA
              CURIOUSW
              ________
                0.000


           BETA
              CURIOUSW
              ________
 CURIOUSW       0.000


           PSI
              CURIOUSW
              ________
 CURIOUSW       0.050


     STARTING VALUES FOR BETWEEN


           NU
              HDI2012       UAI           I_Q04B        I_Q04D        I_Q04H
              ________      ________      ________      ________      ________
                0.000         0.000         2.278         2.910         2.675


           NU
              I_Q04J        I_Q04L        I_Q04M
              ________      ________      ________
                2.573         2.449         2.938


           LAMBDA
              CURIOUSB      HDI2012       UAI
              ________      ________      ________
 HDI2012        0.000         1.000         0.000
 UAI            0.000         0.000         1.000
 I_Q04B         1.000         0.000         0.000
 I_Q04D         1.000         0.000         0.000
 I_Q04H         1.000         0.000         0.000
 I_Q04J         1.000         0.000         0.000
 I_Q04L         1.000         0.000         0.000
 I_Q04M         1.000         0.000         0.000


           THETA
              HDI2012       UAI           I_Q04B        I_Q04D        I_Q04H
              ________      ________      ________      ________      ________
 HDI2012        0.000
 UAI            0.000         0.000
 I_Q04B         0.000         0.000         0.472
 I_Q04D         0.000         0.000         0.000         0.441
 I_Q04H         0.000         0.000         0.000         0.000         0.446
 I_Q04J         0.000         0.000         0.000         0.000         0.000
 I_Q04L         0.000         0.000         0.000         0.000         0.000
 I_Q04M         0.000         0.000         0.000         0.000         0.000


           THETA
              I_Q04J        I_Q04L        I_Q04M
              ________      ________      ________
 I_Q04J         0.580
 I_Q04L         0.000         0.534
 I_Q04M         0.000         0.000         0.427


           ALPHA
              CURIOUSB      HDI2012       UAI
              ________      ________      ________
                0.000         0.894        61.692


           BETA
              CURIOUSB      HDI2012       UAI
              ________      ________      ________
 CURIOUSB       0.000         0.000         0.000
 HDI2012        0.000         0.000         0.000
 UAI            0.000         0.000         0.000


           PSI
              CURIOUSB      HDI2012       UAI
              ________      ________      ________
 CURIOUSB       0.050
 HDI2012        0.000         0.000
 UAI            0.000         0.000       276.238


DIAGRAM INFORMATION

  Mplus diagrams are currently not available for multilevel analysis.
  No diagram output was produced.


     Beginning Time:  18:37:50
        Ending Time:  18:37:54
       Elapsed Time:  00:00:04



MUTHEN & MUTHEN
3463 Stoner Ave.
Los Angeles, CA  90066

Tel: (310) 391-9971
Fax: (310) 391-8971
Web: www.StatModel.com
Support: Support@StatModel.com

Copyright (c) 1998-2018 Muthen & Muthen
