Mplus VERSION 8.5 (Linux)
MUTHEN & MUTHEN
03/23/2022   1:34 PM

INPUT INSTRUCTIONS


  TITLE:
      One-factor CFA for Lithuania


  DATA:
      file = "../../piaac1-all-curiosity.dat"; ! Dataset is saved two layers up


  VARIABLE:
      NAMES =
          CNTRYID
          I_Q04b I_Q04d I_Q04h I_Q04j I_Q04l I_Q04m
          SPFWT0
          HDI2012 UAI
          ;

      USEVARIABLES = I_Q04b I_Q04d I_Q04h I_Q04j I_Q04l I_Q04m;

      USEOBSERVATIONS = CNTRYID eq 440;

      MISSING = all(-99);

      ! Final participant weight
  	WEIGHT = SPFWT0;


  ANALYSIS:
      ESTIMATOR = MLR;


  MODEL:
      CURIOUS by I_Q04b I_Q04d I_Q04h I_Q04j I_Q04l I_Q04m;

      I_Q04b with I_Q04h;
      I_Q04b with I_Q04j;

  OUTPUT:
      stdyx stdy sampstat cinterval;



*** WARNING
  Data set contains cases with missing on all variables.
  These cases were not included in the analysis.
  Number of cases with missing on all variables:  43
   1 WARNING(S) FOUND IN THE INPUT INSTRUCTIONS




One-factor CFA for Lithuania

SUMMARY OF ANALYSIS

Number of groups                                                 1
Number of observations                                        5050

Number of dependent variables                                    6
Number of independent variables                                  0
Number of continuous latent variables                            1

Observed dependent variables

  Continuous
   I_Q04B      I_Q04D      I_Q04H      I_Q04J      I_Q04L      I_Q04M

Continuous latent variables
   CURIOUS

Variables with special functions

  Weight variable       SPFWT0

Estimator                                                      MLR
Information matrix                                        OBSERVED
Maximum number of iterations                                  1000
Convergence criterion                                    0.500D-04
Maximum number of steepest descent iterations                   20
Maximum number of iterations for H1                           2000
Convergence criterion for H1                             0.100D-03

Input data file(s)
  ../../piaac1-all-curiosity.dat

Input data format  FREE


SUMMARY OF DATA

     Number of missing data patterns             8


COVARIANCE COVERAGE OF DATA

Minimum covariance coverage value   0.100


     PROPORTION OF DATA PRESENT


           Covariance Coverage
              I_Q04B        I_Q04D        I_Q04H        I_Q04J        I_Q04L
              ________      ________      ________      ________      ________
 I_Q04B         0.998
 I_Q04D         0.998         1.000
 I_Q04H         0.998         0.999         0.999
 I_Q04J         0.998         0.999         0.999         1.000
 I_Q04L         0.997         0.998         0.998         0.998         0.998
 I_Q04M         0.998         1.000         0.999         1.000         0.998


           Covariance Coverage
              I_Q04M
              ________
 I_Q04M         1.000


SAMPLE STATISTICS


     ESTIMATED SAMPLE STATISTICS


           Means
              I_Q04B        I_Q04D        I_Q04H        I_Q04J        I_Q04L
              ________      ________      ________      ________      ________
                2.125         2.567         2.684         2.069         2.041


           Means
              I_Q04M
              ________
                2.962


           Covariances
              I_Q04B        I_Q04D        I_Q04H        I_Q04J        I_Q04L
              ________      ________      ________      ________      ________
 I_Q04B         1.332
 I_Q04D         0.633         1.608
 I_Q04H         0.675         0.957         1.405
 I_Q04J         0.600         0.896         0.790         1.736
 I_Q04L         0.678         0.875         0.805         1.210         1.668
 I_Q04M         0.495         0.786         0.725         0.736         0.763


           Covariances
              I_Q04M
              ________
 I_Q04M         1.413


           Correlations
              I_Q04B        I_Q04D        I_Q04H        I_Q04J        I_Q04L
              ________      ________      ________      ________      ________
 I_Q04B         1.000
 I_Q04D         0.432         1.000
 I_Q04H         0.493         0.636         1.000
 I_Q04J         0.394         0.537         0.506         1.000
 I_Q04L         0.455         0.535         0.526         0.711         1.000
 I_Q04M         0.360         0.522         0.515         0.470         0.497


           Correlations
              I_Q04M
              ________
 I_Q04M         1.000


     MAXIMUM LOG-LIKELIHOOD VALUE FOR THE UNRESTRICTED (H1) MODEL IS -42845.653


UNIVARIATE SAMPLE STATISTICS


     UNIVARIATE HIGHER-ORDER MOMENT DESCRIPTIVE STATISTICS

         Variable/         Mean/     Skewness/   Minimum/ % with                Percentiles
        Sample Size      Variance    Kurtosis    Maximum  Min/Max      20%/60%    40%/80%    Median

     I_Q04B                2.125       0.149       0.000    5.14%       1.000      2.000      2.000
            5042.000       1.332      -0.959       4.000   16.12%       2.000      3.000
     I_Q04D                2.567      -0.408       0.000    5.88%       1.000      2.000      3.000
            5048.000       1.608      -1.079       4.000   30.07%       3.000      4.000
     I_Q04H                2.685      -0.445       0.000    3.11%       1.000      2.000      3.000
            5047.000       1.405      -0.999       4.000   32.53%       3.000      4.000
     I_Q04J                2.069       0.002       0.000   13.80%       1.000      2.000      2.000
            5049.000       1.736      -1.178       4.000   18.44%       3.000      3.000
     I_Q04L                2.041       0.087       0.000   11.94%       1.000      2.000      2.000
            5042.000       1.669      -1.145       4.000   18.01%       2.000      3.000
     I_Q04M                2.962      -0.856       0.000    3.45%       2.000      3.000      3.000
            5050.000       1.413      -0.477       4.000   44.77%       4.000      4.000


THE MODEL ESTIMATION TERMINATED NORMALLY



MODEL FIT INFORMATION

Number of Free Parameters                       20

Loglikelihood

          H0 Value                      -43264.924
          H0 Scaling Correction Factor      1.6473
            for MLR
          H1 Value                      -42845.653
          H1 Scaling Correction Factor      1.8344
            for MLR

Information Criteria

          Akaike (AIC)                   86569.847
          Bayesian (BIC)                 86700.390
          Sample-Size Adjusted BIC       86636.837
            (n* = (n + 2) / 24)

Chi-Square Test of Model Fit

          Value                            353.948*
          Degrees of Freedom                     7
          P-Value                           0.0000
          Scaling Correction Factor         2.3691
            for MLR

*   The chi-square value for MLM, MLMV, MLR, ULSMV, WLSM and WLSMV cannot be used
    for chi-square difference testing in the regular way.  MLM, MLR and WLSM
    chi-square difference testing is described on the Mplus website.  MLMV, WLSMV,
    and ULSMV difference testing is done using the DIFFTEST option.

RMSEA (Root Mean Square Error Of Approximation)

          Estimate                           0.099
          90 Percent C.I.                    0.090  0.108
          Probability RMSEA <= .05           0.000

CFI/TLI

          CFI                                0.937
          TLI                                0.864

Chi-Square Test of Model Fit for the Baseline Model

          Value                           5486.125
          Degrees of Freedom                    15
          P-Value                           0.0000

SRMR (Standardized Root Mean Square Residual)

          Value                              0.036



MODEL RESULTS

                                                    Two-Tailed
                    Estimate       S.E.  Est./S.E.    P-Value

 CURIOUS  BY
    I_Q04B             1.000      0.000    999.000    999.000
    I_Q04D             1.421      0.049     28.955      0.000
    I_Q04H             1.298      0.043     30.168      0.000
    I_Q04J             1.567      0.060     26.151      0.000
    I_Q04L             1.571      0.057     27.776      0.000
    I_Q04M             1.174      0.045     26.307      0.000

 I_Q04B   WITH
    I_Q04H             0.106      0.023      4.573      0.000
    I_Q04J            -0.063      0.021     -2.950      0.003

 Intercepts
    I_Q04B             2.125      0.020    103.752      0.000
    I_Q04D             2.567      0.023    113.232      0.000
    I_Q04H             2.684      0.021    130.155      0.000
    I_Q04J             2.069      0.023     89.291      0.000
    I_Q04L             2.041      0.023     89.695      0.000
    I_Q04M             2.962      0.021    140.505      0.000

 Variances
    CURIOUS            0.432      0.028     15.222      0.000

 Residual Variances
    I_Q04B             0.898      0.027     33.254      0.000
    I_Q04D             0.735      0.030     24.580      0.000
    I_Q04H             0.678      0.028     24.459      0.000
    I_Q04J             0.675      0.033     20.693      0.000
    I_Q04L             0.601      0.029     20.506      0.000
    I_Q04M             0.818      0.024     34.091      0.000


STANDARDIZED MODEL RESULTS


STDYX Standardization

                                                    Two-Tailed
                    Estimate       S.E.  Est./S.E.    P-Value

 CURIOUS  BY
    I_Q04B             0.570      0.017     33.876      0.000
    I_Q04D             0.737      0.013     57.994      0.000
    I_Q04H             0.720      0.014     51.379      0.000
    I_Q04J             0.782      0.012     63.767      0.000
    I_Q04L             0.800      0.011     71.716      0.000
    I_Q04M             0.649      0.013     50.356      0.000

 I_Q04B   WITH
    I_Q04H             0.135      0.028      4.888      0.000
    I_Q04J            -0.081      0.028     -2.889      0.004

 Intercepts
    I_Q04B             1.843      0.023     79.915      0.000
    I_Q04D             2.024      0.030     68.228      0.000
    I_Q04H             2.264      0.031     72.592      0.000
    I_Q04J             1.570      0.021     73.113      0.000
    I_Q04L             1.580      0.021     75.073      0.000
    I_Q04M             2.492      0.041     61.491      0.000

 Variances
    CURIOUS            1.000      0.000    999.000    999.000

 Residual Variances
    I_Q04B             0.675      0.019     35.200      0.000
    I_Q04D             0.457      0.019     24.421      0.000
    I_Q04H             0.482      0.020     23.915      0.000
    I_Q04J             0.389      0.019     20.272      0.000
    I_Q04L             0.360      0.018     20.212      0.000
    I_Q04M             0.579      0.017     34.601      0.000


STDY Standardization

                                                    Two-Tailed
                    Estimate       S.E.  Est./S.E.    P-Value

 CURIOUS  BY
    I_Q04B             0.570      0.017     33.876      0.000
    I_Q04D             0.737      0.013     57.994      0.000
    I_Q04H             0.720      0.014     51.379      0.000
    I_Q04J             0.782      0.012     63.767      0.000
    I_Q04L             0.800      0.011     71.716      0.000
    I_Q04M             0.649      0.013     50.356      0.000

 I_Q04B   WITH
    I_Q04H             0.135      0.028      4.888      0.000
    I_Q04J            -0.081      0.028     -2.889      0.004

 Intercepts
    I_Q04B             1.843      0.023     79.915      0.000
    I_Q04D             2.024      0.030     68.228      0.000
    I_Q04H             2.264      0.031     72.592      0.000
    I_Q04J             1.570      0.021     73.113      0.000
    I_Q04L             1.580      0.021     75.073      0.000
    I_Q04M             2.492      0.041     61.491      0.000

 Variances
    CURIOUS            1.000      0.000    999.000    999.000

 Residual Variances
    I_Q04B             0.675      0.019     35.200      0.000
    I_Q04D             0.457      0.019     24.421      0.000
    I_Q04H             0.482      0.020     23.915      0.000
    I_Q04J             0.389      0.019     20.272      0.000
    I_Q04L             0.360      0.018     20.212      0.000
    I_Q04M             0.579      0.017     34.601      0.000


R-SQUARE

    Observed                                        Two-Tailed
    Variable        Estimate       S.E.  Est./S.E.    P-Value

    I_Q04B             0.325      0.019     16.938      0.000
    I_Q04D             0.543      0.019     28.997      0.000
    I_Q04H             0.518      0.020     25.689      0.000
    I_Q04J             0.611      0.019     31.883      0.000
    I_Q04L             0.640      0.018     35.858      0.000
    I_Q04M             0.421      0.017     25.178      0.000


QUALITY OF NUMERICAL RESULTS

     Condition Number for the Information Matrix              0.115E-01
       (ratio of smallest to largest eigenvalue)


CONFIDENCE INTERVALS OF MODEL RESULTS

                  Lower .5%  Lower 2.5%    Lower 5%    Estimate    Upper 5%  Upper 2.5%   Upper .5%

 CURIOUS  BY
    I_Q04B           1.000       1.000       1.000       1.000       1.000       1.000       1.000
    I_Q04D           1.295       1.325       1.341       1.421       1.502       1.518       1.548
    I_Q04H           1.187       1.214       1.227       1.298       1.369       1.382       1.409
    I_Q04J           1.413       1.450       1.469       1.567       1.666       1.685       1.722
    I_Q04L           1.426       1.461       1.478       1.571       1.664       1.682       1.717
    I_Q04M           1.059       1.086       1.100       1.174       1.247       1.261       1.289

 I_Q04B   WITH
    I_Q04H           0.046       0.060       0.068       0.106       0.144       0.151       0.165
    I_Q04J          -0.118      -0.105      -0.098      -0.063      -0.028      -0.021      -0.008

 Intercepts
    I_Q04B           2.072       2.085       2.091       2.125       2.159       2.165       2.178
    I_Q04D           2.509       2.523       2.530       2.567       2.604       2.611       2.625
    I_Q04H           2.631       2.644       2.651       2.684       2.718       2.725       2.738
    I_Q04J           2.009       2.024       2.031       2.069       2.107       2.114       2.129
    I_Q04L           1.982       1.996       2.004       2.041       2.078       2.086       2.100
    I_Q04M           2.907       2.920       2.927       2.962       2.996       3.003       3.016

 Variances
    CURIOUS          0.359       0.376       0.385       0.432       0.479       0.488       0.505

 Residual Variances
    I_Q04B           0.828       0.845       0.853       0.898       0.942       0.951       0.967
    I_Q04D           0.658       0.676       0.686       0.735       0.784       0.794       0.812
    I_Q04H           0.606       0.623       0.632       0.678       0.723       0.732       0.749
    I_Q04J           0.591       0.611       0.621       0.675       0.728       0.739       0.759
    I_Q04L           0.526       0.544       0.553       0.601       0.650       0.659       0.677
    I_Q04M           0.756       0.771       0.778       0.818       0.857       0.865       0.880


CONFIDENCE INTERVALS OF STANDARDIZED MODEL RESULTS


STDYX Standardization

                  Lower .5%  Lower 2.5%    Lower 5%    Estimate    Upper 5%  Upper 2.5%   Upper .5%

 CURIOUS  BY
    I_Q04B           0.527       0.537       0.542       0.570       0.598       0.603       0.613
    I_Q04D           0.704       0.712       0.716       0.737       0.758       0.762       0.769
    I_Q04H           0.684       0.692       0.697       0.720       0.743       0.747       0.756
    I_Q04J           0.750       0.758       0.762       0.782       0.802       0.806       0.813
    I_Q04L           0.771       0.778       0.781       0.800       0.818       0.822       0.828
    I_Q04M           0.616       0.624       0.628       0.649       0.670       0.674       0.682

 I_Q04B   WITH
    I_Q04H           0.064       0.081       0.090       0.135       0.181       0.190       0.207
    I_Q04J          -0.154      -0.136      -0.127      -0.081      -0.035      -0.026      -0.009

 Intercepts
    I_Q04B           1.783       1.798       1.805       1.843       1.881       1.888       1.902
    I_Q04D           1.948       1.966       1.976       2.024       2.073       2.083       2.101
    I_Q04H           2.184       2.203       2.213       2.264       2.316       2.326       2.345
    I_Q04J           1.515       1.528       1.535       1.570       1.606       1.613       1.626
    I_Q04L           1.526       1.539       1.546       1.580       1.615       1.622       1.634
    I_Q04M           2.387       2.412       2.425       2.492       2.558       2.571       2.596

 Variances
    CURIOUS          1.000       1.000       1.000       1.000       1.000       1.000       1.000

 Residual Variances
    I_Q04B           0.626       0.638       0.644       0.675       0.707       0.713       0.725
    I_Q04D           0.409       0.420       0.426       0.457       0.488       0.494       0.505
    I_Q04H           0.430       0.443       0.449       0.482       0.515       0.522       0.534
    I_Q04J           0.339       0.351       0.357       0.389       0.420       0.426       0.438
    I_Q04L           0.315       0.326       0.331       0.360       0.390       0.395       0.406
    I_Q04M           0.536       0.546       0.551       0.579       0.606       0.612       0.622


STDY Standardization

                  Lower .5%  Lower 2.5%    Lower 5%    Estimate    Upper 5%  Upper 2.5%   Upper .5%

 CURIOUS  BY
    I_Q04B           0.527       0.537       0.542       0.570       0.598       0.603       0.613
    I_Q04D           0.704       0.712       0.716       0.737       0.758       0.762       0.769
    I_Q04H           0.684       0.692       0.697       0.720       0.743       0.747       0.756
    I_Q04J           0.750       0.758       0.762       0.782       0.802       0.806       0.813
    I_Q04L           0.771       0.778       0.781       0.800       0.818       0.822       0.828
    I_Q04M           0.616       0.624       0.628       0.649       0.670       0.674       0.682

 I_Q04B   WITH
    I_Q04H           0.064       0.081       0.090       0.135       0.181       0.190       0.207
    I_Q04J          -0.154      -0.136      -0.127      -0.081      -0.035      -0.026      -0.009

 Intercepts
    I_Q04B           1.783       1.798       1.805       1.843       1.881       1.888       1.902
    I_Q04D           1.948       1.966       1.976       2.024       2.073       2.083       2.101
    I_Q04H           2.184       2.203       2.213       2.264       2.316       2.326       2.345
    I_Q04J           1.515       1.528       1.535       1.570       1.606       1.613       1.626
    I_Q04L           1.526       1.539       1.546       1.580       1.615       1.622       1.634
    I_Q04M           2.387       2.412       2.425       2.492       2.558       2.571       2.596

 Variances
    CURIOUS          1.000       1.000       1.000       1.000       1.000       1.000       1.000

 Residual Variances
    I_Q04B           0.626       0.638       0.644       0.675       0.707       0.713       0.725
    I_Q04D           0.409       0.420       0.426       0.457       0.488       0.494       0.505
    I_Q04H           0.430       0.443       0.449       0.482       0.515       0.522       0.534
    I_Q04J           0.339       0.351       0.357       0.389       0.420       0.426       0.438
    I_Q04L           0.315       0.326       0.331       0.360       0.390       0.395       0.406
    I_Q04M           0.536       0.546       0.551       0.579       0.606       0.612       0.622


     Beginning Time:  13:34:19
        Ending Time:  13:34:20
       Elapsed Time:  00:00:01



MUTHEN & MUTHEN
3463 Stoner Ave.
Los Angeles, CA  90066

Tel: (310) 391-9971
Fax: (310) 391-8971
Web: www.StatModel.com
Support: Support@StatModel.com

Copyright (c) 1998-2020 Muthen & Muthen
