Mplus VERSION 8.5 (Linux)
MUTHEN & MUTHEN
03/23/2022   1:34 PM

INPUT INSTRUCTIONS


  TITLE:
      One-factor CFA for Korea


  DATA:
      file = "../../piaac1-all-curiosity.dat"; ! Dataset is saved two layers up


  VARIABLE:
      NAMES =
          CNTRYID
          I_Q04b I_Q04d I_Q04h I_Q04j I_Q04l I_Q04m
          SPFWT0
          HDI2012 UAI
          ;

      USEVARIABLES = I_Q04b I_Q04d I_Q04h I_Q04j I_Q04l I_Q04m;

      USEOBSERVATIONS = CNTRYID eq 410;

      MISSING = all(-99);

      ! Final participant weight
  	WEIGHT = SPFWT0;


  ANALYSIS:
      ESTIMATOR = MLR;


  MODEL:
      CURIOUS by I_Q04b I_Q04d I_Q04h I_Q04j I_Q04l I_Q04m;

      I_Q04b with I_Q04h;
      I_Q04b with I_Q04j;

  OUTPUT:
      stdyx stdy sampstat cinterval;



*** WARNING
  Data set contains cases with missing on all variables.
  These cases were not included in the analysis.
  Number of cases with missing on all variables:  17
   1 WARNING(S) FOUND IN THE INPUT INSTRUCTIONS




One-factor CFA for Korea

SUMMARY OF ANALYSIS

Number of groups                                                 1
Number of observations                                        6650

Number of dependent variables                                    6
Number of independent variables                                  0
Number of continuous latent variables                            1

Observed dependent variables

  Continuous
   I_Q04B      I_Q04D      I_Q04H      I_Q04J      I_Q04L      I_Q04M

Continuous latent variables
   CURIOUS

Variables with special functions

  Weight variable       SPFWT0

Estimator                                                      MLR
Information matrix                                        OBSERVED
Maximum number of iterations                                  1000
Convergence criterion                                    0.500D-04
Maximum number of steepest descent iterations                   20
Maximum number of iterations for H1                           2000
Convergence criterion for H1                             0.100D-03

Input data file(s)
  ../../piaac1-all-curiosity.dat

Input data format  FREE


SUMMARY OF DATA

     Number of missing data patterns             4


COVARIANCE COVERAGE OF DATA

Minimum covariance coverage value   0.100


     PROPORTION OF DATA PRESENT


           Covariance Coverage
              I_Q04B        I_Q04D        I_Q04H        I_Q04J        I_Q04L
              ________      ________      ________      ________      ________
 I_Q04B         1.000
 I_Q04D         1.000         1.000
 I_Q04H         1.000         1.000         1.000
 I_Q04J         1.000         1.000         1.000         1.000
 I_Q04L         1.000         1.000         1.000         1.000         1.000
 I_Q04M         1.000         1.000         1.000         1.000         1.000


           Covariance Coverage
              I_Q04M
              ________
 I_Q04M         1.000


SAMPLE STATISTICS


     ESTIMATED SAMPLE STATISTICS


           Means
              I_Q04B        I_Q04D        I_Q04H        I_Q04J        I_Q04L
              ________      ________      ________      ________      ________
                1.983         2.150         1.973         1.559         1.613


           Means
              I_Q04M
              ________
                2.161


           Covariances
              I_Q04B        I_Q04D        I_Q04H        I_Q04J        I_Q04L
              ________      ________      ________      ________      ________
 I_Q04B         1.079
 I_Q04D         0.680         1.259
 I_Q04H         0.641         0.690         1.227
 I_Q04J         0.563         0.620         0.615         1.306
 I_Q04L         0.632         0.665         0.697         0.867         1.231
 I_Q04M         0.639         0.676         0.683         0.795         0.812


           Covariances
              I_Q04M
              ________
 I_Q04M         1.342


           Correlations
              I_Q04B        I_Q04D        I_Q04H        I_Q04J        I_Q04L
              ________      ________      ________      ________      ________
 I_Q04B         1.000
 I_Q04D         0.584         1.000
 I_Q04H         0.557         0.555         1.000
 I_Q04J         0.474         0.484         0.486         1.000
 I_Q04L         0.549         0.534         0.567         0.684         1.000
 I_Q04M         0.531         0.520         0.532         0.600         0.631


           Correlations
              I_Q04M
              ________
 I_Q04M         1.000


     MAXIMUM LOG-LIKELIHOOD VALUE FOR THE UNRESTRICTED (H1) MODEL IS -51341.565


UNIVARIATE SAMPLE STATISTICS


     UNIVARIATE HIGHER-ORDER MOMENT DESCRIPTIVE STATISTICS

         Variable/         Mean/     Skewness/   Minimum/ % with                Percentiles
        Sample Size      Variance    Kurtosis    Maximum  Min/Max      20%/60%    40%/80%    Median

     I_Q04B                1.983       0.062       0.000    8.35%       1.000      2.000      2.000
            6649.000       1.079      -0.372       4.000    8.29%       2.000      3.000
     I_Q04D                2.150      -0.023       0.000    7.52%       1.000      2.000      2.000
            6650.000       1.259      -0.695       4.000   13.77%       2.000      3.000
     I_Q04H                1.973      -0.022       0.000   11.01%       1.000      2.000      2.000
            6650.000       1.227      -0.629       4.000    8.90%       2.000      3.000
     I_Q04J                1.559       0.357       0.000   20.65%       0.000      1.000      1.000
            6648.000       1.306      -0.626       4.000    6.18%       2.000      3.000
     I_Q04L                1.613       0.269       0.000   18.28%       1.000      1.000      2.000
            6648.000       1.231      -0.625       4.000    5.58%       2.000      3.000
     I_Q04M                2.161      -0.193       0.000   10.02%       1.000      2.000      2.000
            6649.000       1.343      -0.731       4.000   12.99%       3.000      3.000


THE MODEL ESTIMATION TERMINATED NORMALLY



MODEL FIT INFORMATION

Number of Free Parameters                       20

Loglikelihood

          H0 Value                      -51656.714
          H0 Scaling Correction Factor      1.2958
            for MLR
          H1 Value                      -51341.565
          H1 Scaling Correction Factor      1.3816
            for MLR

Information Criteria

          Akaike (AIC)                  103353.429
          Bayesian (BIC)                103489.476
          Sample-Size Adjusted BIC      103425.921
            (n* = (n + 2) / 24)

Chi-Square Test of Model Fit

          Value                            387.450*
          Degrees of Freedom                     7
          P-Value                           0.0000
          Scaling Correction Factor         1.6268
            for MLR

*   The chi-square value for MLM, MLMV, MLR, ULSMV, WLSM and WLSMV cannot be used
    for chi-square difference testing in the regular way.  MLM, MLR and WLSM
    chi-square difference testing is described on the Mplus website.  MLMV, WLSMV,
    and ULSMV difference testing is done using the DIFFTEST option.

RMSEA (Root Mean Square Error Of Approximation)

          Estimate                           0.090
          90 Percent C.I.                    0.083  0.098
          Probability RMSEA <= .05           0.000

CFI/TLI

          CFI                                0.966
          TLI                                0.927

Chi-Square Test of Model Fit for the Baseline Model

          Value                          11253.972
          Degrees of Freedom                    15
          P-Value                           0.0000

SRMR (Standardized Root Mean Square Residual)

          Value                              0.030



MODEL RESULTS

                                                    Two-Tailed
                    Estimate       S.E.  Est./S.E.    P-Value

 CURIOUS  BY
    I_Q04B             1.000      0.000    999.000    999.000
    I_Q04D             1.052      0.019     55.288      0.000
    I_Q04H             1.036      0.020     51.014      0.000
    I_Q04J             1.193      0.026     46.610      0.000
    I_Q04L             1.230      0.026     47.865      0.000
    I_Q04M             1.193      0.024     49.434      0.000

 I_Q04B   WITH
    I_Q04H             0.061      0.012      4.978      0.000
    I_Q04J            -0.086      0.011     -8.015      0.000

 Intercepts
    I_Q04B             1.983      0.014    143.844      0.000
    I_Q04D             2.150      0.015    143.836      0.000
    I_Q04H             1.973      0.015    133.630      0.000
    I_Q04J             1.559      0.015    102.421      0.000
    I_Q04L             1.613      0.015    109.990      0.000
    I_Q04M             2.161      0.015    140.820      0.000

 Variances
    CURIOUS            0.549      0.020     27.652      0.000

 Residual Variances
    I_Q04B             0.527      0.015     36.120      0.000
    I_Q04D             0.651      0.016     39.733      0.000
    I_Q04H             0.637      0.017     37.509      0.000
    I_Q04J             0.525      0.017     31.372      0.000
    I_Q04L             0.400      0.013     30.416      0.000
    I_Q04M             0.560      0.014     39.141      0.000


STANDARDIZED MODEL RESULTS


STDYX Standardization

                                                    Two-Tailed
                    Estimate       S.E.  Est./S.E.    P-Value

 CURIOUS  BY
    I_Q04B             0.714      0.010     74.265      0.000
    I_Q04D             0.695      0.009     75.292      0.000
    I_Q04H             0.694      0.010     71.167      0.000
    I_Q04J             0.773      0.008     93.681      0.000
    I_Q04L             0.822      0.007    120.502      0.000
    I_Q04M             0.763      0.007    107.400      0.000

 I_Q04B   WITH
    I_Q04H             0.106      0.020      5.221      0.000
    I_Q04J            -0.164      0.022     -7.625      0.000

 Intercepts
    I_Q04B             1.911      0.020     94.806      0.000
    I_Q04D             1.916      0.020     96.390      0.000
    I_Q04H             1.781      0.019     92.248      0.000
    I_Q04J             1.364      0.014     96.223      0.000
    I_Q04L             1.453      0.015     95.619      0.000
    I_Q04M             1.865      0.021     89.983      0.000

 Variances
    CURIOUS            1.000      0.000    999.000    999.000

 Residual Variances
    I_Q04B             0.490      0.014     35.628      0.000
    I_Q04D             0.517      0.013     40.296      0.000
    I_Q04H             0.519      0.014     38.386      0.000
    I_Q04J             0.402      0.013     31.455      0.000
    I_Q04L             0.325      0.011     29.008      0.000
    I_Q04M             0.417      0.011     38.473      0.000


STDY Standardization

                                                    Two-Tailed
                    Estimate       S.E.  Est./S.E.    P-Value

 CURIOUS  BY
    I_Q04B             0.714      0.010     74.265      0.000
    I_Q04D             0.695      0.009     75.292      0.000
    I_Q04H             0.694      0.010     71.167      0.000
    I_Q04J             0.773      0.008     93.681      0.000
    I_Q04L             0.822      0.007    120.502      0.000
    I_Q04M             0.763      0.007    107.400      0.000

 I_Q04B   WITH
    I_Q04H             0.106      0.020      5.221      0.000
    I_Q04J            -0.164      0.022     -7.625      0.000

 Intercepts
    I_Q04B             1.911      0.020     94.806      0.000
    I_Q04D             1.916      0.020     96.390      0.000
    I_Q04H             1.781      0.019     92.248      0.000
    I_Q04J             1.364      0.014     96.223      0.000
    I_Q04L             1.453      0.015     95.619      0.000
    I_Q04M             1.865      0.021     89.983      0.000

 Variances
    CURIOUS            1.000      0.000    999.000    999.000

 Residual Variances
    I_Q04B             0.490      0.014     35.628      0.000
    I_Q04D             0.517      0.013     40.296      0.000
    I_Q04H             0.519      0.014     38.386      0.000
    I_Q04J             0.402      0.013     31.455      0.000
    I_Q04L             0.325      0.011     29.008      0.000
    I_Q04M             0.417      0.011     38.473      0.000


R-SQUARE

    Observed                                        Two-Tailed
    Variable        Estimate       S.E.  Est./S.E.    P-Value

    I_Q04B             0.510      0.014     37.132      0.000
    I_Q04D             0.483      0.013     37.646      0.000
    I_Q04H             0.481      0.014     35.583      0.000
    I_Q04J             0.598      0.013     46.840      0.000
    I_Q04L             0.675      0.011     60.251      0.000
    I_Q04M             0.583      0.011     53.700      0.000


QUALITY OF NUMERICAL RESULTS

     Condition Number for the Information Matrix              0.244E-01
       (ratio of smallest to largest eigenvalue)


CONFIDENCE INTERVALS OF MODEL RESULTS

                  Lower .5%  Lower 2.5%    Lower 5%    Estimate    Upper 5%  Upper 2.5%   Upper .5%

 CURIOUS  BY
    I_Q04B           1.000       1.000       1.000       1.000       1.000       1.000       1.000
    I_Q04D           1.003       1.015       1.021       1.052       1.083       1.089       1.101
    I_Q04H           0.984       0.997       1.003       1.036       1.070       1.076       1.089
    I_Q04J           1.127       1.143       1.151       1.193       1.235       1.243       1.259
    I_Q04L           1.164       1.180       1.188       1.230       1.272       1.280       1.296
    I_Q04M           1.131       1.146       1.153       1.193       1.233       1.240       1.255

 I_Q04B   WITH
    I_Q04H           0.030       0.037       0.041       0.061       0.082       0.086       0.093
    I_Q04J          -0.114      -0.107      -0.104      -0.086      -0.069      -0.065      -0.059

 Intercepts
    I_Q04B           1.947       1.956       1.960       1.983       2.006       2.010       2.018
    I_Q04D           2.112       2.121       2.126       2.150       2.175       2.179       2.189
    I_Q04H           1.935       1.944       1.949       1.973       1.998       2.002       2.011
    I_Q04J           1.520       1.529       1.534       1.559       1.584       1.589       1.598
    I_Q04L           1.575       1.584       1.589       1.613       1.637       1.642       1.651
    I_Q04M           2.122       2.131       2.136       2.161       2.187       2.191       2.201

 Variances
    CURIOUS          0.498       0.510       0.517       0.549       0.582       0.588       0.601

 Residual Variances
    I_Q04B           0.490       0.499       0.503       0.527       0.551       0.556       0.565
    I_Q04D           0.609       0.619       0.624       0.651       0.678       0.683       0.693
    I_Q04H           0.593       0.603       0.609       0.637       0.665       0.670       0.680
    I_Q04J           0.482       0.492       0.497       0.525       0.552       0.558       0.568
    I_Q04L           0.366       0.374       0.379       0.400       0.422       0.426       0.434
    I_Q04M           0.523       0.532       0.537       0.560       0.584       0.588       0.597


CONFIDENCE INTERVALS OF STANDARDIZED MODEL RESULTS


STDYX Standardization

                  Lower .5%  Lower 2.5%    Lower 5%    Estimate    Upper 5%  Upper 2.5%   Upper .5%

 CURIOUS  BY
    I_Q04B           0.690       0.696       0.699       0.714       0.730       0.733       0.739
    I_Q04D           0.671       0.677       0.680       0.695       0.710       0.713       0.719
    I_Q04H           0.668       0.674       0.678       0.694       0.710       0.713       0.719
    I_Q04J           0.752       0.757       0.760       0.773       0.787       0.790       0.795
    I_Q04L           0.804       0.808       0.810       0.822       0.833       0.835       0.839
    I_Q04M           0.745       0.749       0.752       0.763       0.775       0.777       0.782

 I_Q04B   WITH
    I_Q04H           0.054       0.066       0.073       0.106       0.139       0.146       0.158
    I_Q04J          -0.220      -0.206      -0.200      -0.164      -0.129      -0.122      -0.109

 Intercepts
    I_Q04B           1.859       1.872       1.878       1.911       1.944       1.951       1.963
    I_Q04D           1.865       1.877       1.883       1.916       1.949       1.955       1.967
    I_Q04H           1.732       1.744       1.750       1.781       1.813       1.819       1.831
    I_Q04J           1.328       1.336       1.341       1.364       1.387       1.392       1.401
    I_Q04L           1.414       1.424       1.428       1.453       1.478       1.483       1.493
    I_Q04M           1.812       1.825       1.831       1.865       1.899       1.906       1.919

 Variances
    CURIOUS          1.000       1.000       1.000       1.000       1.000       1.000       1.000

 Residual Variances
    I_Q04B           0.454       0.463       0.467       0.490       0.512       0.517       0.525
    I_Q04D           0.484       0.492       0.496       0.517       0.538       0.542       0.550
    I_Q04H           0.484       0.492       0.497       0.519       0.541       0.545       0.554
    I_Q04J           0.369       0.377       0.381       0.402       0.423       0.427       0.435
    I_Q04L           0.296       0.303       0.307       0.325       0.343       0.347       0.354
    I_Q04M           0.389       0.396       0.400       0.417       0.435       0.439       0.445


STDY Standardization

                  Lower .5%  Lower 2.5%    Lower 5%    Estimate    Upper 5%  Upper 2.5%   Upper .5%

 CURIOUS  BY
    I_Q04B           0.690       0.696       0.699       0.714       0.730       0.733       0.739
    I_Q04D           0.671       0.677       0.680       0.695       0.710       0.713       0.719
    I_Q04H           0.668       0.674       0.678       0.694       0.710       0.713       0.719
    I_Q04J           0.752       0.757       0.760       0.773       0.787       0.790       0.795
    I_Q04L           0.804       0.808       0.810       0.822       0.833       0.835       0.839
    I_Q04M           0.745       0.749       0.752       0.763       0.775       0.777       0.782

 I_Q04B   WITH
    I_Q04H           0.054       0.066       0.073       0.106       0.139       0.146       0.158
    I_Q04J          -0.220      -0.206      -0.200      -0.164      -0.129      -0.122      -0.109

 Intercepts
    I_Q04B           1.859       1.872       1.878       1.911       1.944       1.951       1.963
    I_Q04D           1.865       1.877       1.883       1.916       1.949       1.955       1.967
    I_Q04H           1.732       1.744       1.750       1.781       1.813       1.819       1.831
    I_Q04J           1.328       1.336       1.341       1.364       1.387       1.392       1.401
    I_Q04L           1.414       1.424       1.428       1.453       1.478       1.483       1.493
    I_Q04M           1.812       1.825       1.831       1.865       1.899       1.906       1.919

 Variances
    CURIOUS          1.000       1.000       1.000       1.000       1.000       1.000       1.000

 Residual Variances
    I_Q04B           0.454       0.463       0.467       0.490       0.512       0.517       0.525
    I_Q04D           0.484       0.492       0.496       0.517       0.538       0.542       0.550
    I_Q04H           0.484       0.492       0.497       0.519       0.541       0.545       0.554
    I_Q04J           0.369       0.377       0.381       0.402       0.423       0.427       0.435
    I_Q04L           0.296       0.303       0.307       0.325       0.343       0.347       0.354
    I_Q04M           0.389       0.396       0.400       0.417       0.435       0.439       0.445


     Beginning Time:  13:34:18
        Ending Time:  13:34:19
       Elapsed Time:  00:00:01



MUTHEN & MUTHEN
3463 Stoner Ave.
Los Angeles, CA  90066

Tel: (310) 391-9971
Fax: (310) 391-8971
Web: www.StatModel.com
Support: Support@StatModel.com

Copyright (c) 1998-2020 Muthen & Muthen
