Mplus VERSION 8.5 (Linux)
MUTHEN & MUTHEN
03/23/2022   1:34 PM

INPUT INSTRUCTIONS


  TITLE:
      One-factor CFA for Estonia


  DATA:
      file = "../../piaac1-all-curiosity.dat"; ! Dataset is saved two layers up


  VARIABLE:
      NAMES =
          CNTRYID
          I_Q04b I_Q04d I_Q04h I_Q04j I_Q04l I_Q04m
          SPFWT0
          HDI2012 UAI
          ;

      USEVARIABLES = I_Q04b I_Q04d I_Q04h I_Q04j I_Q04l I_Q04m;

      USEOBSERVATIONS = CNTRYID eq 233;

      MISSING = all(-99);

      ! Final participant weight
  	WEIGHT = SPFWT0;


  ANALYSIS:
      ESTIMATOR = MLR;


  MODEL:
      CURIOUS by I_Q04b I_Q04d I_Q04h I_Q04j I_Q04l I_Q04m;

      I_Q04b with I_Q04h;
      I_Q04b with I_Q04j;

  OUTPUT:
      stdyx stdy sampstat cinterval;



*** WARNING
  Data set contains cases with missing on all variables.
  These cases were not included in the analysis.
  Number of cases with missing on all variables:  59
   1 WARNING(S) FOUND IN THE INPUT INSTRUCTIONS




One-factor CFA for Estonia

SUMMARY OF ANALYSIS

Number of groups                                                 1
Number of observations                                        7573

Number of dependent variables                                    6
Number of independent variables                                  0
Number of continuous latent variables                            1

Observed dependent variables

  Continuous
   I_Q04B      I_Q04D      I_Q04H      I_Q04J      I_Q04L      I_Q04M

Continuous latent variables
   CURIOUS

Variables with special functions

  Weight variable       SPFWT0

Estimator                                                      MLR
Information matrix                                        OBSERVED
Maximum number of iterations                                  1000
Convergence criterion                                    0.500D-04
Maximum number of steepest descent iterations                   20
Maximum number of iterations for H1                           2000
Convergence criterion for H1                             0.100D-03

Input data file(s)
  ../../piaac1-all-curiosity.dat

Input data format  FREE


SUMMARY OF DATA

     Number of missing data patterns            11


COVARIANCE COVERAGE OF DATA

Minimum covariance coverage value   0.100


     PROPORTION OF DATA PRESENT


           Covariance Coverage
              I_Q04B        I_Q04D        I_Q04H        I_Q04J        I_Q04L
              ________      ________      ________      ________      ________
 I_Q04B         0.998
 I_Q04D         0.998         1.000
 I_Q04H         0.997         0.999         0.999
 I_Q04J         0.997         0.998         0.998         0.999
 I_Q04L         0.997         0.998         0.998         0.998         0.999
 I_Q04M         0.998         0.999         0.999         0.999         0.999


           Covariance Coverage
              I_Q04M
              ________
 I_Q04M         1.000


SAMPLE STATISTICS


     ESTIMATED SAMPLE STATISTICS


           Means
              I_Q04B        I_Q04D        I_Q04H        I_Q04J        I_Q04L
              ________      ________      ________      ________      ________
                2.189         2.636         2.614         2.270         2.316


           Means
              I_Q04M
              ________
                2.824


           Covariances
              I_Q04B        I_Q04D        I_Q04H        I_Q04J        I_Q04L
              ________      ________      ________      ________      ________
 I_Q04B         0.832
 I_Q04D         0.420         0.812
 I_Q04H         0.429         0.434         0.713
 I_Q04J         0.428         0.493         0.453         1.060
 I_Q04L         0.432         0.483         0.430         0.649         0.901
 I_Q04M         0.300         0.387         0.336         0.419         0.416


           Covariances
              I_Q04M
              ________
 I_Q04M         0.736


           Correlations
              I_Q04B        I_Q04D        I_Q04H        I_Q04J        I_Q04L
              ________      ________      ________      ________      ________
 I_Q04B         1.000
 I_Q04D         0.511         1.000
 I_Q04H         0.557         0.570         1.000
 I_Q04J         0.456         0.532         0.521         1.000
 I_Q04L         0.499         0.564         0.537         0.665         1.000
 I_Q04M         0.384         0.500         0.465         0.474         0.511


           Correlations
              I_Q04M
              ________
 I_Q04M         1.000


     MAXIMUM LOG-LIKELIHOOD VALUE FOR THE UNRESTRICTED (H1) MODEL IS -50830.618


UNIVARIATE SAMPLE STATISTICS


     UNIVARIATE HIGHER-ORDER MOMENT DESCRIPTIVE STATISTICS

         Variable/         Mean/     Skewness/   Minimum/ % with                Percentiles
        Sample Size      Variance    Kurtosis    Maximum  Min/Max      20%/60%    40%/80%    Median

     I_Q04B                2.190      -0.184       0.000    4.58%       2.000      2.000      2.000
            7558.000       0.831       0.091       4.000    6.59%       2.000      3.000
     I_Q04D                2.636      -0.466       0.000    2.44%       2.000      2.000      3.000
            7570.000       0.812       0.270       4.000   15.69%       3.000      3.000
     I_Q04H                2.615      -0.472       0.000    2.04%       2.000      2.000      3.000
            7565.000       0.713       0.510       4.000   12.20%       3.000      3.000
     I_Q04J                2.271      -0.309       0.000    6.60%       1.000      2.000      2.000
            7564.000       1.059      -0.285       4.000   10.13%       3.000      3.000
     I_Q04L                2.316      -0.342       0.000    4.72%       2.000      2.000      2.000
            7562.000       0.901       0.020       4.000    8.77%       3.000      3.000
     I_Q04M                2.824      -0.754       0.000    1.82%       2.000      3.000      3.000
            7571.000       0.736       0.870       4.000   19.03%       3.000      3.000


THE MODEL ESTIMATION TERMINATED NORMALLY



MODEL FIT INFORMATION

Number of Free Parameters                       20

Loglikelihood

          H0 Value                      -51026.072
          H0 Scaling Correction Factor      1.2367
            for MLR
          H1 Value                      -50830.618
          H1 Scaling Correction Factor      1.2706
            for MLR

Information Criteria

          Akaike (AIC)                  102092.145
          Bayesian (BIC)                102230.792
          Sample-Size Adjusted BIC      102167.236
            (n* = (n + 2) / 24)

Chi-Square Test of Model Fit

          Value                            285.857*
          Degrees of Freedom                     7
          P-Value                           0.0000
          Scaling Correction Factor         1.3675
            for MLR

*   The chi-square value for MLM, MLMV, MLR, ULSMV, WLSM and WLSMV cannot be used
    for chi-square difference testing in the regular way.  MLM, MLR and WLSM
    chi-square difference testing is described on the Mplus website.  MLMV, WLSMV,
    and ULSMV difference testing is done using the DIFFTEST option.

RMSEA (Root Mean Square Error Of Approximation)

          Estimate                           0.073
          90 Percent C.I.                    0.065  0.080
          Probability RMSEA <= .05           0.000

CFI/TLI

          CFI                                0.979
          TLI                                0.955

Chi-Square Test of Model Fit for the Baseline Model

          Value                          13373.159
          Degrees of Freedom                    15
          P-Value                           0.0000

SRMR (Standardized Root Mean Square Residual)

          Value                              0.021



MODEL RESULTS

                                                    Two-Tailed
                    Estimate       S.E.  Est./S.E.    P-Value

 CURIOUS  BY
    I_Q04B             1.000      0.000    999.000    999.000
    I_Q04D             1.140      0.024     48.102      0.000
    I_Q04H             1.018      0.021     48.674      0.000
    I_Q04J             1.360      0.030     45.594      0.000
    I_Q04L             1.307      0.028     46.593      0.000
    I_Q04M             0.941      0.025     38.075      0.000

 I_Q04B   WITH
    I_Q04H             0.081      0.008     10.772      0.000
    I_Q04J            -0.030      0.008     -3.941      0.000

 Intercepts
    I_Q04B             2.189      0.011    204.412      0.000
    I_Q04D             2.636      0.011    250.600      0.000
    I_Q04H             2.614      0.010    264.630      0.000
    I_Q04J             2.270      0.012    188.825      0.000
    I_Q04L             2.316      0.011    208.088      0.000
    I_Q04M             2.824      0.010    280.942      0.000

 Variances
    CURIOUS            0.340      0.014     25.051      0.000

 Residual Variances
    I_Q04B             0.491      0.012     41.037      0.000
    I_Q04D             0.371      0.009     39.531      0.000
    I_Q04H             0.360      0.009     39.084      0.000
    I_Q04J             0.431      0.011     38.059      0.000
    I_Q04L             0.321      0.009     36.747      0.000
    I_Q04M             0.435      0.010     45.197      0.000


STANDARDIZED MODEL RESULTS


STDYX Standardization

                                                    Two-Tailed
                    Estimate       S.E.  Est./S.E.    P-Value

 CURIOUS  BY
    I_Q04B             0.639      0.010     62.060      0.000
    I_Q04D             0.737      0.008     92.946      0.000
    I_Q04H             0.703      0.009     78.471      0.000
    I_Q04J             0.770      0.007    110.046      0.000
    I_Q04L             0.802      0.006    125.356      0.000
    I_Q04M             0.639      0.010     66.089      0.000

 I_Q04B   WITH
    I_Q04H             0.193      0.016     12.036      0.000
    I_Q04J            -0.065      0.017     -3.846      0.000

 Intercepts
    I_Q04B             2.402      0.024     98.367      0.000
    I_Q04D             2.925      0.031     94.930      0.000
    I_Q04H             3.097      0.033     92.663      0.000
    I_Q04J             2.205      0.022     99.232      0.000
    I_Q04L             2.439      0.025     95.986      0.000
    I_Q04M             3.293      0.039     84.915      0.000

 Variances
    CURIOUS            1.000      0.000    999.000    999.000

 Residual Variances
    I_Q04B             0.591      0.013     44.848      0.000
    I_Q04D             0.457      0.012     39.066      0.000
    I_Q04H             0.505      0.013     40.106      0.000
    I_Q04J             0.407      0.011     37.776      0.000
    I_Q04L             0.356      0.010     34.672      0.000
    I_Q04M             0.591      0.012     47.788      0.000


STDY Standardization

                                                    Two-Tailed
                    Estimate       S.E.  Est./S.E.    P-Value

 CURIOUS  BY
    I_Q04B             0.639      0.010     62.060      0.000
    I_Q04D             0.737      0.008     92.946      0.000
    I_Q04H             0.703      0.009     78.471      0.000
    I_Q04J             0.770      0.007    110.046      0.000
    I_Q04L             0.802      0.006    125.356      0.000
    I_Q04M             0.639      0.010     66.089      0.000

 I_Q04B   WITH
    I_Q04H             0.193      0.016     12.036      0.000
    I_Q04J            -0.065      0.017     -3.846      0.000

 Intercepts
    I_Q04B             2.402      0.024     98.367      0.000
    I_Q04D             2.925      0.031     94.930      0.000
    I_Q04H             3.097      0.033     92.663      0.000
    I_Q04J             2.205      0.022     99.232      0.000
    I_Q04L             2.439      0.025     95.986      0.000
    I_Q04M             3.293      0.039     84.915      0.000

 Variances
    CURIOUS            1.000      0.000    999.000    999.000

 Residual Variances
    I_Q04B             0.591      0.013     44.848      0.000
    I_Q04D             0.457      0.012     39.066      0.000
    I_Q04H             0.505      0.013     40.106      0.000
    I_Q04J             0.407      0.011     37.776      0.000
    I_Q04L             0.356      0.010     34.672      0.000
    I_Q04M             0.591      0.012     47.788      0.000


R-SQUARE

    Observed                                        Two-Tailed
    Variable        Estimate       S.E.  Est./S.E.    P-Value

    I_Q04B             0.409      0.013     31.030      0.000
    I_Q04D             0.543      0.012     46.473      0.000
    I_Q04H             0.495      0.013     39.235      0.000
    I_Q04J             0.593      0.011     55.023      0.000
    I_Q04L             0.644      0.010     62.678      0.000
    I_Q04M             0.409      0.012     33.044      0.000


QUALITY OF NUMERICAL RESULTS

     Condition Number for the Information Matrix              0.927E-02
       (ratio of smallest to largest eigenvalue)


CONFIDENCE INTERVALS OF MODEL RESULTS

                  Lower .5%  Lower 2.5%    Lower 5%    Estimate    Upper 5%  Upper 2.5%   Upper .5%

 CURIOUS  BY
    I_Q04B           1.000       1.000       1.000       1.000       1.000       1.000       1.000
    I_Q04D           1.079       1.093       1.101       1.140       1.179       1.186       1.201
    I_Q04H           0.964       0.977       0.984       1.018       1.053       1.059       1.072
    I_Q04J           1.283       1.301       1.311       1.360       1.409       1.418       1.437
    I_Q04L           1.234       1.252       1.261       1.307       1.353       1.362       1.379
    I_Q04M           0.877       0.892       0.900       0.941       0.981       0.989       1.004

 I_Q04B   WITH
    I_Q04H           0.062       0.066       0.069       0.081       0.094       0.096       0.101
    I_Q04J          -0.049      -0.045      -0.042      -0.030      -0.017      -0.015      -0.010

 Intercepts
    I_Q04B           2.162       2.168       2.172       2.189       2.207       2.210       2.217
    I_Q04D           2.609       2.616       2.619       2.636       2.654       2.657       2.663
    I_Q04H           2.589       2.595       2.598       2.614       2.631       2.634       2.640
    I_Q04J           2.239       2.247       2.251       2.270       2.290       2.294       2.301
    I_Q04L           2.287       2.294       2.297       2.316       2.334       2.337       2.344
    I_Q04M           2.798       2.805       2.808       2.824       2.841       2.844       2.850

 Variances
    CURIOUS          0.305       0.313       0.318       0.340       0.362       0.366       0.375

 Residual Variances
    I_Q04B           0.460       0.468       0.471       0.491       0.511       0.515       0.522
    I_Q04D           0.347       0.353       0.356       0.371       0.386       0.389       0.395
    I_Q04H           0.336       0.342       0.345       0.360       0.375       0.378       0.384
    I_Q04J           0.402       0.409       0.413       0.431       0.450       0.454       0.461
    I_Q04L           0.298       0.304       0.307       0.321       0.335       0.338       0.343
    I_Q04M           0.410       0.416       0.419       0.435       0.451       0.454       0.460


CONFIDENCE INTERVALS OF STANDARDIZED MODEL RESULTS


STDYX Standardization

                  Lower .5%  Lower 2.5%    Lower 5%    Estimate    Upper 5%  Upper 2.5%   Upper .5%

 CURIOUS  BY
    I_Q04B           0.613       0.619       0.623       0.639       0.656       0.660       0.666
    I_Q04D           0.717       0.722       0.724       0.737       0.750       0.753       0.758
    I_Q04H           0.680       0.686       0.688       0.703       0.718       0.721       0.726
    I_Q04J           0.752       0.756       0.759       0.770       0.782       0.784       0.788
    I_Q04L           0.786       0.790       0.792       0.802       0.813       0.815       0.819
    I_Q04M           0.614       0.620       0.623       0.639       0.655       0.658       0.664

 I_Q04B   WITH
    I_Q04H           0.152       0.162       0.167       0.193       0.219       0.224       0.234
    I_Q04J          -0.108      -0.098      -0.092      -0.065      -0.037      -0.032      -0.021

 Intercepts
    I_Q04B           2.339       2.354       2.362       2.402       2.442       2.450       2.465
    I_Q04D           2.846       2.865       2.875       2.925       2.976       2.986       3.005
    I_Q04H           3.011       3.031       3.042       3.097       3.152       3.162       3.183
    I_Q04J           2.148       2.162       2.169       2.205       2.242       2.249       2.263
    I_Q04L           2.374       2.389       2.397       2.439       2.481       2.489       2.505
    I_Q04M           3.193       3.217       3.229       3.293       3.357       3.369       3.393

 Variances
    CURIOUS          1.000       1.000       1.000       1.000       1.000       1.000       1.000

 Residual Variances
    I_Q04B           0.557       0.565       0.569       0.591       0.613       0.617       0.625
    I_Q04D           0.427       0.434       0.437       0.457       0.476       0.480       0.487
    I_Q04H           0.473       0.481       0.485       0.505       0.526       0.530       0.538
    I_Q04J           0.379       0.386       0.389       0.407       0.425       0.428       0.435
    I_Q04L           0.330       0.336       0.339       0.356       0.373       0.376       0.383
    I_Q04M           0.559       0.567       0.571       0.591       0.612       0.615       0.623


STDY Standardization

                  Lower .5%  Lower 2.5%    Lower 5%    Estimate    Upper 5%  Upper 2.5%   Upper .5%

 CURIOUS  BY
    I_Q04B           0.613       0.619       0.623       0.639       0.656       0.660       0.666
    I_Q04D           0.717       0.722       0.724       0.737       0.750       0.753       0.758
    I_Q04H           0.680       0.686       0.688       0.703       0.718       0.721       0.726
    I_Q04J           0.752       0.756       0.759       0.770       0.782       0.784       0.788
    I_Q04L           0.786       0.790       0.792       0.802       0.813       0.815       0.819
    I_Q04M           0.614       0.620       0.623       0.639       0.655       0.658       0.664

 I_Q04B   WITH
    I_Q04H           0.152       0.162       0.167       0.193       0.219       0.224       0.234
    I_Q04J          -0.108      -0.098      -0.092      -0.065      -0.037      -0.032      -0.021

 Intercepts
    I_Q04B           2.339       2.354       2.362       2.402       2.442       2.450       2.465
    I_Q04D           2.846       2.865       2.875       2.925       2.976       2.986       3.005
    I_Q04H           3.011       3.031       3.042       3.097       3.152       3.162       3.183
    I_Q04J           2.148       2.162       2.169       2.205       2.242       2.249       2.263
    I_Q04L           2.374       2.389       2.397       2.439       2.481       2.489       2.505
    I_Q04M           3.193       3.217       3.229       3.293       3.357       3.369       3.393

 Variances
    CURIOUS          1.000       1.000       1.000       1.000       1.000       1.000       1.000

 Residual Variances
    I_Q04B           0.557       0.565       0.569       0.591       0.613       0.617       0.625
    I_Q04D           0.427       0.434       0.437       0.457       0.476       0.480       0.487
    I_Q04H           0.473       0.481       0.485       0.505       0.526       0.530       0.538
    I_Q04J           0.379       0.386       0.389       0.407       0.425       0.428       0.435
    I_Q04L           0.330       0.336       0.339       0.356       0.373       0.376       0.383
    I_Q04M           0.559       0.567       0.571       0.591       0.612       0.615       0.623


     Beginning Time:  13:34:09
        Ending Time:  13:34:10
       Elapsed Time:  00:00:01



MUTHEN & MUTHEN
3463 Stoner Ave.
Los Angeles, CA  90066

Tel: (310) 391-9971
Fax: (310) 391-8971
Web: www.StatModel.com
Support: Support@StatModel.com

Copyright (c) 1998-2020 Muthen & Muthen
