Mplus VERSION 8.5 (Linux)
MUTHEN & MUTHEN
03/23/2022   1:34 PM

INPUT INSTRUCTIONS


  TITLE:
      One-factor CFA for Denmark


  DATA:
      file = "../../piaac1-all-curiosity.dat"; ! Dataset is saved two layers up


  VARIABLE:
      NAMES =
          CNTRYID
          I_Q04b I_Q04d I_Q04h I_Q04j I_Q04l I_Q04m
          SPFWT0
          HDI2012 UAI
          ;

      USEVARIABLES = I_Q04b I_Q04d I_Q04h I_Q04j I_Q04l I_Q04m;

      USEOBSERVATIONS = CNTRYID eq 208;

      MISSING = all(-99);

      ! Final participant weight
  	WEIGHT = SPFWT0;


  ANALYSIS:
      ESTIMATOR = MLR;


  MODEL:
      CURIOUS by I_Q04b I_Q04d I_Q04h I_Q04j I_Q04l I_Q04m;

      I_Q04b with I_Q04h;
      I_Q04b with I_Q04j;

  OUTPUT:
      stdyx stdy sampstat cinterval;



*** WARNING
  Data set contains cases with missing on all variables.
  These cases were not included in the analysis.
  Number of cases with missing on all variables:  55
   1 WARNING(S) FOUND IN THE INPUT INSTRUCTIONS




One-factor CFA for Denmark

SUMMARY OF ANALYSIS

Number of groups                                                 1
Number of observations                                        7273

Number of dependent variables                                    6
Number of independent variables                                  0
Number of continuous latent variables                            1

Observed dependent variables

  Continuous
   I_Q04B      I_Q04D      I_Q04H      I_Q04J      I_Q04L      I_Q04M

Continuous latent variables
   CURIOUS

Variables with special functions

  Weight variable       SPFWT0

Estimator                                                      MLR
Information matrix                                        OBSERVED
Maximum number of iterations                                  1000
Convergence criterion                                    0.500D-04
Maximum number of steepest descent iterations                   20
Maximum number of iterations for H1                           2000
Convergence criterion for H1                             0.100D-03

Input data file(s)
  ../../piaac1-all-curiosity.dat

Input data format  FREE


SUMMARY OF DATA

     Number of missing data patterns            17


COVARIANCE COVERAGE OF DATA

Minimum covariance coverage value   0.100


     PROPORTION OF DATA PRESENT


           Covariance Coverage
              I_Q04B        I_Q04D        I_Q04H        I_Q04J        I_Q04L
              ________      ________      ________      ________      ________
 I_Q04B         0.993
 I_Q04D         0.993         1.000
 I_Q04H         0.991         0.996         0.996
 I_Q04J         0.992         0.998         0.995         0.998
 I_Q04L         0.990         0.995         0.993         0.994         0.995
 I_Q04M         0.992         0.999         0.995         0.998         0.995


           Covariance Coverage
              I_Q04M
              ________
 I_Q04M         0.999


SAMPLE STATISTICS


     ESTIMATED SAMPLE STATISTICS


           Means
              I_Q04B        I_Q04D        I_Q04H        I_Q04J        I_Q04L
              ________      ________      ________      ________      ________
                2.340         3.234         2.885         2.880         2.700


           Means
              I_Q04M
              ________
                3.024


           Covariances
              I_Q04B        I_Q04D        I_Q04H        I_Q04J        I_Q04L
              ________      ________      ________      ________      ________
 I_Q04B         0.916
 I_Q04D         0.298         0.597
 I_Q04H         0.397         0.302         0.693
 I_Q04J         0.250         0.319         0.283         0.793
 I_Q04L         0.368         0.321         0.350         0.446         0.801
 I_Q04M         0.250         0.294         0.257         0.354         0.347


           Covariances
              I_Q04M
              ________
 I_Q04M         0.718


           Correlations
              I_Q04B        I_Q04D        I_Q04H        I_Q04J        I_Q04L
              ________      ________      ________      ________      ________
 I_Q04B         1.000
 I_Q04D         0.402         1.000
 I_Q04H         0.498         0.470         1.000
 I_Q04J         0.293         0.464         0.382         1.000
 I_Q04L         0.429         0.464         0.470         0.559         1.000
 I_Q04M         0.308         0.448         0.365         0.468         0.457


           Correlations
              I_Q04M
              ________
 I_Q04M         1.000


     MAXIMUM LOG-LIKELIHOOD VALUE FOR THE UNRESTRICTED (H1) MODEL IS -48767.964


UNIVARIATE SAMPLE STATISTICS


     UNIVARIATE HIGHER-ORDER MOMENT DESCRIPTIVE STATISTICS

         Variable/         Mean/     Skewness/   Minimum/ % with                Percentiles
        Sample Size      Variance    Kurtosis    Maximum  Min/Max      20%/60%    40%/80%    Median

     I_Q04B                2.341      -0.167       0.000    3.46%       2.000      2.000      2.000
            7220.000       0.915      -0.070       4.000   12.30%       3.000      3.000
     I_Q04D                3.234      -0.826       0.000    0.49%       3.000      3.000      3.000
            7273.000       0.597       0.588       4.000   40.57%       4.000      4.000
     I_Q04H                2.887      -0.471       0.000    1.04%       2.000      3.000      3.000
            7245.000       0.692       0.186       4.000   23.80%       3.000      4.000
     I_Q04J                2.880      -0.447       0.000    1.10%       2.000      3.000      3.000
            7260.000       0.793      -0.172       4.000   26.13%       3.000      4.000
     I_Q04L                2.701      -0.298       0.000    1.19%       2.000      2.000      3.000
            7237.000       0.801      -0.211       4.000   19.90%       3.000      3.000
     I_Q04M                3.025      -0.579       0.000    0.69%       2.000      3.000      3.000
            7264.000       0.718       0.029       4.000   31.90%       3.000      4.000


THE MODEL ESTIMATION TERMINATED NORMALLY



MODEL FIT INFORMATION

Number of Free Parameters                       20

Loglikelihood

          H0 Value                      -48912.951
          H0 Scaling Correction Factor      1.4259
            for MLR
          H1 Value                      -48767.964
          H1 Scaling Correction Factor      1.4807
            for MLR

Information Criteria

          Akaike (AIC)                   97865.902
          Bayesian (BIC)                 98003.740
          Sample-Size Adjusted BIC       97940.184
            (n* = (n + 2) / 24)

Chi-Square Test of Model Fit

          Value                            177.111*
          Degrees of Freedom                     7
          P-Value                           0.0000
          Scaling Correction Factor         1.6372
            for MLR

*   The chi-square value for MLM, MLMV, MLR, ULSMV, WLSM and WLSMV cannot be used
    for chi-square difference testing in the regular way.  MLM, MLR and WLSM
    chi-square difference testing is described on the Mplus website.  MLMV, WLSMV,
    and ULSMV difference testing is done using the DIFFTEST option.

RMSEA (Root Mean Square Error Of Approximation)

          Estimate                           0.058
          90 Percent C.I.                    0.051  0.065
          Probability RMSEA <= .05           0.037

CFI/TLI

          CFI                                0.979
          TLI                                0.955

Chi-Square Test of Model Fit for the Baseline Model

          Value                           8030.833
          Degrees of Freedom                    15
          P-Value                           0.0000

SRMR (Standardized Root Mean Square Residual)

          Value                              0.022



MODEL RESULTS

                                                    Two-Tailed
                    Estimate       S.E.  Est./S.E.    P-Value

 CURIOUS  BY
    I_Q04B             1.000      0.000    999.000    999.000
    I_Q04D             0.975      0.030     32.797      0.000
    I_Q04H             0.951      0.027     35.426      0.000
    I_Q04J             1.185      0.037     32.224      0.000
    I_Q04L             1.254      0.035     36.038      0.000
    I_Q04M             0.993      0.033     30.031      0.000

 I_Q04B   WITH
    I_Q04H             0.117      0.010     11.607      0.000
    I_Q04J            -0.078      0.009     -8.949      0.000

 Intercepts
    I_Q04B             2.340      0.013    183.524      0.000
    I_Q04D             3.234      0.010    320.257      0.000
    I_Q04H             2.885      0.011    263.721      0.000
    I_Q04J             2.880      0.012    244.391      0.000
    I_Q04L             2.699      0.012    228.008      0.000
    I_Q04M             3.024      0.011    268.027      0.000

 Variances
    CURIOUS            0.286      0.015     18.808      0.000

 Residual Variances
    I_Q04B             0.626      0.016     39.109      0.000
    I_Q04D             0.326      0.009     36.786      0.000
    I_Q04H             0.434      0.011     38.884      0.000
    I_Q04J             0.392      0.011     36.297      0.000
    I_Q04L             0.352      0.011     32.506      0.000
    I_Q04M             0.437      0.010     42.378      0.000


STANDARDIZED MODEL RESULTS


STDYX Standardization

                                                    Two-Tailed
                    Estimate       S.E.  Est./S.E.    P-Value

 CURIOUS  BY
    I_Q04B             0.560      0.013     43.089      0.000
    I_Q04D             0.674      0.010     65.048      0.000
    I_Q04H             0.611      0.012     49.846      0.000
    I_Q04J             0.711      0.010     73.004      0.000
    I_Q04L             0.749      0.009     85.179      0.000
    I_Q04M             0.626      0.011     57.496      0.000

 I_Q04B   WITH
    I_Q04H             0.225      0.017     13.117      0.000
    I_Q04J            -0.157      0.018     -8.685      0.000

 Intercepts
    I_Q04B             2.451      0.028     86.626      0.000
    I_Q04D             4.184      0.051     82.730      0.000
    I_Q04H             3.467      0.039     89.145      0.000
    I_Q04J             3.233      0.035     93.283      0.000
    I_Q04L             3.015      0.032     93.918      0.000
    I_Q04M             3.569      0.041     87.031      0.000

 Variances
    CURIOUS            1.000      0.000    999.000    999.000

 Residual Variances
    I_Q04B             0.687      0.015     47.252      0.000
    I_Q04D             0.545      0.014     39.011      0.000
    I_Q04H             0.627      0.015     41.907      0.000
    I_Q04J             0.494      0.014     35.704      0.000
    I_Q04L             0.440      0.013     33.396      0.000
    I_Q04M             0.608      0.014     44.549      0.000


STDY Standardization

                                                    Two-Tailed
                    Estimate       S.E.  Est./S.E.    P-Value

 CURIOUS  BY
    I_Q04B             0.560      0.013     43.089      0.000
    I_Q04D             0.674      0.010     65.048      0.000
    I_Q04H             0.611      0.012     49.846      0.000
    I_Q04J             0.711      0.010     73.004      0.000
    I_Q04L             0.749      0.009     85.179      0.000
    I_Q04M             0.626      0.011     57.496      0.000

 I_Q04B   WITH
    I_Q04H             0.225      0.017     13.117      0.000
    I_Q04J            -0.157      0.018     -8.685      0.000

 Intercepts
    I_Q04B             2.451      0.028     86.626      0.000
    I_Q04D             4.184      0.051     82.730      0.000
    I_Q04H             3.467      0.039     89.145      0.000
    I_Q04J             3.233      0.035     93.283      0.000
    I_Q04L             3.015      0.032     93.918      0.000
    I_Q04M             3.569      0.041     87.031      0.000

 Variances
    CURIOUS            1.000      0.000    999.000    999.000

 Residual Variances
    I_Q04B             0.687      0.015     47.252      0.000
    I_Q04D             0.545      0.014     39.011      0.000
    I_Q04H             0.627      0.015     41.907      0.000
    I_Q04J             0.494      0.014     35.704      0.000
    I_Q04L             0.440      0.013     33.396      0.000
    I_Q04M             0.608      0.014     44.549      0.000


R-SQUARE

    Observed                                        Two-Tailed
    Variable        Estimate       S.E.  Est./S.E.    P-Value

    I_Q04B             0.313      0.015     21.545      0.000
    I_Q04D             0.455      0.014     32.524      0.000
    I_Q04H             0.373      0.015     24.923      0.000
    I_Q04J             0.506      0.014     36.502      0.000
    I_Q04L             0.560      0.013     42.590      0.000
    I_Q04M             0.392      0.014     28.748      0.000


QUALITY OF NUMERICAL RESULTS

     Condition Number for the Information Matrix              0.619E-02
       (ratio of smallest to largest eigenvalue)


CONFIDENCE INTERVALS OF MODEL RESULTS

                  Lower .5%  Lower 2.5%    Lower 5%    Estimate    Upper 5%  Upper 2.5%   Upper .5%

 CURIOUS  BY
    I_Q04B           1.000       1.000       1.000       1.000       1.000       1.000       1.000
    I_Q04D           0.899       0.917       0.926       0.975       1.024       1.034       1.052
    I_Q04H           0.882       0.899       0.907       0.951       0.995       1.004       1.020
    I_Q04J           1.090       1.113       1.125       1.185       1.246       1.257       1.280
    I_Q04L           1.165       1.186       1.197       1.254       1.312       1.323       1.344
    I_Q04M           0.908       0.928       0.939       0.993       1.048       1.058       1.078

 I_Q04B   WITH
    I_Q04H           0.091       0.097       0.101       0.117       0.134       0.137       0.143
    I_Q04J          -0.100      -0.095      -0.092      -0.078      -0.064      -0.061      -0.055

 Intercepts
    I_Q04B           2.307       2.315       2.319       2.340       2.361       2.365       2.373
    I_Q04D           3.208       3.214       3.217       3.234       3.251       3.254       3.260
    I_Q04H           2.857       2.864       2.867       2.885       2.903       2.907       2.914
    I_Q04J           2.850       2.857       2.861       2.880       2.899       2.903       2.910
    I_Q04L           2.669       2.676       2.680       2.699       2.719       2.723       2.730
    I_Q04M           2.995       3.002       3.006       3.024       3.043       3.046       3.053

 Variances
    CURIOUS          0.246       0.256       0.261       0.286       0.311       0.315       0.325

 Residual Variances
    I_Q04B           0.585       0.595       0.600       0.626       0.653       0.658       0.667
    I_Q04D           0.303       0.308       0.311       0.326       0.340       0.343       0.349
    I_Q04H           0.406       0.413       0.416       0.434       0.453       0.456       0.463
    I_Q04J           0.364       0.371       0.375       0.392       0.410       0.413       0.420
    I_Q04L           0.324       0.331       0.334       0.352       0.370       0.373       0.380
    I_Q04M           0.410       0.416       0.420       0.437       0.453       0.457       0.463


CONFIDENCE INTERVALS OF STANDARDIZED MODEL RESULTS


STDYX Standardization

                  Lower .5%  Lower 2.5%    Lower 5%    Estimate    Upper 5%  Upper 2.5%   Upper .5%

 CURIOUS  BY
    I_Q04B           0.526       0.534       0.538       0.560       0.581       0.585       0.593
    I_Q04D           0.648       0.654       0.657       0.674       0.691       0.695       0.701
    I_Q04H           0.579       0.587       0.591       0.611       0.631       0.635       0.642
    I_Q04J           0.686       0.692       0.695       0.711       0.727       0.730       0.736
    I_Q04L           0.726       0.731       0.734       0.749       0.763       0.766       0.771
    I_Q04M           0.598       0.605       0.608       0.626       0.644       0.648       0.654

 I_Q04B   WITH
    I_Q04H           0.180       0.191       0.196       0.225       0.253       0.258       0.269
    I_Q04J          -0.204      -0.193      -0.187      -0.157      -0.127      -0.122      -0.111

 Intercepts
    I_Q04B           2.378       2.395       2.404       2.451       2.497       2.506       2.523
    I_Q04D           4.054       4.085       4.101       4.184       4.268       4.283       4.315
    I_Q04H           3.367       3.391       3.403       3.467       3.531       3.543       3.567
    I_Q04J           3.144       3.165       3.176       3.233       3.290       3.301       3.323
    I_Q04L           2.932       2.952       2.962       3.015       3.068       3.078       3.098
    I_Q04M           3.463       3.488       3.501       3.569       3.636       3.649       3.674

 Variances
    CURIOUS          1.000       1.000       1.000       1.000       1.000       1.000       1.000

 Residual Variances
    I_Q04B           0.649       0.658       0.663       0.687       0.711       0.715       0.724
    I_Q04D           0.509       0.518       0.522       0.545       0.568       0.573       0.581
    I_Q04H           0.589       0.598       0.602       0.627       0.652       0.656       0.666
    I_Q04J           0.459       0.467       0.472       0.494       0.517       0.522       0.530
    I_Q04L           0.406       0.414       0.418       0.440       0.461       0.465       0.473
    I_Q04M           0.573       0.581       0.585       0.608       0.630       0.635       0.643


STDY Standardization

                  Lower .5%  Lower 2.5%    Lower 5%    Estimate    Upper 5%  Upper 2.5%   Upper .5%

 CURIOUS  BY
    I_Q04B           0.526       0.534       0.538       0.560       0.581       0.585       0.593
    I_Q04D           0.648       0.654       0.657       0.674       0.691       0.695       0.701
    I_Q04H           0.579       0.587       0.591       0.611       0.631       0.635       0.642
    I_Q04J           0.686       0.692       0.695       0.711       0.727       0.730       0.736
    I_Q04L           0.726       0.731       0.734       0.749       0.763       0.766       0.771
    I_Q04M           0.598       0.605       0.608       0.626       0.644       0.648       0.654

 I_Q04B   WITH
    I_Q04H           0.180       0.191       0.196       0.225       0.253       0.258       0.269
    I_Q04J          -0.204      -0.193      -0.187      -0.157      -0.127      -0.122      -0.111

 Intercepts
    I_Q04B           2.378       2.395       2.404       2.451       2.497       2.506       2.523
    I_Q04D           4.054       4.085       4.101       4.184       4.268       4.283       4.315
    I_Q04H           3.367       3.391       3.403       3.467       3.531       3.543       3.567
    I_Q04J           3.144       3.165       3.176       3.233       3.290       3.301       3.323
    I_Q04L           2.932       2.952       2.962       3.015       3.068       3.078       3.098
    I_Q04M           3.463       3.488       3.501       3.569       3.636       3.649       3.674

 Variances
    CURIOUS          1.000       1.000       1.000       1.000       1.000       1.000       1.000

 Residual Variances
    I_Q04B           0.649       0.658       0.663       0.687       0.711       0.715       0.724
    I_Q04D           0.509       0.518       0.522       0.545       0.568       0.573       0.581
    I_Q04H           0.589       0.598       0.602       0.627       0.652       0.656       0.666
    I_Q04J           0.459       0.467       0.472       0.494       0.517       0.522       0.530
    I_Q04L           0.406       0.414       0.418       0.440       0.461       0.465       0.473
    I_Q04M           0.573       0.581       0.585       0.608       0.630       0.635       0.643


     Beginning Time:  13:34:06
        Ending Time:  13:34:08
       Elapsed Time:  00:00:02



MUTHEN & MUTHEN
3463 Stoner Ave.
Los Angeles, CA  90066

Tel: (310) 391-9971
Fax: (310) 391-8971
Web: www.StatModel.com
Support: Support@StatModel.com

Copyright (c) 1998-2020 Muthen & Muthen
