Mplus VERSION 8.2 (Mac)
MUTHEN & MUTHEN
03/19/2022   6:12 PM

INPUT INSTRUCTIONS

  TITLE:	Structural equation modeling with PIAAC data
  	CFA
  	Single-factor model of curiosity and categorical treatment--modified
  	Complex design: PVs, total weight, clustering, stratification

  DATA: 	FILE IS piaac1-nor_pv1.dat;
  	! TYPE = IMPUTATION;
  	! Not needed here as the model does not contain any PV
  		
  		
  VARIABLE:
  	NAMES ARE
  		AGE FEMALE B_Q01a
  		D_Q11a D_Q11b D_Q11c D_Q11d
  		F_Q03a F_Q03c F_Q05a F_Q05b
  		G_Q01a G_Q01b G_Q01c G_Q01d
  		G_Q01e G_Q01f G_Q01g G_Q01h
  		G_Q02a G_Q02b G_Q02c G_Q02d
  		G_Q03b G_Q03c G_Q03d G_Q03f G_Q03g G_Q03h
  		G_Q05a G_Q05c G_Q05d G_Q05e
  		G_Q05f G_Q05g G_Q05h
  		H_Q01a H_Q01b H_Q01c H_Q01d
  		H_Q01e H_Q01f H_Q01g H_Q01h
  		H_Q02a H_Q02b H_Q02c H_Q02d
  		H_Q03b H_Q03c H_Q03d H_Q03f H_Q03g H_Q03h
  		H_Q05a H_Q05c H_Q05d H_Q05e
  		H_Q05f H_Q05g H_Q05h
  		I_Q04b I_Q04d I_Q04h I_Q04j I_Q04l I_Q04m
  		I_Q06a
  		I_Q07a I_Q07b
  		HOMLANG IMGEN
  		PVLIT PVNUM PVPSL
  		SPFWT0
  		SPFWT1-SPFWT80
  		VARSTRAT VARUNIT;
  		
  	! Variables to be used
  	! Newly defined variable appear at the end of this list
  	USEVARIABLES ARE
  		I_Q04b
  		I_Q04d
  		I_Q04h
  		I_Q04j
  		I_Q04l
  		I_Q04m;
  		
  	! Missing data coding
  	MISSING ARE ALL(-99);
  		
  	! Final participant weight
  	WEIGHT = SPFWT0;
  	
  	! Clustering in sampling units
  	CLUSTER = VARUNIT;
  	
  	! Stratification
  	STRATIFICATION = VARSTRAT;
  	
  	! Declare categorical variables
  	CATEGORICAL IS
  		I_Q04b-I_Q04m;
  	

  ANALYSIS:
  	TYPE = COMPLEX;
  	ESTIMATOR = WLSMV;
  	H1ITERATIONS = 10000;
  	PARAMETERIZATION = THETA;

  MODEL:
  	
  	! MEASUREMENT MODEL
  	! Curiousity
  	CURIOUS BY
  		I_Q04b
  		I_Q04d
  		I_Q04h
  		I_Q04j
  		I_Q04l
  		I_Q04m;
  		
  	! Model modifications
  	! Residual covariance
  	I_Q04B WITH I_Q04H;
  	I_Q04B WITH I_Q04J;
  	
  	


  OUTPUT: STDYX;	! Fully standardized parameters requested
          STDY;	! Standardized parameter estimates requested
          		! (some X-variables are dichotomous)
          SAMPSTAT;	! Sample statistics
          CINTERVAL;	! Confidence intervals
          MOD(all);	! Modification indices



*** WARNING
  Clusters with the same IDs have been found in different strata.  These
  clusters are assumed to be different because clusters are not allowed
  to appear in more than one stratum.
*** WARNING
  Data set contains cases with missing on all variables.
  These cases were not included in the analysis.
  Number of cases with missing on all variables:  186
   2 WARNING(S) FOUND IN THE INPUT INSTRUCTIONS



Structural equation modeling with PIAAC data
CFA
Single-factor model of curiosity and categorical treatment--modified
Complex design: PVs, total weight, clustering, stratification

SUMMARY OF ANALYSIS

Number of groups                                                 1
Number of observations                                        4942

Number of dependent variables                                    6
Number of independent variables                                  0
Number of continuous latent variables                            1

Observed dependent variables

  Binary and ordered categorical (ordinal)
   I_Q04B      I_Q04D      I_Q04H      I_Q04J      I_Q04L      I_Q04M

Continuous latent variables
   CURIOUS

Variables with special functions

  Stratification        VARSTRAT
  Cluster variable      VARUNIT
  Weight variable       SPFWT0

Estimator                                                    WLSMV
Maximum number of iterations                                  1000
Convergence criterion                                    0.500D-04
Maximum number of steepest descent iterations                   20
Maximum number of iterations for H1                          10000
Convergence criterion for H1                             0.100D-03
Parameterization                                             THETA
Link                                                        PROBIT

Input data file(s)
  piaac1-nor_pv1.dat

Input data format  FREE


SUMMARY OF DATA

     Number of missing data patterns            15
     Number of strata                           80
     Number of clusters                        163


COVARIANCE COVERAGE OF DATA

Minimum covariance coverage value   0.100


     PROPORTION OF DATA PRESENT


           Covariance Coverage
              I_Q04B        I_Q04D        I_Q04H        I_Q04J        I_Q04L
              ________      ________      ________      ________      ________
 I_Q04B         0.996
 I_Q04D         0.996         1.000
 I_Q04H         0.995         0.997         0.997
 I_Q04J         0.996         0.999         0.997         0.999
 I_Q04L         0.994         0.996         0.994         0.996         0.996
 I_Q04M         0.996         0.999         0.997         0.998         0.995


           Covariance Coverage
              I_Q04M
              ________
 I_Q04M         0.999


UNIVARIATE PROPORTIONS AND COUNTS FOR CATEGORICAL VARIABLES

    I_Q04B
      Category 1    0.023          113.260
      Category 2    0.131          643.160
      Category 3    0.483         2373.972
      Category 4    0.288         1419.035
      Category 5    0.075          370.564
    I_Q04D
      Category 1    0.003           13.493
      Category 2    0.017           81.753
      Category 3    0.166          821.998
      Category 4    0.469         2318.086
      Category 5    0.345         1706.669
    I_Q04H
      Category 1    0.004           18.644
      Category 2    0.027          132.400
      Category 3    0.260         1281.366
      Category 4    0.498         2451.368
      Category 5    0.211         1040.133
    I_Q04J
      Category 1    0.006           30.941
      Category 2    0.038          187.198
      Category 3    0.231         1139.303
      Category 4    0.458         2262.605
      Category 5    0.267         1315.513
    I_Q04L
      Category 1    0.012           60.298
      Category 2    0.096          472.979
      Category 3    0.407         2000.741
      Category 4    0.368         1808.492
      Category 5    0.117          575.793
    I_Q04M
      Category 1    0.004           21.624
      Category 2    0.029          144.155
      Category 3    0.219         1081.105
      Category 4    0.499         2464.297
      Category 5    0.248         1225.843


SAMPLE STATISTICS


     ESTIMATED SAMPLE STATISTICS


           MEANS/INTERCEPTS/THRESHOLDS
              I_Q04B$1      I_Q04B$2      I_Q04B$3      I_Q04B$4      I_Q04D$1
              ________      ________      ________      ________      ________
               -1.995        -1.021         0.348         1.437        -2.779


           MEANS/INTERCEPTS/THRESHOLDS
              I_Q04D$2      I_Q04D$3      I_Q04D$4      I_Q04H$1      I_Q04H$2
              ________      ________      ________      ________      ________
               -2.069        -0.894         0.398        -2.671        -1.871


           MEANS/INTERCEPTS/THRESHOLDS
              I_Q04H$3      I_Q04H$4      I_Q04J$1      I_Q04J$2      I_Q04J$3
              ________      ________      ________      ________      ________
               -0.551         0.802        -2.497        -1.704        -0.598


           MEANS/INTERCEPTS/THRESHOLDS
              I_Q04J$4      I_Q04L$1      I_Q04L$2      I_Q04L$3      I_Q04L$4
              ________      ________      ________      ________      ________
                0.623        -2.249        -1.235         0.038         1.190


           MEANS/INTERCEPTS/THRESHOLDS
              I_Q04M$1      I_Q04M$2      I_Q04M$3      I_Q04M$4
              ________      ________      ________      ________
               -2.621        -1.831        -0.666         0.680


           CORRELATION MATRIX (WITH VARIANCES ON THE DIAGONAL)
              I_Q04B        I_Q04D        I_Q04H        I_Q04J        I_Q04L
              ________      ________      ________      ________      ________
 I_Q04B
 I_Q04D         0.486
 I_Q04H         0.565         0.584
 I_Q04J         0.325         0.470         0.459
 I_Q04L         0.501         0.527         0.570         0.572
 I_Q04M         0.354         0.520         0.457         0.505         0.517


           CORRELATION MATRIX (WITH VARIANCES ON THE DIAGONAL)
              I_Q04M
              ________


THE MODEL ESTIMATION TERMINATED NORMALLY



MODEL FIT INFORMATION

Number of Free Parameters                       32

Chi-Square Test of Model Fit

          Value                            205.784*
          Degrees of Freedom                     7
          P-Value                           0.0000

*   The chi-square value for MLM, MLMV, MLR, ULSMV, WLSM and WLSMV cannot be used
    for chi-square difference testing in the regular way.  MLM, MLR and WLSM
    chi-square difference testing is described on the Mplus website.  MLMV, WLSMV,
    and ULSMV difference testing is done using the DIFFTEST option.

RMSEA (Root Mean Square Error Of Approximation)

          Estimate                           0.076
          90 Percent C.I.                    0.067  0.085
          Probability RMSEA <= .05           0.000

CFI/TLI

          CFI                                0.989
          TLI                                0.976

Chi-Square Test of Model Fit for the Baseline Model

          Value                          17537.045
          Degrees of Freedom                    15
          P-Value                           0.0000

SRMR (Standardized Root Mean Square Residual)

          Value                              0.020

Optimum Function Value for Weighted Least-Squares Estimator

          Value                     0.11607587D-01



MODEL RESULTS

                                                    Two-Tailed
                    Estimate       S.E.  Est./S.E.    P-Value

 CURIOUS  BY
    I_Q04B             1.000      0.000    999.000    999.000
    I_Q04D             1.414      0.058     24.278      0.000
    I_Q04H             1.347      0.054     25.109      0.000
    I_Q04J             1.233      0.055     22.343      0.000
    I_Q04L             1.537      0.066     23.214      0.000
    I_Q04M             1.136      0.046     24.960      0.000

 I_Q04B   WITH
    I_Q04H             0.210      0.020     10.497      0.000
    I_Q04J            -0.194      0.024     -8.019      0.000

 Thresholds
    I_Q04B$1          -2.545      0.052    -48.681      0.000
    I_Q04B$2          -1.302      0.028    -46.469      0.000
    I_Q04B$3           0.444      0.024     18.451      0.000
    I_Q04B$4           1.833      0.033     55.988      0.000
    I_Q04D$1          -4.171      0.142    -29.378      0.000
    I_Q04D$2          -3.106      0.074    -42.138      0.000
    I_Q04D$3          -1.343      0.037    -36.075      0.000
    I_Q04D$4           0.597      0.024     24.433      0.000
    I_Q04H$1          -3.907      0.117    -33.322      0.000
    I_Q04H$2          -2.735      0.061    -44.635      0.000
    I_Q04H$3          -0.805      0.030    -26.791      0.000
    I_Q04H$4           1.173      0.028     42.469      0.000
    I_Q04J$1          -3.489      0.089    -39.308      0.000
    I_Q04J$2          -2.381      0.046    -51.489      0.000
    I_Q04J$3          -0.835      0.027    -30.848      0.000
    I_Q04J$4           0.871      0.030     29.397      0.000
    I_Q04L$1          -3.542      0.087    -40.944      0.000
    I_Q04L$2          -1.945      0.047    -41.721      0.000
    I_Q04L$3           0.060      0.023      2.559      0.010
    I_Q04L$4           1.874      0.043     43.094      0.000
    I_Q04M$1          -3.524      0.112    -31.501      0.000
    I_Q04M$2          -2.462      0.050    -48.868      0.000
    I_Q04M$3          -0.896      0.025    -35.476      0.000
    I_Q04M$4           0.914      0.023     39.919      0.000

 Variances
    CURIOUS            0.627      0.044     14.253      0.000


STANDARDIZED MODEL RESULTS


STDYX Standardization

                                                    Two-Tailed
                    Estimate       S.E.  Est./S.E.    P-Value

 CURIOUS  BY
    I_Q04B             0.621      0.013     46.377      0.000
    I_Q04D             0.746      0.008     87.934      0.000
    I_Q04H             0.729      0.009     77.651      0.000
    I_Q04J             0.699      0.010     71.440      0.000
    I_Q04L             0.773      0.009     87.112      0.000
    I_Q04M             0.669      0.009     71.872      0.000

 I_Q04B   WITH
    I_Q04H             0.210      0.020     10.497      0.000
    I_Q04J            -0.194      0.024     -8.019      0.000

 Thresholds
    I_Q04B$1          -1.995      0.041    -48.768      0.000
    I_Q04B$2          -1.021      0.021    -47.832      0.000
    I_Q04B$3           0.348      0.018     19.175      0.000
    I_Q04B$4           1.437      0.022     65.134      0.000
    I_Q04D$1          -2.778      0.100    -27.805      0.000
    I_Q04D$2          -2.069      0.045    -45.654      0.000
    I_Q04D$3          -0.894      0.022    -40.274      0.000
    I_Q04D$4           0.398      0.016     25.159      0.000
    I_Q04H$1          -2.672      0.089    -30.116      0.000
    I_Q04H$2          -1.871      0.039    -48.429      0.000
    I_Q04H$3          -0.551      0.019    -28.597      0.000
    I_Q04H$4           0.802      0.017     47.465      0.000
    I_Q04J$1          -2.497      0.067    -37.030      0.000
    I_Q04J$2          -1.704      0.033    -51.711      0.000
    I_Q04J$3          -0.598      0.018    -33.232      0.000
    I_Q04J$4           0.623      0.020     31.254      0.000
    I_Q04L$1          -2.249      0.055    -40.585      0.000
    I_Q04L$2          -1.235      0.025    -49.744      0.000
    I_Q04L$3           0.038      0.015      2.568      0.010
    I_Q04L$4           1.190      0.023     51.269      0.000
    I_Q04M$1          -2.620      0.079    -32.987      0.000
    I_Q04M$2          -1.831      0.033    -55.157      0.000
    I_Q04M$3          -0.666      0.017    -38.278      0.000
    I_Q04M$4           0.680      0.018     38.388      0.000

 Variances
    CURIOUS            1.000      0.000    999.000    999.000


STDY Standardization

                                                    Two-Tailed
                    Estimate       S.E.  Est./S.E.    P-Value

 CURIOUS  BY
    I_Q04B             0.621      0.013     46.377      0.000
    I_Q04D             0.746      0.008     87.934      0.000
    I_Q04H             0.729      0.009     77.651      0.000
    I_Q04J             0.699      0.010     71.440      0.000
    I_Q04L             0.773      0.009     87.112      0.000
    I_Q04M             0.669      0.009     71.872      0.000

 I_Q04B   WITH
    I_Q04H             0.210      0.020     10.497      0.000
    I_Q04J            -0.194      0.024     -8.019      0.000

 Thresholds
    I_Q04B$1          -1.995      0.041    -48.768      0.000
    I_Q04B$2          -1.021      0.021    -47.832      0.000
    I_Q04B$3           0.348      0.018     19.175      0.000
    I_Q04B$4           1.437      0.022     65.134      0.000
    I_Q04D$1          -2.778      0.100    -27.805      0.000
    I_Q04D$2          -2.069      0.045    -45.654      0.000
    I_Q04D$3          -0.894      0.022    -40.274      0.000
    I_Q04D$4           0.398      0.016     25.159      0.000
    I_Q04H$1          -2.672      0.089    -30.116      0.000
    I_Q04H$2          -1.871      0.039    -48.429      0.000
    I_Q04H$3          -0.551      0.019    -28.597      0.000
    I_Q04H$4           0.802      0.017     47.465      0.000
    I_Q04J$1          -2.497      0.067    -37.030      0.000
    I_Q04J$2          -1.704      0.033    -51.711      0.000
    I_Q04J$3          -0.598      0.018    -33.232      0.000
    I_Q04J$4           0.623      0.020     31.254      0.000
    I_Q04L$1          -2.249      0.055    -40.585      0.000
    I_Q04L$2          -1.235      0.025    -49.744      0.000
    I_Q04L$3           0.038      0.015      2.568      0.010
    I_Q04L$4           1.190      0.023     51.269      0.000
    I_Q04M$1          -2.620      0.079    -32.987      0.000
    I_Q04M$2          -1.831      0.033    -55.157      0.000
    I_Q04M$3          -0.666      0.017    -38.278      0.000
    I_Q04M$4           0.680      0.018     38.388      0.000

 Variances
    CURIOUS            1.000      0.000    999.000    999.000


R-SQUARE

    Observed                                        Two-Tailed     Scale
    Variable        Estimate       S.E.  Est./S.E.    P-Value     Factors

    I_Q04B             0.385      0.017     23.189      0.000      0.784
    I_Q04D             0.556      0.013     43.967      0.000      0.666
    I_Q04H             0.532      0.014     38.825      0.000      0.684
    I_Q04J             0.488      0.014     35.720      0.000      0.716
    I_Q04L             0.597      0.014     43.556      0.000      0.635
    I_Q04M             0.447      0.012     35.936      0.000      0.744


QUALITY OF NUMERICAL RESULTS

     Condition Number for the Information Matrix              0.295E-02
       (ratio of smallest to largest eigenvalue)


CONFIDENCE INTERVALS OF MODEL RESULTS

                  Lower .5%  Lower 2.5%    Lower 5%    Estimate    Upper 5%  Upper 2.5%   Upper .5%

 CURIOUS  BY
    I_Q04B           1.000       1.000       1.000       1.000       1.000       1.000       1.000
    I_Q04D           1.264       1.300       1.318       1.414       1.510       1.528       1.564
    I_Q04H           1.208       1.241       1.258       1.347       1.435       1.452       1.485
    I_Q04J           1.091       1.125       1.142       1.233       1.324       1.341       1.375
    I_Q04L           1.366       1.407       1.428       1.537       1.646       1.667       1.707
    I_Q04M           1.019       1.047       1.061       1.136       1.211       1.225       1.253

 I_Q04B   WITH
    I_Q04H           0.158       0.171       0.177       0.210       0.243       0.249       0.261
    I_Q04J          -0.256      -0.241      -0.234      -0.194      -0.154      -0.146      -0.132

 Thresholds
    I_Q04B$1        -2.680      -2.647      -2.631      -2.545      -2.459      -2.442      -2.410
    I_Q04B$2        -1.374      -1.357      -1.348      -1.302      -1.256      -1.247      -1.230
    I_Q04B$3         0.382       0.397       0.405       0.444       0.484       0.492       0.507
    I_Q04B$4         1.749       1.769       1.779       1.833       1.887       1.897       1.918
    I_Q04D$1        -4.537      -4.449      -4.405      -4.171      -3.938      -3.893      -3.805
    I_Q04D$2        -3.296      -3.250      -3.227      -3.106      -2.985      -2.961      -2.916
    I_Q04D$3        -1.438      -1.415      -1.404      -1.343      -1.281      -1.270      -1.247
    I_Q04D$4         0.534       0.549       0.557       0.597       0.638       0.645       0.660
    I_Q04H$1        -4.209      -4.136      -4.099      -3.907      -3.714      -3.677      -3.605
    I_Q04H$2        -2.893      -2.855      -2.836      -2.735      -2.634      -2.615      -2.577
    I_Q04H$3        -0.882      -0.864      -0.855      -0.805      -0.756      -0.746      -0.728
    I_Q04H$4         1.101       1.118       1.127       1.173       1.218       1.227       1.244
    I_Q04J$1        -3.718      -3.663      -3.635      -3.489      -3.343      -3.315      -3.261
    I_Q04J$2        -2.500      -2.472      -2.457      -2.381      -2.305      -2.290      -2.262
    I_Q04J$3        -0.905      -0.888      -0.880      -0.835      -0.791      -0.782      -0.766
    I_Q04J$4         0.795       0.813       0.822       0.871       0.920       0.929       0.948
    I_Q04L$1        -3.765      -3.712      -3.685      -3.542      -3.400      -3.373      -3.320
    I_Q04L$2        -2.065      -2.036      -2.022      -1.945      -1.868      -1.854      -1.825
    I_Q04L$3         0.000       0.014       0.021       0.060       0.099       0.106       0.121
    I_Q04L$4         1.762       1.789       1.803       1.874       1.946       1.959       1.986
    I_Q04M$1        -3.812      -3.743      -3.708      -3.524      -3.340      -3.305      -3.236
    I_Q04M$2        -2.592      -2.561      -2.545      -2.462      -2.379      -2.363      -2.332
    I_Q04M$3        -0.961      -0.946      -0.938      -0.896      -0.855      -0.847      -0.831
    I_Q04M$4         0.855       0.869       0.877       0.914       0.952       0.959       0.973

 Variances
    CURIOUS          0.514       0.541       0.555       0.627       0.699       0.713       0.740


CONFIDENCE INTERVALS OF STANDARDIZED MODEL RESULTS


STDYX Standardization

                  Lower .5%  Lower 2.5%    Lower 5%    Estimate    Upper 5%  Upper 2.5%   Upper .5%

 CURIOUS  BY
    I_Q04B           0.586       0.595       0.599       0.621       0.643       0.647       0.655
    I_Q04D           0.724       0.729       0.732       0.746       0.760       0.763       0.768
    I_Q04H           0.705       0.711       0.714       0.729       0.745       0.748       0.754
    I_Q04J           0.673       0.679       0.682       0.699       0.715       0.718       0.724
    I_Q04L           0.750       0.755       0.758       0.773       0.787       0.790       0.795
    I_Q04M           0.645       0.650       0.653       0.669       0.684       0.687       0.693

 I_Q04B   WITH
    I_Q04H           0.158       0.171       0.177       0.210       0.243       0.249       0.261
    I_Q04J          -0.256      -0.241      -0.234      -0.194      -0.154      -0.146      -0.132

 Thresholds
    I_Q04B$1        -2.101      -2.075      -2.063      -1.995      -1.928      -1.915      -1.890
    I_Q04B$2        -1.075      -1.062      -1.056      -1.021      -0.985      -0.979      -0.966
    I_Q04B$3         0.302       0.313       0.319       0.348       0.378       0.384       0.395
    I_Q04B$4         1.380       1.394       1.401       1.437       1.474       1.481       1.494
    I_Q04D$1        -3.036      -2.974      -2.943      -2.778      -2.614      -2.582      -2.521
    I_Q04D$2        -2.186      -2.158      -2.143      -2.069      -1.994      -1.980      -1.952
    I_Q04D$3        -0.951      -0.938      -0.931      -0.894      -0.858      -0.851      -0.837
    I_Q04D$4         0.357       0.367       0.372       0.398       0.424       0.429       0.439
    I_Q04H$1        -2.901      -2.846      -2.818      -2.672      -2.526      -2.499      -2.444
    I_Q04H$2        -1.971      -1.947      -1.935      -1.871      -1.808      -1.795      -1.772
    I_Q04H$3        -0.600      -0.589      -0.582      -0.551      -0.519      -0.513      -0.501
    I_Q04H$4         0.759       0.769       0.774       0.802       0.830       0.835       0.846
    I_Q04J$1        -2.670      -2.629      -2.608      -2.497      -2.386      -2.365      -2.323
    I_Q04J$2        -1.789      -1.768      -1.758      -1.704      -1.650      -1.639      -1.619
    I_Q04J$3        -0.644      -0.633      -0.627      -0.598      -0.568      -0.562      -0.551
    I_Q04J$4         0.572       0.584       0.591       0.623       0.656       0.662       0.675
    I_Q04L$1        -2.392      -2.358      -2.340      -2.249      -2.158      -2.140      -2.106
    I_Q04L$2        -1.299      -1.284      -1.276      -1.235      -1.194      -1.186      -1.171
    I_Q04L$3         0.000       0.009       0.014       0.038       0.063       0.067       0.076
    I_Q04L$4         1.130       1.144       1.152       1.190       1.228       1.235       1.250
    I_Q04M$1        -2.825      -2.776      -2.751      -2.620      -2.490      -2.465      -2.416
    I_Q04M$2        -1.916      -1.896      -1.885      -1.831      -1.776      -1.765      -1.745
    I_Q04M$3        -0.711      -0.701      -0.695      -0.666      -0.638      -0.632      -0.622
    I_Q04M$4         0.634       0.645       0.651       0.680       0.709       0.715       0.725

 Variances
    CURIOUS          1.000       1.000       1.000       1.000       1.000       1.000       1.000


STDY Standardization

                  Lower .5%  Lower 2.5%    Lower 5%    Estimate    Upper 5%  Upper 2.5%   Upper .5%

 CURIOUS  BY
    I_Q04B           0.586       0.595       0.599       0.621       0.643       0.647       0.655
    I_Q04D           0.724       0.729       0.732       0.746       0.760       0.763       0.768
    I_Q04H           0.705       0.711       0.714       0.729       0.745       0.748       0.754
    I_Q04J           0.673       0.679       0.682       0.699       0.715       0.718       0.724
    I_Q04L           0.750       0.755       0.758       0.773       0.787       0.790       0.795
    I_Q04M           0.645       0.650       0.653       0.669       0.684       0.687       0.693

 I_Q04B   WITH
    I_Q04H           0.158       0.171       0.177       0.210       0.243       0.249       0.261
    I_Q04J          -0.256      -0.241      -0.234      -0.194      -0.154      -0.146      -0.132

 Thresholds
    I_Q04B$1        -2.101      -2.075      -2.063      -1.995      -1.928      -1.915      -1.890
    I_Q04B$2        -1.075      -1.062      -1.056      -1.021      -0.985      -0.979      -0.966
    I_Q04B$3         0.302       0.313       0.319       0.348       0.378       0.384       0.395
    I_Q04B$4         1.380       1.394       1.401       1.437       1.474       1.481       1.494
    I_Q04D$1        -3.036      -2.974      -2.943      -2.778      -2.614      -2.582      -2.521
    I_Q04D$2        -2.186      -2.158      -2.143      -2.069      -1.994      -1.980      -1.952
    I_Q04D$3        -0.951      -0.938      -0.931      -0.894      -0.858      -0.851      -0.837
    I_Q04D$4         0.357       0.367       0.372       0.398       0.424       0.429       0.439
    I_Q04H$1        -2.901      -2.846      -2.818      -2.672      -2.526      -2.499      -2.444
    I_Q04H$2        -1.971      -1.947      -1.935      -1.871      -1.808      -1.795      -1.772
    I_Q04H$3        -0.600      -0.589      -0.582      -0.551      -0.519      -0.513      -0.501
    I_Q04H$4         0.759       0.769       0.774       0.802       0.830       0.835       0.846
    I_Q04J$1        -2.670      -2.629      -2.608      -2.497      -2.386      -2.365      -2.323
    I_Q04J$2        -1.789      -1.768      -1.758      -1.704      -1.650      -1.639      -1.619
    I_Q04J$3        -0.644      -0.633      -0.627      -0.598      -0.568      -0.562      -0.551
    I_Q04J$4         0.572       0.584       0.591       0.623       0.656       0.662       0.675
    I_Q04L$1        -2.392      -2.358      -2.340      -2.249      -2.158      -2.140      -2.106
    I_Q04L$2        -1.299      -1.284      -1.276      -1.235      -1.194      -1.186      -1.171
    I_Q04L$3         0.000       0.009       0.014       0.038       0.063       0.067       0.076
    I_Q04L$4         1.130       1.144       1.152       1.190       1.228       1.235       1.250
    I_Q04M$1        -2.825      -2.776      -2.751      -2.620      -2.490      -2.465      -2.416
    I_Q04M$2        -1.916      -1.896      -1.885      -1.831      -1.776      -1.765      -1.745
    I_Q04M$3        -0.711      -0.701      -0.695      -0.666      -0.638      -0.632      -0.622
    I_Q04M$4         0.634       0.645       0.651       0.680       0.709       0.715       0.725

 Variances
    CURIOUS          1.000       1.000       1.000       1.000       1.000       1.000       1.000


MODEL MODIFICATION INDICES

Minimum M.I. value for printing the modification index    10.000

                                   M.I.     E.P.C.  Std E.P.C.  StdYX E.P.C.

ON/BY Statements

I_Q04B   ON CURIOUS  /
CURIOUS  BY I_Q04B               999.000     0.000      0.000        0.000

ON Statements

CURIOUS  ON I_Q04B               999.000     0.000      0.000        0.000
I_Q04B   ON I_Q04H               999.000     0.000      0.000        0.000
I_Q04B   ON I_Q04J               999.000     0.000      0.000        0.000
I_Q04B   ON I_Q04L                10.486     0.089      0.089        0.110
I_Q04B   ON I_Q04M                48.711    -0.161     -0.161       -0.170
I_Q04D   ON I_Q04B                31.628     0.147      0.147        0.125
I_Q04D   ON I_Q04H                83.732     0.239      0.239        0.232
I_Q04D   ON I_Q04J                33.181    -0.157     -0.157       -0.146
I_Q04D   ON I_Q04L                84.040    -0.269     -0.269       -0.282
I_Q04D   ON I_Q04M                11.793     0.080      0.080        0.071
I_Q04H   ON I_Q04B                49.492     0.948      0.948        0.827
I_Q04H   ON I_Q04D                66.990     0.205      0.205        0.210
I_Q04H   ON I_Q04H               999.000     0.000      0.000        0.000
I_Q04H   ON I_Q04J                48.405    -0.182     -0.182       -0.174
I_Q04H   ON I_Q04M                17.102    -0.098     -0.098       -0.090
I_Q04J   ON I_Q04B                48.594    -0.867     -0.867       -0.791
I_Q04J   ON I_Q04D                30.458    -0.160     -0.160       -0.172
I_Q04J   ON I_Q04H                48.399    -0.182     -0.182       -0.190
I_Q04J   ON I_Q04L                32.403     0.150      0.150        0.169
I_Q04J   ON I_Q04M                32.119     0.122      0.122        0.118
I_Q04L   ON I_Q04D                84.263    -0.270     -0.270       -0.257
I_Q04L   ON I_Q04J                22.960     0.119      0.119        0.106
I_Q04M   ON I_Q04B                73.073    -0.188     -0.188       -0.179
I_Q04M   ON I_Q04D                11.741     0.079      0.079        0.089
I_Q04M   ON I_Q04H                33.520    -0.141     -0.141       -0.154
I_Q04M   ON I_Q04J                43.182     0.135      0.135        0.140
I_Q04M   ON I_Q04M               999.000     0.000      0.000        0.000

WITH Statements

I_Q04B   WITH CURIOUS            999.000     0.000      0.000        0.000
I_Q04H   WITH I_Q04D              66.924     0.205      0.205        0.205
I_Q04J   WITH I_Q04D              30.520    -0.160     -0.160       -0.160
I_Q04J   WITH I_Q04H              48.446    -0.182     -0.182       -0.182
I_Q04L   WITH I_Q04B              10.819     0.091      0.091        0.091
I_Q04L   WITH I_Q04D              84.374    -0.270     -0.270       -0.270
I_Q04L   WITH I_Q04J              32.340     0.150      0.150        0.150
I_Q04M   WITH I_Q04B              48.270    -0.161     -0.161       -0.161
I_Q04M   WITH I_Q04D              11.720     0.079      0.079        0.079
I_Q04M   WITH I_Q04H              17.128    -0.098     -0.098       -0.098
I_Q04M   WITH I_Q04J              32.081     0.122      0.122        0.122


DIAGRAM INFORMATION

  Use View Diagram under the Diagram menu in the Mplus Editor to view the diagram.
  If running Mplus from the Mplus Diagrammer, the diagram opens automatically.

  Diagram output
    /Users/ronnysc/Documents/CEMO/TEACHING/PIAAC2022-SEM/Examples/2-CFA/CFA1c.dgm

     Beginning Time:  18:12:55
        Ending Time:  18:12:56
       Elapsed Time:  00:00:01



MUTHEN & MUTHEN
3463 Stoner Ave.
Los Angeles, CA  90066

Tel: (310) 391-9971
Fax: (310) 391-8971
Web: www.StatModel.com
Support: Support@StatModel.com

Copyright (c) 1998-2018 Muthen & Muthen
