Mplus VERSION 8.5 (Linux)
MUTHEN & MUTHEN
03/23/2022   1:34 PM

INPUT INSTRUCTIONS


  TITLE:
      One-factor CFA for Czech Republic


  DATA:
      file = "../../piaac1-all-curiosity.dat"; ! Dataset is saved two layers up


  VARIABLE:
      NAMES =
          CNTRYID
          I_Q04b I_Q04d I_Q04h I_Q04j I_Q04l I_Q04m
          SPFWT0
          HDI2012 UAI
          ;

      USEVARIABLES = I_Q04b I_Q04d I_Q04h I_Q04j I_Q04l I_Q04m;

      USEOBSERVATIONS = CNTRYID eq 203;

      MISSING = all(-99);

      ! Final participant weight
  	WEIGHT = SPFWT0;


  ANALYSIS:
      ESTIMATOR = MLR;


  MODEL:
      CURIOUS by I_Q04b I_Q04d I_Q04h I_Q04j I_Q04l I_Q04m;

      I_Q04b with I_Q04h;
      I_Q04b with I_Q04j;

  OUTPUT:
      stdyx stdy sampstat cinterval;



*** WARNING
  Data set contains cases with missing on all variables.
  These cases were not included in the analysis.
  Number of cases with missing on all variables:  23
   1 WARNING(S) FOUND IN THE INPUT INSTRUCTIONS




One-factor CFA for Czech Republic

SUMMARY OF ANALYSIS

Number of groups                                                 1
Number of observations                                        6079

Number of dependent variables                                    6
Number of independent variables                                  0
Number of continuous latent variables                            1

Observed dependent variables

  Continuous
   I_Q04B      I_Q04D      I_Q04H      I_Q04J      I_Q04L      I_Q04M

Continuous latent variables
   CURIOUS

Variables with special functions

  Weight variable       SPFWT0

Estimator                                                      MLR
Information matrix                                        OBSERVED
Maximum number of iterations                                  1000
Convergence criterion                                    0.500D-04
Maximum number of steepest descent iterations                   20
Maximum number of iterations for H1                           2000
Convergence criterion for H1                             0.100D-03

Input data file(s)
  ../../piaac1-all-curiosity.dat

Input data format  FREE


SUMMARY OF DATA

     Number of missing data patterns             9


COVARIANCE COVERAGE OF DATA

Minimum covariance coverage value   0.100


     PROPORTION OF DATA PRESENT


           Covariance Coverage
              I_Q04B        I_Q04D        I_Q04H        I_Q04J        I_Q04L
              ________      ________      ________      ________      ________
 I_Q04B         0.999
 I_Q04D         0.999         1.000
 I_Q04H         0.998         0.999         0.999
 I_Q04J         0.998         0.999         0.999         1.000
 I_Q04L         0.998         0.999         0.999         0.999         0.999
 I_Q04M         0.999         1.000         0.999         0.999         0.999


           Covariance Coverage
              I_Q04M
              ________
 I_Q04M         1.000


SAMPLE STATISTICS


     ESTIMATED SAMPLE STATISTICS


           Means
              I_Q04B        I_Q04D        I_Q04H        I_Q04J        I_Q04L
              ________      ________      ________      ________      ________
                2.116         2.689         2.670         2.424         2.375


           Means
              I_Q04M
              ________
                3.055


           Covariances
              I_Q04B        I_Q04D        I_Q04H        I_Q04J        I_Q04L
              ________      ________      ________      ________      ________
 I_Q04B         0.836
 I_Q04D         0.352         0.873
 I_Q04H         0.369         0.436         0.838
 I_Q04J         0.361         0.468         0.440         1.260
 I_Q04L         0.424         0.433         0.460         0.664         1.201
 I_Q04M         0.229         0.311         0.282         0.385         0.366


           Covariances
              I_Q04M
              ________
 I_Q04M         0.704


           Correlations
              I_Q04B        I_Q04D        I_Q04H        I_Q04J        I_Q04L
              ________      ________      ________      ________      ________
 I_Q04B         1.000
 I_Q04D         0.412         1.000
 I_Q04H         0.441         0.510         1.000
 I_Q04J         0.351         0.446         0.428         1.000
 I_Q04L         0.423         0.423         0.458         0.540         1.000
 I_Q04M         0.298         0.396         0.367         0.408         0.398


           Correlations
              I_Q04M
              ________
 I_Q04M         1.000


     MAXIMUM LOG-LIKELIHOOD VALUE FOR THE UNRESTRICTED (H1) MODEL IS -45311.609


UNIVARIATE SAMPLE STATISTICS


     UNIVARIATE HIGHER-ORDER MOMENT DESCRIPTIVE STATISTICS

         Variable/         Mean/     Skewness/   Minimum/ % with                Percentiles
        Sample Size      Variance    Kurtosis    Maximum  Min/Max      20%/60%    40%/80%    Median

     I_Q04B                2.116      -0.065       0.000    3.85%       1.000      2.000      2.000
            6071.000       0.836      -0.043       4.000    6.42%       2.000      3.000
     I_Q04D                2.689      -0.420       0.000    1.43%       2.000      3.000      3.000
            6078.000       0.873      -0.140       4.000   22.08%       3.000      4.000
     I_Q04H                2.671      -0.453       0.000    1.55%       2.000      3.000      3.000
            6075.000       0.838       0.069       4.000   19.41%       3.000      3.000
     I_Q04J                2.424      -0.301       0.000    4.99%       1.000      2.000      3.000
            6076.000       1.260      -0.711       4.000   19.17%       3.000      3.000
     I_Q04L                2.375      -0.292       0.000    5.35%       1.000      2.000      2.000
            6075.000       1.201      -0.570       4.000   18.80%       3.000      3.000
     I_Q04M                3.055      -0.682       0.000    0.74%       2.000      3.000      3.000
            6077.000       0.704       0.227       4.000   34.57%       3.000      4.000


THE MODEL ESTIMATION TERMINATED NORMALLY



MODEL FIT INFORMATION

Number of Free Parameters                       20

Loglikelihood

          H0 Value                      -45437.824
          H0 Scaling Correction Factor      2.9577
            for MLR
          H1 Value                      -45311.609
          H1 Scaling Correction Factor      3.1585
            for MLR

Information Criteria

          Akaike (AIC)                   90915.647
          Bayesian (BIC)                 91049.899
          Sample-Size Adjusted BIC       90986.345
            (n* = (n + 2) / 24)

Chi-Square Test of Model Fit

          Value                             67.638*
          Degrees of Freedom                     7
          P-Value                           0.0000
          Scaling Correction Factor         3.7321
            for MLR

*   The chi-square value for MLM, MLMV, MLR, ULSMV, WLSM and WLSMV cannot be used
    for chi-square difference testing in the regular way.  MLM, MLR and WLSM
    chi-square difference testing is described on the Mplus website.  MLMV, WLSMV,
    and ULSMV difference testing is done using the DIFFTEST option.

RMSEA (Root Mean Square Error Of Approximation)

          Estimate                           0.038
          90 Percent C.I.                    0.030  0.046
          Probability RMSEA <= .05           0.992

CFI/TLI

          CFI                                0.979
          TLI                                0.954

Chi-Square Test of Model Fit for the Baseline Model

          Value                           2850.772
          Degrees of Freedom                    15
          P-Value                           0.0000

SRMR (Standardized Root Mean Square Residual)

          Value                              0.022



MODEL RESULTS

                                                    Two-Tailed
                    Estimate       S.E.  Est./S.E.    P-Value

 CURIOUS  BY
    I_Q04B             1.000      0.000    999.000    999.000
    I_Q04D             1.156      0.053     21.655      0.000
    I_Q04H             1.129      0.051     22.138      0.000
    I_Q04J             1.456      0.069     21.168      0.000
    I_Q04L             1.430      0.065     22.081      0.000
    I_Q04M             0.875      0.048     18.051      0.000

 I_Q04B   WITH
    I_Q04H             0.035      0.015      2.371      0.018
    I_Q04J            -0.062      0.017     -3.676      0.000

 Intercepts
    I_Q04B             2.116      0.020    107.534      0.000
    I_Q04D             2.689      0.020    133.338      0.000
    I_Q04H             2.670      0.020    133.368      0.000
    I_Q04J             2.424      0.024     99.429      0.000
    I_Q04L             2.375      0.023    103.376      0.000
    I_Q04M             3.055      0.017    175.010      0.000

 Variances
    CURIOUS            0.292      0.024     12.368      0.000

 Residual Variances
    I_Q04B             0.543      0.022     24.197      0.000
    I_Q04D             0.483      0.020     24.654      0.000
    I_Q04H             0.466      0.019     24.379      0.000
    I_Q04J             0.641      0.032     20.159      0.000
    I_Q04L             0.603      0.028     21.688      0.000
    I_Q04M             0.481      0.018     27.273      0.000


STANDARDIZED MODEL RESULTS


STDYX Standardization

                                                    Two-Tailed
                    Estimate       S.E.  Est./S.E.    P-Value

 CURIOUS  BY
    I_Q04B             0.592      0.020     29.425      0.000
    I_Q04D             0.669      0.017     40.383      0.000
    I_Q04H             0.667      0.017     39.227      0.000
    I_Q04J             0.701      0.018     39.563      0.000
    I_Q04L             0.706      0.016     44.117      0.000
    I_Q04M             0.564      0.018     30.760      0.000

 I_Q04B   WITH
    I_Q04H             0.070      0.029      2.453      0.014
    I_Q04J            -0.105      0.030     -3.524      0.000

 Intercepts
    I_Q04B             2.315      0.042     54.993      0.000
    I_Q04D             2.877      0.052     55.422      0.000
    I_Q04H             2.917      0.058     50.469      0.000
    I_Q04J             2.159      0.038     57.155      0.000
    I_Q04L             2.167      0.038     56.942      0.000
    I_Q04M             3.640      0.064     56.522      0.000

 Variances
    CURIOUS            1.000      0.000    999.000    999.000

 Residual Variances
    I_Q04B             0.650      0.024     27.337      0.000
    I_Q04D             0.553      0.022     24.957      0.000
    I_Q04H             0.556      0.023     24.528      0.000
    I_Q04J             0.509      0.025     20.475      0.000
    I_Q04L             0.502      0.023     22.244      0.000
    I_Q04M             0.682      0.021     33.047      0.000


STDY Standardization

                                                    Two-Tailed
                    Estimate       S.E.  Est./S.E.    P-Value

 CURIOUS  BY
    I_Q04B             0.592      0.020     29.425      0.000
    I_Q04D             0.669      0.017     40.383      0.000
    I_Q04H             0.667      0.017     39.227      0.000
    I_Q04J             0.701      0.018     39.563      0.000
    I_Q04L             0.706      0.016     44.117      0.000
    I_Q04M             0.564      0.018     30.760      0.000

 I_Q04B   WITH
    I_Q04H             0.070      0.029      2.453      0.014
    I_Q04J            -0.105      0.030     -3.524      0.000

 Intercepts
    I_Q04B             2.315      0.042     54.993      0.000
    I_Q04D             2.877      0.052     55.422      0.000
    I_Q04H             2.917      0.058     50.469      0.000
    I_Q04J             2.159      0.038     57.155      0.000
    I_Q04L             2.167      0.038     56.942      0.000
    I_Q04M             3.640      0.064     56.522      0.000

 Variances
    CURIOUS            1.000      0.000    999.000    999.000

 Residual Variances
    I_Q04B             0.650      0.024     27.337      0.000
    I_Q04D             0.553      0.022     24.957      0.000
    I_Q04H             0.556      0.023     24.528      0.000
    I_Q04J             0.509      0.025     20.475      0.000
    I_Q04L             0.502      0.023     22.244      0.000
    I_Q04M             0.682      0.021     33.047      0.000


R-SQUARE

    Observed                                        Two-Tailed
    Variable        Estimate       S.E.  Est./S.E.    P-Value

    I_Q04B             0.350      0.024     14.712      0.000
    I_Q04D             0.447      0.022     20.192      0.000
    I_Q04H             0.444      0.023     19.613      0.000
    I_Q04J             0.491      0.025     19.782      0.000
    I_Q04L             0.498      0.023     22.059      0.000
    I_Q04M             0.318      0.021     15.380      0.000


QUALITY OF NUMERICAL RESULTS

     Condition Number for the Information Matrix              0.817E-02
       (ratio of smallest to largest eigenvalue)


CONFIDENCE INTERVALS OF MODEL RESULTS

                  Lower .5%  Lower 2.5%    Lower 5%    Estimate    Upper 5%  Upper 2.5%   Upper .5%

 CURIOUS  BY
    I_Q04B           1.000       1.000       1.000       1.000       1.000       1.000       1.000
    I_Q04D           1.019       1.051       1.068       1.156       1.244       1.261       1.294
    I_Q04H           0.998       1.029       1.045       1.129       1.213       1.229       1.260
    I_Q04J           1.279       1.321       1.343       1.456       1.569       1.591       1.633
    I_Q04L           1.264       1.303       1.324       1.430       1.537       1.557       1.597
    I_Q04M           0.750       0.780       0.795       0.875       0.955       0.970       1.000

 I_Q04B   WITH
    I_Q04H          -0.003       0.006       0.011       0.035       0.060       0.065       0.074
    I_Q04J          -0.105      -0.095      -0.090      -0.062      -0.034      -0.029      -0.019

 Intercepts
    I_Q04B           2.065       2.077       2.083       2.116       2.148       2.154       2.167
    I_Q04D           2.637       2.649       2.656       2.689       2.722       2.728       2.741
    I_Q04H           2.619       2.631       2.637       2.670       2.703       2.709       2.722
    I_Q04J           2.361       2.376       2.384       2.424       2.464       2.472       2.487
    I_Q04L           2.316       2.330       2.337       2.375       2.413       2.420       2.434
    I_Q04M           3.010       3.021       3.026       3.055       3.084       3.089       3.100

 Variances
    CURIOUS          0.231       0.246       0.253       0.292       0.331       0.339       0.353

 Residual Variances
    I_Q04B           0.485       0.499       0.506       0.543       0.580       0.587       0.601
    I_Q04D           0.432       0.444       0.451       0.483       0.515       0.521       0.533
    I_Q04H           0.417       0.428       0.434       0.466       0.497       0.503       0.515
    I_Q04J           0.559       0.579       0.589       0.641       0.693       0.703       0.723
    I_Q04L           0.531       0.548       0.557       0.603       0.649       0.657       0.675
    I_Q04M           0.435       0.446       0.452       0.481       0.510       0.515       0.526


CONFIDENCE INTERVALS OF STANDARDIZED MODEL RESULTS


STDYX Standardization

                  Lower .5%  Lower 2.5%    Lower 5%    Estimate    Upper 5%  Upper 2.5%   Upper .5%

 CURIOUS  BY
    I_Q04B           0.540       0.552       0.558       0.592       0.625       0.631       0.643
    I_Q04D           0.626       0.636       0.642       0.669       0.696       0.701       0.711
    I_Q04H           0.623       0.633       0.639       0.667       0.695       0.700       0.710
    I_Q04J           0.655       0.666       0.672       0.701       0.730       0.736       0.747
    I_Q04L           0.664       0.674       0.679       0.706       0.732       0.737       0.747
    I_Q04M           0.516       0.528       0.533       0.564       0.594       0.599       0.611

 I_Q04B   WITH
    I_Q04H          -0.004       0.014       0.023       0.070       0.117       0.126       0.144
    I_Q04J          -0.182      -0.163      -0.154      -0.105      -0.056      -0.047      -0.028

 Intercepts
    I_Q04B           2.207       2.233       2.246       2.315       2.384       2.398       2.424
    I_Q04D           2.743       2.775       2.792       2.877       2.963       2.979       3.011
    I_Q04H           2.768       2.803       2.822       2.917       3.012       3.030       3.066
    I_Q04J           2.062       2.085       2.097       2.159       2.221       2.233       2.257
    I_Q04L           2.069       2.093       2.105       2.167       2.230       2.242       2.265
    I_Q04M           3.474       3.514       3.534       3.640       3.746       3.766       3.806

 Variances
    CURIOUS          1.000       1.000       1.000       1.000       1.000       1.000       1.000

 Residual Variances
    I_Q04B           0.589       0.604       0.611       0.650       0.689       0.697       0.711
    I_Q04D           0.496       0.509       0.516       0.553       0.589       0.596       0.610
    I_Q04H           0.497       0.511       0.518       0.556       0.593       0.600       0.614
    I_Q04J           0.445       0.460       0.468       0.509       0.549       0.557       0.573
    I_Q04L           0.444       0.458       0.465       0.502       0.539       0.546       0.560
    I_Q04M           0.629       0.642       0.648       0.682       0.716       0.723       0.736


STDY Standardization

                  Lower .5%  Lower 2.5%    Lower 5%    Estimate    Upper 5%  Upper 2.5%   Upper .5%

 CURIOUS  BY
    I_Q04B           0.540       0.552       0.558       0.592       0.625       0.631       0.643
    I_Q04D           0.626       0.636       0.642       0.669       0.696       0.701       0.711
    I_Q04H           0.623       0.633       0.639       0.667       0.695       0.700       0.710
    I_Q04J           0.655       0.666       0.672       0.701       0.730       0.736       0.747
    I_Q04L           0.664       0.674       0.679       0.706       0.732       0.737       0.747
    I_Q04M           0.516       0.528       0.533       0.564       0.594       0.599       0.611

 I_Q04B   WITH
    I_Q04H          -0.004       0.014       0.023       0.070       0.117       0.126       0.144
    I_Q04J          -0.182      -0.163      -0.154      -0.105      -0.056      -0.047      -0.028

 Intercepts
    I_Q04B           2.207       2.233       2.246       2.315       2.384       2.398       2.424
    I_Q04D           2.743       2.775       2.792       2.877       2.963       2.979       3.011
    I_Q04H           2.768       2.803       2.822       2.917       3.012       3.030       3.066
    I_Q04J           2.062       2.085       2.097       2.159       2.221       2.233       2.257
    I_Q04L           2.069       2.093       2.105       2.167       2.230       2.242       2.265
    I_Q04M           3.474       3.514       3.534       3.640       3.746       3.766       3.806

 Variances
    CURIOUS          1.000       1.000       1.000       1.000       1.000       1.000       1.000

 Residual Variances
    I_Q04B           0.589       0.604       0.611       0.650       0.689       0.697       0.711
    I_Q04D           0.496       0.509       0.516       0.553       0.589       0.596       0.610
    I_Q04H           0.497       0.511       0.518       0.556       0.593       0.600       0.614
    I_Q04J           0.445       0.460       0.468       0.509       0.549       0.557       0.573
    I_Q04L           0.444       0.458       0.465       0.502       0.539       0.546       0.560
    I_Q04M           0.629       0.642       0.648       0.682       0.716       0.723       0.736


     Beginning Time:  13:34:04
        Ending Time:  13:34:05
       Elapsed Time:  00:00:01



MUTHEN & MUTHEN
3463 Stoner Ave.
Los Angeles, CA  90066

Tel: (310) 391-9971
Fax: (310) 391-8971
Web: www.StatModel.com
Support: Support@StatModel.com

Copyright (c) 1998-2020 Muthen & Muthen
