Mplus VERSION 8.5 (Linux)
MUTHEN & MUTHEN
03/23/2022   1:34 PM

INPUT INSTRUCTIONS


  TITLE:
      One-factor CFA for France


  DATA:
      file = "../../piaac1-all-curiosity.dat"; ! Dataset is saved two layers up


  VARIABLE:
      NAMES =
          CNTRYID
          I_Q04b I_Q04d I_Q04h I_Q04j I_Q04l I_Q04m
          SPFWT0
          HDI2012 UAI
          ;

      USEVARIABLES = I_Q04b I_Q04d I_Q04h I_Q04j I_Q04l I_Q04m;

      USEOBSERVATIONS = CNTRYID eq 250;

      MISSING = all(-99);

      ! Final participant weight
  	WEIGHT = SPFWT0;


  ANALYSIS:
      ESTIMATOR = MLR;


  MODEL:
      CURIOUS by I_Q04b I_Q04d I_Q04h I_Q04j I_Q04l I_Q04m;

      I_Q04b with I_Q04h;
      I_Q04b with I_Q04j;

  OUTPUT:
      stdyx stdy sampstat cinterval;



*** WARNING
  Data set contains cases with missing on all variables.
  These cases were not included in the analysis.
  Number of cases with missing on all variables:  99
   1 WARNING(S) FOUND IN THE INPUT INSTRUCTIONS




One-factor CFA for France

SUMMARY OF ANALYSIS

Number of groups                                                 1
Number of observations                                        6894

Number of dependent variables                                    6
Number of independent variables                                  0
Number of continuous latent variables                            1

Observed dependent variables

  Continuous
   I_Q04B      I_Q04D      I_Q04H      I_Q04J      I_Q04L      I_Q04M

Continuous latent variables
   CURIOUS

Variables with special functions

  Weight variable       SPFWT0

Estimator                                                      MLR
Information matrix                                        OBSERVED
Maximum number of iterations                                  1000
Convergence criterion                                    0.500D-04
Maximum number of steepest descent iterations                   20
Maximum number of iterations for H1                           2000
Convergence criterion for H1                             0.100D-03

Input data file(s)
  ../../piaac1-all-curiosity.dat

Input data format  FREE


SUMMARY OF DATA

     Number of missing data patterns            28


COVARIANCE COVERAGE OF DATA

Minimum covariance coverage value   0.100


     PROPORTION OF DATA PRESENT


           Covariance Coverage
              I_Q04B        I_Q04D        I_Q04H        I_Q04J        I_Q04L
              ________      ________      ________      ________      ________
 I_Q04B         0.971
 I_Q04D         0.971         0.998
 I_Q04H         0.959         0.979         0.979
 I_Q04J         0.969         0.995         0.978         0.996
 I_Q04L         0.960         0.981         0.968         0.980         0.982
 I_Q04M         0.969         0.996         0.978         0.995         0.981


           Covariance Coverage
              I_Q04M
              ________
 I_Q04M         0.998


SAMPLE STATISTICS


     ESTIMATED SAMPLE STATISTICS


           Means
              I_Q04B        I_Q04D        I_Q04H        I_Q04J        I_Q04L
              ________      ________      ________      ________      ________
                2.317         3.040         2.424         2.667         2.567


           Means
              I_Q04M
              ________
                3.015


           Covariances
              I_Q04B        I_Q04D        I_Q04H        I_Q04J        I_Q04L
              ________      ________      ________      ________      ________
 I_Q04B         0.970
 I_Q04D         0.358         0.660
 I_Q04H         0.360         0.277         0.988
 I_Q04J         0.375         0.371         0.301         0.979
 I_Q04L         0.371         0.366         0.350         0.537         0.916
 I_Q04M         0.258         0.292         0.198         0.370         0.327


           Covariances
              I_Q04M
              ________
 I_Q04M         0.637


           Correlations
              I_Q04B        I_Q04D        I_Q04H        I_Q04J        I_Q04L
              ________      ________      ________      ________      ________
 I_Q04B         1.000
 I_Q04D         0.448         1.000
 I_Q04H         0.368         0.343         1.000
 I_Q04J         0.385         0.462         0.306         1.000
 I_Q04L         0.394         0.471         0.368         0.567         1.000
 I_Q04M         0.328         0.450         0.250         0.469         0.428


           Correlations
              I_Q04M
              ________
 I_Q04M         1.000


     MAXIMUM LOG-LIKELIHOOD VALUE FOR THE UNRESTRICTED (H1) MODEL IS -48959.336


UNIVARIATE SAMPLE STATISTICS


     UNIVARIATE HIGHER-ORDER MOMENT DESCRIPTIVE STATISTICS

         Variable/         Mean/     Skewness/   Minimum/ % with                Percentiles
        Sample Size      Variance    Kurtosis    Maximum  Min/Max      20%/60%    40%/80%    Median

     I_Q04B                2.327      -0.397       0.000    4.75%       2.000      2.000      2.000
            6693.000       0.964      -0.094       4.000    9.79%       3.000      3.000
     I_Q04D                3.040      -0.866       0.000    0.92%       3.000      3.000      3.000
            6883.000       0.659       1.161       4.000   29.20%       3.000      4.000
     I_Q04H                2.430      -0.548       0.000    4.65%       2.000      2.000      3.000
            6750.000       0.985       0.023       4.000   11.42%       3.000      3.000
     I_Q04J                2.669      -0.661       0.000    3.20%       2.000      3.000      3.000
            6869.000       0.977       0.208       4.000   19.65%       3.000      3.000
     I_Q04L                2.575      -0.579       0.000    3.07%       2.000      2.000      3.000
            6769.000       0.910       0.173       4.000   14.80%       3.000      3.000
     I_Q04M                3.016      -0.881       0.000    1.00%       3.000      3.000      3.000
            6877.000       0.637       1.406       4.000   26.38%       3.000      4.000


THE MODEL ESTIMATION TERMINATED NORMALLY



MODEL FIT INFORMATION

Number of Free Parameters                       20

Loglikelihood

          H0 Value                      -49090.026
          H0 Scaling Correction Factor      1.3546
            for MLR
          H1 Value                      -48959.336
          H1 Scaling Correction Factor      1.3665
            for MLR

Information Criteria

          Akaike (AIC)                   98220.052
          Bayesian (BIC)                 98356.820
          Sample-Size Adjusted BIC       98293.265
            (n* = (n + 2) / 24)

Chi-Square Test of Model Fit

          Value                            186.604*
          Degrees of Freedom                     7
          P-Value                           0.0000
          Scaling Correction Factor         1.4007
            for MLR

*   The chi-square value for MLM, MLMV, MLR, ULSMV, WLSM and WLSMV cannot be used
    for chi-square difference testing in the regular way.  MLM, MLR and WLSM
    chi-square difference testing is described on the Mplus website.  MLMV, WLSMV,
    and ULSMV difference testing is done using the DIFFTEST option.

RMSEA (Root Mean Square Error Of Approximation)

          Estimate                           0.061
          90 Percent C.I.                    0.054  0.069
          Probability RMSEA <= .05           0.008

CFI/TLI

          CFI                                0.975
          TLI                                0.947

Chi-Square Test of Model Fit for the Baseline Model

          Value                           7284.038
          Degrees of Freedom                    15
          P-Value                           0.0000

SRMR (Standardized Root Mean Square Residual)

          Value                              0.022



MODEL RESULTS

                                                    Two-Tailed
                    Estimate       S.E.  Est./S.E.    P-Value

 CURIOUS  BY
    I_Q04B             1.000      0.000    999.000    999.000
    I_Q04D             0.970      0.027     35.568      0.000
    I_Q04H             0.807      0.028     28.345      0.000
    I_Q04J             1.282      0.036     35.477      0.000
    I_Q04L             1.226      0.036     34.402      0.000
    I_Q04M             0.865      0.030     29.198      0.000

 I_Q04B   WITH
    I_Q04H             0.097      0.012      7.958      0.000
    I_Q04J            -0.034      0.011     -3.150      0.002

 Intercepts
    I_Q04B             2.318      0.012    186.311      0.000
    I_Q04D             3.040      0.010    300.863      0.000
    I_Q04H             2.424      0.013    192.989      0.000
    I_Q04J             2.667      0.012    214.677      0.000
    I_Q04L             2.567      0.012    213.902      0.000
    I_Q04M             3.015      0.010    302.410      0.000

 Variances
    CURIOUS            0.322      0.016     19.897      0.000

 Residual Variances
    I_Q04B             0.646      0.016     40.316      0.000
    I_Q04D             0.357      0.010     35.855      0.000
    I_Q04H             0.778      0.018     44.162      0.000
    I_Q04J             0.449      0.015     29.118      0.000
    I_Q04L             0.432      0.013     32.311      0.000
    I_Q04M             0.396      0.010     38.367      0.000


STANDARDIZED MODEL RESULTS


STDYX Standardization

                                                    Two-Tailed
                    Estimate       S.E.  Est./S.E.    P-Value

 CURIOUS  BY
    I_Q04B             0.577      0.013     46.060      0.000
    I_Q04D             0.678      0.011     61.869      0.000
    I_Q04H             0.461      0.014     32.260      0.000
    I_Q04J             0.736      0.010     70.673      0.000
    I_Q04L             0.727      0.010     74.399      0.000
    I_Q04M             0.616      0.012     51.776      0.000

 I_Q04B   WITH
    I_Q04H             0.136      0.016      8.394      0.000
    I_Q04J            -0.063      0.021     -3.062      0.002

 Intercepts
    I_Q04B             2.355      0.027     85.690      0.000
    I_Q04D             3.742      0.049     75.980      0.000
    I_Q04H             2.438      0.030     82.291      0.000
    I_Q04J             2.695      0.033     80.863      0.000
    I_Q04L             2.682      0.032     82.992      0.000
    I_Q04M             3.777      0.051     73.692      0.000

 Variances
    CURIOUS            1.000      0.000    999.000    999.000

 Residual Variances
    I_Q04B             0.667      0.014     46.129      0.000
    I_Q04D             0.540      0.015     36.379      0.000
    I_Q04H             0.787      0.013     59.687      0.000
    I_Q04J             0.459      0.015     29.961      0.000
    I_Q04L             0.471      0.014     33.133      0.000
    I_Q04M             0.621      0.015     42.440      0.000


STDY Standardization

                                                    Two-Tailed
                    Estimate       S.E.  Est./S.E.    P-Value

 CURIOUS  BY
    I_Q04B             0.577      0.013     46.060      0.000
    I_Q04D             0.678      0.011     61.869      0.000
    I_Q04H             0.461      0.014     32.260      0.000
    I_Q04J             0.736      0.010     70.673      0.000
    I_Q04L             0.727      0.010     74.399      0.000
    I_Q04M             0.616      0.012     51.776      0.000

 I_Q04B   WITH
    I_Q04H             0.136      0.016      8.394      0.000
    I_Q04J            -0.063      0.021     -3.062      0.002

 Intercepts
    I_Q04B             2.355      0.027     85.690      0.000
    I_Q04D             3.742      0.049     75.980      0.000
    I_Q04H             2.438      0.030     82.291      0.000
    I_Q04J             2.695      0.033     80.863      0.000
    I_Q04L             2.682      0.032     82.992      0.000
    I_Q04M             3.777      0.051     73.692      0.000

 Variances
    CURIOUS            1.000      0.000    999.000    999.000

 Residual Variances
    I_Q04B             0.667      0.014     46.129      0.000
    I_Q04D             0.540      0.015     36.379      0.000
    I_Q04H             0.787      0.013     59.687      0.000
    I_Q04J             0.459      0.015     29.961      0.000
    I_Q04L             0.471      0.014     33.133      0.000
    I_Q04M             0.621      0.015     42.440      0.000


R-SQUARE

    Observed                                        Two-Tailed
    Variable        Estimate       S.E.  Est./S.E.    P-Value

    I_Q04B             0.333      0.014     23.030      0.000
    I_Q04D             0.460      0.015     30.934      0.000
    I_Q04H             0.213      0.013     16.130      0.000
    I_Q04J             0.541      0.015     35.337      0.000
    I_Q04L             0.529      0.014     37.200      0.000
    I_Q04M             0.379      0.015     25.888      0.000


QUALITY OF NUMERICAL RESULTS

     Condition Number for the Information Matrix              0.805E-02
       (ratio of smallest to largest eigenvalue)


CONFIDENCE INTERVALS OF MODEL RESULTS

                  Lower .5%  Lower 2.5%    Lower 5%    Estimate    Upper 5%  Upper 2.5%   Upper .5%

 CURIOUS  BY
    I_Q04B           1.000       1.000       1.000       1.000       1.000       1.000       1.000
    I_Q04D           0.899       0.916       0.925       0.970       1.015       1.023       1.040
    I_Q04H           0.734       0.752       0.761       0.807       0.854       0.863       0.881
    I_Q04J           1.189       1.211       1.222       1.282       1.341       1.352       1.375
    I_Q04L           1.134       1.156       1.167       1.226       1.284       1.296       1.318
    I_Q04M           0.789       0.807       0.816       0.865       0.914       0.923       0.941

 I_Q04B   WITH
    I_Q04H           0.065       0.073       0.077       0.097       0.117       0.121       0.128
    I_Q04J          -0.062      -0.055      -0.052      -0.034      -0.016      -0.013      -0.006

 Intercepts
    I_Q04B           2.285       2.293       2.297       2.318       2.338       2.342       2.350
    I_Q04D           3.014       3.020       3.023       3.040       3.056       3.060       3.066
    I_Q04H           2.391       2.399       2.403       2.424       2.444       2.448       2.456
    I_Q04J           2.635       2.642       2.646       2.667       2.687       2.691       2.699
    I_Q04L           2.536       2.544       2.547       2.567       2.587       2.591       2.598
    I_Q04M           2.989       2.995       2.999       3.015       3.031       3.035       3.041

 Variances
    CURIOUS          0.281       0.291       0.296       0.322       0.349       0.354       0.364

 Residual Variances
    I_Q04B           0.605       0.615       0.620       0.646       0.672       0.677       0.687
    I_Q04D           0.331       0.337       0.340       0.357       0.373       0.376       0.382
    I_Q04H           0.733       0.743       0.749       0.778       0.807       0.812       0.823
    I_Q04J           0.409       0.419       0.424       0.449       0.474       0.479       0.489
    I_Q04L           0.397       0.405       0.410       0.432       0.454       0.458       0.466
    I_Q04M           0.369       0.375       0.379       0.396       0.413       0.416       0.422


CONFIDENCE INTERVALS OF STANDARDIZED MODEL RESULTS


STDYX Standardization

                  Lower .5%  Lower 2.5%    Lower 5%    Estimate    Upper 5%  Upper 2.5%   Upper .5%

 CURIOUS  BY
    I_Q04B           0.545       0.553       0.556       0.577       0.598       0.602       0.609
    I_Q04D           0.650       0.656       0.660       0.678       0.696       0.699       0.706
    I_Q04H           0.424       0.433       0.438       0.461       0.485       0.489       0.498
    I_Q04J           0.709       0.715       0.719       0.736       0.753       0.756       0.762
    I_Q04L           0.702       0.708       0.711       0.727       0.743       0.746       0.752
    I_Q04M           0.585       0.592       0.596       0.616       0.635       0.639       0.646

 I_Q04B   WITH
    I_Q04H           0.095       0.105       0.110       0.136       0.163       0.168       0.178
    I_Q04J          -0.116      -0.104      -0.097      -0.063      -0.029      -0.023      -0.010

 Intercepts
    I_Q04B           2.284       2.301       2.310       2.355       2.400       2.409       2.426
    I_Q04D           3.615       3.646       3.661       3.742       3.823       3.839       3.869
    I_Q04H           2.362       2.380       2.389       2.438       2.487       2.496       2.514
    I_Q04J           2.610       2.630       2.641       2.695       2.750       2.761       2.781
    I_Q04L           2.599       2.619       2.629       2.682       2.735       2.745       2.765
    I_Q04M           3.645       3.677       3.693       3.777       3.862       3.878       3.909

 Variances
    CURIOUS          1.000       1.000       1.000       1.000       1.000       1.000       1.000

 Residual Variances
    I_Q04B           0.630       0.639       0.643       0.667       0.691       0.695       0.704
    I_Q04D           0.502       0.511       0.516       0.540       0.565       0.570       0.579
    I_Q04H           0.753       0.761       0.766       0.787       0.809       0.813       0.821
    I_Q04J           0.419       0.429       0.434       0.459       0.484       0.489       0.498
    I_Q04L           0.434       0.443       0.448       0.471       0.494       0.499       0.508
    I_Q04M           0.583       0.592       0.597       0.621       0.645       0.650       0.659


STDY Standardization

                  Lower .5%  Lower 2.5%    Lower 5%    Estimate    Upper 5%  Upper 2.5%   Upper .5%

 CURIOUS  BY
    I_Q04B           0.545       0.553       0.556       0.577       0.598       0.602       0.609
    I_Q04D           0.650       0.656       0.660       0.678       0.696       0.699       0.706
    I_Q04H           0.424       0.433       0.438       0.461       0.485       0.489       0.498
    I_Q04J           0.709       0.715       0.719       0.736       0.753       0.756       0.762
    I_Q04L           0.702       0.708       0.711       0.727       0.743       0.746       0.752
    I_Q04M           0.585       0.592       0.596       0.616       0.635       0.639       0.646

 I_Q04B   WITH
    I_Q04H           0.095       0.105       0.110       0.136       0.163       0.168       0.178
    I_Q04J          -0.116      -0.104      -0.097      -0.063      -0.029      -0.023      -0.010

 Intercepts
    I_Q04B           2.284       2.301       2.310       2.355       2.400       2.409       2.426
    I_Q04D           3.615       3.646       3.661       3.742       3.823       3.839       3.869
    I_Q04H           2.362       2.380       2.389       2.438       2.487       2.496       2.514
    I_Q04J           2.610       2.630       2.641       2.695       2.750       2.761       2.781
    I_Q04L           2.599       2.619       2.629       2.682       2.735       2.745       2.765
    I_Q04M           3.645       3.677       3.693       3.777       3.862       3.878       3.909

 Variances
    CURIOUS          1.000       1.000       1.000       1.000       1.000       1.000       1.000

 Residual Variances
    I_Q04B           0.630       0.639       0.643       0.667       0.691       0.695       0.704
    I_Q04D           0.502       0.511       0.516       0.540       0.565       0.570       0.579
    I_Q04H           0.753       0.761       0.766       0.787       0.809       0.813       0.821
    I_Q04J           0.419       0.429       0.434       0.459       0.484       0.489       0.498
    I_Q04L           0.434       0.443       0.448       0.471       0.494       0.499       0.508
    I_Q04M           0.583       0.592       0.597       0.621       0.645       0.650       0.659


     Beginning Time:  13:34:11
        Ending Time:  13:34:12
       Elapsed Time:  00:00:01



MUTHEN & MUTHEN
3463 Stoner Ave.
Los Angeles, CA  90066

Tel: (310) 391-9971
Fax: (310) 391-8971
Web: www.StatModel.com
Support: Support@StatModel.com

Copyright (c) 1998-2020 Muthen & Muthen
